2025-02-26 16:47:39,784 : INFO : root : Loading config.
2025-02-26 16:47:39,785 : INFO : YamlMultifileConfigLoader : Machine config file #1: config.yaml
2025-02-26 16:47:39,785 : WARNING : ConfigProcessor : Config file in cache changed: /Users/andre/Napoleon/config/config.yaml
2025-02-26 16:47:39,785 : INFO : ConfigProcessor : Loading config from file /Users/andre/mpf/lib/python3.11/site-packages/mpf/mpfconfig.yaml.
2025-02-26 16:47:39,786 : DEBUG : YAML File Interface : Loading file: /Users/andre/mpf/lib/python3.11/site-packages/mpf/mpfconfig.yaml
2025-02-26 16:47:39,790 : INFO : ConfigProcessor : Loading config: /Users/andre/mpf/lib/python3.11/site-packages/mpf/mpfconfig.yaml
2025-02-26 16:47:39,790 : INFO : ConfigProcessor : Loading config from file /Users/andre/Napoleon/config/config.yaml.
2025-02-26 16:47:39,790 : DEBUG : YAML File Interface : Loading file: /Users/andre/Napoleon/config/config.yaml
2025-02-26 16:47:39,791 : INFO : ConfigProcessor : Loading config: /Users/andre/Napoleon/config/config.yaml
2025-02-26 16:47:39,791 : DEBUG : YAML File Interface : Loading file: /Users/andre/Napoleon/config/config_ball_devices.yaml
2025-02-26 16:47:39,791 : INFO : ConfigProcessor : Loading config: /Users/andre/Napoleon/config/config_ball_devices.yaml
2025-02-26 16:47:39,791 : DEBUG : YAML File Interface : Loading file: /Users/andre/Napoleon/config/config_coils.yaml
2025-02-26 16:47:39,791 : INFO : ConfigProcessor : Loading config: /Users/andre/Napoleon/config/config_coils.yaml
2025-02-26 16:47:39,792 : DEBUG : YAML File Interface : Loading file: /Users/andre/Napoleon/config/config_switches.yaml
2025-02-26 16:47:39,792 : INFO : ConfigProcessor : Loading config: /Users/andre/Napoleon/config/config_switches.yaml
2025-02-26 16:47:39,793 : INFO : ConfigProcessor : Config file cache created: /var/folders/np/pd6clpgx1xs_0sdwz71m1gyh0000gn/T/0e92bbbc1117f2a7fed5bfc9fd49c3ff.mpf_cache
2025-02-26 16:47:39,807 : DEBUG : YamlMultifileConfigLoader : Loading mode attract from /Users/andre/mpf/lib/python3.11/site-packages/mpf/modes/attract/config/attract.yaml
2025-02-26 16:47:39,807 : DEBUG : YamlMultifileConfigLoader : Loading mode attract from /Users/andre/mpf/lib/python3.11/site-packages/mpf/modes/attract/config/attract.yaml
2025-02-26 16:47:39,807 : INFO : ConfigProcessor : Loading config from cache: /var/folders/np/pd6clpgx1xs_0sdwz71m1gyh0000gn/T/1a4610a235e3724f4c88b7b6a3726c72.mpf_cache
2025-02-26 16:47:39,807 : DEBUG : YamlMultifileConfigLoader : Loading mode game from /Users/andre/mpf/lib/python3.11/site-packages/mpf/modes/game/config/game.yaml
2025-02-26 16:47:39,807 : INFO : ConfigProcessor : Loading config from cache: /var/folders/np/pd6clpgx1xs_0sdwz71m1gyh0000gn/T/9ede27cf5d2808a997283e6386622428.mpf_cache
2025-02-26 16:47:39,807 : DEBUG : YamlMultifileConfigLoader : Loading mode attract from /Users/andre/mpf/lib/python3.11/site-packages/mpf/modes/attract/config/attract.yaml
2025-02-26 16:47:39,807 : DEBUG : YamlMultifileConfigLoader : Loading mode attract from /Users/andre/mpf/lib/python3.11/site-packages/mpf/modes/attract/config/attract.yaml
2025-02-26 16:47:39,807 : INFO : ConfigProcessor : Loading config from cache: /var/folders/np/pd6clpgx1xs_0sdwz71m1gyh0000gn/T/1a4610a235e3724f4c88b7b6a3726c72.mpf_cache
2025-02-26 16:47:39,808 : DEBUG : YamlMultifileConfigLoader : Loading mode base from /Users/andre/mpf/lib/python3.11/site-packages/mpf/modes/base/config/base.yaml
2025-02-26 16:47:39,808 : INFO : ConfigProcessor : Loading config from cache: /var/folders/np/pd6clpgx1xs_0sdwz71m1gyh0000gn/T/911d1b37f4ad2186d44e0f02a423c49c.mpf_cache
2025-02-26 16:47:39,808 : INFO : Machine : Mission Pinball Framework Core Engine v0.80.0.dev6
2025-02-26 16:47:39,808 : INFO : Machine : Command line arguments: {'no_load_cache': False, 'create_config_cache': True, 'bcp': True, 'configfile': ['config.yaml'], 'force_assets_load': False, 'platform_integration_test': False, 'jsonlogging': False, 'logfile': 'logs/2025-02-26-16-47-39-mpf-Mac.log', 'pause': False, 'production': False, 'text_ui': True, 'loglevel': 10, 'consoleloglevel': 20, 'force_platform': None, 'syslog_address': None, 'full_logfile_path': '/Users/andre/Napoleon/logs/2025-02-26-16-47-39-mpf-Mac.log'}
2025-02-26 16:47:39,808 : INFO : Machine : MPF path: /Users/andre/mpf/lib/python3.11/site-packages/mpf
2025-02-26 16:47:39,808 : INFO : Machine : Machine path: /Users/andre/Napoleon
2025-02-26 16:47:39,808 : INFO : Machine : Platform: darwin
2025-02-26 16:47:39,808 : INFO : Machine : Python executable location: /Users/andre/mpf/bin/python3.11
2025-02-26 16:47:39,808 : INFO : Machine : Python version: 3.11.8 (64-bit)
2025-02-26 16:47:39,808 : DEBUG : asyncio : Using selector: KqueueSelector
2025-02-26 16:47:39,808 : INFO : Machine : Initializing MPF...
2025-02-26 16:47:39,821 : DEBUG : asciimatics.widgets.layout : Updating: None
2025-02-26 16:47:39,821 : DEBUG : asciimatics.widgets.layout : Updating: None
2025-02-26 16:47:39,821 : DEBUG : asciimatics.widgets.layout : Updating: None
2025-02-26 16:47:39,821 : DEBUG : asciimatics.widgets.layout : Updating: None
2025-02-26 16:47:39,821 : DEBUG : asciimatics.widgets.layout : Updating: None
2025-02-26 16:47:39,821 : DEBUG : asciimatics.widgets.layout : Updating: None
2025-02-26 16:47:39,821 : DEBUG : asciimatics.widgets.layout : Updating: None
2025-02-26 16:47:39,821 : DEBUG : asciimatics.widgets.layout : Updating: None
2025-02-26 16:47:39,821 : DEBUG : asciimatics.widgets.layout : Updating: None
2025-02-26 16:47:39,821 : DEBUG : asciimatics.widgets.layout : Updating: None
2025-02-26 16:47:39,821 : DEBUG : asciimatics.widgets.layout : Updating: None
2025-02-26 16:47:39,821 : DEBUG : asciimatics.widgets.layout : Updating: None
2025-02-26 16:47:39,821 : DEBUG : asciimatics.widgets.widget : Widget blur: <asciimatics.widgets.label.Label object at 0x10270f370>
2025-02-26 16:47:39,821 : DEBUG : asciimatics.widgets.widget : Widget blur: <asciimatics.widgets.label.Label object at 0x102911f20>
2025-02-26 16:47:39,821 : DEBUG : asciimatics.widgets.widget : Widget blur: <asciimatics.widgets.label.Label object at 0x102911ff0>
2025-02-26 16:47:39,821 : DEBUG : asciimatics.widgets.layout : Blur: <asciimatics.widgets.layout.Layout object at 0x102925ba0>
2025-02-26 16:47:39,821 : DEBUG : asciimatics.widgets.layout : Blur: <mpf.core.text_ui.MpfLayout object at 0x1028ee0d0>
2025-02-26 16:47:39,821 : DEBUG : asciimatics.widgets.layout : Updating: None
2025-02-26 16:47:39,821 : DEBUG : asciimatics.widgets.layout : Updating: None
2025-02-26 16:47:39,821 : DEBUG : asciimatics.widgets.layout : Updating: None
2025-02-26 16:47:39,821 : DEBUG : asciimatics.widgets.layout : Updating: None
2025-02-26 16:47:39,821 : DEBUG : asciimatics.widgets.layout : Updating: None
2025-02-26 16:47:39,821 : DEBUG : asciimatics.widgets.layout : Updating: None
2025-02-26 16:47:39,821 : DEBUG : asciimatics.widgets.widget : Widget blur: <asciimatics.widgets.label.Label object at 0x102912400>
2025-02-26 16:47:39,821 : DEBUG : asciimatics.widgets.widget : Widget blur: <asciimatics.widgets.label.Label object at 0x102912330>
2025-02-26 16:47:39,821 : DEBUG : asciimatics.widgets.widget : Widget blur: <asciimatics.widgets.label.Label object at 0x1029124d0>
2025-02-26 16:47:39,821 : DEBUG : asciimatics.widgets.widget : Widget blur: <asciimatics.widgets.label.Label object at 0x102912260>
2025-02-26 16:47:39,821 : DEBUG : asciimatics.widgets.widget : Widget blur: <asciimatics.widgets.label.Label object at 0x102912190>
2025-02-26 16:47:39,821 : DEBUG : asciimatics.widgets.widget : Widget blur: <asciimatics.widgets.label.Label object at 0x1029120c0>
2025-02-26 16:47:39,821 : DEBUG : asciimatics.widgets.layout : Blur: <asciimatics.widgets.layout.Layout object at 0x102925c60>
2025-02-26 16:47:39,821 : DEBUG : asciimatics.widgets.layout : Focus: <asciimatics.widgets.layout.Layout object at 0x102925ba0>
2025-02-26 16:47:39,821 : DEBUG : asciimatics.widgets.layout : Focus: <mpf.core.text_ui.MpfLayout object at 0x1028ee0d0>
2025-02-26 16:47:39,821 : DEBUG : asciimatics.widgets.layout : Focus: <asciimatics.widgets.layout.Layout object at 0x102925c60>
2025-02-26 16:47:39,821 : DEBUG : asciimatics.widgets.frame : Cloning: Test
2025-02-26 16:47:39,821 : DEBUG : asciimatics.widgets.layout : Updating: None
2025-02-26 16:47:39,821 : DEBUG : asciimatics.widgets.layout : Updating: None
2025-02-26 16:47:39,821 : DEBUG : asciimatics.widgets.layout : Updating: None
2025-02-26 16:47:39,821 : DEBUG : asciimatics.widgets.layout : Updating: None
2025-02-26 16:47:39,821 : DEBUG : asciimatics.widgets.layout : Updating: None
2025-02-26 16:47:39,821 : DEBUG : asciimatics.widgets.layout : Updating: None
2025-02-26 16:47:39,821 : DEBUG : asciimatics.widgets.layout : Updating: None
2025-02-26 16:47:39,821 : DEBUG : asciimatics.widgets.layout : Updating: None
2025-02-26 16:47:39,821 : DEBUG : asciimatics.widgets.layout : Updating: None
2025-02-26 16:47:39,821 : DEBUG : asciimatics.widgets.layout : Updating: None
2025-02-26 16:47:39,821 : DEBUG : asciimatics.widgets.layout : Updating: None
2025-02-26 16:47:39,821 : DEBUG : asciimatics.widgets.layout : Updating: None
2025-02-26 16:47:39,821 : DEBUG : asciimatics.widgets.layout : Updating: None
2025-02-26 16:47:39,821 : DEBUG : asciimatics.widgets.layout : Updating: None
2025-02-26 16:47:39,821 : DEBUG : asciimatics.widgets.layout : Updating: None
2025-02-26 16:47:39,821 : DEBUG : asciimatics.widgets.layout : Updating: None
2025-02-26 16:47:39,821 : DEBUG : asciimatics.widgets.layout : Updating: None
2025-02-26 16:47:39,821 : DEBUG : asciimatics.widgets.layout : Updating: None
2025-02-26 16:47:39,827 : INFO : EventManager : Event: ======'machine_var_credits_string'====== Args={'value': 'FREE PLAY', 'prev_value': None, 'change': True}
2025-02-26 16:47:39,830 : INFO : EventManager : Event: ======'machine_var_master_volume'====== Args={'value': 0.5, 'prev_value': None, 'change': True}
2025-02-26 16:47:39,830 : INFO : EventManager : Event: ======'machine_var_mpf_version'====== Args={'value': 'Mission Pinball Framework v0.80.0.dev6', 'prev_value': None, 'change': True}
2025-02-26 16:47:39,830 : INFO : EventManager : Event: ======'machine_var_mpf_extended_version'====== Args={'value': 'Mission Pinball Framework v0.80.0.dev6, Config version:6, Show version: 6, BCP version:1.1', 'prev_value': None, 'change': True}
2025-02-26 16:47:39,830 : INFO : EventManager : Event: ======'machine_var_python_version'====== Args={'value': '3.11.8', 'prev_value': None, 'change': True}
2025-02-26 16:47:39,837 : INFO : EventManager : Event: ======'machine_var_platform'====== Args={'value': 'macOS-15.3.1-arm64-arm-64bit', 'prev_value': None, 'change': True}
2025-02-26 16:47:39,837 : INFO : EventManager : Event: ======'machine_var_platform_system'====== Args={'value': 'Darwin', 'prev_value': None, 'change': True}
2025-02-26 16:47:39,837 : INFO : EventManager : Event: ======'machine_var_platform_release'====== Args={'value': '24.3.0', 'prev_value': None, 'change': True}
2025-02-26 16:47:39,837 : INFO : EventManager : Event: ======'machine_var_platform_version'====== Args={'value': 'Darwin Kernel Version 24.3.0: Thu Jan  2 20:24:23 PST 2025; root:xnu-11215.81.4~3/RELEASE_ARM64_T6020', 'prev_value': None, 'change': True}
2025-02-26 16:47:39,837 : INFO : EventManager : Event: ======'machine_var_platform_machine'====== Args={'value': 'arm64', 'prev_value': None, 'change': True}
2025-02-26 16:47:39,837 : INFO : EventManager : Event: ======'machine_var_log_file_path'====== Args={'value': '/Users/andre/Napoleon/logs/2025-02-26-16-47-39-mpf-Mac.log', 'prev_value': None, 'change': True}
2025-02-26 16:47:39,837 : INFO : EventManager : Event: ======'init_phase_1'====== Args={}
2025-02-26 16:47:39,839 : DEBUG : ModeController : Loaded mode game
2025-02-26 16:47:39,839 : DEBUG : ModeController : Loaded mode attract
2025-02-26 16:47:39,839 : DEBUG : ModeController : Loaded mode base
2025-02-26 16:47:39,842 : INFO : EventManager : Event: ======'init_phase_2'====== Args={}
2025-02-26 16:47:39,843 : INFO : EventManager : Event: ======'bcp_connection_attempt'====== Args={'name': 'local_display', 'host': 'localhost', 'port': 5050}
2025-02-26 16:47:39,844 : DEBUG : asciimatics.widgets.layout : Updating: message
2025-02-26 16:47:39,844 : DEBUG : asciimatics.widgets.layout : Updating: message
2025-02-26 16:47:39,844 : DEBUG : asciimatics.widgets.widget : Widget blur: <asciimatics.widgets.textbox.TextBox object at 0x102bc0b80>
2025-02-26 16:47:39,844 : DEBUG : asciimatics.widgets.layout : Blur: <asciimatics.widgets.layout.Layout object at 0x102c0e140>
2025-02-26 16:47:39,844 : DEBUG : asciimatics.widgets.layout : Blur: <asciimatics.widgets.layout.Layout object at 0x102c0e1a0>
2025-02-26 16:47:39,844 : DEBUG : asciimatics.widgets.layout : Focus: <asciimatics.widgets.layout.Layout object at 0x102c0e140>
2025-02-26 16:47:39,844 : DEBUG : asciimatics.widgets.layout : Focus: <asciimatics.widgets.layout.Layout object at 0x102c0e1a0>
2025-02-26 16:47:39,844 : INFO : BCPClientSocket : Connecting BCP to 'local_display' at localhost:5050...
2025-02-26 16:47:40,357 : INFO : BCPClientSocket : Connected BCP to 'local_display' localhost:5050
2025-02-26 16:47:40,357 : INFO : EventManager : Event: ======'bcp_clients_connected'====== Args={}
2025-02-26 16:47:40,358 : DEBUG : asciimatics.widgets.layout : Updating: None
2025-02-26 16:47:40,358 : DEBUG : asciimatics.widgets.layout : Updating: None
2025-02-26 16:47:40,358 : DEBUG : asciimatics.widgets.layout : Updating: None
2025-02-26 16:47:40,358 : DEBUG : asciimatics.widgets.layout : Updating: None
2025-02-26 16:47:40,358 : DEBUG : asciimatics.widgets.layout : Updating: None
2025-02-26 16:47:40,358 : DEBUG : asciimatics.widgets.layout : Updating: None
2025-02-26 16:47:40,358 : DEBUG : asciimatics.widgets.layout : Updating: None
2025-02-26 16:47:40,358 : DEBUG : asciimatics.widgets.layout : Updating: None
2025-02-26 16:47:40,358 : DEBUG : asciimatics.widgets.layout : Updating: None
2025-02-26 16:47:40,358 : DEBUG : asciimatics.widgets.layout : Updating: None
2025-02-26 16:47:40,358 : DEBUG : asciimatics.widgets.layout : Updating: None
2025-02-26 16:47:40,358 : DEBUG : asciimatics.widgets.layout : Updating: None
2025-02-26 16:47:40,358 : DEBUG : asciimatics.widgets.widget : Widget blur: <asciimatics.widgets.label.Label object at 0x102c20a00>
2025-02-26 16:47:40,358 : DEBUG : asciimatics.widgets.widget : Widget blur: <asciimatics.widgets.label.Label object at 0x102c20ad0>
2025-02-26 16:47:40,358 : DEBUG : asciimatics.widgets.widget : Widget blur: <asciimatics.widgets.label.Label object at 0x102c20450>
2025-02-26 16:47:40,358 : DEBUG : asciimatics.widgets.layout : Blur: <asciimatics.widgets.layout.Layout object at 0x102c40700>
2025-02-26 16:47:40,358 : DEBUG : asciimatics.widgets.layout : Blur: <mpf.core.text_ui.MpfLayout object at 0x102c2d3d0>
2025-02-26 16:47:40,358 : DEBUG : asciimatics.widgets.layout : Updating: None
2025-02-26 16:47:40,358 : DEBUG : asciimatics.widgets.layout : Updating: None
2025-02-26 16:47:40,358 : DEBUG : asciimatics.widgets.layout : Updating: None
2025-02-26 16:47:40,358 : DEBUG : asciimatics.widgets.layout : Updating: None
2025-02-26 16:47:40,358 : DEBUG : asciimatics.widgets.layout : Updating: None
2025-02-26 16:47:40,358 : DEBUG : asciimatics.widgets.layout : Updating: None
2025-02-26 16:47:40,358 : DEBUG : asciimatics.widgets.widget : Widget blur: <asciimatics.widgets.label.Label object at 0x102c21080>
2025-02-26 16:47:40,358 : DEBUG : asciimatics.widgets.widget : Widget blur: <asciimatics.widgets.label.Label object at 0x102c20fb0>
2025-02-26 16:47:40,358 : DEBUG : asciimatics.widgets.widget : Widget blur: <asciimatics.widgets.label.Label object at 0x102c21150>
2025-02-26 16:47:40,358 : DEBUG : asciimatics.widgets.widget : Widget blur: <asciimatics.widgets.label.Label object at 0x102c20ee0>
2025-02-26 16:47:40,358 : DEBUG : asciimatics.widgets.widget : Widget blur: <asciimatics.widgets.label.Label object at 0x102c20e10>
2025-02-26 16:47:40,358 : DEBUG : asciimatics.widgets.widget : Widget blur: <asciimatics.widgets.label.Label object at 0x102c20ba0>
2025-02-26 16:47:40,358 : DEBUG : asciimatics.widgets.layout : Blur: <asciimatics.widgets.layout.Layout object at 0x102c407c0>
2025-02-26 16:47:40,358 : DEBUG : asciimatics.widgets.layout : Focus: <asciimatics.widgets.layout.Layout object at 0x102c40700>
2025-02-26 16:47:40,358 : DEBUG : asciimatics.widgets.layout : Focus: <mpf.core.text_ui.MpfLayout object at 0x102c2d3d0>
2025-02-26 16:47:40,358 : DEBUG : asciimatics.widgets.layout : Focus: <asciimatics.widgets.layout.Layout object at 0x102c407c0>
2025-02-26 16:47:40,358 : DEBUG : asciimatics.widgets.frame : Cloning: Test
2025-02-26 16:47:40,358 : DEBUG : asciimatics.widgets.layout : Updating: None
2025-02-26 16:47:40,358 : DEBUG : asciimatics.widgets.layout : Updating: None
2025-02-26 16:47:40,358 : DEBUG : asciimatics.widgets.layout : Updating: None
2025-02-26 16:47:40,358 : DEBUG : asciimatics.widgets.layout : Updating: None
2025-02-26 16:47:40,358 : DEBUG : asciimatics.widgets.layout : Updating: None
2025-02-26 16:47:40,358 : DEBUG : asciimatics.widgets.layout : Updating: None
2025-02-26 16:47:40,358 : DEBUG : asciimatics.widgets.layout : Updating: None
2025-02-26 16:47:40,358 : DEBUG : asciimatics.widgets.layout : Updating: None
2025-02-26 16:47:40,358 : DEBUG : asciimatics.widgets.layout : Updating: None
2025-02-26 16:47:40,358 : DEBUG : asciimatics.widgets.layout : Updating: None
2025-02-26 16:47:40,358 : DEBUG : asciimatics.widgets.layout : Updating: None
2025-02-26 16:47:40,358 : DEBUG : asciimatics.widgets.layout : Updating: None
2025-02-26 16:47:40,358 : DEBUG : asciimatics.widgets.layout : Updating: None
2025-02-26 16:47:40,358 : DEBUG : asciimatics.widgets.layout : Updating: None
2025-02-26 16:47:40,358 : DEBUG : asciimatics.widgets.layout : Updating: None
2025-02-26 16:47:40,358 : DEBUG : asciimatics.widgets.layout : Updating: None
2025-02-26 16:47:40,358 : DEBUG : asciimatics.widgets.layout : Updating: None
2025-02-26 16:47:40,358 : DEBUG : asciimatics.widgets.layout : Updating: None
2025-02-26 16:47:40,359 : INFO : ball_device.bd_plunger : BCH: Initial count: 0
2025-02-26 16:47:40,359 : INFO : ball_device.bd_plunger : State: idle
2025-02-26 16:47:40,359 : INFO : ball_device.bd_trough : BCH: Initial count: 0
2025-02-26 16:47:40,359 : INFO : ball_device.bd_trough : State: idle
2025-02-26 16:47:40,361 : DEBUG : Machine : "info_lights:" section not found in machine configuration, so the InfoLights will not be used.
2025-02-26 16:47:40,361 : DEBUG : Machine : "switch_player:" section not found in machine configuration, so the SwitchPlayer will not be used.
2025-02-26 16:47:40,361 : DEBUG : Machine : "twitch_client:" section not found in machine configuration, so the TwitchBot will not be used.
2025-02-26 16:47:40,362 : DEBUG : Machine : "virtual_segment_display_connector:" section not found in machine configuration, so the VirtualSegmentDisplayConnector will not be used.
2025-02-26 16:47:40,362 : INFO : EventManager : Event: ======'init_phase_3'====== Args={}
2025-02-26 16:47:40,362 : DEBUG : ShowController : Loading show: flash
2025-02-26 16:47:40,362 : DEBUG : ShowController : Loading show: on
2025-02-26 16:47:40,362 : DEBUG : ShowController : Loading show: off
2025-02-26 16:47:40,362 : DEBUG : ShowController : Loading show: led_color
2025-02-26 16:47:40,362 : DEBUG : ShowController : Loading show: bl_color
2025-02-26 16:47:40,362 : DEBUG : ShowController : Loading show: flash_color
2025-02-26 16:47:40,362 : INFO : EventManager : Event: ======'init_phase_4'====== Args={}
2025-02-26 16:47:40,363 : INFO : BallController : Initial balls found: 0
2025-02-26 16:47:40,363 : INFO : EventManager : Event: ======'machine_var_audits_switches_s_inlane_left'====== Args={'value': 0, 'prev_value': None, 'change': True}
2025-02-26 16:47:40,363 : INFO : EventManager : Event: ======'machine_var_audits_switches_s_flipper_left'====== Args={'value': 0, 'prev_value': None, 'change': True}
2025-02-26 16:47:40,363 : INFO : EventManager : Event: ======'machine_var_audits_switches_s_trough_3'====== Args={'value': 0, 'prev_value': None, 'change': True}
2025-02-26 16:47:40,363 : INFO : EventManager : Event: ======'machine_var_audits_switches_s_outlane_right'====== Args={'value': 0, 'prev_value': None, 'change': True}
2025-02-26 16:47:40,363 : INFO : EventManager : Event: ======'machine_var_audits_switches_s_trough_2'====== Args={'value': 0, 'prev_value': None, 'change': True}
2025-02-26 16:47:40,363 : INFO : EventManager : Event: ======'machine_var_audits_switches_s_inlane_2_right'====== Args={'value': 0, 'prev_value': None, 'change': True}
2025-02-26 16:47:40,363 : INFO : EventManager : Event: ======'machine_var_audits_switches_s_sling_left'====== Args={'value': 0, 'prev_value': None, 'change': True}
2025-02-26 16:47:40,363 : INFO : EventManager : Event: ======'machine_var_audits_switches_s_trough_4'====== Args={'value': 0, 'prev_value': None, 'change': True}
2025-02-26 16:47:40,363 : INFO : EventManager : Event: ======'machine_var_audits_switches_s_outlane_left'====== Args={'value': 0, 'prev_value': None, 'change': True}
2025-02-26 16:47:40,363 : INFO : EventManager : Event: ======'machine_var_audits_switches_s_start_button'====== Args={'value': 0, 'prev_value': None, 'change': True}
2025-02-26 16:47:40,363 : INFO : EventManager : Event: ======'machine_var_audits_switches_s_sling_right'====== Args={'value': 0, 'prev_value': None, 'change': True}
2025-02-26 16:47:40,363 : INFO : EventManager : Event: ======'machine_var_audits_switches_s_launch_button'====== Args={'value': 0, 'prev_value': None, 'change': True}
2025-02-26 16:47:40,363 : INFO : EventManager : Event: ======'machine_var_audits_switches_s_trough_jam'====== Args={'value': 0, 'prev_value': None, 'change': True}
2025-02-26 16:47:40,363 : INFO : EventManager : Event: ======'machine_var_audits_switches_s_flipper_left_eos'====== Args={'value': 0, 'prev_value': None, 'change': True}
2025-02-26 16:47:40,363 : INFO : EventManager : Event: ======'machine_var_audits_switches_s_flipper_right_eos'====== Args={'value': 0, 'prev_value': None, 'change': True}
2025-02-26 16:47:40,363 : INFO : EventManager : Event: ======'machine_var_audits_switches_s_trough_1'====== Args={'value': 0, 'prev_value': None, 'change': True}
2025-02-26 16:47:40,363 : INFO : EventManager : Event: ======'machine_var_audits_switches_s_flipper_right'====== Args={'value': 0, 'prev_value': None, 'change': True}
2025-02-26 16:47:40,363 : INFO : EventManager : Event: ======'machine_var_audits_switches_s_trough_6'====== Args={'value': 0, 'prev_value': None, 'change': True}
2025-02-26 16:47:40,363 : INFO : EventManager : Event: ======'machine_var_audits_switches_s_inlane_1_right'====== Args={'value': 0, 'prev_value': None, 'change': True}
2025-02-26 16:47:40,363 : INFO : EventManager : Event: ======'machine_var_audits_switches_s_plunger_lane'====== Args={'value': 0, 'prev_value': None, 'change': True}
2025-02-26 16:47:40,363 : INFO : EventManager : Event: ======'machine_var_audits_switches_s_trough_5'====== Args={'value': 0, 'prev_value': None, 'change': True}
2025-02-26 16:47:40,363 : INFO : EventManager : Event: ======'machine_var_audits_events_game_started'====== Args={'value': 0, 'prev_value': None, 'change': True}
2025-02-26 16:47:40,363 : INFO : EventManager : Event: ======'machine_var_audits_events_game_ended'====== Args={'value': 0, 'prev_value': None, 'change': True}
2025-02-26 16:47:40,363 : INFO : EventManager : Event: ======'machine_var_audits_player_score'====== Args={'value': {'top': [], 'average': 0, 'total': 0}, 'prev_value': None, 'change': True}
2025-02-26 16:47:40,364 : INFO : EventManager : Event: ======'init_phase_5'====== Args={}
2025-02-26 16:47:40,364 : INFO : EventManager : Event: ======'init_done'====== Args={}
2025-02-26 16:47:40,364 : INFO : EventManager : Event: ======'machine_reset_phase_1'====== Args={}
2025-02-26 16:47:40,368 : INFO : EventManager : Event: ======'machine_reset_phase_2'====== Args={}
2025-02-26 16:47:40,368 : INFO : EventManager : Event: ======'machine_reset_phase_3'====== Args={}
2025-02-26 16:47:40,368 : INFO : EventManager : Event: ======'reset_complete'====== Args={}
2025-02-26 16:47:40,368 : INFO : EventManager : Event: ======'mode_attract_will_start'====== Args={}
2025-02-26 16:47:40,368 : INFO : Timer.attract_carousel_timer : Starting Timer.
2025-02-26 16:47:40,368 : INFO : EventManager : Event: ======'timer_attract_carousel_timer_started'====== Args={'ticks': 0, 'ticks_remaining': 1}
2025-02-26 16:47:40,368 : INFO : EventManager : Event: ======'timer_attract_carousel_timer_tick'====== Args={'ticks': 0, 'ticks_remaining': 1}
2025-02-26 16:47:40,369 : INFO : EventManager : Event: ======'mode_attract_starting'====== Args={}
2025-02-26 16:47:40,369 : INFO : Mode.attract : Started. Priority: 10
2025-02-26 16:47:40,369 : INFO : EventManager : Event: ======'modes_active_modes_changed'====== Args={}
2025-02-26 16:47:40,369 : INFO : EventManager : Event: ======'mode_attract_started'====== Args={}
2025-02-26 16:47:40,369 : INFO : EventManager : Event: ======'collecting_balls_complete'====== Args={}
2025-02-26 16:47:40,369 : INFO : EventManager : Event: ======'item_highlighted'====== Args={'carousel': 'attract', 'direction': None, 'item': 'title'}
2025-02-26 16:47:40,369 : INFO : EventManager : Event: ======'timer_attract_carousel_timer_tick'====== Args={'ticks': 0, 'ticks_remaining': 1}
2025-02-26 16:47:40,372 : INFO : Machine : Starting the main run loop with active modes: [<Mode.attract>]
2025-02-26 16:47:40,416 : INFO : EventManager : Event: ======'slide_attract_created'====== Args={'_from_bcp': True}
2025-02-26 16:47:40,416 : INFO : EventManager : Event: ======'slide__removed'====== Args={'_from_bcp': True}
2025-02-26 16:47:40,416 : INFO : EventManager : Event: ======'slide_attract_active'====== Args={'original_context': 'attract', 'original_calling_context': 'mode_attract_started', 'priority': 10.0, 'cmd': 'slides_play', '_from_bcp': True}
2025-02-26 16:47:42,833 : DEBUG : asciimatics.screen : Processing key: 31
2025-02-26 16:47:42,833 : DEBUG : asciimatics.screen : Returning key: 31
2025-02-26 16:47:42,833 : DEBUG : asciimatics.widgets.frame : New event: KeyboardEvent: 49
2025-02-26 16:47:42,833 : DEBUG : asciimatics.screen : Processing key: 32
2025-02-26 16:47:42,833 : DEBUG : asciimatics.screen : Returning key: 32
2025-02-26 16:47:42,834 : DEBUG : asciimatics.widgets.frame : New event: KeyboardEvent: 50
2025-02-26 16:47:43,833 : DEBUG : asciimatics.screen : Processing key: 33
2025-02-26 16:47:43,833 : DEBUG : asciimatics.screen : Returning key: 33
2025-02-26 16:47:43,833 : DEBUG : asciimatics.widgets.frame : New event: KeyboardEvent: 51
2025-02-26 16:47:43,834 : DEBUG : asciimatics.screen : Processing key: 65
2025-02-26 16:47:43,834 : DEBUG : asciimatics.screen : Returning key: 65
2025-02-26 16:47:43,834 : DEBUG : asciimatics.widgets.frame : New event: KeyboardEvent: 101
2025-02-26 16:47:44,832 : DEBUG : asciimatics.screen : Processing key: 2e
2025-02-26 16:47:44,833 : DEBUG : asciimatics.screen : Returning key: 2e
2025-02-26 16:47:44,833 : DEBUG : asciimatics.widgets.frame : New event: KeyboardEvent: 46
2025-02-26 16:47:44,833 : DEBUG : asciimatics.screen : Processing key: 2c
2025-02-26 16:47:44,833 : DEBUG : asciimatics.screen : Returning key: 2c
2025-02-26 16:47:44,833 : DEBUG : asciimatics.widgets.frame : New event: KeyboardEvent: 44
2025-02-26 16:47:44,833 : DEBUG : asciimatics.screen : Processing key: 2e
2025-02-26 16:47:44,833 : DEBUG : asciimatics.screen : Returning key: 2e
2025-02-26 16:47:44,833 : DEBUG : asciimatics.widgets.frame : New event: KeyboardEvent: 46
2025-02-26 16:47:44,833 : DEBUG : asciimatics.screen : Processing key: 2c
2025-02-26 16:47:44,833 : DEBUG : asciimatics.screen : Returning key: 2c
2025-02-26 16:47:44,833 : DEBUG : asciimatics.widgets.frame : New event: KeyboardEvent: 44
2025-02-26 16:47:44,833 : DEBUG : asciimatics.screen : Processing key: 2e
2025-02-26 16:47:44,833 : DEBUG : asciimatics.screen : Returning key: 2e
2025-02-26 16:47:44,833 : DEBUG : asciimatics.widgets.frame : New event: KeyboardEvent: 46
2025-02-26 16:47:44,833 : DEBUG : asciimatics.screen : Processing key: 2c
2025-02-26 16:47:44,833 : DEBUG : asciimatics.screen : Returning key: 2c
2025-02-26 16:47:44,833 : DEBUG : asciimatics.widgets.frame : New event: KeyboardEvent: 44
2025-02-26 16:47:44,833 : DEBUG : asciimatics.screen : Processing key: 2e
2025-02-26 16:47:44,833 : DEBUG : asciimatics.screen : Returning key: 2e
2025-02-26 16:47:44,833 : DEBUG : asciimatics.widgets.frame : New event: KeyboardEvent: 46
2025-02-26 16:47:44,833 : DEBUG : asciimatics.screen : Processing key: 2c
2025-02-26 16:47:44,833 : DEBUG : asciimatics.screen : Returning key: 2c
2025-02-26 16:47:44,833 : DEBUG : asciimatics.widgets.frame : New event: KeyboardEvent: 44
2025-02-26 16:47:44,833 : DEBUG : asciimatics.screen : Processing key: 2e
2025-02-26 16:47:44,833 : DEBUG : asciimatics.screen : Returning key: 2e
2025-02-26 16:47:44,833 : DEBUG : asciimatics.widgets.frame : New event: KeyboardEvent: 46
2025-02-26 16:47:45,370 : INFO : Timer.attract_carousel_timer : Timer Complete
2025-02-26 16:47:45,370 : INFO : Timer.attract_carousel_timer : Stopping Timer
2025-02-26 16:47:45,371 : INFO : EventManager : Event: ======'timer_attract_carousel_timer_stopped'====== Args={'ticks': 1, 'ticks_remaining': 1}
2025-02-26 16:47:45,371 : INFO : EventManager : Event: ======'timer_attract_carousel_timer_complete'====== Args={'ticks': 1, 'ticks_remaining': 1}
2025-02-26 16:47:45,371 : INFO : EventManager : Event: ======'item_highlighted'====== Args={'carousel': 'attract', 'direction': 'forwards', 'item': 'credits'}
2025-02-26 16:47:45,372 : INFO : Timer.attract_carousel_timer : Starting Timer.
2025-02-26 16:47:45,372 : INFO : EventManager : Event: ======'timer_attract_carousel_timer_started'====== Args={'ticks': 0, 'ticks_remaining': 1}
2025-02-26 16:47:45,372 : INFO : EventManager : Event: ======'timer_attract_carousel_timer_tick'====== Args={'ticks': 0, 'ticks_remaining': 1}
2025-02-26 16:47:45,834 : DEBUG : asciimatics.screen : Processing key: 2c
2025-02-26 16:47:45,834 : DEBUG : asciimatics.screen : Returning key: 2c
2025-02-26 16:47:45,834 : DEBUG : asciimatics.widgets.frame : New event: KeyboardEvent: 44
2025-02-26 16:47:45,834 : DEBUG : asciimatics.screen : Processing key: 2e
2025-02-26 16:47:45,834 : DEBUG : asciimatics.screen : Returning key: 2e
2025-02-26 16:47:45,835 : DEBUG : asciimatics.widgets.frame : New event: KeyboardEvent: 46
2025-02-26 16:47:45,835 : DEBUG : asciimatics.screen : Processing key: 2c
2025-02-26 16:47:45,835 : DEBUG : asciimatics.screen : Returning key: 2c
2025-02-26 16:47:45,835 : DEBUG : asciimatics.widgets.frame : New event: KeyboardEvent: 44
2025-02-26 16:47:45,835 : DEBUG : asciimatics.screen : Processing key: 2e
2025-02-26 16:47:45,835 : DEBUG : asciimatics.screen : Returning key: 2e
2025-02-26 16:47:45,835 : DEBUG : asciimatics.widgets.frame : New event: KeyboardEvent: 46
2025-02-26 16:47:45,835 : DEBUG : asciimatics.screen : Processing key: 2e
2025-02-26 16:47:45,836 : DEBUG : asciimatics.screen : Returning key: 2e
2025-02-26 16:47:45,836 : DEBUG : asciimatics.widgets.frame : New event: KeyboardEvent: 46
2025-02-26 16:47:45,836 : DEBUG : asciimatics.screen : Processing key: 2c
2025-02-26 16:47:45,836 : DEBUG : asciimatics.screen : Returning key: 2c
2025-02-26 16:47:45,836 : DEBUG : asciimatics.widgets.frame : New event: KeyboardEvent: 44
2025-02-26 16:47:46,834 : DEBUG : asciimatics.screen : Processing key: 2e
2025-02-26 16:47:46,834 : DEBUG : asciimatics.screen : Returning key: 2e
2025-02-26 16:47:46,834 : DEBUG : asciimatics.widgets.frame : New event: KeyboardEvent: 46
2025-02-26 16:47:46,834 : DEBUG : asciimatics.screen : Processing key: 2c
2025-02-26 16:47:46,834 : DEBUG : asciimatics.screen : Returning key: 2c
2025-02-26 16:47:46,834 : DEBUG : asciimatics.widgets.frame : New event: KeyboardEvent: 44
2025-02-26 16:47:46,835 : DEBUG : asciimatics.screen : Processing key: 2e
2025-02-26 16:47:46,835 : DEBUG : asciimatics.screen : Returning key: 2e
2025-02-26 16:47:46,835 : DEBUG : asciimatics.widgets.frame : New event: KeyboardEvent: 46
2025-02-26 16:47:46,835 : DEBUG : asciimatics.screen : Processing key: 2c
2025-02-26 16:47:46,835 : DEBUG : asciimatics.screen : Returning key: 2c
2025-02-26 16:47:46,835 : DEBUG : asciimatics.widgets.frame : New event: KeyboardEvent: 44
2025-02-26 16:47:50,373 : INFO : Timer.attract_carousel_timer : Timer Complete
2025-02-26 16:47:50,373 : INFO : Timer.attract_carousel_timer : Stopping Timer
2025-02-26 16:47:50,373 : INFO : EventManager : Event: ======'timer_attract_carousel_timer_stopped'====== Args={'ticks': 1, 'ticks_remaining': 1}
2025-02-26 16:47:50,373 : INFO : EventManager : Event: ======'timer_attract_carousel_timer_complete'====== Args={'ticks': 1, 'ticks_remaining': 1}
2025-02-26 16:47:50,373 : INFO : EventManager : Event: ======'item_highlighted'====== Args={'carousel': 'attract', 'direction': 'forwards', 'item': 'mpf_logo'}
2025-02-26 16:47:50,374 : INFO : Timer.attract_carousel_timer : Starting Timer.
2025-02-26 16:47:50,374 : INFO : EventManager : Event: ======'timer_attract_carousel_timer_started'====== Args={'ticks': 0, 'ticks_remaining': 1}
2025-02-26 16:47:50,374 : INFO : EventManager : Event: ======'timer_attract_carousel_timer_tick'====== Args={'ticks': 0, 'ticks_remaining': 1}
2025-02-26 16:47:53,005 : DEBUG : asciimatics.widgets.frame : New event: MouseEvent (57, 11) 1
2025-02-26 16:47:53,006 : DEBUG : asciimatics.widgets.frame : Blurring: [<asciimatics.widgets.frame.Frame object at 0x102c27550>]
2025-02-26 16:47:54,270 : INFO : Machine : Shutting down...
2025-02-26 16:47:54,270 : INFO : EventManager : Event: ======'shutdown'====== Args={}
2025-02-26 16:47:54,272 : INFO : root : MPF run loop ended.
