2025-02-21 18:30:05,839 : INFO : root : Loading config.
2025-02-21 18:30:05,841 : INFO : YamlMultifileConfigLoader : Machine config file #1: config.yaml
2025-02-21 18:30:05,841 : INFO : ConfigProcessor : Loading config from cache: /var/folders/np/pd6clpgx1xs_0sdwz71m1gyh0000gn/T/0e92bbbc1117f2a7fed5bfc9fd49c3ff.mpf_cache
2025-02-21 18:30:05,841 : WARNING : ConfigProcessor : Config file in cache changed: /Users/andre/Napoleon/config/config_ball_devices.yaml
2025-02-21 18:30:05,841 : INFO : ConfigProcessor : Loading config from file /Users/andre/mpf/lib/python3.11/site-packages/mpf/mpfconfig.yaml.
2025-02-21 18:30:05,846 : INFO : ConfigProcessor : Loading config: /Users/andre/mpf/lib/python3.11/site-packages/mpf/mpfconfig.yaml
2025-02-21 18:30:05,846 : INFO : ConfigProcessor : Loading config from file /Users/andre/Napoleon/config/config.yaml.
2025-02-21 18:30:05,846 : INFO : ConfigProcessor : Loading config: /Users/andre/Napoleon/config/config.yaml
2025-02-21 18:30:05,847 : INFO : ConfigProcessor : Loading config: /Users/andre/Napoleon/config/config_ball_devices.yaml
2025-02-21 18:30:05,847 : INFO : ConfigProcessor : Loading config: /Users/andre/Napoleon/config/config_coils.yaml
2025-02-21 18:30:05,848 : INFO : ConfigProcessor : Loading config: /Users/andre/Napoleon/config/config_switches.yaml
2025-02-21 18:30:05,848 : INFO : ConfigProcessor : Config file cache created: /var/folders/np/pd6clpgx1xs_0sdwz71m1gyh0000gn/T/0e92bbbc1117f2a7fed5bfc9fd49c3ff.mpf_cache
2025-02-21 18:30:05,862 : INFO : ConfigProcessor : Loading config from cache: /var/folders/np/pd6clpgx1xs_0sdwz71m1gyh0000gn/T/1a4610a235e3724f4c88b7b6a3726c72.mpf_cache
2025-02-21 18:30:05,862 : INFO : ConfigProcessor : Loading config from cache: /var/folders/np/pd6clpgx1xs_0sdwz71m1gyh0000gn/T/9ede27cf5d2808a997283e6386622428.mpf_cache
2025-02-21 18:30:05,862 : INFO : ConfigProcessor : Loading config from cache: /var/folders/np/pd6clpgx1xs_0sdwz71m1gyh0000gn/T/1a4610a235e3724f4c88b7b6a3726c72.mpf_cache
2025-02-21 18:30:05,862 : INFO : ConfigProcessor : Loading config from cache: /var/folders/np/pd6clpgx1xs_0sdwz71m1gyh0000gn/T/911d1b37f4ad2186d44e0f02a423c49c.mpf_cache
2025-02-21 18:30:05,862 : INFO : Machine : Mission Pinball Framework Core Engine v0.80.0.dev6
2025-02-21 18:30:05,862 : INFO : Machine : Command line arguments: {'no_load_cache': False, 'create_config_cache': True, 'bcp': False, 'configfile': ['config.yaml'], 'force_assets_load': False, 'platform_integration_test': False, 'jsonlogging': False, 'logfile': 'logs/2025-02-21-18-30-05-mpf-Mac.log', 'pause': False, 'production': False, 'text_ui': False, 'loglevel': 15, 'consoleloglevel': 20, 'force_platform': 'virtual', 'syslog_address': None, 'full_logfile_path': '/Users/andre/Napoleon/logs/2025-02-21-18-30-05-mpf-Mac.log'}
2025-02-21 18:30:05,863 : INFO : Machine : MPF path: /Users/andre/mpf/lib/python3.11/site-packages/mpf
2025-02-21 18:30:05,863 : INFO : Machine : Machine path: /Users/andre/Napoleon
2025-02-21 18:30:05,863 : INFO : Machine : Platform: darwin
2025-02-21 18:30:05,863 : INFO : Machine : Python executable location: /Users/andre/mpf/bin/python3.11
2025-02-21 18:30:05,863 : INFO : Machine : Python version: 3.11.8 (64-bit)
2025-02-21 18:30:05,863 : INFO : Machine : Initializing MPF...
2025-02-21 18:30:05,875 : INFO : EventManager : Event: ======'machine_var_credits_string'====== Args={'value': 'FREE PLAY', 'prev_value': None, 'change': True}
2025-02-21 18:30:05,879 : INFO : EventManager : Event: ======'machine_var_master_volume'====== Args={'value': 0.5, 'prev_value': None, 'change': True}
2025-02-21 18:30:05,879 : INFO : EventManager : Event: ======'machine_var_mpf_version'====== Args={'value': 'Mission Pinball Framework v0.80.0.dev6', 'prev_value': None, 'change': True}
2025-02-21 18:30:05,879 : INFO : EventManager : Event: ======'machine_var_mpf_extended_version'====== Args={'value': 'Mission Pinball Framework v0.80.0.dev6, Config version:6, Show version: 6, BCP version:1.1', 'prev_value': None, 'change': True}
2025-02-21 18:30:05,879 : INFO : EventManager : Event: ======'machine_var_python_version'====== Args={'value': '3.11.8', 'prev_value': None, 'change': True}
2025-02-21 18:30:05,885 : INFO : EventManager : Event: ======'machine_var_platform'====== Args={'value': 'macOS-15.3.1-arm64-arm-64bit', 'prev_value': None, 'change': True}
2025-02-21 18:30:05,885 : INFO : EventManager : Event: ======'machine_var_platform_system'====== Args={'value': 'Darwin', 'prev_value': None, 'change': True}
2025-02-21 18:30:05,885 : INFO : EventManager : Event: ======'machine_var_platform_release'====== Args={'value': '24.3.0', 'prev_value': None, 'change': True}
2025-02-21 18:30:05,885 : INFO : EventManager : Event: ======'machine_var_platform_version'====== Args={'value': 'Darwin Kernel Version 24.3.0: Thu Jan  2 20:24:23 PST 2025; root:xnu-11215.81.4~3/RELEASE_ARM64_T6020', 'prev_value': None, 'change': True}
2025-02-21 18:30:05,885 : INFO : EventManager : Event: ======'machine_var_platform_machine'====== Args={'value': 'arm64', 'prev_value': None, 'change': True}
2025-02-21 18:30:05,885 : INFO : EventManager : Event: ======'machine_var_log_file_path'====== Args={'value': '/Users/andre/Napoleon/logs/2025-02-21-18-30-05-mpf-Mac.log', 'prev_value': None, 'change': True}
2025-02-21 18:30:05,885 : INFO : EventManager : Event: ======'init_phase_1'====== Args={}
2025-02-21 18:30:05,890 : INFO : EventManager : Event: ======'init_phase_2'====== Args={}
2025-02-21 18:30:05,891 : INFO : ball_device.bd_plunger : BCH: Initial count: 0
2025-02-21 18:30:05,891 : INFO : ball_device.bd_plunger : State: idle
2025-02-21 18:30:05,891 : INFO : ball_device.bd_trough : BCH: Initial count: 0
2025-02-21 18:30:05,891 : INFO : ball_device.bd_trough : State: idle
2025-02-21 18:30:05,892 : INFO : EventManager : Event: ======'init_phase_3'====== Args={}
2025-02-21 18:30:05,893 : INFO : EventManager : Event: ======'init_phase_4'====== Args={}
2025-02-21 18:30:05,893 : INFO : BallController : Initial balls found: 0
2025-02-21 18:30:05,893 : INFO : EventManager : Event: ======'machine_var_audits_switches_s_trough_5'====== Args={'value': 0, 'prev_value': None, 'change': True}
2025-02-21 18:30:05,893 : INFO : EventManager : Event: ======'machine_var_audits_switches_s_sling_right'====== Args={'value': 0, 'prev_value': None, 'change': True}
2025-02-21 18:30:05,893 : INFO : EventManager : Event: ======'machine_var_audits_switches_s_flipper_right'====== Args={'value': 0, 'prev_value': None, 'change': True}
2025-02-21 18:30:05,893 : INFO : EventManager : Event: ======'machine_var_audits_switches_s_trough_1'====== Args={'value': 0, 'prev_value': None, 'change': True}
2025-02-21 18:30:05,893 : INFO : EventManager : Event: ======'machine_var_audits_switches_s_plunger_lane'====== Args={'value': 0, 'prev_value': None, 'change': True}
2025-02-21 18:30:05,893 : INFO : EventManager : Event: ======'machine_var_audits_switches_s_trough_3'====== Args={'value': 0, 'prev_value': None, 'change': True}
2025-02-21 18:30:05,893 : INFO : EventManager : Event: ======'machine_var_audits_switches_s_trough_6'====== Args={'value': 0, 'prev_value': None, 'change': True}
2025-02-21 18:30:05,893 : INFO : EventManager : Event: ======'machine_var_audits_switches_s_trough_jam'====== Args={'value': 0, 'prev_value': None, 'change': True}
2025-02-21 18:30:05,893 : INFO : EventManager : Event: ======'machine_var_audits_switches_s_flipper_right_eos'====== Args={'value': 0, 'prev_value': None, 'change': True}
2025-02-21 18:30:05,893 : INFO : EventManager : Event: ======'machine_var_audits_switches_s_flipper_left_eos'====== Args={'value': 0, 'prev_value': None, 'change': True}
2025-02-21 18:30:05,893 : INFO : EventManager : Event: ======'machine_var_audits_switches_s_trough_2'====== Args={'value': 0, 'prev_value': None, 'change': True}
2025-02-21 18:30:05,893 : INFO : EventManager : Event: ======'machine_var_audits_switches_s_sling_left'====== Args={'value': 0, 'prev_value': None, 'change': True}
2025-02-21 18:30:05,893 : INFO : EventManager : Event: ======'machine_var_audits_switches_s_launch_button'====== Args={'value': 0, 'prev_value': None, 'change': True}
2025-02-21 18:30:05,893 : INFO : EventManager : Event: ======'machine_var_audits_switches_s_flipper_left'====== Args={'value': 0, 'prev_value': None, 'change': True}
2025-02-21 18:30:05,893 : INFO : EventManager : Event: ======'machine_var_audits_switches_s_trough_4'====== Args={'value': 0, 'prev_value': None, 'change': True}
2025-02-21 18:30:05,893 : INFO : EventManager : Event: ======'machine_var_audits_events_game_started'====== Args={'value': 0, 'prev_value': None, 'change': True}
2025-02-21 18:30:05,893 : INFO : EventManager : Event: ======'machine_var_audits_events_game_ended'====== Args={'value': 0, 'prev_value': None, 'change': True}
2025-02-21 18:30:05,893 : INFO : EventManager : Event: ======'machine_var_audits_player_score'====== Args={'value': {'top': [], 'average': 0, 'total': 0}, 'prev_value': None, 'change': True}
2025-02-21 18:30:05,894 : INFO : EventManager : Event: ======'init_phase_5'====== Args={}
2025-02-21 18:30:05,894 : INFO : EventManager : Event: ======'init_done'====== Args={}
2025-02-21 18:30:05,894 : INFO : EventManager : Event: ======'machine_reset_phase_1'====== Args={}
2025-02-21 18:30:05,894 : INFO : EventManager : Event: ======'machine_reset_phase_2'====== Args={}
2025-02-21 18:30:05,894 : INFO : EventManager : Event: ======'machine_reset_phase_3'====== Args={}
2025-02-21 18:30:05,894 : INFO : EventManager : Event: ======'reset_complete'====== Args={}
2025-02-21 18:30:05,894 : INFO : EventManager : Event: ======'mode_attract_will_start'====== Args={}
2025-02-21 18:30:05,895 : INFO : EventManager : Event: ======'mode_attract_starting'====== Args={}
2025-02-21 18:30:05,895 : INFO : Mode.attract : Started. Priority: 10
2025-02-21 18:30:05,895 : INFO : EventManager : Event: ======'modes_active_modes_changed'====== Args={}
2025-02-21 18:30:05,895 : INFO : EventManager : Event: ======'mode_attract_started'====== Args={}
2025-02-21 18:30:05,895 : INFO : EventManager : Event: ======'collecting_balls_complete'====== Args={}
2025-02-21 18:30:05,895 : INFO : Machine : Starting the main run loop with active modes: [<Mode.attract>]
2025-02-21 18:30:11,990 : INFO : Machine : Shutting down...
2025-02-21 18:30:11,990 : INFO : EventManager : Event: ======'shutdown'====== Args={}
2025-02-21 18:30:11,992 : INFO : root : MPF run loop ended.
