2025-02-28 13:19:25,015 : INFO : root : Loading config.
2025-02-28 13:19:25,016 : INFO : YamlMultifileConfigLoader : Machine config file #1: config.yaml
2025-02-28 13:19:25,016 : INFO : ConfigProcessor : Loading config from cache: /var/folders/np/pd6clpgx1xs_0sdwz71m1gyh0000gn/T/0e92bbbc1117f2a7fed5bfc9fd49c3ff.mpf_cache
2025-02-28 13:19:25,031 : INFO : ConfigProcessor : Loading config from cache: /var/folders/np/pd6clpgx1xs_0sdwz71m1gyh0000gn/T/1a4610a235e3724f4c88b7b6a3726c72.mpf_cache
2025-02-28 13:19:25,032 : INFO : ConfigProcessor : Loading config from cache: /var/folders/np/pd6clpgx1xs_0sdwz71m1gyh0000gn/T/9ede27cf5d2808a997283e6386622428.mpf_cache
2025-02-28 13:19:25,032 : INFO : ConfigProcessor : Loading config from cache: /var/folders/np/pd6clpgx1xs_0sdwz71m1gyh0000gn/T/1a4610a235e3724f4c88b7b6a3726c72.mpf_cache
2025-02-28 13:19:25,032 : INFO : ConfigProcessor : Loading config from cache: /var/folders/np/pd6clpgx1xs_0sdwz71m1gyh0000gn/T/911d1b37f4ad2186d44e0f02a423c49c.mpf_cache
2025-02-28 13:19:25,032 : INFO : Machine : Mission Pinball Framework Core Engine v0.80.0.dev6
2025-02-28 13:19:25,032 : INFO : Machine : Command line arguments: {'no_load_cache': False, 'create_config_cache': True, 'bcp': True, 'configfile': ['config.yaml'], 'force_assets_load': False, 'platform_integration_test': False, 'jsonlogging': False, 'logfile': 'logs/2025-02-28-13-19-25-mpf-Mac.log', 'pause': False, 'production': False, 'text_ui': True, 'loglevel': 15, 'consoleloglevel': 20, 'force_platform': 'smart_virtual', 'syslog_address': None, 'full_logfile_path': '/Users/andre/Napoleon/logs/2025-02-28-13-19-25-mpf-Mac.log'}
2025-02-28 13:19:25,032 : INFO : Machine : MPF path: /Users/andre/mpf/lib/python3.11/site-packages/mpf
2025-02-28 13:19:25,032 : INFO : Machine : Machine path: /Users/andre/Napoleon
2025-02-28 13:19:25,032 : INFO : Machine : Platform: darwin
2025-02-28 13:19:25,032 : INFO : Machine : Python executable location: /Users/andre/mpf/bin/python3.11
2025-02-28 13:19:25,032 : INFO : Machine : Python version: 3.11.8 (64-bit)
2025-02-28 13:19:25,032 : INFO : Machine : Initializing MPF...
2025-02-28 13:19:25,048 : INFO : EventManager : Event: ======'machine_var_credits_string'====== Args={'value': 'FREE PLAY', 'prev_value': None, 'change': True}
2025-02-28 13:19:25,051 : INFO : EventManager : Event: ======'machine_var_master_volume'====== Args={'value': 0.5, 'prev_value': None, 'change': True}
2025-02-28 13:19:25,051 : INFO : EventManager : Event: ======'machine_var_mpf_version'====== Args={'value': 'Mission Pinball Framework v0.80.0.dev6', 'prev_value': None, 'change': True}
2025-02-28 13:19:25,051 : INFO : EventManager : Event: ======'machine_var_mpf_extended_version'====== Args={'value': 'Mission Pinball Framework v0.80.0.dev6, Config version:6, Show version: 6, BCP version:1.1', 'prev_value': None, 'change': True}
2025-02-28 13:19:25,051 : INFO : EventManager : Event: ======'machine_var_python_version'====== Args={'value': '3.11.8', 'prev_value': None, 'change': True}
2025-02-28 13:19:25,057 : INFO : EventManager : Event: ======'machine_var_platform'====== Args={'value': 'macOS-15.3.1-arm64-arm-64bit', 'prev_value': None, 'change': True}
2025-02-28 13:19:25,058 : INFO : EventManager : Event: ======'machine_var_platform_system'====== Args={'value': 'Darwin', 'prev_value': None, 'change': True}
2025-02-28 13:19:25,058 : INFO : EventManager : Event: ======'machine_var_platform_release'====== Args={'value': '24.3.0', 'prev_value': None, 'change': True}
2025-02-28 13:19:25,058 : INFO : EventManager : Event: ======'machine_var_platform_version'====== Args={'value': 'Darwin Kernel Version 24.3.0: Thu Jan  2 20:24:23 PST 2025; root:xnu-11215.81.4~3/RELEASE_ARM64_T6020', 'prev_value': None, 'change': True}
2025-02-28 13:19:25,058 : INFO : EventManager : Event: ======'machine_var_platform_machine'====== Args={'value': 'arm64', 'prev_value': None, 'change': True}
2025-02-28 13:19:25,058 : INFO : EventManager : Event: ======'machine_var_log_file_path'====== Args={'value': '/Users/andre/Napoleon/logs/2025-02-28-13-19-25-mpf-Mac.log', 'prev_value': None, 'change': True}
2025-02-28 13:19:25,058 : INFO : EventManager : Event: ======'init_phase_1'====== Args={}
2025-02-28 13:19:25,063 : INFO : EventManager : Event: ======'init_phase_2'====== Args={}
2025-02-28 13:19:25,063 : INFO : SwitchController : Found active switch: (1000, <Platform.SmartVirtual>) <switch.s_trough_1>
2025-02-28 13:19:25,063 : INFO : SwitchController : Found active switch: (1001, <Platform.SmartVirtual>) <switch.s_trough_2>
2025-02-28 13:19:25,063 : INFO : SwitchController : Found active switch: (1002, <Platform.SmartVirtual>) <switch.s_trough_3>
2025-02-28 13:19:25,064 : INFO : EventManager : Event: ======'bcp_connection_attempt'====== Args={'name': 'local_display', 'host': 'localhost', 'port': 5050}
2025-02-28 13:19:25,065 : INFO : BCPClientSocket : Connecting BCP to 'local_display' at localhost:5050...
2025-02-28 13:19:25,781 : INFO : BCPClientSocket : Connected BCP to 'local_display' localhost:5050
2025-02-28 13:19:25,781 : INFO : EventManager : Event: ======'bcp_clients_connected'====== Args={}
2025-02-28 13:19:25,782 : INFO : ball_device.bd_plunger : BCH: Initial count: 0
2025-02-28 13:19:25,782 : INFO : ball_device.bd_plunger : State: idle
2025-02-28 13:19:25,782 : INFO : ball_device.bd_trough : BCH: Initial count: 3
2025-02-28 13:19:25,782 : INFO : ball_device.bd_trough : State: idle
2025-02-28 13:19:25,784 : INFO : EventManager : Event: ======'init_phase_3'====== Args={}
2025-02-28 13:19:25,784 : INFO : EventManager : Event: ======'init_phase_4'====== Args={}
2025-02-28 13:19:25,784 : INFO : BallController : Initial balls found: 3
2025-02-28 13:19:25,785 : INFO : EventManager : Event: ======'machine_var_audits_switches_s_inlane_2_right'====== Args={'value': 0, 'prev_value': None, 'change': True}
2025-02-28 13:19:25,785 : INFO : EventManager : Event: ======'machine_var_audits_switches_s_sling_right'====== Args={'value': 0, 'prev_value': None, 'change': True}
2025-02-28 13:19:25,785 : INFO : EventManager : Event: ======'machine_var_audits_switches_s_trough_2'====== Args={'value': 0, 'prev_value': None, 'change': True}
2025-02-28 13:19:25,785 : INFO : EventManager : Event: ======'machine_var_audits_switches_s_trough_4'====== Args={'value': 0, 'prev_value': None, 'change': True}
2025-02-28 13:19:25,785 : INFO : EventManager : Event: ======'machine_var_audits_switches_s_flipper_right'====== Args={'value': 0, 'prev_value': None, 'change': True}
2025-02-28 13:19:25,785 : INFO : EventManager : Event: ======'machine_var_audits_switches_s_start_button'====== Args={'value': 0, 'prev_value': None, 'change': True}
2025-02-28 13:19:25,785 : INFO : EventManager : Event: ======'machine_var_audits_switches_s_trough_1'====== Args={'value': 0, 'prev_value': None, 'change': True}
2025-02-28 13:19:25,785 : INFO : EventManager : Event: ======'machine_var_audits_switches_s_trough_5'====== Args={'value': 0, 'prev_value': None, 'change': True}
2025-02-28 13:19:25,785 : INFO : EventManager : Event: ======'machine_var_audits_switches_s_trough_jam'====== Args={'value': 0, 'prev_value': None, 'change': True}
2025-02-28 13:19:25,785 : INFO : EventManager : Event: ======'machine_var_audits_switches_s_inlane_1_right'====== Args={'value': 0, 'prev_value': None, 'change': True}
2025-02-28 13:19:25,785 : INFO : EventManager : Event: ======'machine_var_audits_switches_s_outlane_right'====== Args={'value': 0, 'prev_value': None, 'change': True}
2025-02-28 13:19:25,785 : INFO : EventManager : Event: ======'machine_var_audits_switches_s_launch_button'====== Args={'value': 0, 'prev_value': None, 'change': True}
2025-02-28 13:19:25,785 : INFO : EventManager : Event: ======'machine_var_audits_switches_s_trough_6'====== Args={'value': 0, 'prev_value': None, 'change': True}
2025-02-28 13:19:25,785 : INFO : EventManager : Event: ======'machine_var_audits_switches_s_sling_left'====== Args={'value': 0, 'prev_value': None, 'change': True}
2025-02-28 13:19:25,785 : INFO : EventManager : Event: ======'machine_var_audits_switches_s_outlane_left'====== Args={'value': 0, 'prev_value': None, 'change': True}
2025-02-28 13:19:25,785 : INFO : EventManager : Event: ======'machine_var_audits_switches_s_inlane_left'====== Args={'value': 0, 'prev_value': None, 'change': True}
2025-02-28 13:19:25,785 : INFO : EventManager : Event: ======'machine_var_audits_switches_s_flipper_left_eos'====== Args={'value': 0, 'prev_value': None, 'change': True}
2025-02-28 13:19:25,785 : INFO : EventManager : Event: ======'machine_var_audits_switches_s_flipper_right_eos'====== Args={'value': 0, 'prev_value': None, 'change': True}
2025-02-28 13:19:25,785 : INFO : EventManager : Event: ======'machine_var_audits_switches_s_plunger_lane'====== Args={'value': 0, 'prev_value': None, 'change': True}
2025-02-28 13:19:25,785 : INFO : EventManager : Event: ======'machine_var_audits_switches_s_flipper_left'====== Args={'value': 0, 'prev_value': None, 'change': True}
2025-02-28 13:19:25,785 : INFO : EventManager : Event: ======'machine_var_audits_switches_s_trough_3'====== Args={'value': 0, 'prev_value': None, 'change': True}
2025-02-28 13:19:25,785 : INFO : EventManager : Event: ======'machine_var_audits_events_game_started'====== Args={'value': 0, 'prev_value': None, 'change': True}
2025-02-28 13:19:25,785 : INFO : EventManager : Event: ======'machine_var_audits_events_game_ended'====== Args={'value': 0, 'prev_value': None, 'change': True}
2025-02-28 13:19:25,785 : INFO : EventManager : Event: ======'machine_var_audits_player_score'====== Args={'value': {'top': [], 'average': 0, 'total': 0}, 'prev_value': None, 'change': True}
2025-02-28 13:19:25,785 : INFO : EventManager : Event: ======'init_phase_5'====== Args={}
2025-02-28 13:19:25,786 : INFO : EventManager : Event: ======'init_done'====== Args={}
2025-02-28 13:19:25,786 : INFO : EventManager : Event: ======'machine_reset_phase_1'====== Args={}
2025-02-28 13:19:25,804 : INFO : EventManager : Event: ======'machine_reset_phase_2'====== Args={}
2025-02-28 13:19:25,804 : INFO : EventManager : Event: ======'machine_reset_phase_3'====== Args={}
2025-02-28 13:19:25,805 : INFO : EventManager : Event: ======'reset_complete'====== Args={}
2025-02-28 13:19:25,805 : INFO : EventManager : Event: ======'mode_attract_will_start'====== Args={}
2025-02-28 13:19:25,805 : INFO : Timer.attract_carousel_timer : Starting Timer.
2025-02-28 13:19:25,805 : INFO : EventManager : Event: ======'timer_attract_carousel_timer_started'====== Args={'ticks': 0, 'ticks_remaining': 1}
2025-02-28 13:19:25,805 : INFO : EventManager : Event: ======'timer_attract_carousel_timer_tick'====== Args={'ticks': 0, 'ticks_remaining': 1}
2025-02-28 13:19:25,805 : INFO : EventManager : Event: ======'mode_attract_starting'====== Args={}
2025-02-28 13:19:25,805 : INFO : Mode.attract : Started. Priority: 10
2025-02-28 13:19:25,805 : INFO : EventManager : Event: ======'modes_active_modes_changed'====== Args={}
2025-02-28 13:19:25,805 : INFO : EventManager : Event: ======'mode_attract_started'====== Args={}
2025-02-28 13:19:25,806 : INFO : EventManager : Event: ======'collecting_balls_complete'====== Args={}
2025-02-28 13:19:25,806 : INFO : EventManager : Event: ======'item_highlighted'====== Args={'carousel': 'attract', 'direction': None, 'item': 'title'}
2025-02-28 13:19:25,806 : INFO : EventManager : Event: ======'timer_attract_carousel_timer_tick'====== Args={'ticks': 0, 'ticks_remaining': 1}
2025-02-28 13:19:25,806 : INFO : Machine : Starting the main run loop with active modes: [<Mode.attract>]
2025-02-28 13:19:25,838 : INFO : EventManager : Event: ======'slide_attract_created'====== Args={'_from_bcp': True}
2025-02-28 13:19:25,838 : INFO : EventManager : Event: ======'slide__removed'====== Args={'_from_bcp': True}
2025-02-28 13:19:25,838 : INFO : EventManager : Event: ======'slide_attract_active'====== Args={'original_context': 'attract', 'original_calling_context': 'mode_attract_started', 'priority': 10.0, 'cmd': 'slides_play', '_from_bcp': True}
2025-02-28 13:19:27,104 : INFO : SwitchController : <<<<<<< 's_flipper_right' active >>>>>>>
2025-02-28 13:19:27,104 : INFO : EventManager : Event: ======'s_flipper_right_active'====== Args={}
2025-02-28 13:19:27,105 : INFO : EventManager : Event: ======'item_highlighted'====== Args={'carousel': 'attract', 'direction': 'forwards', 'item': 'credits'}
2025-02-28 13:19:27,105 : INFO : EventManager : Event: ======'timer_attract_carousel_timer_tick'====== Args={'ticks': 0, 'ticks_remaining': 1}
2025-02-28 13:19:27,199 : INFO : SwitchController : <<<<<<< 's_flipper_right' inactive >>>>>>>
2025-02-28 13:19:27,334 : INFO : SwitchController : <<<<<<< 's_flipper_left' active >>>>>>>
2025-02-28 13:19:27,334 : INFO : EventManager : Event: ======'s_flipper_left_active'====== Args={}
2025-02-28 13:19:27,335 : INFO : EventManager : Event: ======'item_highlighted'====== Args={'carousel': 'attract', 'direction': 'backwards', 'item': 'title'}
2025-02-28 13:19:27,335 : INFO : EventManager : Event: ======'timer_attract_carousel_timer_tick'====== Args={'ticks': 0, 'ticks_remaining': 1}
2025-02-28 13:19:27,450 : INFO : SwitchController : <<<<<<< 's_flipper_left' inactive >>>>>>>
2025-02-28 13:19:27,576 : INFO : SwitchController : <<<<<<< 's_flipper_right' active >>>>>>>
2025-02-28 13:19:27,576 : INFO : EventManager : Event: ======'s_flipper_right_active'====== Args={}
2025-02-28 13:19:27,576 : INFO : EventManager : Event: ======'item_highlighted'====== Args={'carousel': 'attract', 'direction': 'forwards', 'item': 'credits'}
2025-02-28 13:19:27,577 : INFO : EventManager : Event: ======'timer_attract_carousel_timer_tick'====== Args={'ticks': 0, 'ticks_remaining': 1}
2025-02-28 13:19:27,700 : INFO : SwitchController : <<<<<<< 's_flipper_right' inactive >>>>>>>
2025-02-28 13:19:27,987 : INFO : SwitchController : <<<<<<< 's_flipper_left' active >>>>>>>
2025-02-28 13:19:27,988 : INFO : EventManager : Event: ======'s_flipper_left_active'====== Args={}
2025-02-28 13:19:27,988 : INFO : EventManager : Event: ======'item_highlighted'====== Args={'carousel': 'attract', 'direction': 'backwards', 'item': 'title'}
2025-02-28 13:19:27,988 : INFO : EventManager : Event: ======'timer_attract_carousel_timer_tick'====== Args={'ticks': 0, 'ticks_remaining': 1}
2025-02-28 13:19:28,174 : INFO : SwitchController : <<<<<<< 's_flipper_left' inactive >>>>>>>
2025-02-28 13:19:28,409 : INFO : SwitchController : <<<<<<< 's_flipper_right' active >>>>>>>
2025-02-28 13:19:28,409 : INFO : EventManager : Event: ======'s_flipper_right_active'====== Args={}
2025-02-28 13:19:28,410 : INFO : EventManager : Event: ======'item_highlighted'====== Args={'carousel': 'attract', 'direction': 'forwards', 'item': 'credits'}
2025-02-28 13:19:28,410 : INFO : EventManager : Event: ======'timer_attract_carousel_timer_tick'====== Args={'ticks': 0, 'ticks_remaining': 1}
2025-02-28 13:19:28,500 : INFO : SwitchController : <<<<<<< 's_flipper_right' inactive >>>>>>>
2025-02-28 13:19:28,642 : INFO : SwitchController : <<<<<<< 's_flipper_right' active >>>>>>>
2025-02-28 13:19:28,642 : INFO : EventManager : Event: ======'s_flipper_right_active'====== Args={}
2025-02-28 13:19:28,642 : INFO : EventManager : Event: ======'item_highlighted'====== Args={'carousel': 'attract', 'direction': 'forwards', 'item': 'mpf_logo'}
2025-02-28 13:19:28,642 : INFO : EventManager : Event: ======'timer_attract_carousel_timer_tick'====== Args={'ticks': 0, 'ticks_remaining': 1}
2025-02-28 13:19:28,699 : INFO : SwitchController : <<<<<<< 's_flipper_right' inactive >>>>>>>
2025-02-28 13:19:28,792 : INFO : SwitchController : <<<<<<< 's_flipper_right' active >>>>>>>
2025-02-28 13:19:28,792 : INFO : EventManager : Event: ======'s_flipper_right_active'====== Args={}
2025-02-28 13:19:28,793 : INFO : EventManager : Event: ======'item_highlighted'====== Args={'carousel': 'attract', 'direction': 'forwards', 'item': 'title'}
2025-02-28 13:19:28,793 : INFO : EventManager : Event: ======'timer_attract_carousel_timer_tick'====== Args={'ticks': 0, 'ticks_remaining': 1}
2025-02-28 13:19:28,849 : INFO : SwitchController : <<<<<<< 's_flipper_right' inactive >>>>>>>
2025-02-28 13:19:28,951 : INFO : SwitchController : <<<<<<< 's_flipper_right' active >>>>>>>
2025-02-28 13:19:28,951 : INFO : EventManager : Event: ======'s_flipper_right_active'====== Args={}
2025-02-28 13:19:28,952 : INFO : EventManager : Event: ======'item_highlighted'====== Args={'carousel': 'attract', 'direction': 'forwards', 'item': 'credits'}
2025-02-28 13:19:28,952 : INFO : EventManager : Event: ======'timer_attract_carousel_timer_tick'====== Args={'ticks': 0, 'ticks_remaining': 1}
2025-02-28 13:19:29,017 : INFO : SwitchController : <<<<<<< 's_flipper_right' inactive >>>>>>>
2025-02-28 13:19:29,099 : INFO : SwitchController : <<<<<<< 's_flipper_right' active >>>>>>>
2025-02-28 13:19:29,099 : INFO : EventManager : Event: ======'s_flipper_right_active'====== Args={}
2025-02-28 13:19:29,100 : INFO : EventManager : Event: ======'item_highlighted'====== Args={'carousel': 'attract', 'direction': 'forwards', 'item': 'mpf_logo'}
2025-02-28 13:19:29,100 : INFO : EventManager : Event: ======'timer_attract_carousel_timer_tick'====== Args={'ticks': 0, 'ticks_remaining': 1}
2025-02-28 13:19:29,192 : INFO : SwitchController : <<<<<<< 's_flipper_right' inactive >>>>>>>
2025-02-28 13:19:29,318 : INFO : SwitchController : <<<<<<< 's_flipper_left' active >>>>>>>
2025-02-28 13:19:29,318 : INFO : EventManager : Event: ======'s_flipper_left_active'====== Args={}
2025-02-28 13:19:29,318 : INFO : EventManager : Event: ======'item_highlighted'====== Args={'carousel': 'attract', 'direction': 'backwards', 'item': 'credits'}
2025-02-28 13:19:29,319 : INFO : EventManager : Event: ======'timer_attract_carousel_timer_tick'====== Args={'ticks': 0, 'ticks_remaining': 1}
2025-02-28 13:19:29,376 : INFO : SwitchController : <<<<<<< 's_flipper_left' inactive >>>>>>>
2025-02-28 13:19:29,476 : INFO : SwitchController : <<<<<<< 's_flipper_left' active >>>>>>>
2025-02-28 13:19:29,476 : INFO : EventManager : Event: ======'s_flipper_left_active'====== Args={}
2025-02-28 13:19:29,476 : INFO : EventManager : Event: ======'item_highlighted'====== Args={'carousel': 'attract', 'direction': 'backwards', 'item': 'title'}
2025-02-28 13:19:29,477 : INFO : EventManager : Event: ======'timer_attract_carousel_timer_tick'====== Args={'ticks': 0, 'ticks_remaining': 1}
2025-02-28 13:19:29,529 : INFO : SwitchController : <<<<<<< 's_flipper_left' inactive >>>>>>>
2025-02-28 13:19:29,626 : INFO : SwitchController : <<<<<<< 's_flipper_left' active >>>>>>>
2025-02-28 13:19:29,626 : INFO : EventManager : Event: ======'s_flipper_left_active'====== Args={}
2025-02-28 13:19:29,626 : INFO : EventManager : Event: ======'item_highlighted'====== Args={'carousel': 'attract', 'direction': 'backwards', 'item': 'mpf_logo'}
2025-02-28 13:19:29,627 : INFO : EventManager : Event: ======'timer_attract_carousel_timer_tick'====== Args={'ticks': 0, 'ticks_remaining': 1}
2025-02-28 13:19:29,693 : INFO : SwitchController : <<<<<<< 's_flipper_left' inactive >>>>>>>
2025-02-28 13:19:29,783 : INFO : SwitchController : <<<<<<< 's_flipper_left' active >>>>>>>
2025-02-28 13:19:29,783 : INFO : EventManager : Event: ======'s_flipper_left_active'====== Args={}
2025-02-28 13:19:29,783 : INFO : EventManager : Event: ======'item_highlighted'====== Args={'carousel': 'attract', 'direction': 'backwards', 'item': 'credits'}
2025-02-28 13:19:29,783 : INFO : EventManager : Event: ======'timer_attract_carousel_timer_tick'====== Args={'ticks': 0, 'ticks_remaining': 1}
2025-02-28 13:19:29,858 : INFO : SwitchController : <<<<<<< 's_flipper_left' inactive >>>>>>>
2025-02-28 13:19:29,942 : INFO : SwitchController : <<<<<<< 's_flipper_left' active >>>>>>>
2025-02-28 13:19:29,942 : INFO : EventManager : Event: ======'s_flipper_left_active'====== Args={}
2025-02-28 13:19:29,943 : INFO : EventManager : Event: ======'item_highlighted'====== Args={'carousel': 'attract', 'direction': 'backwards', 'item': 'title'}
2025-02-28 13:19:29,943 : INFO : EventManager : Event: ======'timer_attract_carousel_timer_tick'====== Args={'ticks': 0, 'ticks_remaining': 1}
2025-02-28 13:19:30,009 : INFO : SwitchController : <<<<<<< 's_flipper_left' inactive >>>>>>>
2025-02-28 13:19:30,101 : INFO : SwitchController : <<<<<<< 's_flipper_left' active >>>>>>>
2025-02-28 13:19:30,101 : INFO : EventManager : Event: ======'s_flipper_left_active'====== Args={}
2025-02-28 13:19:30,102 : INFO : EventManager : Event: ======'item_highlighted'====== Args={'carousel': 'attract', 'direction': 'backwards', 'item': 'mpf_logo'}
2025-02-28 13:19:30,102 : INFO : EventManager : Event: ======'timer_attract_carousel_timer_tick'====== Args={'ticks': 0, 'ticks_remaining': 1}
2025-02-28 13:19:30,166 : INFO : SwitchController : <<<<<<< 's_flipper_left' inactive >>>>>>>
2025-02-28 13:19:30,467 : INFO : SwitchController : <<<<<<< 's_flipper_right' active >>>>>>>
2025-02-28 13:19:30,468 : INFO : EventManager : Event: ======'s_flipper_right_active'====== Args={}
2025-02-28 13:19:30,468 : INFO : EventManager : Event: ======'item_highlighted'====== Args={'carousel': 'attract', 'direction': 'forwards', 'item': 'title'}
2025-02-28 13:19:30,469 : INFO : EventManager : Event: ======'timer_attract_carousel_timer_tick'====== Args={'ticks': 0, 'ticks_remaining': 1}
2025-02-28 13:19:30,549 : INFO : SwitchController : <<<<<<< 's_flipper_right' inactive >>>>>>>
2025-02-28 13:19:30,651 : INFO : SwitchController : <<<<<<< 's_flipper_right' active >>>>>>>
2025-02-28 13:19:30,651 : INFO : EventManager : Event: ======'s_flipper_right_active'====== Args={}
2025-02-28 13:19:30,652 : INFO : EventManager : Event: ======'item_highlighted'====== Args={'carousel': 'attract', 'direction': 'forwards', 'item': 'credits'}
2025-02-28 13:19:30,652 : INFO : EventManager : Event: ======'timer_attract_carousel_timer_tick'====== Args={'ticks': 0, 'ticks_remaining': 1}
2025-02-28 13:19:30,703 : INFO : SwitchController : <<<<<<< 's_flipper_right' inactive >>>>>>>
2025-02-28 13:19:30,792 : INFO : SwitchController : <<<<<<< 's_flipper_right' active >>>>>>>
2025-02-28 13:19:30,792 : INFO : EventManager : Event: ======'s_flipper_right_active'====== Args={}
2025-02-28 13:19:30,792 : INFO : EventManager : Event: ======'item_highlighted'====== Args={'carousel': 'attract', 'direction': 'forwards', 'item': 'mpf_logo'}
2025-02-28 13:19:30,793 : INFO : EventManager : Event: ======'timer_attract_carousel_timer_tick'====== Args={'ticks': 0, 'ticks_remaining': 1}
2025-02-28 13:19:30,867 : INFO : SwitchController : <<<<<<< 's_flipper_right' inactive >>>>>>>
2025-02-28 13:19:35,124 : INFO : Machine : Shutting down...
2025-02-28 13:19:35,124 : INFO : EventManager : Event: ======'shutdown'====== Args={}
2025-02-28 13:19:35,126 : INFO : root : MPF run loop ended.
