2025-02-21 18:54:17,339 : INFO : root : Loading config.
2025-02-21 18:54:17,340 : INFO : YamlMultifileConfigLoader : Machine config file #1: config.yaml
2025-02-21 18:54:17,340 : INFO : ConfigProcessor : Loading config from cache: /var/folders/np/pd6clpgx1xs_0sdwz71m1gyh0000gn/T/0e92bbbc1117f2a7fed5bfc9fd49c3ff.mpf_cache
2025-02-21 18:54:17,355 : INFO : ConfigProcessor : Loading config from cache: /var/folders/np/pd6clpgx1xs_0sdwz71m1gyh0000gn/T/1a4610a235e3724f4c88b7b6a3726c72.mpf_cache
2025-02-21 18:54:17,355 : INFO : ConfigProcessor : Loading config from cache: /var/folders/np/pd6clpgx1xs_0sdwz71m1gyh0000gn/T/9ede27cf5d2808a997283e6386622428.mpf_cache
2025-02-21 18:54:17,356 : INFO : ConfigProcessor : Loading config from cache: /var/folders/np/pd6clpgx1xs_0sdwz71m1gyh0000gn/T/1a4610a235e3724f4c88b7b6a3726c72.mpf_cache
2025-02-21 18:54:17,356 : INFO : ConfigProcessor : Loading config from cache: /var/folders/np/pd6clpgx1xs_0sdwz71m1gyh0000gn/T/911d1b37f4ad2186d44e0f02a423c49c.mpf_cache
2025-02-21 18:54:17,356 : INFO : Machine : Mission Pinball Framework Core Engine v0.80.0.dev6
2025-02-21 18:54:17,356 : INFO : Machine : Command line arguments: {'no_load_cache': False, 'create_config_cache': True, 'bcp': True, 'configfile': ['config.yaml'], 'force_assets_load': False, 'platform_integration_test': False, 'jsonlogging': False, 'logfile': 'logs/2025-02-21-18-54-17-mpf-Mac.log', 'pause': False, 'production': False, 'text_ui': False, 'loglevel': 15, 'consoleloglevel': 20, 'force_platform': 'virtual', 'syslog_address': None, 'full_logfile_path': '/Users/andre/Napoleon/logs/2025-02-21-18-54-17-mpf-Mac.log'}
2025-02-21 18:54:17,356 : INFO : Machine : MPF path: /Users/andre/mpf/lib/python3.11/site-packages/mpf
2025-02-21 18:54:17,356 : INFO : Machine : Machine path: /Users/andre/Napoleon
2025-02-21 18:54:17,356 : INFO : Machine : Platform: darwin
2025-02-21 18:54:17,356 : INFO : Machine : Python executable location: /Users/andre/mpf/bin/python3.11
2025-02-21 18:54:17,356 : INFO : Machine : Python version: 3.11.8 (64-bit)
2025-02-21 18:54:17,356 : INFO : Machine : Initializing MPF...
2025-02-21 18:54:17,369 : INFO : EventManager : Event: ======'machine_var_credits_string'====== Args={'value': 'FREE PLAY', 'prev_value': None, 'change': True}
2025-02-21 18:54:17,372 : INFO : EventManager : Event: ======'machine_var_master_volume'====== Args={'value': 0.5, 'prev_value': None, 'change': True}
2025-02-21 18:54:17,372 : INFO : EventManager : Event: ======'machine_var_mpf_version'====== Args={'value': 'Mission Pinball Framework v0.80.0.dev6', 'prev_value': None, 'change': True}
2025-02-21 18:54:17,372 : INFO : EventManager : Event: ======'machine_var_mpf_extended_version'====== Args={'value': 'Mission Pinball Framework v0.80.0.dev6, Config version:6, Show version: 6, BCP version:1.1', 'prev_value': None, 'change': True}
2025-02-21 18:54:17,372 : INFO : EventManager : Event: ======'machine_var_python_version'====== Args={'value': '3.11.8', 'prev_value': None, 'change': True}
2025-02-21 18:54:17,378 : INFO : EventManager : Event: ======'machine_var_platform'====== Args={'value': 'macOS-15.3.1-arm64-arm-64bit', 'prev_value': None, 'change': True}
2025-02-21 18:54:17,379 : INFO : EventManager : Event: ======'machine_var_platform_system'====== Args={'value': 'Darwin', 'prev_value': None, 'change': True}
2025-02-21 18:54:17,379 : INFO : EventManager : Event: ======'machine_var_platform_release'====== Args={'value': '24.3.0', 'prev_value': None, 'change': True}
2025-02-21 18:54:17,379 : INFO : EventManager : Event: ======'machine_var_platform_version'====== Args={'value': 'Darwin Kernel Version 24.3.0: Thu Jan  2 20:24:23 PST 2025; root:xnu-11215.81.4~3/RELEASE_ARM64_T6020', 'prev_value': None, 'change': True}
2025-02-21 18:54:17,379 : INFO : EventManager : Event: ======'machine_var_platform_machine'====== Args={'value': 'arm64', 'prev_value': None, 'change': True}
2025-02-21 18:54:17,379 : INFO : EventManager : Event: ======'machine_var_log_file_path'====== Args={'value': '/Users/andre/Napoleon/logs/2025-02-21-18-54-17-mpf-Mac.log', 'prev_value': None, 'change': True}
2025-02-21 18:54:17,379 : INFO : EventManager : Event: ======'init_phase_1'====== Args={}
2025-02-21 18:54:17,384 : INFO : EventManager : Event: ======'init_phase_2'====== Args={}
2025-02-21 18:54:17,385 : INFO : EventManager : Event: ======'bcp_connection_attempt'====== Args={'name': 'local_display', 'host': 'localhost', 'port': 5050}
2025-02-21 18:54:17,385 : INFO : BCPClientSocket : Connecting BCP to 'local_display' at localhost:5050...
2025-02-21 18:54:17,388 : INFO : BCPClientSocket : Connected BCP to 'local_display' localhost:5050
2025-02-21 18:54:17,388 : INFO : EventManager : Event: ======'bcp_clients_connected'====== Args={}
2025-02-21 18:54:17,388 : INFO : ball_device.bd_plunger : BCH: Initial count: 0
2025-02-21 18:54:17,389 : INFO : ball_device.bd_plunger : State: idle
2025-02-21 18:54:17,389 : INFO : ball_device.bd_trough : BCH: Initial count: 0
2025-02-21 18:54:17,389 : INFO : ball_device.bd_trough : State: idle
2025-02-21 18:54:17,391 : INFO : EventManager : Event: ======'init_phase_3'====== Args={}
2025-02-21 18:54:17,391 : INFO : EventManager : Event: ======'init_phase_4'====== Args={}
2025-02-21 18:54:17,391 : INFO : BallController : Initial balls found: 0
2025-02-21 18:54:17,392 : INFO : EventManager : Event: ======'machine_var_audits_switches_s_trough_6'====== Args={'value': 0, 'prev_value': None, 'change': True}
2025-02-21 18:54:17,392 : INFO : EventManager : Event: ======'machine_var_audits_switches_s_trough_jam'====== Args={'value': 0, 'prev_value': None, 'change': True}
2025-02-21 18:54:17,392 : INFO : EventManager : Event: ======'machine_var_audits_switches_s_flipper_left_eos'====== Args={'value': 0, 'prev_value': None, 'change': True}
2025-02-21 18:54:17,392 : INFO : EventManager : Event: ======'machine_var_audits_switches_s_trough_2'====== Args={'value': 0, 'prev_value': None, 'change': True}
2025-02-21 18:54:17,392 : INFO : EventManager : Event: ======'machine_var_audits_switches_s_trough_4'====== Args={'value': 0, 'prev_value': None, 'change': True}
2025-02-21 18:54:17,392 : INFO : EventManager : Event: ======'machine_var_audits_switches_s_flipper_right'====== Args={'value': 0, 'prev_value': None, 'change': True}
2025-02-21 18:54:17,392 : INFO : EventManager : Event: ======'machine_var_audits_switches_s_sling_left'====== Args={'value': 0, 'prev_value': None, 'change': True}
2025-02-21 18:54:17,392 : INFO : EventManager : Event: ======'machine_var_audits_switches_s_launch_button'====== Args={'value': 0, 'prev_value': None, 'change': True}
2025-02-21 18:54:17,392 : INFO : EventManager : Event: ======'machine_var_audits_switches_s_trough_5'====== Args={'value': 0, 'prev_value': None, 'change': True}
2025-02-21 18:54:17,392 : INFO : EventManager : Event: ======'machine_var_audits_switches_s_flipper_right_eos'====== Args={'value': 0, 'prev_value': None, 'change': True}
2025-02-21 18:54:17,392 : INFO : EventManager : Event: ======'machine_var_audits_switches_s_sling_right'====== Args={'value': 0, 'prev_value': None, 'change': True}
2025-02-21 18:54:17,392 : INFO : EventManager : Event: ======'machine_var_audits_switches_s_flipper_left'====== Args={'value': 0, 'prev_value': None, 'change': True}
2025-02-21 18:54:17,392 : INFO : EventManager : Event: ======'machine_var_audits_switches_s_trough_1'====== Args={'value': 0, 'prev_value': None, 'change': True}
2025-02-21 18:54:17,392 : INFO : EventManager : Event: ======'machine_var_audits_switches_s_plunger_lane'====== Args={'value': 0, 'prev_value': None, 'change': True}
2025-02-21 18:54:17,392 : INFO : EventManager : Event: ======'machine_var_audits_switches_s_trough_3'====== Args={'value': 0, 'prev_value': None, 'change': True}
2025-02-21 18:54:17,392 : INFO : EventManager : Event: ======'machine_var_audits_events_game_started'====== Args={'value': 0, 'prev_value': None, 'change': True}
2025-02-21 18:54:17,392 : INFO : EventManager : Event: ======'machine_var_audits_events_game_ended'====== Args={'value': 0, 'prev_value': None, 'change': True}
2025-02-21 18:54:17,392 : INFO : EventManager : Event: ======'machine_var_audits_player_score'====== Args={'value': {'top': [], 'average': 0, 'total': 0}, 'prev_value': None, 'change': True}
2025-02-21 18:54:17,392 : INFO : EventManager : Event: ======'init_phase_5'====== Args={}
2025-02-21 18:54:17,392 : INFO : EventManager : Event: ======'init_done'====== Args={}
2025-02-21 18:54:17,392 : INFO : EventManager : Event: ======'machine_reset_phase_1'====== Args={}
2025-02-21 18:54:17,402 : INFO : EventManager : Event: ======'machine_reset_phase_2'====== Args={}
2025-02-21 18:54:17,403 : INFO : EventManager : Event: ======'machine_reset_phase_3'====== Args={}
2025-02-21 18:54:17,403 : INFO : EventManager : Event: ======'reset_complete'====== Args={}
2025-02-21 18:54:17,403 : INFO : EventManager : Event: ======'mode_attract_will_start'====== Args={}
2025-02-21 18:54:17,403 : INFO : EventManager : Event: ======'mode_attract_starting'====== Args={}
2025-02-21 18:54:17,403 : INFO : Mode.attract : Started. Priority: 10
2025-02-21 18:54:17,403 : INFO : EventManager : Event: ======'modes_active_modes_changed'====== Args={}
2025-02-21 18:54:17,403 : INFO : EventManager : Event: ======'mode_attract_started'====== Args={}
2025-02-21 18:54:17,404 : INFO : EventManager : Event: ======'collecting_balls_complete'====== Args={}
2025-02-21 18:54:17,404 : INFO : EventManager : Event: ======'item_highlighted'====== Args={'carousel': 'attract', 'direction': None, 'item': 'title'}
2025-02-21 18:54:17,404 : INFO : Machine : Starting the main run loop with active modes: [<Mode.attract>]
2025-02-21 18:54:17,437 : INFO : EventManager : Event: ======'slide_attract_created'====== Args={'_from_bcp': True}
2025-02-21 18:54:17,437 : INFO : EventManager : Event: ======'slide__removed'====== Args={'_from_bcp': True}
2025-02-21 18:54:17,437 : INFO : EventManager : Event: ======'slide_attract_active'====== Args={'original_context': 'attract', 'original_calling_context': 'mode_attract_started', 'priority': 10.0, 'cmd': 'slides_play', '_from_bcp': True}
2025-02-21 18:54:20,493 : INFO : SwitchController : <<<<<<< 's_flipper_right' active >>>>>>>
2025-02-21 18:54:20,494 : INFO : EventManager : Event: ======'s_flipper_right_active'====== Args={}
2025-02-21 18:54:20,494 : INFO : EventManager : Event: ======'item_highlighted'====== Args={'carousel': 'attract', 'direction': 'forwards', 'item': 'credits'}
2025-02-21 18:54:20,560 : INFO : SwitchController : <<<<<<< 's_flipper_right' inactive >>>>>>>
2025-02-21 18:54:21,085 : INFO : SwitchController : <<<<<<< 's_flipper_right' active >>>>>>>
2025-02-21 18:54:21,085 : INFO : EventManager : Event: ======'s_flipper_right_active'====== Args={}
2025-02-21 18:54:21,086 : INFO : EventManager : Event: ======'item_highlighted'====== Args={'carousel': 'attract', 'direction': 'forwards', 'item': 'mpf_logo'}
2025-02-21 18:54:21,210 : INFO : SwitchController : <<<<<<< 's_flipper_right' inactive >>>>>>>
2025-02-21 18:54:21,639 : INFO : SwitchController : <<<<<<< 's_flipper_right' active >>>>>>>
2025-02-21 18:54:21,639 : INFO : EventManager : Event: ======'s_flipper_right_active'====== Args={}
2025-02-21 18:54:21,640 : INFO : EventManager : Event: ======'item_highlighted'====== Args={'carousel': 'attract', 'direction': 'forwards', 'item': 'title'}
2025-02-21 18:54:21,735 : INFO : SwitchController : <<<<<<< 's_flipper_right' inactive >>>>>>>
2025-02-21 18:54:22,094 : INFO : SwitchController : <<<<<<< 's_flipper_right' active >>>>>>>
2025-02-21 18:54:22,094 : INFO : EventManager : Event: ======'s_flipper_right_active'====== Args={}
2025-02-21 18:54:22,095 : INFO : EventManager : Event: ======'item_highlighted'====== Args={'carousel': 'attract', 'direction': 'forwards', 'item': 'credits'}
2025-02-21 18:54:22,185 : INFO : SwitchController : <<<<<<< 's_flipper_right' inactive >>>>>>>
2025-02-21 18:54:22,810 : INFO : SwitchController : <<<<<<< 's_flipper_right' active >>>>>>>
2025-02-21 18:54:22,811 : INFO : EventManager : Event: ======'s_flipper_right_active'====== Args={}
2025-02-21 18:54:22,811 : INFO : EventManager : Event: ======'item_highlighted'====== Args={'carousel': 'attract', 'direction': 'forwards', 'item': 'mpf_logo'}
2025-02-21 18:54:22,913 : INFO : SwitchController : <<<<<<< 's_flipper_right' inactive >>>>>>>
2025-02-21 18:54:23,236 : INFO : SwitchController : <<<<<<< 's_flipper_right' active >>>>>>>
2025-02-21 18:54:23,236 : INFO : EventManager : Event: ======'s_flipper_right_active'====== Args={}
2025-02-21 18:54:23,237 : INFO : EventManager : Event: ======'item_highlighted'====== Args={'carousel': 'attract', 'direction': 'forwards', 'item': 'title'}
2025-02-21 18:54:23,352 : INFO : SwitchController : <<<<<<< 's_flipper_right' inactive >>>>>>>
2025-02-21 18:54:23,689 : INFO : SwitchController : <<<<<<< 's_flipper_right' active >>>>>>>
2025-02-21 18:54:23,690 : INFO : EventManager : Event: ======'s_flipper_right_active'====== Args={}
2025-02-21 18:54:23,690 : INFO : EventManager : Event: ======'item_highlighted'====== Args={'carousel': 'attract', 'direction': 'forwards', 'item': 'credits'}
2025-02-21 18:54:23,815 : INFO : SwitchController : <<<<<<< 's_flipper_right' inactive >>>>>>>
2025-02-21 18:54:24,102 : INFO : SwitchController : <<<<<<< 's_flipper_right' active >>>>>>>
2025-02-21 18:54:24,103 : INFO : EventManager : Event: ======'s_flipper_right_active'====== Args={}
2025-02-21 18:54:24,103 : INFO : EventManager : Event: ======'item_highlighted'====== Args={'carousel': 'attract', 'direction': 'forwards', 'item': 'mpf_logo'}
2025-02-21 18:54:24,194 : INFO : SwitchController : <<<<<<< 's_flipper_right' inactive >>>>>>>
2025-02-21 18:54:24,502 : INFO : SwitchController : <<<<<<< 's_flipper_right' active >>>>>>>
2025-02-21 18:54:24,502 : INFO : EventManager : Event: ======'s_flipper_right_active'====== Args={}
2025-02-21 18:54:24,503 : INFO : EventManager : Event: ======'item_highlighted'====== Args={'carousel': 'attract', 'direction': 'forwards', 'item': 'title'}
2025-02-21 18:54:24,578 : INFO : SwitchController : <<<<<<< 's_flipper_right' inactive >>>>>>>
2025-02-21 18:54:32,107 : INFO : Machine : Shutting down...
2025-02-21 18:54:32,107 : INFO : EventManager : Event: ======'shutdown'====== Args={}
2025-02-21 18:54:32,109 : INFO : root : MPF run loop ended.
