2025-02-26 16:43:50,315 : INFO : root : Loading config.
2025-02-26 16:43:50,316 : INFO : YamlMultifileConfigLoader : Machine config file #1: config.yaml
2025-02-26 16:43:50,316 : INFO : ConfigProcessor : Loading config from cache: /var/folders/np/pd6clpgx1xs_0sdwz71m1gyh0000gn/T/0e92bbbc1117f2a7fed5bfc9fd49c3ff.mpf_cache
2025-02-26 16:43:50,331 : DEBUG : YamlMultifileConfigLoader : Loading mode attract from /Users/andre/mpf/lib/python3.11/site-packages/mpf/modes/attract/config/attract.yaml
2025-02-26 16:43:50,331 : DEBUG : YamlMultifileConfigLoader : Loading mode attract from /Users/andre/mpf/lib/python3.11/site-packages/mpf/modes/attract/config/attract.yaml
2025-02-26 16:43:50,331 : INFO : ConfigProcessor : Loading config from cache: /var/folders/np/pd6clpgx1xs_0sdwz71m1gyh0000gn/T/1a4610a235e3724f4c88b7b6a3726c72.mpf_cache
2025-02-26 16:43:50,331 : DEBUG : YamlMultifileConfigLoader : Loading mode game from /Users/andre/mpf/lib/python3.11/site-packages/mpf/modes/game/config/game.yaml
2025-02-26 16:43:50,332 : INFO : ConfigProcessor : Loading config from cache: /var/folders/np/pd6clpgx1xs_0sdwz71m1gyh0000gn/T/9ede27cf5d2808a997283e6386622428.mpf_cache
2025-02-26 16:43:50,332 : DEBUG : YamlMultifileConfigLoader : Loading mode attract from /Users/andre/mpf/lib/python3.11/site-packages/mpf/modes/attract/config/attract.yaml
2025-02-26 16:43:50,332 : DEBUG : YamlMultifileConfigLoader : Loading mode attract from /Users/andre/mpf/lib/python3.11/site-packages/mpf/modes/attract/config/attract.yaml
2025-02-26 16:43:50,332 : INFO : ConfigProcessor : Loading config from cache: /var/folders/np/pd6clpgx1xs_0sdwz71m1gyh0000gn/T/1a4610a235e3724f4c88b7b6a3726c72.mpf_cache
2025-02-26 16:43:50,332 : DEBUG : YamlMultifileConfigLoader : Loading mode base from /Users/andre/mpf/lib/python3.11/site-packages/mpf/modes/base/config/base.yaml
2025-02-26 16:43:50,332 : INFO : ConfigProcessor : Loading config from cache: /var/folders/np/pd6clpgx1xs_0sdwz71m1gyh0000gn/T/911d1b37f4ad2186d44e0f02a423c49c.mpf_cache
2025-02-26 16:43:50,332 : INFO : Machine : Mission Pinball Framework Core Engine v0.80.0.dev6
2025-02-26 16:43:50,332 : INFO : Machine : Command line arguments: {'no_load_cache': False, 'create_config_cache': True, 'bcp': True, 'configfile': ['config.yaml'], 'force_assets_load': False, 'platform_integration_test': False, 'jsonlogging': False, 'logfile': 'logs/2025-02-26-16-43-50-mpf-Mac.log', 'pause': False, 'production': False, 'text_ui': True, 'loglevel': 10, 'consoleloglevel': 20, 'force_platform': None, 'syslog_address': None, 'full_logfile_path': '/Users/andre/Napoleon/logs/2025-02-26-16-43-50-mpf-Mac.log'}
2025-02-26 16:43:50,332 : INFO : Machine : MPF path: /Users/andre/mpf/lib/python3.11/site-packages/mpf
2025-02-26 16:43:50,332 : INFO : Machine : Machine path: /Users/andre/Napoleon
2025-02-26 16:43:50,332 : INFO : Machine : Platform: darwin
2025-02-26 16:43:50,332 : INFO : Machine : Python executable location: /Users/andre/mpf/bin/python3.11
2025-02-26 16:43:50,332 : INFO : Machine : Python version: 3.11.8 (64-bit)
2025-02-26 16:43:50,332 : DEBUG : asyncio : Using selector: KqueueSelector
2025-02-26 16:43:50,333 : INFO : Machine : Initializing MPF...
2025-02-26 16:43:50,344 : DEBUG : asciimatics.widgets.layout : Updating: None
2025-02-26 16:43:50,344 : DEBUG : asciimatics.widgets.layout : Updating: None
2025-02-26 16:43:50,344 : DEBUG : asciimatics.widgets.layout : Updating: None
2025-02-26 16:43:50,344 : DEBUG : asciimatics.widgets.layout : Updating: None
2025-02-26 16:43:50,344 : DEBUG : asciimatics.widgets.layout : Updating: None
2025-02-26 16:43:50,344 : DEBUG : asciimatics.widgets.layout : Updating: None
2025-02-26 16:43:50,344 : DEBUG : asciimatics.widgets.layout : Updating: None
2025-02-26 16:43:50,344 : DEBUG : asciimatics.widgets.layout : Updating: None
2025-02-26 16:43:50,344 : DEBUG : asciimatics.widgets.layout : Updating: None
2025-02-26 16:43:50,344 : DEBUG : asciimatics.widgets.layout : Updating: None
2025-02-26 16:43:50,344 : DEBUG : asciimatics.widgets.layout : Updating: None
2025-02-26 16:43:50,344 : DEBUG : asciimatics.widgets.layout : Updating: None
2025-02-26 16:43:50,344 : DEBUG : asciimatics.widgets.widget : Widget blur: <asciimatics.widgets.label.Label object at 0x106386cf0>
2025-02-26 16:43:50,345 : DEBUG : asciimatics.widgets.widget : Widget blur: <asciimatics.widgets.label.Label object at 0x1065798a0>
2025-02-26 16:43:50,345 : DEBUG : asciimatics.widgets.widget : Widget blur: <asciimatics.widgets.label.Label object at 0x106579970>
2025-02-26 16:43:50,345 : DEBUG : asciimatics.widgets.layout : Blur: <asciimatics.widgets.layout.Layout object at 0x10657db40>
2025-02-26 16:43:50,345 : DEBUG : asciimatics.widgets.layout : Blur: <mpf.core.text_ui.MpfLayout object at 0x10654ddd0>
2025-02-26 16:43:50,345 : DEBUG : asciimatics.widgets.layout : Updating: None
2025-02-26 16:43:50,345 : DEBUG : asciimatics.widgets.layout : Updating: None
2025-02-26 16:43:50,345 : DEBUG : asciimatics.widgets.layout : Updating: None
2025-02-26 16:43:50,345 : DEBUG : asciimatics.widgets.layout : Updating: None
2025-02-26 16:43:50,345 : DEBUG : asciimatics.widgets.layout : Updating: None
2025-02-26 16:43:50,345 : DEBUG : asciimatics.widgets.layout : Updating: None
2025-02-26 16:43:50,345 : DEBUG : asciimatics.widgets.widget : Widget blur: <asciimatics.widgets.label.Label object at 0x106579d80>
2025-02-26 16:43:50,345 : DEBUG : asciimatics.widgets.widget : Widget blur: <asciimatics.widgets.label.Label object at 0x106579cb0>
2025-02-26 16:43:50,345 : DEBUG : asciimatics.widgets.widget : Widget blur: <asciimatics.widgets.label.Label object at 0x106579e50>
2025-02-26 16:43:50,345 : DEBUG : asciimatics.widgets.widget : Widget blur: <asciimatics.widgets.label.Label object at 0x106579be0>
2025-02-26 16:43:50,345 : DEBUG : asciimatics.widgets.widget : Widget blur: <asciimatics.widgets.label.Label object at 0x106579b10>
2025-02-26 16:43:50,345 : DEBUG : asciimatics.widgets.widget : Widget blur: <asciimatics.widgets.label.Label object at 0x106579a40>
2025-02-26 16:43:50,345 : DEBUG : asciimatics.widgets.layout : Blur: <asciimatics.widgets.layout.Layout object at 0x10657dc00>
2025-02-26 16:43:50,345 : DEBUG : asciimatics.widgets.layout : Focus: <asciimatics.widgets.layout.Layout object at 0x10657db40>
2025-02-26 16:43:50,345 : DEBUG : asciimatics.widgets.layout : Focus: <mpf.core.text_ui.MpfLayout object at 0x10654ddd0>
2025-02-26 16:43:50,345 : DEBUG : asciimatics.widgets.layout : Focus: <asciimatics.widgets.layout.Layout object at 0x10657dc00>
2025-02-26 16:43:50,345 : DEBUG : asciimatics.widgets.frame : Cloning: Test
2025-02-26 16:43:50,345 : DEBUG : asciimatics.widgets.layout : Updating: None
2025-02-26 16:43:50,345 : DEBUG : asciimatics.widgets.layout : Updating: None
2025-02-26 16:43:50,345 : DEBUG : asciimatics.widgets.layout : Updating: None
2025-02-26 16:43:50,345 : DEBUG : asciimatics.widgets.layout : Updating: None
2025-02-26 16:43:50,345 : DEBUG : asciimatics.widgets.layout : Updating: None
2025-02-26 16:43:50,345 : DEBUG : asciimatics.widgets.layout : Updating: None
2025-02-26 16:43:50,345 : DEBUG : asciimatics.widgets.layout : Updating: None
2025-02-26 16:43:50,345 : DEBUG : asciimatics.widgets.layout : Updating: None
2025-02-26 16:43:50,345 : DEBUG : asciimatics.widgets.layout : Updating: None
2025-02-26 16:43:50,345 : DEBUG : asciimatics.widgets.layout : Updating: None
2025-02-26 16:43:50,345 : DEBUG : asciimatics.widgets.layout : Updating: None
2025-02-26 16:43:50,345 : DEBUG : asciimatics.widgets.layout : Updating: None
2025-02-26 16:43:50,345 : DEBUG : asciimatics.widgets.layout : Updating: None
2025-02-26 16:43:50,345 : DEBUG : asciimatics.widgets.layout : Updating: None
2025-02-26 16:43:50,345 : DEBUG : asciimatics.widgets.layout : Updating: None
2025-02-26 16:43:50,345 : DEBUG : asciimatics.widgets.layout : Updating: None
2025-02-26 16:43:50,345 : DEBUG : asciimatics.widgets.layout : Updating: None
2025-02-26 16:43:50,345 : DEBUG : asciimatics.widgets.layout : Updating: None
2025-02-26 16:43:50,350 : INFO : EventManager : Event: ======'machine_var_credits_string'====== Args={'value': 'FREE PLAY', 'prev_value': None, 'change': True}
2025-02-26 16:43:50,353 : INFO : EventManager : Event: ======'machine_var_master_volume'====== Args={'value': 0.5, 'prev_value': None, 'change': True}
2025-02-26 16:43:50,353 : INFO : EventManager : Event: ======'machine_var_mpf_version'====== Args={'value': 'Mission Pinball Framework v0.80.0.dev6', 'prev_value': None, 'change': True}
2025-02-26 16:43:50,353 : INFO : EventManager : Event: ======'machine_var_mpf_extended_version'====== Args={'value': 'Mission Pinball Framework v0.80.0.dev6, Config version:6, Show version: 6, BCP version:1.1', 'prev_value': None, 'change': True}
2025-02-26 16:43:50,353 : INFO : EventManager : Event: ======'machine_var_python_version'====== Args={'value': '3.11.8', 'prev_value': None, 'change': True}
2025-02-26 16:43:50,359 : INFO : EventManager : Event: ======'machine_var_platform'====== Args={'value': 'macOS-15.3.1-arm64-arm-64bit', 'prev_value': None, 'change': True}
2025-02-26 16:43:50,360 : INFO : EventManager : Event: ======'machine_var_platform_system'====== Args={'value': 'Darwin', 'prev_value': None, 'change': True}
2025-02-26 16:43:50,360 : INFO : EventManager : Event: ======'machine_var_platform_release'====== Args={'value': '24.3.0', 'prev_value': None, 'change': True}
2025-02-26 16:43:50,360 : INFO : EventManager : Event: ======'machine_var_platform_version'====== Args={'value': 'Darwin Kernel Version 24.3.0: Thu Jan  2 20:24:23 PST 2025; root:xnu-11215.81.4~3/RELEASE_ARM64_T6020', 'prev_value': None, 'change': True}
2025-02-26 16:43:50,360 : INFO : EventManager : Event: ======'machine_var_platform_machine'====== Args={'value': 'arm64', 'prev_value': None, 'change': True}
2025-02-26 16:43:50,360 : INFO : EventManager : Event: ======'machine_var_log_file_path'====== Args={'value': '/Users/andre/Napoleon/logs/2025-02-26-16-43-50-mpf-Mac.log', 'prev_value': None, 'change': True}
2025-02-26 16:43:50,360 : INFO : EventManager : Event: ======'init_phase_1'====== Args={}
2025-02-26 16:43:50,360 : DEBUG : ModeController : Loaded mode base
2025-02-26 16:43:50,361 : DEBUG : ModeController : Loaded mode attract
2025-02-26 16:43:50,363 : DEBUG : ModeController : Loaded mode game
2025-02-26 16:43:50,365 : INFO : EventManager : Event: ======'init_phase_2'====== Args={}
2025-02-26 16:43:50,366 : INFO : SwitchController : Found active switch: ('3208-0', <Platform.SmartVirtual>) <switch.s_plunger_lane>
2025-02-26 16:43:50,366 : INFO : SwitchController : Found active switch: (1000, <Platform.SmartVirtual>) <switch.s_trough_1>
2025-02-26 16:43:50,366 : INFO : SwitchController : Found active switch: (1001, <Platform.SmartVirtual>) <switch.s_trough_2>
2025-02-26 16:43:50,366 : INFO : SwitchController : Found active switch: (1002, <Platform.SmartVirtual>) <switch.s_trough_3>
2025-02-26 16:43:50,366 : INFO : SwitchController : Found active switch: (1003, <Platform.SmartVirtual>) <switch.s_trough_4>
2025-02-26 16:43:50,366 : INFO : SwitchController : Found active switch: (1004, <Platform.SmartVirtual>) <switch.s_trough_5>
2025-02-26 16:43:50,366 : INFO : SwitchController : Found active switch: (1005, <Platform.SmartVirtual>) <switch.s_trough_6>
2025-02-26 16:43:50,366 : INFO : SwitchController : Found active switch: (1006, <Platform.SmartVirtual>) <switch.s_trough_jam>
2025-02-26 16:43:50,367 : INFO : EventManager : Event: ======'bcp_connection_attempt'====== Args={'name': 'local_display', 'host': 'localhost', 'port': 5050}
2025-02-26 16:43:50,367 : DEBUG : asciimatics.widgets.layout : Updating: message
2025-02-26 16:43:50,367 : DEBUG : asciimatics.widgets.layout : Updating: message
2025-02-26 16:43:50,367 : DEBUG : asciimatics.widgets.widget : Widget blur: <asciimatics.widgets.textbox.TextBox object at 0x106824940>
2025-02-26 16:43:50,367 : DEBUG : asciimatics.widgets.layout : Blur: <asciimatics.widgets.layout.Layout object at 0x106866140>
2025-02-26 16:43:50,367 : DEBUG : asciimatics.widgets.layout : Blur: <asciimatics.widgets.layout.Layout object at 0x1068661a0>
2025-02-26 16:43:50,367 : DEBUG : asciimatics.widgets.layout : Focus: <asciimatics.widgets.layout.Layout object at 0x106866140>
2025-02-26 16:43:50,367 : DEBUG : asciimatics.widgets.layout : Focus: <asciimatics.widgets.layout.Layout object at 0x1068661a0>
2025-02-26 16:43:50,367 : INFO : BCPClientSocket : Connecting BCP to 'local_display' at localhost:5050...
2025-02-26 16:43:50,880 : INFO : BCPClientSocket : Connected BCP to 'local_display' localhost:5050
2025-02-26 16:43:50,880 : INFO : EventManager : Event: ======'bcp_clients_connected'====== Args={}
2025-02-26 16:43:50,881 : DEBUG : asciimatics.widgets.layout : Updating: None
2025-02-26 16:43:50,881 : DEBUG : asciimatics.widgets.layout : Updating: None
2025-02-26 16:43:50,881 : DEBUG : asciimatics.widgets.layout : Updating: None
2025-02-26 16:43:50,881 : DEBUG : asciimatics.widgets.layout : Updating: None
2025-02-26 16:43:50,881 : DEBUG : asciimatics.widgets.layout : Updating: None
2025-02-26 16:43:50,881 : DEBUG : asciimatics.widgets.layout : Updating: None
2025-02-26 16:43:50,881 : DEBUG : asciimatics.widgets.layout : Updating: None
2025-02-26 16:43:50,881 : DEBUG : asciimatics.widgets.layout : Updating: None
2025-02-26 16:43:50,881 : DEBUG : asciimatics.widgets.layout : Updating: None
2025-02-26 16:43:50,881 : DEBUG : asciimatics.widgets.layout : Updating: None
2025-02-26 16:43:50,881 : DEBUG : asciimatics.widgets.layout : Updating: None
2025-02-26 16:43:50,881 : DEBUG : asciimatics.widgets.layout : Updating: None
2025-02-26 16:43:50,881 : DEBUG : asciimatics.widgets.widget : Widget blur: <asciimatics.widgets.label.Label object at 0x106884380>
2025-02-26 16:43:50,881 : DEBUG : asciimatics.widgets.widget : Widget blur: <asciimatics.widgets.label.Label object at 0x106884450>
2025-02-26 16:43:50,881 : DEBUG : asciimatics.widgets.widget : Widget blur: <asciimatics.widgets.label.Label object at 0x106884520>
2025-02-26 16:43:50,881 : DEBUG : asciimatics.widgets.layout : Blur: <asciimatics.widgets.layout.Layout object at 0x106898700>
2025-02-26 16:43:50,881 : DEBUG : asciimatics.widgets.layout : Blur: <mpf.core.text_ui.MpfLayout object at 0x1068794d0>
2025-02-26 16:43:50,881 : DEBUG : asciimatics.widgets.layout : Updating: None
2025-02-26 16:43:50,881 : DEBUG : asciimatics.widgets.layout : Updating: None
2025-02-26 16:43:50,881 : DEBUG : asciimatics.widgets.layout : Updating: None
2025-02-26 16:43:50,881 : DEBUG : asciimatics.widgets.layout : Updating: None
2025-02-26 16:43:50,881 : DEBUG : asciimatics.widgets.layout : Updating: None
2025-02-26 16:43:50,881 : DEBUG : asciimatics.widgets.layout : Updating: None
2025-02-26 16:43:50,881 : DEBUG : asciimatics.widgets.widget : Widget blur: <asciimatics.widgets.label.Label object at 0x106884ad0>
2025-02-26 16:43:50,881 : DEBUG : asciimatics.widgets.widget : Widget blur: <asciimatics.widgets.label.Label object at 0x106884a00>
2025-02-26 16:43:50,881 : DEBUG : asciimatics.widgets.widget : Widget blur: <asciimatics.widgets.label.Label object at 0x106884ba0>
2025-02-26 16:43:50,881 : DEBUG : asciimatics.widgets.widget : Widget blur: <asciimatics.widgets.label.Label object at 0x106884930>
2025-02-26 16:43:50,881 : DEBUG : asciimatics.widgets.widget : Widget blur: <asciimatics.widgets.label.Label object at 0x106884860>
2025-02-26 16:43:50,881 : DEBUG : asciimatics.widgets.widget : Widget blur: <asciimatics.widgets.label.Label object at 0x1068845f0>
2025-02-26 16:43:50,881 : DEBUG : asciimatics.widgets.layout : Blur: <asciimatics.widgets.layout.Layout object at 0x1068987c0>
2025-02-26 16:43:50,881 : DEBUG : asciimatics.widgets.layout : Focus: <asciimatics.widgets.layout.Layout object at 0x106898700>
2025-02-26 16:43:50,881 : DEBUG : asciimatics.widgets.layout : Focus: <mpf.core.text_ui.MpfLayout object at 0x1068794d0>
2025-02-26 16:43:50,881 : DEBUG : asciimatics.widgets.layout : Focus: <asciimatics.widgets.layout.Layout object at 0x1068987c0>
2025-02-26 16:43:50,881 : DEBUG : asciimatics.widgets.frame : Cloning: Test
2025-02-26 16:43:50,881 : DEBUG : asciimatics.widgets.layout : Updating: None
2025-02-26 16:43:50,881 : DEBUG : asciimatics.widgets.layout : Updating: None
2025-02-26 16:43:50,881 : DEBUG : asciimatics.widgets.layout : Updating: None
2025-02-26 16:43:50,881 : DEBUG : asciimatics.widgets.layout : Updating: None
2025-02-26 16:43:50,881 : DEBUG : asciimatics.widgets.layout : Updating: None
2025-02-26 16:43:50,881 : DEBUG : asciimatics.widgets.layout : Updating: None
2025-02-26 16:43:50,881 : DEBUG : asciimatics.widgets.layout : Updating: None
2025-02-26 16:43:50,881 : DEBUG : asciimatics.widgets.layout : Updating: None
2025-02-26 16:43:50,882 : DEBUG : asciimatics.widgets.layout : Updating: None
2025-02-26 16:43:50,882 : DEBUG : asciimatics.widgets.layout : Updating: None
2025-02-26 16:43:50,882 : DEBUG : asciimatics.widgets.layout : Updating: None
2025-02-26 16:43:50,882 : DEBUG : asciimatics.widgets.layout : Updating: None
2025-02-26 16:43:50,882 : DEBUG : asciimatics.widgets.layout : Updating: None
2025-02-26 16:43:50,882 : DEBUG : asciimatics.widgets.layout : Updating: None
2025-02-26 16:43:50,882 : DEBUG : asciimatics.widgets.layout : Updating: None
2025-02-26 16:43:50,882 : DEBUG : asciimatics.widgets.layout : Updating: None
2025-02-26 16:43:50,882 : DEBUG : asciimatics.widgets.layout : Updating: None
2025-02-26 16:43:50,882 : DEBUG : asciimatics.widgets.layout : Updating: None
2025-02-26 16:43:50,882 : INFO : ball_device.bd_plunger : BCH: Initial count: 1
2025-02-26 16:43:50,882 : INFO : ball_device.bd_plunger : State: idle
2025-02-26 16:43:50,883 : INFO : ball_device.bd_trough : BCH: Initial count: 7
2025-02-26 16:43:50,883 : INFO : ball_device.bd_trough : State: idle
2025-02-26 16:43:50,884 : DEBUG : Machine : "info_lights:" section not found in machine configuration, so the InfoLights will not be used.
2025-02-26 16:43:50,884 : DEBUG : Machine : "switch_player:" section not found in machine configuration, so the SwitchPlayer will not be used.
2025-02-26 16:43:50,885 : DEBUG : Machine : "twitch_client:" section not found in machine configuration, so the TwitchBot will not be used.
2025-02-26 16:43:50,885 : DEBUG : Machine : "virtual_segment_display_connector:" section not found in machine configuration, so the VirtualSegmentDisplayConnector will not be used.
2025-02-26 16:43:50,885 : INFO : EventManager : Event: ======'init_phase_3'====== Args={}
2025-02-26 16:43:50,885 : DEBUG : ShowController : Loading show: flash
2025-02-26 16:43:50,885 : DEBUG : ShowController : Loading show: on
2025-02-26 16:43:50,885 : DEBUG : ShowController : Loading show: off
2025-02-26 16:43:50,885 : DEBUG : ShowController : Loading show: led_color
2025-02-26 16:43:50,885 : DEBUG : ShowController : Loading show: bl_color
2025-02-26 16:43:50,885 : DEBUG : ShowController : Loading show: flash_color
2025-02-26 16:43:50,886 : INFO : EventManager : Event: ======'init_phase_4'====== Args={}
2025-02-26 16:43:50,886 : INFO : BallController : Initial balls found: 8
2025-02-26 16:43:50,886 : INFO : EventManager : Event: ======'machine_var_audits_switches_s_trough_jam'====== Args={'value': 0, 'prev_value': None, 'change': True}
2025-02-26 16:43:50,886 : INFO : EventManager : Event: ======'machine_var_audits_switches_s_trough_1'====== Args={'value': 0, 'prev_value': None, 'change': True}
2025-02-26 16:43:50,886 : INFO : EventManager : Event: ======'machine_var_audits_switches_s_inlane_left'====== Args={'value': 0, 'prev_value': None, 'change': True}
2025-02-26 16:43:50,886 : INFO : EventManager : Event: ======'machine_var_audits_switches_s_plunger_lane'====== Args={'value': 0, 'prev_value': None, 'change': True}
2025-02-26 16:43:50,886 : INFO : EventManager : Event: ======'machine_var_audits_switches_s_trough_6'====== Args={'value': 0, 'prev_value': None, 'change': True}
2025-02-26 16:43:50,886 : INFO : EventManager : Event: ======'machine_var_audits_switches_s_flipper_left_eos'====== Args={'value': 0, 'prev_value': None, 'change': True}
2025-02-26 16:43:50,886 : INFO : EventManager : Event: ======'machine_var_audits_switches_s_start_button'====== Args={'value': 0, 'prev_value': None, 'change': True}
2025-02-26 16:43:50,886 : INFO : EventManager : Event: ======'machine_var_audits_switches_s_trough_5'====== Args={'value': 0, 'prev_value': None, 'change': True}
2025-02-26 16:43:50,886 : INFO : EventManager : Event: ======'machine_var_audits_switches_s_sling_left'====== Args={'value': 0, 'prev_value': None, 'change': True}
2025-02-26 16:43:50,886 : INFO : EventManager : Event: ======'machine_var_audits_switches_s_sling_right'====== Args={'value': 0, 'prev_value': None, 'change': True}
2025-02-26 16:43:50,886 : INFO : EventManager : Event: ======'machine_var_audits_switches_s_trough_4'====== Args={'value': 0, 'prev_value': None, 'change': True}
2025-02-26 16:43:50,886 : INFO : EventManager : Event: ======'machine_var_audits_switches_s_inlane_1_right'====== Args={'value': 0, 'prev_value': None, 'change': True}
2025-02-26 16:43:50,886 : INFO : EventManager : Event: ======'machine_var_audits_switches_s_outlane_right'====== Args={'value': 0, 'prev_value': None, 'change': True}
2025-02-26 16:43:50,886 : INFO : EventManager : Event: ======'machine_var_audits_switches_s_trough_2'====== Args={'value': 0, 'prev_value': None, 'change': True}
2025-02-26 16:43:50,886 : INFO : EventManager : Event: ======'machine_var_audits_switches_s_flipper_right'====== Args={'value': 0, 'prev_value': None, 'change': True}
2025-02-26 16:43:50,886 : INFO : EventManager : Event: ======'machine_var_audits_switches_s_flipper_left'====== Args={'value': 0, 'prev_value': None, 'change': True}
2025-02-26 16:43:50,886 : INFO : EventManager : Event: ======'machine_var_audits_switches_s_outlane_left'====== Args={'value': 0, 'prev_value': None, 'change': True}
2025-02-26 16:43:50,887 : INFO : EventManager : Event: ======'machine_var_audits_switches_s_trough_3'====== Args={'value': 0, 'prev_value': None, 'change': True}
2025-02-26 16:43:50,887 : INFO : EventManager : Event: ======'machine_var_audits_switches_s_launch_button'====== Args={'value': 0, 'prev_value': None, 'change': True}
2025-02-26 16:43:50,887 : INFO : EventManager : Event: ======'machine_var_audits_switches_s_inlane_2_right'====== Args={'value': 0, 'prev_value': None, 'change': True}
2025-02-26 16:43:50,887 : INFO : EventManager : Event: ======'machine_var_audits_switches_s_flipper_right_eos'====== Args={'value': 0, 'prev_value': None, 'change': True}
2025-02-26 16:43:50,887 : INFO : EventManager : Event: ======'machine_var_audits_events_game_started'====== Args={'value': 0, 'prev_value': None, 'change': True}
2025-02-26 16:43:50,887 : INFO : EventManager : Event: ======'machine_var_audits_events_game_ended'====== Args={'value': 0, 'prev_value': None, 'change': True}
2025-02-26 16:43:50,887 : INFO : EventManager : Event: ======'machine_var_audits_player_score'====== Args={'value': {'top': [], 'average': 0, 'total': 0}, 'prev_value': None, 'change': True}
2025-02-26 16:43:50,887 : INFO : EventManager : Event: ======'init_phase_5'====== Args={}
2025-02-26 16:43:50,887 : INFO : ball_device.bd_trough : BCH: Count is unstable. Trying to reorder balls.
2025-02-26 16:43:50,887 : WARNING : ball_device.bd_trough : Cannot reorder device because eject_coil_reorder_pulse is not configured
2025-02-26 16:43:50,887 : INFO : ball_device.bd_trough : BCH: Repulse done. Waiting for balls to settle.
2025-02-26 16:43:50,887 : INFO : ball_device.bd_trough : BCH: Reordered count: 7
2025-02-26 16:43:50,887 : INFO : EventManager : Event: ======'init_done'====== Args={}
2025-02-26 16:43:50,887 : INFO : EventManager : Event: ======'machine_reset_phase_1'====== Args={}
2025-02-26 16:43:50,903 : INFO : EventManager : Event: ======'machine_reset_phase_2'====== Args={}
2025-02-26 16:43:50,903 : INFO : EventManager : Event: ======'machine_reset_phase_3'====== Args={}
2025-02-26 16:43:50,904 : INFO : EventManager : Event: ======'reset_complete'====== Args={}
2025-02-26 16:43:50,904 : INFO : EventManager : Event: ======'mode_attract_will_start'====== Args={}
2025-02-26 16:43:50,904 : INFO : Timer.attract_carousel_timer : Starting Timer.
2025-02-26 16:43:50,904 : INFO : EventManager : Event: ======'timer_attract_carousel_timer_started'====== Args={'ticks': 0, 'ticks_remaining': 1}
2025-02-26 16:43:50,904 : INFO : EventManager : Event: ======'timer_attract_carousel_timer_tick'====== Args={'ticks': 0, 'ticks_remaining': 1}
2025-02-26 16:43:50,904 : INFO : EventManager : Event: ======'mode_attract_starting'====== Args={}
2025-02-26 16:43:50,904 : INFO : Mode.attract : Started. Priority: 10
2025-02-26 16:43:50,904 : INFO : EventManager : Event: ======'modes_active_modes_changed'====== Args={}
2025-02-26 16:43:50,904 : INFO : EventManager : Event: ======'mode_attract_started'====== Args={}
2025-02-26 16:43:50,904 : INFO : EventManager : Event: ======'collecting_balls'====== Args={}
2025-02-26 16:43:50,905 : INFO : ball_device.bd_plunger : Adding 1 ball(s) to the eject_queue with target <playfield.playfield>.
2025-02-26 16:43:50,905 : INFO : EventManager : Event: ======'balldevice_balls_available'====== Args={}
2025-02-26 16:43:50,905 : INFO : EventManager : Event: ======'item_highlighted'====== Args={'carousel': 'attract', 'direction': None, 'item': 'title'}
2025-02-26 16:43:50,905 : INFO : EventManager : Event: ======'timer_attract_carousel_timer_tick'====== Args={'ticks': 0, 'ticks_remaining': 1}
2025-02-26 16:43:50,905 : INFO : Machine : Starting the main run loop with active modes: [<Mode.attract>]
2025-02-26 16:43:50,905 : INFO : ball_device.bd_plunger : State: waiting_for_target_ready
2025-02-26 16:43:50,905 : INFO : EventManager : Event: ======'balldevice_bd_plunger_ball_eject_attempt'====== Args={'balls': 1, 'target': <playfield.playfield>, 'source': <ball_device.bd_plunger>, 'mechanical_eject': False, 'num_attempts': 0}
2025-02-26 16:43:50,905 : INFO : ball_device.bd_plunger : State: ejecting
2025-02-26 16:43:50,905 : INFO : ball_device.bd_plunger : Ejecting ball to <playfield.playfield>
2025-02-26 16:43:50,905 : INFO : EventManager : Event: ======'balldevice_bd_plunger_ejecting_ball'====== Args={'balls': 1, 'target': <playfield.playfield>, 'source': <ball_device.bd_plunger>, 'mechanical_eject': False, 'num_attempts': 0}
2025-02-26 16:43:50,905 : DEBUG : SmartVirtual Coil Action : Setting eject target. bd_plunger -> playfield. Mechanical: False
2025-02-26 16:43:50,906 : INFO : ball_device.bd_plunger : Wait for ball to leave device
2025-02-26 16:43:50,906 : INFO : coil.c_plunger : Pulsing Driver for 10ms (1.0 pulse_power)
2025-02-26 16:43:50,906 : DEBUG : VirtualDriver.3208-0 : Pulsing driver for 10ms
2025-02-26 16:43:50,906 : DEBUG : SmartVirtual Coil Action : Removing ball from device bd_plunger
2025-02-26 16:43:50,906 : INFO : SwitchController : <<<<<<< 's_plunger_lane' inactive >>>>>>>
2025-02-26 16:43:50,906 : DEBUG : SmartVirtual Coil Action : Deactivating: s_plunger_lane
2025-02-26 16:43:50,906 : INFO : ball_device.bd_plunger : State: ball_left
2025-02-26 16:43:50,906 : INFO : ball_device.bd_plunger : Ball left
2025-02-26 16:43:50,906 : INFO : ball_device.bd_plunger : Wait for confirm with timeout 5.0
2025-02-26 16:43:50,952 : INFO : EventManager : Event: ======'slide_attract_created'====== Args={'_from_bcp': True}
2025-02-26 16:43:50,952 : INFO : EventManager : Event: ======'slide__removed'====== Args={'_from_bcp': True}
2025-02-26 16:43:50,952 : INFO : EventManager : Event: ======'slide_attract_active'====== Args={'original_context': 'attract', 'original_calling_context': 'mode_attract_started', 'priority': 10.0, 'cmd': 'slides_play', '_from_bcp': True}
2025-02-26 16:43:54,356 : DEBUG : asciimatics.screen : Processing key: 70
2025-02-26 16:43:54,357 : DEBUG : asciimatics.screen : Returning key: 70
2025-02-26 16:43:54,357 : DEBUG : asciimatics.widgets.frame : New event: KeyboardEvent: 112
2025-02-26 16:43:54,357 : DEBUG : asciimatics.screen : Processing key: 70
2025-02-26 16:43:54,357 : DEBUG : asciimatics.screen : Returning key: 70
2025-02-26 16:43:54,357 : DEBUG : asciimatics.widgets.frame : New event: KeyboardEvent: 112
2025-02-26 16:43:55,357 : DEBUG : asciimatics.screen : Processing key: 70
2025-02-26 16:43:55,357 : DEBUG : asciimatics.screen : Returning key: 70
2025-02-26 16:43:55,357 : DEBUG : asciimatics.widgets.frame : New event: KeyboardEvent: 112
2025-02-26 16:43:55,357 : DEBUG : asciimatics.screen : Processing key: 70
2025-02-26 16:43:55,357 : DEBUG : asciimatics.screen : Returning key: 70
2025-02-26 16:43:55,357 : DEBUG : asciimatics.widgets.frame : New event: KeyboardEvent: 112
2025-02-26 16:43:55,358 : DEBUG : asciimatics.screen : Processing key: a
2025-02-26 16:43:55,358 : DEBUG : asciimatics.screen : Returning key: a
2025-02-26 16:43:55,358 : DEBUG : asciimatics.widgets.frame : New event: KeyboardEvent: 10
2025-02-26 16:43:55,905 : INFO : Timer.attract_carousel_timer : Timer Complete
2025-02-26 16:43:55,906 : INFO : Timer.attract_carousel_timer : Stopping Timer
2025-02-26 16:43:55,906 : INFO : EventManager : Event: ======'timer_attract_carousel_timer_stopped'====== Args={'ticks': 1, 'ticks_remaining': 1}
2025-02-26 16:43:55,906 : INFO : EventManager : Event: ======'timer_attract_carousel_timer_complete'====== Args={'ticks': 1, 'ticks_remaining': 1}
2025-02-26 16:43:55,907 : INFO : EventManager : Event: ======'item_highlighted'====== Args={'carousel': 'attract', 'direction': 'forwards', 'item': 'credits'}
2025-02-26 16:43:55,907 : INFO : Timer.attract_carousel_timer : Starting Timer.
2025-02-26 16:43:55,907 : INFO : EventManager : Event: ======'timer_attract_carousel_timer_started'====== Args={'ticks': 0, 'ticks_remaining': 1}
2025-02-26 16:43:55,908 : INFO : EventManager : Event: ======'timer_attract_carousel_timer_tick'====== Args={'ticks': 0, 'ticks_remaining': 1}
2025-02-26 16:43:55,908 : INFO : ball_device.bd_plunger : State: failed_confirm
2025-02-26 16:43:55,908 : INFO : ball_device.bd_plunger : Got timeout (5.0s) before confirm from <playfield.playfield>
2025-02-26 16:43:56,009 : INFO : ball_device.bd_plunger : Confirming eject because target is playfield and ball did not return.
2025-02-26 16:43:56,009 : INFO : ball_device.bd_plunger : Eject successful
2025-02-26 16:43:56,009 : INFO : EventManager : Event: ======'balldevice_bd_plunger_ball_eject_success'====== Args={'balls': 1, 'target': <playfield.playfield>}
2025-02-26 16:43:56,010 : INFO : EventManager : Event: ======'balldevice_playfield_ball_enter'====== Args={'new_balls': 1, 'unclaimed_balls': 1, 'device': <playfield.playfield>}
2025-02-26 16:43:56,010 : INFO : EventManager : Event: ======'playfield_ball_count_change'====== Args={'balls': 1, 'change': 1}
2025-02-26 16:43:56,010 : INFO : EventManager : Event: ======'balldevice_bd_plunger_ball_count_changed'====== Args={'balls': 0}
2025-02-26 16:43:56,010 : INFO : ball_device.bd_plunger : State: idle
2025-02-26 16:43:56,357 : DEBUG : asciimatics.screen : Processing key: a
2025-02-26 16:43:56,357 : DEBUG : asciimatics.screen : Returning key: a
2025-02-26 16:43:56,357 : DEBUG : asciimatics.widgets.frame : New event: KeyboardEvent: 10
2025-02-26 16:43:59,357 : DEBUG : asciimatics.screen : Processing key: 61
2025-02-26 16:43:59,357 : DEBUG : asciimatics.screen : Returning key: 61
2025-02-26 16:43:59,357 : DEBUG : asciimatics.widgets.frame : New event: KeyboardEvent: 97
2025-02-26 16:43:59,358 : DEBUG : asciimatics.screen : Processing key: 73
2025-02-26 16:43:59,358 : DEBUG : asciimatics.screen : Returning key: 73
2025-02-26 16:43:59,358 : DEBUG : asciimatics.widgets.frame : New event: KeyboardEvent: 115
2025-02-26 16:43:59,358 : DEBUG : asciimatics.screen : Processing key: 71
2025-02-26 16:43:59,358 : DEBUG : asciimatics.screen : Returning key: 71
2025-02-26 16:43:59,358 : DEBUG : asciimatics.widgets.frame : New event: KeyboardEvent: 113
2025-02-26 16:44:00,357 : DEBUG : asciimatics.screen : Processing key: 77
2025-02-26 16:44:00,357 : DEBUG : asciimatics.screen : Returning key: 77
2025-02-26 16:44:00,357 : DEBUG : asciimatics.widgets.frame : New event: KeyboardEvent: 119
2025-02-26 16:44:00,357 : DEBUG : asciimatics.screen : Processing key: 65
2025-02-26 16:44:00,357 : DEBUG : asciimatics.screen : Returning key: 65
2025-02-26 16:44:00,357 : DEBUG : asciimatics.widgets.frame : New event: KeyboardEvent: 101
2025-02-26 16:44:00,357 : DEBUG : asciimatics.screen : Processing key: 64
2025-02-26 16:44:00,357 : DEBUG : asciimatics.screen : Returning key: 64
2025-02-26 16:44:00,357 : DEBUG : asciimatics.widgets.frame : New event: KeyboardEvent: 100
2025-02-26 16:44:00,357 : DEBUG : asciimatics.screen : Processing key: 65
2025-02-26 16:44:00,358 : DEBUG : asciimatics.screen : Returning key: 65
2025-02-26 16:44:00,358 : DEBUG : asciimatics.widgets.frame : New event: KeyboardEvent: 101
2025-02-26 16:44:00,358 : DEBUG : asciimatics.screen : Processing key: 69
2025-02-26 16:44:00,358 : DEBUG : asciimatics.screen : Returning key: 69
2025-02-26 16:44:00,358 : DEBUG : asciimatics.widgets.frame : New event: KeyboardEvent: 105
2025-02-26 16:44:00,358 : DEBUG : asciimatics.screen : Processing key: 6f
2025-02-26 16:44:00,358 : DEBUG : asciimatics.screen : Returning key: 6f
2025-02-26 16:44:00,358 : DEBUG : asciimatics.widgets.frame : New event: KeyboardEvent: 111
2025-02-26 16:44:00,358 : DEBUG : asciimatics.screen : Processing key: 70
2025-02-26 16:44:00,358 : DEBUG : asciimatics.screen : Returning key: 70
2025-02-26 16:44:00,358 : DEBUG : asciimatics.widgets.frame : New event: KeyboardEvent: 112
2025-02-26 16:44:00,358 : DEBUG : asciimatics.screen : Processing key: 73
2025-02-26 16:44:00,358 : DEBUG : asciimatics.screen : Returning key: 73
2025-02-26 16:44:00,358 : DEBUG : asciimatics.widgets.frame : New event: KeyboardEvent: 115
2025-02-26 16:44:00,358 : DEBUG : asciimatics.screen : Processing key: 6a
2025-02-26 16:44:00,358 : DEBUG : asciimatics.screen : Returning key: 6a
2025-02-26 16:44:00,358 : DEBUG : asciimatics.widgets.frame : New event: KeyboardEvent: 106
2025-02-26 16:44:00,359 : DEBUG : asciimatics.screen : Processing key: 63
2025-02-26 16:44:00,359 : DEBUG : asciimatics.screen : Returning key: 63
2025-02-26 16:44:00,359 : DEBUG : asciimatics.widgets.frame : New event: KeyboardEvent: 99
2025-02-26 16:44:00,359 : DEBUG : asciimatics.screen : Processing key: 61
2025-02-26 16:44:00,359 : DEBUG : asciimatics.screen : Returning key: 61
2025-02-26 16:44:00,359 : DEBUG : asciimatics.widgets.frame : New event: KeyboardEvent: 97
2025-02-26 16:44:00,359 : DEBUG : asciimatics.screen : Processing key: 6c
2025-02-26 16:44:00,359 : DEBUG : asciimatics.screen : Returning key: 6c
2025-02-26 16:44:00,359 : DEBUG : asciimatics.widgets.frame : New event: KeyboardEvent: 108
2025-02-26 16:44:00,359 : DEBUG : asciimatics.screen : Processing key: 64
2025-02-26 16:44:00,359 : DEBUG : asciimatics.screen : Returning key: 64
2025-02-26 16:44:00,359 : DEBUG : asciimatics.widgets.frame : New event: KeyboardEvent: 100
2025-02-26 16:44:00,362 : DEBUG : asciimatics.screen : Processing key: 6b
2025-02-26 16:44:00,362 : DEBUG : asciimatics.screen : Returning key: 6b
2025-02-26 16:44:00,362 : DEBUG : asciimatics.widgets.frame : New event: KeyboardEvent: 107
2025-02-26 16:44:00,909 : INFO : Timer.attract_carousel_timer : Timer Complete
2025-02-26 16:44:00,909 : INFO : Timer.attract_carousel_timer : Stopping Timer
2025-02-26 16:44:00,909 : INFO : EventManager : Event: ======'timer_attract_carousel_timer_stopped'====== Args={'ticks': 1, 'ticks_remaining': 1}
2025-02-26 16:44:00,909 : INFO : EventManager : Event: ======'timer_attract_carousel_timer_complete'====== Args={'ticks': 1, 'ticks_remaining': 1}
2025-02-26 16:44:00,910 : INFO : EventManager : Event: ======'item_highlighted'====== Args={'carousel': 'attract', 'direction': 'forwards', 'item': 'mpf_logo'}
2025-02-26 16:44:00,910 : INFO : Timer.attract_carousel_timer : Starting Timer.
2025-02-26 16:44:00,910 : INFO : EventManager : Event: ======'timer_attract_carousel_timer_started'====== Args={'ticks': 0, 'ticks_remaining': 1}
2025-02-26 16:44:00,910 : INFO : EventManager : Event: ======'timer_attract_carousel_timer_tick'====== Args={'ticks': 0, 'ticks_remaining': 1}
2025-02-26 16:44:01,356 : DEBUG : asciimatics.screen : Processing key: 63
2025-02-26 16:44:01,356 : DEBUG : asciimatics.screen : Returning key: 63
2025-02-26 16:44:01,356 : DEBUG : asciimatics.widgets.frame : New event: KeyboardEvent: 99
2025-02-26 16:44:01,356 : DEBUG : asciimatics.screen : Processing key: 6a
2025-02-26 16:44:01,357 : DEBUG : asciimatics.screen : Returning key: 6a
2025-02-26 16:44:01,357 : DEBUG : asciimatics.widgets.frame : New event: KeyboardEvent: 106
2025-02-26 16:44:01,357 : DEBUG : asciimatics.screen : Processing key: 6e
2025-02-26 16:44:01,357 : DEBUG : asciimatics.screen : Returning key: 6e
2025-02-26 16:44:01,357 : DEBUG : asciimatics.widgets.frame : New event: KeyboardEvent: 110
2025-02-26 16:44:01,357 : DEBUG : asciimatics.screen : Processing key: 61
2025-02-26 16:44:01,357 : DEBUG : asciimatics.screen : Returning key: 61
2025-02-26 16:44:01,357 : DEBUG : asciimatics.widgets.frame : New event: KeyboardEvent: 97
2025-02-26 16:44:01,357 : DEBUG : asciimatics.screen : Processing key: 64
2025-02-26 16:44:01,357 : DEBUG : asciimatics.screen : Returning key: 64
2025-02-26 16:44:01,357 : DEBUG : asciimatics.widgets.frame : New event: KeyboardEvent: 100
2025-02-26 16:44:01,357 : DEBUG : asciimatics.screen : Processing key: 73
2025-02-26 16:44:01,357 : DEBUG : asciimatics.screen : Returning key: 73
2025-02-26 16:44:01,357 : DEBUG : asciimatics.widgets.frame : New event: KeyboardEvent: 115
2025-02-26 16:44:01,357 : DEBUG : asciimatics.screen : Processing key: 63
2025-02-26 16:44:01,357 : DEBUG : asciimatics.screen : Returning key: 63
2025-02-26 16:44:01,357 : DEBUG : asciimatics.widgets.frame : New event: KeyboardEvent: 99
2025-02-26 16:44:01,358 : DEBUG : asciimatics.screen : Processing key: 2c
2025-02-26 16:44:01,358 : DEBUG : asciimatics.screen : Returning key: 2c
2025-02-26 16:44:01,358 : DEBUG : asciimatics.widgets.frame : New event: KeyboardEvent: 44
2025-02-26 16:44:01,358 : DEBUG : asciimatics.screen : Processing key: 6e
2025-02-26 16:44:01,358 : DEBUG : asciimatics.screen : Returning key: 6e
2025-02-26 16:44:01,358 : DEBUG : asciimatics.widgets.frame : New event: KeyboardEvent: 110
2025-02-26 16:44:02,356 : DEBUG : asciimatics.screen : Processing key: 5a
2025-02-26 16:44:02,356 : DEBUG : asciimatics.screen : Returning key: 5a
2025-02-26 16:44:02,356 : DEBUG : asciimatics.widgets.frame : New event: KeyboardEvent: 90
2025-02-26 16:44:02,357 : DEBUG : asciimatics.screen : Processing key: 3c
2025-02-26 16:44:02,357 : DEBUG : asciimatics.screen : Returning key: 3c
2025-02-26 16:44:02,357 : DEBUG : asciimatics.widgets.frame : New event: KeyboardEvent: 60
2025-02-26 16:44:02,357 : DEBUG : asciimatics.screen : Processing key: 4d
2025-02-26 16:44:02,357 : DEBUG : asciimatics.screen : Returning key: 4d
2025-02-26 16:44:02,357 : DEBUG : asciimatics.widgets.frame : New event: KeyboardEvent: 77
2025-02-26 16:44:02,357 : DEBUG : asciimatics.screen : Processing key: 6e
2025-02-26 16:44:02,357 : DEBUG : asciimatics.screen : Returning key: 6e
2025-02-26 16:44:02,357 : DEBUG : asciimatics.widgets.frame : New event: KeyboardEvent: 110
2025-02-26 16:44:02,357 : DEBUG : asciimatics.screen : Processing key: 78
2025-02-26 16:44:02,357 : DEBUG : asciimatics.screen : Returning key: 78
2025-02-26 16:44:02,357 : DEBUG : asciimatics.widgets.frame : New event: KeyboardEvent: 120
2025-02-26 16:44:02,357 : DEBUG : asciimatics.screen : Processing key: 63
2025-02-26 16:44:02,357 : DEBUG : asciimatics.screen : Returning key: 63
2025-02-26 16:44:02,357 : DEBUG : asciimatics.widgets.frame : New event: KeyboardEvent: 99
2025-02-26 16:44:02,357 : DEBUG : asciimatics.screen : Processing key: 6c
2025-02-26 16:44:02,357 : DEBUG : asciimatics.screen : Returning key: 6c
2025-02-26 16:44:02,357 : DEBUG : asciimatics.widgets.frame : New event: KeyboardEvent: 108
2025-02-26 16:44:02,357 : DEBUG : asciimatics.screen : Processing key: 6b
2025-02-26 16:44:02,357 : DEBUG : asciimatics.screen : Returning key: 6b
2025-02-26 16:44:02,358 : DEBUG : asciimatics.widgets.frame : New event: KeyboardEvent: 107
2025-02-26 16:44:02,358 : DEBUG : asciimatics.screen : Processing key: 6a
2025-02-26 16:44:02,358 : DEBUG : asciimatics.screen : Returning key: 6a
2025-02-26 16:44:02,358 : DEBUG : asciimatics.widgets.frame : New event: KeyboardEvent: 106
2025-02-26 16:44:02,358 : DEBUG : asciimatics.screen : Processing key: 61
2025-02-26 16:44:02,358 : DEBUG : asciimatics.screen : Returning key: 61
2025-02-26 16:44:02,358 : DEBUG : asciimatics.widgets.frame : New event: KeyboardEvent: 97
2025-02-26 16:44:02,358 : DEBUG : asciimatics.screen : Processing key: 64
2025-02-26 16:44:02,358 : DEBUG : asciimatics.screen : Returning key: 64
2025-02-26 16:44:02,358 : DEBUG : asciimatics.widgets.frame : New event: KeyboardEvent: 100
2025-02-26 16:44:02,358 : DEBUG : asciimatics.screen : Processing key: 73
2025-02-26 16:44:02,358 : DEBUG : asciimatics.screen : Returning key: 73
2025-02-26 16:44:02,358 : DEBUG : asciimatics.widgets.frame : New event: KeyboardEvent: 115
2025-02-26 16:44:02,358 : DEBUG : asciimatics.screen : Processing key: 63
2025-02-26 16:44:02,358 : DEBUG : asciimatics.screen : Returning key: 63
2025-02-26 16:44:02,358 : DEBUG : asciimatics.widgets.frame : New event: KeyboardEvent: 99
2025-02-26 16:44:02,358 : DEBUG : asciimatics.screen : Processing key: 6c
2025-02-26 16:44:02,358 : DEBUG : asciimatics.screen : Returning key: 6c
2025-02-26 16:44:02,358 : DEBUG : asciimatics.widgets.frame : New event: KeyboardEvent: 108
2025-02-26 16:44:02,359 : DEBUG : asciimatics.screen : Processing key: 69
2025-02-26 16:44:02,359 : DEBUG : asciimatics.screen : Returning key: 69
2025-02-26 16:44:02,359 : DEBUG : asciimatics.widgets.frame : New event: KeyboardEvent: 105
2025-02-26 16:44:02,359 : DEBUG : asciimatics.screen : Processing key: 6a
2025-02-26 16:44:02,359 : DEBUG : asciimatics.screen : Returning key: 6a
2025-02-26 16:44:02,359 : DEBUG : asciimatics.widgets.frame : New event: KeyboardEvent: 106
2025-02-26 16:44:02,359 : DEBUG : asciimatics.screen : Processing key: 71
2025-02-26 16:44:02,359 : DEBUG : asciimatics.screen : Returning key: 71
2025-02-26 16:44:02,359 : DEBUG : asciimatics.widgets.frame : New event: KeyboardEvent: 113
2025-02-26 16:44:03,356 : DEBUG : asciimatics.screen : Processing key: 64
2025-02-26 16:44:03,356 : DEBUG : asciimatics.screen : Returning key: 64
2025-02-26 16:44:03,357 : DEBUG : asciimatics.widgets.frame : New event: KeyboardEvent: 100
2025-02-26 16:44:03,357 : DEBUG : asciimatics.screen : Processing key: 65
2025-02-26 16:44:03,357 : DEBUG : asciimatics.screen : Returning key: 65
2025-02-26 16:44:03,357 : DEBUG : asciimatics.widgets.frame : New event: KeyboardEvent: 101
2025-02-26 16:44:03,357 : DEBUG : asciimatics.screen : Processing key: 6f
2025-02-26 16:44:03,357 : DEBUG : asciimatics.screen : Returning key: 6f
2025-02-26 16:44:03,357 : DEBUG : asciimatics.widgets.frame : New event: KeyboardEvent: 111
2025-02-26 16:44:03,357 : DEBUG : asciimatics.screen : Processing key: 77
2025-02-26 16:44:03,357 : DEBUG : asciimatics.screen : Returning key: 77
2025-02-26 16:44:03,357 : DEBUG : asciimatics.widgets.frame : New event: KeyboardEvent: 119
2025-02-26 16:44:03,357 : DEBUG : asciimatics.screen : Processing key: 69
2025-02-26 16:44:03,357 : DEBUG : asciimatics.screen : Returning key: 69
2025-02-26 16:44:03,357 : DEBUG : asciimatics.widgets.frame : New event: KeyboardEvent: 105
2025-02-26 16:44:03,358 : DEBUG : asciimatics.screen : Processing key: 71
2025-02-26 16:44:03,358 : DEBUG : asciimatics.screen : Returning key: 71
2025-02-26 16:44:03,358 : DEBUG : asciimatics.widgets.frame : New event: KeyboardEvent: 113
2025-02-26 16:44:03,358 : DEBUG : asciimatics.screen : Processing key: 71
2025-02-26 16:44:03,358 : DEBUG : asciimatics.screen : Returning key: 71
2025-02-26 16:44:03,358 : DEBUG : asciimatics.widgets.frame : New event: KeyboardEvent: 113
2025-02-26 16:44:03,358 : DEBUG : asciimatics.screen : Processing key: 31
2025-02-26 16:44:03,358 : DEBUG : asciimatics.screen : Returning key: 31
2025-02-26 16:44:03,358 : DEBUG : asciimatics.widgets.frame : New event: KeyboardEvent: 49
2025-02-26 16:44:04,357 : DEBUG : asciimatics.screen : Processing key: 32
2025-02-26 16:44:04,357 : DEBUG : asciimatics.screen : Returning key: 32
2025-02-26 16:44:04,357 : DEBUG : asciimatics.widgets.frame : New event: KeyboardEvent: 50
2025-02-26 16:44:04,357 : DEBUG : asciimatics.screen : Processing key: 33
2025-02-26 16:44:04,357 : DEBUG : asciimatics.screen : Returning key: 33
2025-02-26 16:44:04,357 : DEBUG : asciimatics.widgets.frame : New event: KeyboardEvent: 51
2025-02-26 16:44:04,358 : DEBUG : asciimatics.screen : Processing key: 34
2025-02-26 16:44:04,358 : DEBUG : asciimatics.screen : Returning key: 34
2025-02-26 16:44:04,358 : DEBUG : asciimatics.widgets.frame : New event: KeyboardEvent: 52
2025-02-26 16:44:04,358 : DEBUG : asciimatics.screen : Processing key: 35
2025-02-26 16:44:04,358 : DEBUG : asciimatics.screen : Returning key: 35
2025-02-26 16:44:04,358 : DEBUG : asciimatics.widgets.frame : New event: KeyboardEvent: 53
2025-02-26 16:44:04,358 : DEBUG : asciimatics.screen : Processing key: 36
2025-02-26 16:44:04,358 : DEBUG : asciimatics.screen : Returning key: 36
2025-02-26 16:44:04,358 : DEBUG : asciimatics.widgets.frame : New event: KeyboardEvent: 54
2025-02-26 16:44:04,358 : DEBUG : asciimatics.screen : Processing key: 37
2025-02-26 16:44:04,358 : DEBUG : asciimatics.screen : Returning key: 37
2025-02-26 16:44:04,358 : DEBUG : asciimatics.widgets.frame : New event: KeyboardEvent: 55
2025-02-26 16:44:05,912 : INFO : Timer.attract_carousel_timer : Timer Complete
2025-02-26 16:44:05,912 : INFO : Timer.attract_carousel_timer : Stopping Timer
2025-02-26 16:44:05,912 : INFO : EventManager : Event: ======'timer_attract_carousel_timer_stopped'====== Args={'ticks': 1, 'ticks_remaining': 1}
2025-02-26 16:44:05,912 : INFO : EventManager : Event: ======'timer_attract_carousel_timer_complete'====== Args={'ticks': 1, 'ticks_remaining': 1}
2025-02-26 16:44:05,912 : INFO : EventManager : Event: ======'item_highlighted'====== Args={'carousel': 'attract', 'direction': 'forwards', 'item': 'title'}
2025-02-26 16:44:05,913 : INFO : Timer.attract_carousel_timer : Starting Timer.
2025-02-26 16:44:05,913 : INFO : EventManager : Event: ======'timer_attract_carousel_timer_started'====== Args={'ticks': 0, 'ticks_remaining': 1}
2025-02-26 16:44:05,913 : INFO : EventManager : Event: ======'timer_attract_carousel_timer_tick'====== Args={'ticks': 0, 'ticks_remaining': 1}
2025-02-26 16:44:07,777 : INFO : Machine : Shutting down...
2025-02-26 16:44:07,777 : INFO : EventManager : Event: ======'shutdown'====== Args={}
2025-02-26 16:44:07,786 : INFO : root : MPF run loop ended.
