2025-02-26 16:43:12,290 : INFO : root : Loading config.
2025-02-26 16:43:12,292 : INFO : YamlMultifileConfigLoader : Machine config file #1: config.yaml
2025-02-26 16:43:12,292 : WARNING : ConfigProcessor : Config file in cache changed: /Users/andre/Napoleon/config/config.yaml
2025-02-26 16:43:12,292 : INFO : ConfigProcessor : Loading config from file /Users/andre/mpf/lib/python3.11/site-packages/mpf/mpfconfig.yaml.
2025-02-26 16:43:12,297 : INFO : ConfigProcessor : Loading config: /Users/andre/mpf/lib/python3.11/site-packages/mpf/mpfconfig.yaml
2025-02-26 16:43:12,297 : INFO : ConfigProcessor : Loading config from file /Users/andre/Napoleon/config/config.yaml.
2025-02-26 16:43:12,298 : INFO : ConfigProcessor : Loading config: /Users/andre/Napoleon/config/config.yaml
2025-02-26 16:43:12,298 : INFO : ConfigProcessor : Loading config: /Users/andre/Napoleon/config/config_ball_devices.yaml
2025-02-26 16:43:12,299 : INFO : ConfigProcessor : Loading config: /Users/andre/Napoleon/config/config_coils.yaml
2025-02-26 16:43:12,299 : INFO : ConfigProcessor : Loading config: /Users/andre/Napoleon/config/config_switches.yaml
2025-02-26 16:43:12,300 : INFO : ConfigProcessor : Config file cache created: /var/folders/np/pd6clpgx1xs_0sdwz71m1gyh0000gn/T/0e92bbbc1117f2a7fed5bfc9fd49c3ff.mpf_cache
2025-02-26 16:43:12,327 : INFO : ConfigProcessor : Loading config from cache: /var/folders/np/pd6clpgx1xs_0sdwz71m1gyh0000gn/T/1a4610a235e3724f4c88b7b6a3726c72.mpf_cache
2025-02-26 16:43:12,328 : INFO : ConfigProcessor : Loading config from cache: /var/folders/np/pd6clpgx1xs_0sdwz71m1gyh0000gn/T/9ede27cf5d2808a997283e6386622428.mpf_cache
2025-02-26 16:43:12,328 : INFO : ConfigProcessor : Loading config from cache: /var/folders/np/pd6clpgx1xs_0sdwz71m1gyh0000gn/T/1a4610a235e3724f4c88b7b6a3726c72.mpf_cache
2025-02-26 16:43:12,328 : INFO : ConfigProcessor : Loading config from cache: /var/folders/np/pd6clpgx1xs_0sdwz71m1gyh0000gn/T/911d1b37f4ad2186d44e0f02a423c49c.mpf_cache
2025-02-26 16:43:12,328 : INFO : Machine : Mission Pinball Framework Core Engine v0.80.0.dev6
2025-02-26 16:43:12,329 : INFO : Machine : Command line arguments: {'no_load_cache': False, 'create_config_cache': True, 'bcp': True, 'configfile': ['config.yaml'], 'force_assets_load': False, 'platform_integration_test': False, 'jsonlogging': False, 'logfile': 'logs/2025-02-26-16-43-12-mpf-Mac.log', 'pause': False, 'production': False, 'text_ui': True, 'loglevel': 15, 'consoleloglevel': 20, 'force_platform': 'smart_virtual', 'syslog_address': None, 'full_logfile_path': '/Users/andre/Napoleon/logs/2025-02-26-16-43-12-mpf-Mac.log'}
2025-02-26 16:43:12,329 : INFO : Machine : MPF path: /Users/andre/mpf/lib/python3.11/site-packages/mpf
2025-02-26 16:43:12,329 : INFO : Machine : Machine path: /Users/andre/Napoleon
2025-02-26 16:43:12,329 : INFO : Machine : Platform: darwin
2025-02-26 16:43:12,329 : INFO : Machine : Python executable location: /Users/andre/mpf/bin/python3.11
2025-02-26 16:43:12,329 : INFO : Machine : Python version: 3.11.8 (64-bit)
2025-02-26 16:43:12,329 : INFO : Machine : Initializing MPF...
2025-02-26 16:43:12,453 : INFO : EventManager : Event: ======'machine_var_credits_string'====== Args={'value': 'FREE PLAY', 'prev_value': None, 'change': True}
2025-02-26 16:43:12,458 : INFO : EventManager : Event: ======'machine_var_master_volume'====== Args={'value': 0.5, 'prev_value': None, 'change': True}
2025-02-26 16:43:12,458 : INFO : EventManager : Event: ======'machine_var_mpf_version'====== Args={'value': 'Mission Pinball Framework v0.80.0.dev6', 'prev_value': None, 'change': True}
2025-02-26 16:43:12,458 : INFO : EventManager : Event: ======'machine_var_mpf_extended_version'====== Args={'value': 'Mission Pinball Framework v0.80.0.dev6, Config version:6, Show version: 6, BCP version:1.1', 'prev_value': None, 'change': True}
2025-02-26 16:43:12,458 : INFO : EventManager : Event: ======'machine_var_python_version'====== Args={'value': '3.11.8', 'prev_value': None, 'change': True}
2025-02-26 16:43:12,467 : INFO : EventManager : Event: ======'machine_var_platform'====== Args={'value': 'macOS-15.3.1-arm64-arm-64bit', 'prev_value': None, 'change': True}
2025-02-26 16:43:12,467 : INFO : EventManager : Event: ======'machine_var_platform_system'====== Args={'value': 'Darwin', 'prev_value': None, 'change': True}
2025-02-26 16:43:12,467 : INFO : EventManager : Event: ======'machine_var_platform_release'====== Args={'value': '24.3.0', 'prev_value': None, 'change': True}
2025-02-26 16:43:12,467 : INFO : EventManager : Event: ======'machine_var_platform_version'====== Args={'value': 'Darwin Kernel Version 24.3.0: Thu Jan  2 20:24:23 PST 2025; root:xnu-11215.81.4~3/RELEASE_ARM64_T6020', 'prev_value': None, 'change': True}
2025-02-26 16:43:12,467 : INFO : EventManager : Event: ======'machine_var_platform_machine'====== Args={'value': 'arm64', 'prev_value': None, 'change': True}
2025-02-26 16:43:12,467 : INFO : EventManager : Event: ======'machine_var_log_file_path'====== Args={'value': '/Users/andre/Napoleon/logs/2025-02-26-16-43-12-mpf-Mac.log', 'prev_value': None, 'change': True}
2025-02-26 16:43:12,467 : INFO : EventManager : Event: ======'init_phase_1'====== Args={}
2025-02-26 16:43:12,474 : INFO : EventManager : Event: ======'init_phase_2'====== Args={}
2025-02-26 16:43:12,474 : INFO : SwitchController : Found active switch: ('3208-0', <Platform.SmartVirtual>) <switch.s_plunger_lane>
2025-02-26 16:43:12,474 : INFO : SwitchController : Found active switch: (1000, <Platform.SmartVirtual>) <switch.s_trough_1>
2025-02-26 16:43:12,474 : INFO : SwitchController : Found active switch: (1001, <Platform.SmartVirtual>) <switch.s_trough_2>
2025-02-26 16:43:12,474 : INFO : SwitchController : Found active switch: (1002, <Platform.SmartVirtual>) <switch.s_trough_3>
2025-02-26 16:43:12,474 : INFO : SwitchController : Found active switch: (1003, <Platform.SmartVirtual>) <switch.s_trough_4>
2025-02-26 16:43:12,474 : INFO : SwitchController : Found active switch: (1004, <Platform.SmartVirtual>) <switch.s_trough_5>
2025-02-26 16:43:12,474 : INFO : SwitchController : Found active switch: (1005, <Platform.SmartVirtual>) <switch.s_trough_6>
2025-02-26 16:43:12,474 : INFO : SwitchController : Found active switch: (1006, <Platform.SmartVirtual>) <switch.s_trough_jam>
2025-02-26 16:43:12,475 : INFO : EventManager : Event: ======'bcp_connection_attempt'====== Args={'name': 'local_display', 'host': 'localhost', 'port': 5050}
2025-02-26 16:43:12,476 : INFO : BCPClientSocket : Connecting BCP to 'local_display' at localhost:5050...
2025-02-26 16:43:13,309 : INFO : BCPClientSocket : Connected BCP to 'local_display' localhost:5050
2025-02-26 16:43:13,309 : INFO : EventManager : Event: ======'bcp_clients_connected'====== Args={}
2025-02-26 16:43:13,310 : INFO : ball_device.bd_plunger : BCH: Initial count: 1
2025-02-26 16:43:13,310 : INFO : ball_device.bd_plunger : State: idle
2025-02-26 16:43:13,310 : INFO : ball_device.bd_trough : BCH: Initial count: 7
2025-02-26 16:43:13,310 : INFO : ball_device.bd_trough : State: idle
2025-02-26 16:43:13,313 : INFO : EventManager : Event: ======'init_phase_3'====== Args={}
2025-02-26 16:43:13,314 : INFO : EventManager : Event: ======'init_phase_4'====== Args={}
2025-02-26 16:43:13,314 : INFO : BallController : Initial balls found: 8
2025-02-26 16:43:13,314 : INFO : EventManager : Event: ======'machine_var_audits_switches_s_trough_3'====== Args={'value': 0, 'prev_value': None, 'change': True}
2025-02-26 16:43:13,314 : INFO : EventManager : Event: ======'machine_var_audits_switches_s_trough_5'====== Args={'value': 0, 'prev_value': None, 'change': True}
2025-02-26 16:43:13,314 : INFO : EventManager : Event: ======'machine_var_audits_switches_s_sling_right'====== Args={'value': 0, 'prev_value': None, 'change': True}
2025-02-26 16:43:13,314 : INFO : EventManager : Event: ======'machine_var_audits_switches_s_trough_jam'====== Args={'value': 0, 'prev_value': None, 'change': True}
2025-02-26 16:43:13,314 : INFO : EventManager : Event: ======'machine_var_audits_switches_s_inlane_1_right'====== Args={'value': 0, 'prev_value': None, 'change': True}
2025-02-26 16:43:13,314 : INFO : EventManager : Event: ======'machine_var_audits_switches_s_outlane_right'====== Args={'value': 0, 'prev_value': None, 'change': True}
2025-02-26 16:43:13,314 : INFO : EventManager : Event: ======'machine_var_audits_switches_s_outlane_left'====== Args={'value': 0, 'prev_value': None, 'change': True}
2025-02-26 16:43:13,314 : INFO : EventManager : Event: ======'machine_var_audits_switches_s_trough_6'====== Args={'value': 0, 'prev_value': None, 'change': True}
2025-02-26 16:43:13,315 : INFO : EventManager : Event: ======'machine_var_audits_switches_s_trough_1'====== Args={'value': 0, 'prev_value': None, 'change': True}
2025-02-26 16:43:13,315 : INFO : EventManager : Event: ======'machine_var_audits_switches_s_start_button'====== Args={'value': 0, 'prev_value': None, 'change': True}
2025-02-26 16:43:13,315 : INFO : EventManager : Event: ======'machine_var_audits_switches_s_inlane_left'====== Args={'value': 0, 'prev_value': None, 'change': True}
2025-02-26 16:43:13,315 : INFO : EventManager : Event: ======'machine_var_audits_switches_s_inlane_2_right'====== Args={'value': 0, 'prev_value': None, 'change': True}
2025-02-26 16:43:13,315 : INFO : EventManager : Event: ======'machine_var_audits_switches_s_plunger_lane'====== Args={'value': 0, 'prev_value': None, 'change': True}
2025-02-26 16:43:13,315 : INFO : EventManager : Event: ======'machine_var_audits_switches_s_trough_4'====== Args={'value': 0, 'prev_value': None, 'change': True}
2025-02-26 16:43:13,315 : INFO : EventManager : Event: ======'machine_var_audits_switches_s_flipper_left'====== Args={'value': 0, 'prev_value': None, 'change': True}
2025-02-26 16:43:13,315 : INFO : EventManager : Event: ======'machine_var_audits_switches_s_flipper_right_eos'====== Args={'value': 0, 'prev_value': None, 'change': True}
2025-02-26 16:43:13,315 : INFO : EventManager : Event: ======'machine_var_audits_switches_s_launch_button'====== Args={'value': 0, 'prev_value': None, 'change': True}
2025-02-26 16:43:13,315 : INFO : EventManager : Event: ======'machine_var_audits_switches_s_trough_2'====== Args={'value': 0, 'prev_value': None, 'change': True}
2025-02-26 16:43:13,315 : INFO : EventManager : Event: ======'machine_var_audits_switches_s_flipper_left_eos'====== Args={'value': 0, 'prev_value': None, 'change': True}
2025-02-26 16:43:13,315 : INFO : EventManager : Event: ======'machine_var_audits_switches_s_flipper_right'====== Args={'value': 0, 'prev_value': None, 'change': True}
2025-02-26 16:43:13,315 : INFO : EventManager : Event: ======'machine_var_audits_switches_s_sling_left'====== Args={'value': 0, 'prev_value': None, 'change': True}
2025-02-26 16:43:13,315 : INFO : EventManager : Event: ======'machine_var_audits_events_game_started'====== Args={'value': 0, 'prev_value': None, 'change': True}
2025-02-26 16:43:13,315 : INFO : EventManager : Event: ======'machine_var_audits_events_game_ended'====== Args={'value': 0, 'prev_value': None, 'change': True}
2025-02-26 16:43:13,315 : INFO : EventManager : Event: ======'machine_var_audits_player_score'====== Args={'value': {'top': [], 'average': 0, 'total': 0}, 'prev_value': None, 'change': True}
2025-02-26 16:43:13,315 : INFO : EventManager : Event: ======'init_phase_5'====== Args={}
2025-02-26 16:43:13,315 : INFO : ball_device.bd_trough : BCH: Count is unstable. Trying to reorder balls.
2025-02-26 16:43:13,315 : WARNING : ball_device.bd_trough : Cannot reorder device because eject_coil_reorder_pulse is not configured
2025-02-26 16:43:13,315 : INFO : ball_device.bd_trough : BCH: Repulse done. Waiting for balls to settle.
2025-02-26 16:43:13,315 : INFO : ball_device.bd_trough : BCH: Reordered count: 7
2025-02-26 16:43:13,315 : INFO : EventManager : Event: ======'init_done'====== Args={}
2025-02-26 16:43:13,315 : INFO : EventManager : Event: ======'machine_reset_phase_1'====== Args={}
2025-02-26 16:43:13,322 : INFO : EventManager : Event: ======'machine_reset_phase_2'====== Args={}
2025-02-26 16:43:13,322 : INFO : EventManager : Event: ======'machine_reset_phase_3'====== Args={}
2025-02-26 16:43:13,323 : INFO : EventManager : Event: ======'reset_complete'====== Args={}
2025-02-26 16:43:13,323 : INFO : EventManager : Event: ======'mode_attract_will_start'====== Args={}
2025-02-26 16:43:13,323 : INFO : Timer.attract_carousel_timer : Starting Timer.
2025-02-26 16:43:13,323 : INFO : EventManager : Event: ======'timer_attract_carousel_timer_started'====== Args={'ticks': 0, 'ticks_remaining': 1}
2025-02-26 16:43:13,323 : INFO : EventManager : Event: ======'timer_attract_carousel_timer_tick'====== Args={'ticks': 0, 'ticks_remaining': 1}
2025-02-26 16:43:13,323 : INFO : EventManager : Event: ======'mode_attract_starting'====== Args={}
2025-02-26 16:43:13,323 : INFO : Mode.attract : Started. Priority: 10
2025-02-26 16:43:13,323 : INFO : EventManager : Event: ======'modes_active_modes_changed'====== Args={}
2025-02-26 16:43:13,323 : INFO : EventManager : Event: ======'mode_attract_started'====== Args={}
2025-02-26 16:43:13,323 : INFO : EventManager : Event: ======'collecting_balls'====== Args={}
2025-02-26 16:43:13,323 : INFO : ball_device.bd_plunger : Adding 1 ball(s) to the eject_queue with target <playfield.playfield>.
2025-02-26 16:43:13,323 : INFO : EventManager : Event: ======'balldevice_balls_available'====== Args={}
2025-02-26 16:43:13,324 : INFO : EventManager : Event: ======'item_highlighted'====== Args={'carousel': 'attract', 'direction': None, 'item': 'title'}
2025-02-26 16:43:13,324 : INFO : EventManager : Event: ======'timer_attract_carousel_timer_tick'====== Args={'ticks': 0, 'ticks_remaining': 1}
2025-02-26 16:43:13,324 : INFO : Machine : Starting the main run loop with active modes: [<Mode.attract>]
2025-02-26 16:43:13,324 : INFO : ball_device.bd_plunger : State: waiting_for_target_ready
2025-02-26 16:43:13,324 : INFO : EventManager : Event: ======'balldevice_bd_plunger_ball_eject_attempt'====== Args={'balls': 1, 'target': <playfield.playfield>, 'source': <ball_device.bd_plunger>, 'mechanical_eject': False, 'num_attempts': 0}
2025-02-26 16:43:13,324 : INFO : ball_device.bd_plunger : State: ejecting
2025-02-26 16:43:13,324 : INFO : ball_device.bd_plunger : Ejecting ball to <playfield.playfield>
2025-02-26 16:43:13,324 : INFO : EventManager : Event: ======'balldevice_bd_plunger_ejecting_ball'====== Args={'balls': 1, 'target': <playfield.playfield>, 'source': <ball_device.bd_plunger>, 'mechanical_eject': False, 'num_attempts': 0}
2025-02-26 16:43:13,324 : INFO : ball_device.bd_plunger : Wait for ball to leave device
2025-02-26 16:43:13,324 : INFO : coil.c_plunger : Pulsing Driver for 10ms (1.0 pulse_power)
2025-02-26 16:43:13,324 : INFO : SwitchController : <<<<<<< 's_plunger_lane' inactive >>>>>>>
2025-02-26 16:43:13,325 : INFO : ball_device.bd_plunger : State: ball_left
2025-02-26 16:43:13,325 : INFO : ball_device.bd_plunger : Ball left
2025-02-26 16:43:13,325 : INFO : ball_device.bd_plunger : Wait for confirm with timeout 5.0
2025-02-26 16:43:13,366 : INFO : EventManager : Event: ======'slide_attract_created'====== Args={'_from_bcp': True}
2025-02-26 16:43:13,366 : INFO : EventManager : Event: ======'slide__removed'====== Args={'_from_bcp': True}
2025-02-26 16:43:13,366 : INFO : EventManager : Event: ======'slide_attract_active'====== Args={'original_context': 'attract', 'original_calling_context': 'mode_attract_started', 'priority': 10.0, 'cmd': 'slides_play', '_from_bcp': True}
2025-02-26 16:43:18,324 : INFO : Timer.attract_carousel_timer : Timer Complete
2025-02-26 16:43:18,324 : INFO : Timer.attract_carousel_timer : Stopping Timer
2025-02-26 16:43:18,324 : INFO : EventManager : Event: ======'timer_attract_carousel_timer_stopped'====== Args={'ticks': 1, 'ticks_remaining': 1}
2025-02-26 16:43:18,325 : INFO : EventManager : Event: ======'timer_attract_carousel_timer_complete'====== Args={'ticks': 1, 'ticks_remaining': 1}
2025-02-26 16:43:18,325 : INFO : EventManager : Event: ======'item_highlighted'====== Args={'carousel': 'attract', 'direction': 'forwards', 'item': 'credits'}
2025-02-26 16:43:18,325 : INFO : Timer.attract_carousel_timer : Starting Timer.
2025-02-26 16:43:18,326 : INFO : EventManager : Event: ======'timer_attract_carousel_timer_started'====== Args={'ticks': 0, 'ticks_remaining': 1}
2025-02-26 16:43:18,326 : INFO : EventManager : Event: ======'timer_attract_carousel_timer_tick'====== Args={'ticks': 0, 'ticks_remaining': 1}
2025-02-26 16:43:18,326 : INFO : ball_device.bd_plunger : State: failed_confirm
2025-02-26 16:43:18,326 : INFO : ball_device.bd_plunger : Got timeout (5.0s) before confirm from <playfield.playfield>
2025-02-26 16:43:18,428 : INFO : ball_device.bd_plunger : Confirming eject because target is playfield and ball did not return.
2025-02-26 16:43:18,428 : INFO : ball_device.bd_plunger : Eject successful
2025-02-26 16:43:18,428 : INFO : EventManager : Event: ======'balldevice_bd_plunger_ball_eject_success'====== Args={'balls': 1, 'target': <playfield.playfield>}
2025-02-26 16:43:18,429 : INFO : EventManager : Event: ======'balldevice_playfield_ball_enter'====== Args={'new_balls': 1, 'unclaimed_balls': 1, 'device': <playfield.playfield>}
2025-02-26 16:43:18,429 : INFO : EventManager : Event: ======'playfield_ball_count_change'====== Args={'balls': 1, 'change': 1}
2025-02-26 16:43:18,430 : INFO : EventManager : Event: ======'balldevice_bd_plunger_ball_count_changed'====== Args={'balls': 0}
2025-02-26 16:43:18,430 : INFO : ball_device.bd_plunger : State: idle
2025-02-26 16:43:23,327 : INFO : Timer.attract_carousel_timer : Timer Complete
2025-02-26 16:43:23,327 : INFO : Timer.attract_carousel_timer : Stopping Timer
2025-02-26 16:43:23,327 : INFO : EventManager : Event: ======'timer_attract_carousel_timer_stopped'====== Args={'ticks': 1, 'ticks_remaining': 1}
2025-02-26 16:43:23,327 : INFO : EventManager : Event: ======'timer_attract_carousel_timer_complete'====== Args={'ticks': 1, 'ticks_remaining': 1}
2025-02-26 16:43:23,328 : INFO : EventManager : Event: ======'item_highlighted'====== Args={'carousel': 'attract', 'direction': 'forwards', 'item': 'mpf_logo'}
2025-02-26 16:43:23,328 : INFO : Timer.attract_carousel_timer : Starting Timer.
2025-02-26 16:43:23,328 : INFO : EventManager : Event: ======'timer_attract_carousel_timer_started'====== Args={'ticks': 0, 'ticks_remaining': 1}
2025-02-26 16:43:23,328 : INFO : EventManager : Event: ======'timer_attract_carousel_timer_tick'====== Args={'ticks': 0, 'ticks_remaining': 1}
2025-02-26 16:43:28,329 : INFO : Timer.attract_carousel_timer : Timer Complete
2025-02-26 16:43:28,330 : INFO : Timer.attract_carousel_timer : Stopping Timer
2025-02-26 16:43:28,330 : INFO : EventManager : Event: ======'timer_attract_carousel_timer_stopped'====== Args={'ticks': 1, 'ticks_remaining': 1}
2025-02-26 16:43:28,330 : INFO : EventManager : Event: ======'timer_attract_carousel_timer_complete'====== Args={'ticks': 1, 'ticks_remaining': 1}
2025-02-26 16:43:28,330 : INFO : EventManager : Event: ======'item_highlighted'====== Args={'carousel': 'attract', 'direction': 'forwards', 'item': 'title'}
2025-02-26 16:43:28,331 : INFO : Timer.attract_carousel_timer : Starting Timer.
2025-02-26 16:43:28,331 : INFO : EventManager : Event: ======'timer_attract_carousel_timer_started'====== Args={'ticks': 0, 'ticks_remaining': 1}
2025-02-26 16:43:28,331 : INFO : EventManager : Event: ======'timer_attract_carousel_timer_tick'====== Args={'ticks': 0, 'ticks_remaining': 1}
2025-02-26 16:43:33,332 : INFO : Timer.attract_carousel_timer : Timer Complete
2025-02-26 16:43:33,333 : INFO : Timer.attract_carousel_timer : Stopping Timer
2025-02-26 16:43:33,333 : INFO : EventManager : Event: ======'timer_attract_carousel_timer_stopped'====== Args={'ticks': 1, 'ticks_remaining': 1}
2025-02-26 16:43:33,333 : INFO : EventManager : Event: ======'timer_attract_carousel_timer_complete'====== Args={'ticks': 1, 'ticks_remaining': 1}
2025-02-26 16:43:33,334 : INFO : EventManager : Event: ======'item_highlighted'====== Args={'carousel': 'attract', 'direction': 'forwards', 'item': 'credits'}
2025-02-26 16:43:33,334 : INFO : Timer.attract_carousel_timer : Starting Timer.
2025-02-26 16:43:33,338 : INFO : EventManager : Event: ======'timer_attract_carousel_timer_started'====== Args={'ticks': 0, 'ticks_remaining': 1}
2025-02-26 16:43:33,338 : INFO : EventManager : Event: ======'timer_attract_carousel_timer_tick'====== Args={'ticks': 0, 'ticks_remaining': 1}
2025-02-26 16:43:38,339 : INFO : Timer.attract_carousel_timer : Timer Complete
2025-02-26 16:43:38,339 : INFO : Timer.attract_carousel_timer : Stopping Timer
2025-02-26 16:43:38,339 : INFO : EventManager : Event: ======'timer_attract_carousel_timer_stopped'====== Args={'ticks': 1, 'ticks_remaining': 1}
2025-02-26 16:43:38,339 : INFO : EventManager : Event: ======'timer_attract_carousel_timer_complete'====== Args={'ticks': 1, 'ticks_remaining': 1}
2025-02-26 16:43:38,339 : INFO : EventManager : Event: ======'item_highlighted'====== Args={'carousel': 'attract', 'direction': 'forwards', 'item': 'mpf_logo'}
2025-02-26 16:43:38,340 : INFO : Timer.attract_carousel_timer : Starting Timer.
2025-02-26 16:43:38,340 : INFO : EventManager : Event: ======'timer_attract_carousel_timer_started'====== Args={'ticks': 0, 'ticks_remaining': 1}
2025-02-26 16:43:38,340 : INFO : EventManager : Event: ======'timer_attract_carousel_timer_tick'====== Args={'ticks': 0, 'ticks_remaining': 1}
2025-02-26 16:43:43,341 : INFO : Timer.attract_carousel_timer : Timer Complete
2025-02-26 16:43:43,342 : INFO : Timer.attract_carousel_timer : Stopping Timer
2025-02-26 16:43:43,342 : INFO : EventManager : Event: ======'timer_attract_carousel_timer_stopped'====== Args={'ticks': 1, 'ticks_remaining': 1}
2025-02-26 16:43:43,342 : INFO : EventManager : Event: ======'timer_attract_carousel_timer_complete'====== Args={'ticks': 1, 'ticks_remaining': 1}
2025-02-26 16:43:43,342 : INFO : EventManager : Event: ======'item_highlighted'====== Args={'carousel': 'attract', 'direction': 'forwards', 'item': 'title'}
2025-02-26 16:43:43,343 : INFO : Timer.attract_carousel_timer : Starting Timer.
2025-02-26 16:43:43,343 : INFO : EventManager : Event: ======'timer_attract_carousel_timer_started'====== Args={'ticks': 0, 'ticks_remaining': 1}
2025-02-26 16:43:43,343 : INFO : EventManager : Event: ======'timer_attract_carousel_timer_tick'====== Args={'ticks': 0, 'ticks_remaining': 1}
2025-02-26 16:43:43,871 : INFO : Machine : Shutting down...
2025-02-26 16:43:43,871 : INFO : EventManager : Event: ======'shutdown'====== Args={}
2025-02-26 16:43:43,873 : INFO : root : MPF run loop ended.
