2025-02-22 08:21:59,098 : INFO : root : Loading config.
2025-02-22 08:21:59,100 : INFO : YamlMultifileConfigLoader : Machine config file #1: config.yaml
2025-02-22 08:21:59,100 : INFO : ConfigProcessor : Loading config from cache: /var/folders/np/pd6clpgx1xs_0sdwz71m1gyh0000gn/T/0e92bbbc1117f2a7fed5bfc9fd49c3ff.mpf_cache
2025-02-22 08:21:59,114 : INFO : ConfigProcessor : Loading config from cache: /var/folders/np/pd6clpgx1xs_0sdwz71m1gyh0000gn/T/1a4610a235e3724f4c88b7b6a3726c72.mpf_cache
2025-02-22 08:21:59,115 : INFO : ConfigProcessor : Loading config from cache: /var/folders/np/pd6clpgx1xs_0sdwz71m1gyh0000gn/T/9ede27cf5d2808a997283e6386622428.mpf_cache
2025-02-22 08:21:59,115 : INFO : ConfigProcessor : Loading config from cache: /var/folders/np/pd6clpgx1xs_0sdwz71m1gyh0000gn/T/1a4610a235e3724f4c88b7b6a3726c72.mpf_cache
2025-02-22 08:21:59,115 : INFO : ConfigProcessor : Loading config from cache: /var/folders/np/pd6clpgx1xs_0sdwz71m1gyh0000gn/T/911d1b37f4ad2186d44e0f02a423c49c.mpf_cache
2025-02-22 08:21:59,115 : INFO : Machine : Mission Pinball Framework Core Engine v0.80.0.dev6
2025-02-22 08:21:59,115 : INFO : Machine : Command line arguments: {'no_load_cache': False, 'create_config_cache': True, 'bcp': True, 'configfile': ['config.yaml'], 'force_assets_load': False, 'platform_integration_test': False, 'jsonlogging': False, 'logfile': 'logs/2025-02-22-08-21-59-mpf-Mac.log', 'pause': False, 'production': False, 'text_ui': False, 'loglevel': 15, 'consoleloglevel': 20, 'force_platform': 'virtual', 'syslog_address': None, 'full_logfile_path': '/Users/andre/Napoleon/logs/2025-02-22-08-21-59-mpf-Mac.log'}
2025-02-22 08:21:59,115 : INFO : Machine : MPF path: /Users/andre/mpf/lib/python3.11/site-packages/mpf
2025-02-22 08:21:59,115 : INFO : Machine : Machine path: /Users/andre/Napoleon
2025-02-22 08:21:59,115 : INFO : Machine : Platform: darwin
2025-02-22 08:21:59,115 : INFO : Machine : Python executable location: /Users/andre/mpf/bin/python3.11
2025-02-22 08:21:59,115 : INFO : Machine : Python version: 3.11.8 (64-bit)
2025-02-22 08:21:59,116 : INFO : Machine : Initializing MPF...
2025-02-22 08:21:59,128 : INFO : EventManager : Event: ======'machine_var_credits_string'====== Args={'value': 'FREE PLAY', 'prev_value': None, 'change': True}
2025-02-22 08:21:59,131 : INFO : EventManager : Event: ======'machine_var_master_volume'====== Args={'value': 0.5, 'prev_value': None, 'change': True}
2025-02-22 08:21:59,131 : INFO : EventManager : Event: ======'machine_var_mpf_version'====== Args={'value': 'Mission Pinball Framework v0.80.0.dev6', 'prev_value': None, 'change': True}
2025-02-22 08:21:59,131 : INFO : EventManager : Event: ======'machine_var_mpf_extended_version'====== Args={'value': 'Mission Pinball Framework v0.80.0.dev6, Config version:6, Show version: 6, BCP version:1.1', 'prev_value': None, 'change': True}
2025-02-22 08:21:59,131 : INFO : EventManager : Event: ======'machine_var_python_version'====== Args={'value': '3.11.8', 'prev_value': None, 'change': True}
2025-02-22 08:21:59,137 : INFO : EventManager : Event: ======'machine_var_platform'====== Args={'value': 'macOS-15.3.1-arm64-arm-64bit', 'prev_value': None, 'change': True}
2025-02-22 08:21:59,137 : INFO : EventManager : Event: ======'machine_var_platform_system'====== Args={'value': 'Darwin', 'prev_value': None, 'change': True}
2025-02-22 08:21:59,137 : INFO : EventManager : Event: ======'machine_var_platform_release'====== Args={'value': '24.3.0', 'prev_value': None, 'change': True}
2025-02-22 08:21:59,137 : INFO : EventManager : Event: ======'machine_var_platform_version'====== Args={'value': 'Darwin Kernel Version 24.3.0: Thu Jan  2 20:24:23 PST 2025; root:xnu-11215.81.4~3/RELEASE_ARM64_T6020', 'prev_value': None, 'change': True}
2025-02-22 08:21:59,137 : INFO : EventManager : Event: ======'machine_var_platform_machine'====== Args={'value': 'arm64', 'prev_value': None, 'change': True}
2025-02-22 08:21:59,137 : INFO : EventManager : Event: ======'machine_var_log_file_path'====== Args={'value': '/Users/andre/Napoleon/logs/2025-02-22-08-21-59-mpf-Mac.log', 'prev_value': None, 'change': True}
2025-02-22 08:21:59,137 : INFO : EventManager : Event: ======'init_phase_1'====== Args={}
2025-02-22 08:21:59,142 : INFO : EventManager : Event: ======'init_phase_2'====== Args={}
2025-02-22 08:21:59,143 : INFO : EventManager : Event: ======'bcp_connection_attempt'====== Args={'name': 'local_display', 'host': 'localhost', 'port': 5050}
2025-02-22 08:21:59,143 : INFO : BCPClientSocket : Connecting BCP to 'local_display' at localhost:5050...
2025-02-22 08:21:59,147 : INFO : BCPClientSocket : Connected BCP to 'local_display' localhost:5050
2025-02-22 08:21:59,147 : INFO : EventManager : Event: ======'bcp_clients_connected'====== Args={}
2025-02-22 08:21:59,148 : INFO : ball_device.bd_plunger : BCH: Initial count: 0
2025-02-22 08:21:59,148 : INFO : ball_device.bd_plunger : State: idle
2025-02-22 08:21:59,149 : INFO : EventManager : Event: ======'init_phase_3'====== Args={}
2025-02-22 08:21:59,150 : INFO : EventManager : Event: ======'init_phase_4'====== Args={}
2025-02-22 08:21:59,150 : INFO : BallController : Initial balls found: 0
2025-02-22 08:21:59,150 : INFO : EventManager : Event: ======'machine_var_audits_switches_s_flipper_left_eos'====== Args={'value': 0, 'prev_value': None, 'change': True}
2025-02-22 08:21:59,150 : INFO : EventManager : Event: ======'machine_var_audits_switches_s_inlane_1_right'====== Args={'value': 0, 'prev_value': None, 'change': True}
2025-02-22 08:21:59,150 : INFO : EventManager : Event: ======'machine_var_audits_switches_s_inlane_2_right'====== Args={'value': 0, 'prev_value': None, 'change': True}
2025-02-22 08:21:59,150 : INFO : EventManager : Event: ======'machine_var_audits_switches_s_sling_right'====== Args={'value': 0, 'prev_value': None, 'change': True}
2025-02-22 08:21:59,150 : INFO : EventManager : Event: ======'machine_var_audits_switches_s_flipper_right'====== Args={'value': 0, 'prev_value': None, 'change': True}
2025-02-22 08:21:59,150 : INFO : EventManager : Event: ======'machine_var_audits_switches_s_outlane_right'====== Args={'value': 0, 'prev_value': None, 'change': True}
2025-02-22 08:21:59,150 : INFO : EventManager : Event: ======'machine_var_audits_switches_s_outlane_left'====== Args={'value': 0, 'prev_value': None, 'change': True}
2025-02-22 08:21:59,150 : INFO : EventManager : Event: ======'machine_var_audits_switches_s_flipper_left'====== Args={'value': 0, 'prev_value': None, 'change': True}
2025-02-22 08:21:59,151 : INFO : EventManager : Event: ======'machine_var_audits_switches_s_flipper_right_eos'====== Args={'value': 0, 'prev_value': None, 'change': True}
2025-02-22 08:21:59,151 : INFO : EventManager : Event: ======'machine_var_audits_switches_s_inlane_left'====== Args={'value': 0, 'prev_value': None, 'change': True}
2025-02-22 08:21:59,151 : INFO : EventManager : Event: ======'machine_var_audits_switches_s_launch_button'====== Args={'value': 0, 'prev_value': None, 'change': True}
2025-02-22 08:21:59,151 : INFO : EventManager : Event: ======'machine_var_audits_switches_s_sling_left'====== Args={'value': 0, 'prev_value': None, 'change': True}
2025-02-22 08:21:59,151 : INFO : EventManager : Event: ======'machine_var_audits_switches_s_start_button'====== Args={'value': 0, 'prev_value': None, 'change': True}
2025-02-22 08:21:59,151 : INFO : EventManager : Event: ======'machine_var_audits_switches_s_plunger_lane'====== Args={'value': 0, 'prev_value': None, 'change': True}
2025-02-22 08:21:59,151 : INFO : EventManager : Event: ======'machine_var_audits_events_game_started'====== Args={'value': 0, 'prev_value': None, 'change': True}
2025-02-22 08:21:59,151 : INFO : EventManager : Event: ======'machine_var_audits_events_game_ended'====== Args={'value': 0, 'prev_value': None, 'change': True}
2025-02-22 08:21:59,151 : INFO : EventManager : Event: ======'machine_var_audits_player_score'====== Args={'value': {'top': [], 'average': 0, 'total': 0}, 'prev_value': None, 'change': True}
2025-02-22 08:21:59,151 : INFO : EventManager : Event: ======'init_phase_5'====== Args={}
2025-02-22 08:21:59,151 : INFO : EventManager : Event: ======'init_done'====== Args={}
2025-02-22 08:21:59,151 : INFO : EventManager : Event: ======'machine_reset_phase_1'====== Args={}
2025-02-22 08:21:59,160 : INFO : EventManager : Event: ======'machine_reset_phase_2'====== Args={}
2025-02-22 08:21:59,160 : INFO : EventManager : Event: ======'machine_reset_phase_3'====== Args={}
2025-02-22 08:21:59,161 : INFO : EventManager : Event: ======'reset_complete'====== Args={}
2025-02-22 08:21:59,161 : INFO : EventManager : Event: ======'mode_attract_will_start'====== Args={}
2025-02-22 08:21:59,161 : INFO : Timer.attract_carousel_timer : Starting Timer.
2025-02-22 08:21:59,161 : INFO : EventManager : Event: ======'timer_attract_carousel_timer_started'====== Args={'ticks': 0, 'ticks_remaining': 1}
2025-02-22 08:21:59,161 : INFO : EventManager : Event: ======'timer_attract_carousel_timer_tick'====== Args={'ticks': 0, 'ticks_remaining': 1}
2025-02-22 08:21:59,161 : INFO : EventManager : Event: ======'mode_attract_starting'====== Args={}
2025-02-22 08:21:59,161 : INFO : Mode.attract : Started. Priority: 10
2025-02-22 08:21:59,161 : INFO : EventManager : Event: ======'modes_active_modes_changed'====== Args={}
2025-02-22 08:21:59,161 : INFO : EventManager : Event: ======'mode_attract_started'====== Args={}
2025-02-22 08:21:59,161 : INFO : EventManager : Event: ======'collecting_balls_complete'====== Args={}
2025-02-22 08:21:59,162 : INFO : EventManager : Event: ======'item_highlighted'====== Args={'carousel': 'attract', 'direction': None, 'item': 'title'}
2025-02-22 08:21:59,162 : INFO : EventManager : Event: ======'timer_attract_carousel_timer_tick'====== Args={'ticks': 0, 'ticks_remaining': 1}
2025-02-22 08:21:59,162 : INFO : Machine : Starting the main run loop with active modes: [<Mode.attract>]
2025-02-22 08:21:59,225 : INFO : EventManager : Event: ======'slide_attract_created'====== Args={'_from_bcp': True}
2025-02-22 08:21:59,226 : INFO : EventManager : Event: ======'slide__removed'====== Args={'_from_bcp': True}
2025-02-22 08:21:59,226 : INFO : EventManager : Event: ======'slide_attract_active'====== Args={'original_context': 'attract', 'original_calling_context': 'mode_attract_started', 'priority': 10.0, 'cmd': 'slides_play', '_from_bcp': True}
2025-02-22 08:22:00,895 : INFO : SwitchController : <<<<<<< 's_flipper_right' active >>>>>>>
2025-02-22 08:22:00,895 : INFO : EventManager : Event: ======'s_flipper_right_active'====== Args={}
2025-02-22 08:22:00,896 : INFO : EventManager : Event: ======'item_highlighted'====== Args={'carousel': 'attract', 'direction': 'forwards', 'item': 'credits'}
2025-02-22 08:22:00,896 : INFO : EventManager : Event: ======'timer_attract_carousel_timer_tick'====== Args={'ticks': 0, 'ticks_remaining': 1}
2025-02-22 08:22:00,986 : INFO : SwitchController : <<<<<<< 's_flipper_right' inactive >>>>>>>
2025-02-22 08:22:01,762 : INFO : SwitchController : <<<<<<< 's_flipper_right' active >>>>>>>
2025-02-22 08:22:01,762 : INFO : EventManager : Event: ======'s_flipper_right_active'====== Args={}
2025-02-22 08:22:01,762 : INFO : EventManager : Event: ======'item_highlighted'====== Args={'carousel': 'attract', 'direction': 'forwards', 'item': 'mpf_logo'}
2025-02-22 08:22:01,763 : INFO : EventManager : Event: ======'timer_attract_carousel_timer_tick'====== Args={'ticks': 0, 'ticks_remaining': 1}
2025-02-22 08:22:01,854 : INFO : SwitchController : <<<<<<< 's_flipper_right' inactive >>>>>>>
2025-02-22 08:22:02,311 : INFO : SwitchController : <<<<<<< 's_flipper_left' active >>>>>>>
2025-02-22 08:22:02,312 : INFO : EventManager : Event: ======'s_flipper_left_active'====== Args={}
2025-02-22 08:22:02,312 : INFO : EventManager : Event: ======'item_highlighted'====== Args={'carousel': 'attract', 'direction': 'backwards', 'item': 'credits'}
2025-02-22 08:22:02,312 : INFO : EventManager : Event: ======'timer_attract_carousel_timer_tick'====== Args={'ticks': 0, 'ticks_remaining': 1}
2025-02-22 08:22:02,437 : INFO : SwitchController : <<<<<<< 's_flipper_left' inactive >>>>>>>
2025-02-22 08:22:02,629 : INFO : SwitchController : <<<<<<< 's_flipper_left' active >>>>>>>
2025-02-22 08:22:02,629 : INFO : EventManager : Event: ======'s_flipper_left_active'====== Args={}
2025-02-22 08:22:02,630 : INFO : EventManager : Event: ======'item_highlighted'====== Args={'carousel': 'attract', 'direction': 'backwards', 'item': 'title'}
2025-02-22 08:22:02,630 : INFO : EventManager : Event: ======'timer_attract_carousel_timer_tick'====== Args={'ticks': 0, 'ticks_remaining': 1}
2025-02-22 08:22:02,770 : INFO : SwitchController : <<<<<<< 's_flipper_left' inactive >>>>>>>
2025-02-22 08:22:03,012 : INFO : SwitchController : <<<<<<< 's_flipper_right' active >>>>>>>
2025-02-22 08:22:03,012 : INFO : EventManager : Event: ======'s_flipper_right_active'====== Args={}
2025-02-22 08:22:03,013 : INFO : EventManager : Event: ======'item_highlighted'====== Args={'carousel': 'attract', 'direction': 'forwards', 'item': 'credits'}
2025-02-22 08:22:03,014 : INFO : EventManager : Event: ======'timer_attract_carousel_timer_tick'====== Args={'ticks': 0, 'ticks_remaining': 1}
2025-02-22 08:22:03,119 : INFO : SwitchController : <<<<<<< 's_flipper_right' inactive >>>>>>>
2025-02-22 08:22:03,279 : INFO : SwitchController : <<<<<<< 's_flipper_right' active >>>>>>>
2025-02-22 08:22:03,279 : INFO : EventManager : Event: ======'s_flipper_right_active'====== Args={}
2025-02-22 08:22:03,279 : INFO : EventManager : Event: ======'item_highlighted'====== Args={'carousel': 'attract', 'direction': 'forwards', 'item': 'mpf_logo'}
2025-02-22 08:22:03,280 : INFO : EventManager : Event: ======'timer_attract_carousel_timer_tick'====== Args={'ticks': 0, 'ticks_remaining': 1}
2025-02-22 08:22:03,403 : INFO : SwitchController : <<<<<<< 's_flipper_right' inactive >>>>>>>
2025-02-22 08:22:05,105 : INFO : SwitchController : <<<<<<< 's_flipper_left' active >>>>>>>
2025-02-22 08:22:05,105 : INFO : EventManager : Event: ======'s_flipper_left_active'====== Args={}
2025-02-22 08:22:05,106 : INFO : EventManager : Event: ======'item_highlighted'====== Args={'carousel': 'attract', 'direction': 'backwards', 'item': 'credits'}
2025-02-22 08:22:05,106 : INFO : EventManager : Event: ======'timer_attract_carousel_timer_tick'====== Args={'ticks': 0, 'ticks_remaining': 1}
2025-02-22 08:22:05,194 : INFO : SwitchController : <<<<<<< 's_flipper_left' inactive >>>>>>>
2025-02-22 08:22:06,592 : INFO : Machine : Shutting down...
2025-02-22 08:22:06,592 : INFO : EventManager : Event: ======'shutdown'====== Args={}
2025-02-22 08:22:06,594 : INFO : root : MPF run loop ended.
