2025-04-12 19:41:20,936 : INFO : root : Loading config.
2025-04-12 19:41:20,939 : INFO : YamlMultifileConfigLoader : Machine config file #1: config.yaml
2025-04-12 19:41:20,940 : INFO : ConfigProcessor : Loading config from cache: /var/folders/40/zrmpqx_508x_r3hv1rqbplvh0000gn/T/ea93227a266bc8299bfaa31138eab4ed.mpf_cache
2025-04-12 19:41:21,001 : INFO : ConfigProcessor : Loading config from cache: /var/folders/40/zrmpqx_508x_r3hv1rqbplvh0000gn/T/c1dd0a736541bd88f4e0ab507b1822f9.mpf_cache
2025-04-12 19:41:21,002 : INFO : ConfigProcessor : Loading config from cache: /var/folders/40/zrmpqx_508x_r3hv1rqbplvh0000gn/T/bba75b4938b7bfaef1ae184809c7472c.mpf_cache
2025-04-12 19:41:21,003 : INFO : ConfigProcessor : Loading config from cache: /var/folders/40/zrmpqx_508x_r3hv1rqbplvh0000gn/T/c1dd0a736541bd88f4e0ab507b1822f9.mpf_cache
2025-04-12 19:41:21,003 : INFO : ConfigProcessor : Loading config from cache: /var/folders/40/zrmpqx_508x_r3hv1rqbplvh0000gn/T/911d1b37f4ad2186d44e0f02a423c49c.mpf_cache
2025-04-12 19:41:21,004 : INFO : Machine : Mission Pinball Framework Core Engine v0.80.0.dev7
2025-04-12 19:41:21,004 : INFO : Machine : Command line arguments: {'no_load_cache': False, 'create_config_cache': True, 'bcp': False, 'configfile': ['config.yaml'], 'force_assets_load': False, 'platform_integration_test': False, 'jsonlogging': False, 'logfile': 'logs/2025-04-12-19-41-20-mpf-Andres-Mac-mini.log', 'pause': False, 'production': False, 'text_ui': False, 'loglevel': 15, 'consoleloglevel': 20, 'force_platform': None, 'syslog_address': None, 'full_logfile_path': '/Users/andre/Napoleon/logs/2025-04-12-19-41-20-mpf-Andres-Mac-mini.log'}
2025-04-12 19:41:21,004 : INFO : Machine : MPF path: /Users/andre/mpf/lib/python3.12/site-packages/mpf
2025-04-12 19:41:21,004 : INFO : Machine : Machine path: /Users/andre/Napoleon
2025-04-12 19:41:21,004 : INFO : Machine : Platform: darwin
2025-04-12 19:41:21,004 : INFO : Machine : Python executable location: /Users/andre/mpf/bin/python3.12
2025-04-12 19:41:21,004 : INFO : Machine : Python version: 3.12.8 (64-bit)
2025-04-12 19:41:21,005 : INFO : Machine : Initializing MPF...
2025-04-12 19:41:21,066 : INFO : FAST : Auto-detecting ports for the following connections: ['net', 'exp']
2025-04-12 19:41:21,088 : INFO : FAST : Detected NET on port /dev/cu.usbmodem14301
2025-04-12 19:41:21,096 : INFO : FAST : Detected EXP on port /dev/cu.usbmodem14303
2025-04-12 19:41:21,199 : INFO : FAST [NET] : Trying to connect to /dev/cu.usbmodem14301 at 921600bps
2025-04-12 19:41:21,204 : INFO : FAST [NET] : Connected to /dev/cu.usbmodem14301 at 921600bps
2025-04-12 19:41:21,206 : INFO : FAST [NET] : Connected to FP-CPU-2000 with firmware v02.26
2025-04-12 19:41:21,208 : INFO : FAST [NET] : Registered I/O Board 0: Model: FP-I/O-3208, Firmware: 01.10, Switches: 32, Drivers: 8
2025-04-12 19:41:21,210 : INFO : FAST [EXP] : Trying to connect to /dev/cu.usbmodem14303 at 921600bps
2025-04-12 19:41:21,215 : INFO : FAST [EXP] : Connected to /dev/cu.usbmodem14303 at 921600bps
2025-04-12 19:41:21,217 : INFO : FAST [EXP] : Verifying hardware for EXP "neuron" (FP-EXP-2000, @48) with ID string "EXP FP-EXP-2000  0.34", board address 48
2025-04-12 19:41:21,218 : INFO : FAST [EXP] : Verifying hardware for EXP "neuron" (FP-EXP-2000, @48) with ID string "LED FP-BRK-0001  0.8", board address 480
2025-04-12 19:41:21,219 : INFO : FAST [EXP] : Verifying hardware for EXP "neuron" (FP-EXP-2000, @48) with ID string "PWR FP-PWR-0007  0.8", board address 481
2025-04-12 19:41:21,221 : INFO : EventManager : Event: ======'machine_var_credits_string'====== Args={'value': 'FREE PLAY', 'prev_value': None, 'change': True}
2025-04-12 19:41:21,240 : INFO : EventManager : Event: ======'machine_var_master_volume'====== Args={'value': 0.5, 'prev_value': None, 'change': True}
2025-04-12 19:41:21,240 : INFO : EventManager : Event: ======'machine_var_mpf_version'====== Args={'value': 'Mission Pinball Framework v0.80.0.dev7', 'prev_value': None, 'change': True}
2025-04-12 19:41:21,240 : INFO : EventManager : Event: ======'machine_var_mpf_extended_version'====== Args={'value': 'Mission Pinball Framework v0.80.0.dev7, Config version:6, Show version: 6, BCP version:1.1', 'prev_value': None, 'change': True}
2025-04-12 19:41:21,241 : INFO : EventManager : Event: ======'machine_var_python_version'====== Args={'value': '3.12.8', 'prev_value': None, 'change': True}
2025-04-12 19:41:21,265 : INFO : EventManager : Event: ======'machine_var_platform'====== Args={'value': 'macOS-14.7.4-x86_64-i386-64bit', 'prev_value': None, 'change': True}
2025-04-12 19:41:21,265 : INFO : EventManager : Event: ======'machine_var_platform_system'====== Args={'value': 'Darwin', 'prev_value': None, 'change': True}
2025-04-12 19:41:21,265 : INFO : EventManager : Event: ======'machine_var_platform_release'====== Args={'value': '23.6.0', 'prev_value': None, 'change': True}
2025-04-12 19:41:21,266 : INFO : EventManager : Event: ======'machine_var_platform_version'====== Args={'value': 'Darwin Kernel Version 23.6.0: Thu Dec 19 20:44:50 PST 2024; root:xnu-10063.141.1.703.2~1/RELEASE_X86_64', 'prev_value': None, 'change': True}
2025-04-12 19:41:21,266 : INFO : EventManager : Event: ======'machine_var_platform_machine'====== Args={'value': 'x86_64', 'prev_value': None, 'change': True}
2025-04-12 19:41:21,266 : INFO : EventManager : Event: ======'machine_var_log_file_path'====== Args={'value': '/Users/andre/Napoleon/logs/2025-04-12-19-41-20-mpf-Andres-Mac-mini.log', 'prev_value': None, 'change': True}
2025-04-12 19:41:21,266 : INFO : EventManager : Event: ======'init_phase_1'====== Args={}
2025-04-12 19:41:21,485 : INFO : SwitchController : <<<<<<< 's_trough_1' active >>>>>>>
2025-04-12 19:41:21,485 : INFO : SwitchController : <<<<<<< 's_trough_2' active >>>>>>>
2025-04-12 19:41:21,485 : INFO : SwitchController : <<<<<<< 's_trough_3' active >>>>>>>
2025-04-12 19:41:21,485 : INFO : SwitchController : <<<<<<< 's_trough_4' active >>>>>>>
2025-04-12 19:41:21,485 : INFO : SwitchController : <<<<<<< 's_trough_5' active >>>>>>>
2025-04-12 19:41:21,485 : INFO : SwitchController : <<<<<<< 's_trough_6' active >>>>>>>
2025-04-12 19:41:21,485 : INFO : SwitchController : <<<<<<< 's_trough_jam' active >>>>>>>
2025-04-12 19:41:21,485 : INFO : SwitchController : <<<<<<< 's_flipper_right_eos' active >>>>>>>
2025-04-12 19:41:21,485 : INFO : SwitchController : <<<<<<< 's_outlane_right' active >>>>>>>
2025-04-12 19:41:21,485 : INFO : SwitchController : <<<<<<< 's_inlane_1_right' active >>>>>>>
2025-04-12 19:41:21,485 : INFO : SwitchController : <<<<<<< 's_inlane_2_right' active >>>>>>>
2025-04-12 19:41:21,486 : INFO : SwitchController : <<<<<<< 's_flipper_left_eos' active >>>>>>>
2025-04-12 19:41:21,486 : INFO : SwitchController : <<<<<<< 's_outlane_left' active >>>>>>>
2025-04-12 19:41:21,549 : INFO : EventManager : Event: ======'init_phase_2'====== Args={}
2025-04-12 19:41:21,550 : INFO : SwitchController : Found active switch: (0, [FAST Platform Interface]) <switch.s_trough_1>
2025-04-12 19:41:21,550 : INFO : SwitchController : Found active switch: (1, [FAST Platform Interface]) <switch.s_trough_2>
2025-04-12 19:41:21,550 : INFO : SwitchController : Found active switch: (2, [FAST Platform Interface]) <switch.s_trough_3>
2025-04-12 19:41:21,550 : INFO : SwitchController : Found active switch: (3, [FAST Platform Interface]) <switch.s_trough_4>
2025-04-12 19:41:21,550 : INFO : SwitchController : Found active switch: (4, [FAST Platform Interface]) <switch.s_trough_5>
2025-04-12 19:41:21,550 : INFO : SwitchController : Found active switch: (5, [FAST Platform Interface]) <switch.s_trough_6>
2025-04-12 19:41:21,551 : INFO : SwitchController : Found active switch: (6, [FAST Platform Interface]) <switch.s_trough_jam>
2025-04-12 19:41:21,551 : INFO : SwitchController : Found active switch: (8, [FAST Platform Interface]) <switch.s_flipper_right_eos>
2025-04-12 19:41:21,551 : INFO : SwitchController : Found active switch: (10, [FAST Platform Interface]) <switch.s_outlane_right>
2025-04-12 19:41:21,551 : INFO : SwitchController : Found active switch: (11, [FAST Platform Interface]) <switch.s_inlane_1_right>
2025-04-12 19:41:21,551 : INFO : SwitchController : Found active switch: (12, [FAST Platform Interface]) <switch.s_inlane_2_right>
2025-04-12 19:41:21,551 : INFO : SwitchController : Found active switch: (13, [FAST Platform Interface]) <switch.s_flipper_left_eos>
2025-04-12 19:41:21,551 : INFO : SwitchController : Found active switch: (15, [FAST Platform Interface]) <switch.s_outlane_left>
2025-04-12 19:41:21,556 : INFO : ball_device.bd_plunger : BCH: Initial count: 0
2025-04-12 19:41:21,557 : INFO : ball_device.bd_plunger : State: idle
2025-04-12 19:41:21,987 : INFO : ball_device.bd_trough : BCH: Initial count: 7
2025-04-12 19:41:21,987 : INFO : ball_device.bd_trough : State: idle
2025-04-12 19:41:22,002 : INFO : EventManager : Event: ======'init_phase_3'====== Args={}
2025-04-12 19:41:22,004 : INFO : EventManager : Event: ======'init_phase_4'====== Args={}
2025-04-12 19:41:22,005 : INFO : BallController : Initial balls found: 7
2025-04-12 19:41:22,006 : INFO : EventManager : Event: ======'machine_var_audits_events_game_ended'====== Args={'value': 0, 'prev_value': None, 'change': True}
2025-04-12 19:41:22,006 : INFO : EventManager : Event: ======'machine_var_audits_events_game_started'====== Args={'value': 7, 'prev_value': None, 'change': True}
2025-04-12 19:41:22,006 : INFO : EventManager : Event: ======'machine_var_audits_missing_switches_s_flipper_left'====== Args={'value': 4, 'prev_value': None, 'change': True}
2025-04-12 19:41:22,006 : INFO : EventManager : Event: ======'machine_var_audits_missing_switches_s_flipper_left_eos'====== Args={'value': 7, 'prev_value': None, 'change': True}
2025-04-12 19:41:22,007 : INFO : EventManager : Event: ======'machine_var_audits_missing_switches_s_flipper_right'====== Args={'value': 4, 'prev_value': None, 'change': True}
2025-04-12 19:41:22,007 : INFO : EventManager : Event: ======'machine_var_audits_missing_switches_s_flipper_right_eos'====== Args={'value': 7, 'prev_value': None, 'change': True}
2025-04-12 19:41:22,007 : INFO : EventManager : Event: ======'machine_var_audits_missing_switches_s_inlane_1_right'====== Args={'value': 7, 'prev_value': None, 'change': True}
2025-04-12 19:41:22,007 : INFO : EventManager : Event: ======'machine_var_audits_missing_switches_s_inlane_2_right'====== Args={'value': 7, 'prev_value': None, 'change': True}
2025-04-12 19:41:22,007 : INFO : EventManager : Event: ======'machine_var_audits_missing_switches_s_inlane_left'====== Args={'value': 7, 'prev_value': None, 'change': True}
2025-04-12 19:41:22,007 : INFO : EventManager : Event: ======'machine_var_audits_missing_switches_s_launch_button'====== Args={'value': 7, 'prev_value': None, 'change': True}
2025-04-12 19:41:22,007 : INFO : EventManager : Event: ======'machine_var_audits_missing_switches_s_outlane_left'====== Args={'value': 7, 'prev_value': None, 'change': True}
2025-04-12 19:41:22,007 : INFO : EventManager : Event: ======'machine_var_audits_missing_switches_s_outlane_right'====== Args={'value': 7, 'prev_value': None, 'change': True}
2025-04-12 19:41:22,007 : INFO : EventManager : Event: ======'machine_var_audits_missing_switches_s_sling_left'====== Args={'value': 7, 'prev_value': None, 'change': True}
2025-04-12 19:41:22,007 : INFO : EventManager : Event: ======'machine_var_audits_missing_switches_s_sling_right'====== Args={'value': 7, 'prev_value': None, 'change': True}
2025-04-12 19:41:22,007 : INFO : EventManager : Event: ======'machine_var_audits_missing_switches_s_start_button'====== Args={'value': 7, 'prev_value': None, 'change': True}
2025-04-12 19:41:22,007 : INFO : EventManager : Event: ======'machine_var_audits_missing_switches_s_trough_1'====== Args={'value': 7, 'prev_value': None, 'change': True}
2025-04-12 19:41:22,007 : INFO : EventManager : Event: ======'machine_var_audits_missing_switches_s_trough_2'====== Args={'value': 7, 'prev_value': None, 'change': True}
2025-04-12 19:41:22,007 : INFO : EventManager : Event: ======'machine_var_audits_missing_switches_s_trough_3'====== Args={'value': 7, 'prev_value': None, 'change': True}
2025-04-12 19:41:22,007 : INFO : EventManager : Event: ======'machine_var_audits_missing_switches_s_trough_4'====== Args={'value': 7, 'prev_value': None, 'change': True}
2025-04-12 19:41:22,008 : INFO : EventManager : Event: ======'machine_var_audits_missing_switches_s_trough_5'====== Args={'value': 7, 'prev_value': None, 'change': True}
2025-04-12 19:41:22,008 : INFO : EventManager : Event: ======'machine_var_audits_missing_switches_s_trough_6'====== Args={'value': 7, 'prev_value': None, 'change': True}
2025-04-12 19:41:22,008 : INFO : EventManager : Event: ======'machine_var_audits_missing_switches_s_trough_jam'====== Args={'value': 7, 'prev_value': None, 'change': True}
2025-04-12 19:41:22,008 : INFO : EventManager : Event: ======'machine_var_audits_player_score'====== Args={'value': {'average': 0, 'top': [], 'total': 0}, 'prev_value': None, 'change': True}
2025-04-12 19:41:22,008 : INFO : EventManager : Event: ======'machine_var_audits_switches_s_flipper_left'====== Args={'value': 3, 'prev_value': None, 'change': True}
2025-04-12 19:41:22,008 : INFO : EventManager : Event: ======'machine_var_audits_switches_s_flipper_left_eos'====== Args={'value': 0, 'prev_value': None, 'change': True}
2025-04-12 19:41:22,008 : INFO : EventManager : Event: ======'machine_var_audits_switches_s_flipper_right'====== Args={'value': 3, 'prev_value': None, 'change': True}
2025-04-12 19:41:22,008 : INFO : EventManager : Event: ======'machine_var_audits_switches_s_flipper_right_eos'====== Args={'value': 0, 'prev_value': None, 'change': True}
2025-04-12 19:41:22,008 : INFO : EventManager : Event: ======'machine_var_audits_switches_s_inlane_1_right'====== Args={'value': 0, 'prev_value': None, 'change': True}
2025-04-12 19:41:22,008 : INFO : EventManager : Event: ======'machine_var_audits_switches_s_inlane_2_right'====== Args={'value': 0, 'prev_value': None, 'change': True}
2025-04-12 19:41:22,008 : INFO : EventManager : Event: ======'machine_var_audits_switches_s_inlane_left'====== Args={'value': 0, 'prev_value': None, 'change': True}
2025-04-12 19:41:22,008 : INFO : EventManager : Event: ======'machine_var_audits_switches_s_launch_button'====== Args={'value': 0, 'prev_value': None, 'change': True}
2025-04-12 19:41:22,008 : INFO : EventManager : Event: ======'machine_var_audits_switches_s_outlane_left'====== Args={'value': 0, 'prev_value': None, 'change': True}
2025-04-12 19:41:22,008 : INFO : EventManager : Event: ======'machine_var_audits_switches_s_outlane_right'====== Args={'value': 0, 'prev_value': None, 'change': True}
2025-04-12 19:41:22,008 : INFO : EventManager : Event: ======'machine_var_audits_switches_s_plunger_lane'====== Args={'value': 7, 'prev_value': None, 'change': True}
2025-04-12 19:41:22,008 : INFO : EventManager : Event: ======'machine_var_audits_switches_s_sling_left'====== Args={'value': 0, 'prev_value': None, 'change': True}
2025-04-12 19:41:22,009 : INFO : EventManager : Event: ======'machine_var_audits_switches_s_sling_right'====== Args={'value': 0, 'prev_value': None, 'change': True}
2025-04-12 19:41:22,009 : INFO : EventManager : Event: ======'machine_var_audits_switches_s_start_button'====== Args={'value': 0, 'prev_value': None, 'change': True}
2025-04-12 19:41:22,009 : INFO : EventManager : Event: ======'machine_var_audits_switches_s_trough_1'====== Args={'value': 0, 'prev_value': None, 'change': True}
2025-04-12 19:41:22,009 : INFO : EventManager : Event: ======'machine_var_audits_switches_s_trough_2'====== Args={'value': 0, 'prev_value': None, 'change': True}
2025-04-12 19:41:22,009 : INFO : EventManager : Event: ======'machine_var_audits_switches_s_trough_3'====== Args={'value': 0, 'prev_value': None, 'change': True}
2025-04-12 19:41:22,009 : INFO : EventManager : Event: ======'machine_var_audits_switches_s_trough_4'====== Args={'value': 0, 'prev_value': None, 'change': True}
2025-04-12 19:41:22,009 : INFO : EventManager : Event: ======'machine_var_audits_switches_s_trough_5'====== Args={'value': 0, 'prev_value': None, 'change': True}
2025-04-12 19:41:22,009 : INFO : EventManager : Event: ======'machine_var_audits_switches_s_trough_6'====== Args={'value': 0, 'prev_value': None, 'change': True}
2025-04-12 19:41:22,009 : INFO : EventManager : Event: ======'machine_var_audits_switches_s_trough_jam'====== Args={'value': 0, 'prev_value': None, 'change': True}
2025-04-12 19:41:22,010 : INFO : EventManager : Event: ======'init_phase_5'====== Args={}
2025-04-12 19:41:22,012 : INFO : ball_device.bd_trough : BCH: Count is unstable. Trying to reorder balls.
2025-04-12 19:41:22,012 : WARNING : ball_device.bd_trough : Cannot reorder device because eject_coil_reorder_pulse is not configured
2025-04-12 19:41:22,012 : INFO : ball_device.bd_trough : BCH: Repulse done. Waiting for balls to settle.
2025-04-12 19:41:22,012 : INFO : ball_device.bd_trough : BCH: Reordered count: 7
2025-04-12 19:41:22,013 : INFO : EventManager : Event: ======'init_done'====== Args={}
2025-04-12 19:41:22,013 : INFO : EventManager : Event: ======'machine_reset_phase_1'====== Args={}
2025-04-12 19:41:22,013 : INFO : EventManager : Event: ======'machine_reset_phase_2'====== Args={}
2025-04-12 19:41:22,014 : INFO : EventManager : Event: ======'machine_reset_phase_3'====== Args={}
2025-04-12 19:41:22,015 : INFO : EventManager : Event: ======'reset_complete'====== Args={}
2025-04-12 19:41:22,015 : INFO : EventManager : Event: ======'mode_attract_will_start'====== Args={}
2025-04-12 19:41:22,016 : INFO : Timer.attract_carousel_timer : Starting Timer.
2025-04-12 19:41:22,016 : INFO : EventManager : Event: ======'timer_attract_carousel_timer_started'====== Args={'ticks': 0, 'ticks_remaining': 1}
2025-04-12 19:41:22,016 : INFO : EventManager : Event: ======'timer_attract_carousel_timer_tick'====== Args={'ticks': 0, 'ticks_remaining': 1}
2025-04-12 19:41:22,017 : INFO : EventManager : Event: ======'mode_attract_starting'====== Args={}
2025-04-12 19:41:22,017 : INFO : Mode.attract : Started. Priority: 10
2025-04-12 19:41:22,017 : INFO : EventManager : Event: ======'modes_active_modes_changed'====== Args={}
2025-04-12 19:41:22,017 : INFO : EventManager : Event: ======'mode_attract_started'====== Args={}
2025-04-12 19:41:22,017 : INFO : EventManager : Event: ======'collecting_balls_complete'====== Args={}
2025-04-12 19:41:22,018 : INFO : EventManager : Event: ======'item_highlighted'====== Args={'carousel': 'attract', 'direction': None, 'item': 'title'}
2025-04-12 19:41:22,018 : INFO : EventManager : Event: ======'timer_attract_carousel_timer_tick'====== Args={'ticks': 0, 'ticks_remaining': 1}
2025-04-12 19:41:22,019 : INFO : Machine : Starting the main run loop with active modes: [<Mode.attract>]
2025-04-12 19:41:27,018 : INFO : Timer.attract_carousel_timer : Timer Complete
2025-04-12 19:41:27,019 : INFO : Timer.attract_carousel_timer : Stopping Timer
2025-04-12 19:41:27,019 : INFO : EventManager : Event: ======'timer_attract_carousel_timer_stopped'====== Args={'ticks': 1, 'ticks_remaining': 1}
2025-04-12 19:41:27,019 : INFO : EventManager : Event: ======'timer_attract_carousel_timer_complete'====== Args={'ticks': 1, 'ticks_remaining': 1}
2025-04-12 19:41:27,020 : INFO : EventManager : Event: ======'item_highlighted'====== Args={'carousel': 'attract', 'direction': 'forwards', 'item': 'credits'}
2025-04-12 19:41:27,020 : INFO : Timer.attract_carousel_timer : Starting Timer.
2025-04-12 19:41:27,020 : INFO : EventManager : Event: ======'timer_attract_carousel_timer_started'====== Args={'ticks': 0, 'ticks_remaining': 1}
2025-04-12 19:41:27,020 : INFO : EventManager : Event: ======'timer_attract_carousel_timer_tick'====== Args={'ticks': 0, 'ticks_remaining': 1}
2025-04-12 19:41:27,381 : INFO : SwitchController : <<<<<<< 's_flipper_right' active >>>>>>>
2025-04-12 19:41:27,381 : INFO : EventManager : Event: ======'s_flipper_right_active'====== Args={}
2025-04-12 19:41:27,382 : INFO : EventManager : Event: ======'item_highlighted'====== Args={'carousel': 'attract', 'direction': 'forwards', 'item': 'mpf_logo'}
2025-04-12 19:41:27,382 : INFO : EventManager : Event: ======'timer_attract_carousel_timer_tick'====== Args={'ticks': 0, 'ticks_remaining': 1}
2025-04-12 19:41:27,405 : INFO : SwitchController : <<<<<<< 's_flipper_right_eos' inactive >>>>>>>
2025-04-12 19:41:27,458 : INFO : SwitchController : <<<<<<< 's_flipper_right' inactive >>>>>>>
2025-04-12 19:41:27,564 : INFO : SwitchController : <<<<<<< 's_flipper_right_eos' active >>>>>>>
2025-04-12 19:41:27,772 : INFO : SwitchController : <<<<<<< 's_flipper_left' active >>>>>>>
2025-04-12 19:41:27,772 : INFO : EventManager : Event: ======'s_flipper_left_active'====== Args={}
2025-04-12 19:41:27,773 : INFO : EventManager : Event: ======'item_highlighted'====== Args={'carousel': 'attract', 'direction': 'backwards', 'item': 'credits'}
2025-04-12 19:41:27,773 : INFO : EventManager : Event: ======'timer_attract_carousel_timer_tick'====== Args={'ticks': 0, 'ticks_remaining': 1}
2025-04-12 19:41:27,794 : INFO : SwitchController : <<<<<<< 's_flipper_left_eos' inactive >>>>>>>
2025-04-12 19:41:27,968 : INFO : SwitchController : <<<<<<< 's_flipper_left' inactive >>>>>>>
2025-04-12 19:41:28,068 : INFO : SwitchController : <<<<<<< 's_flipper_left_eos' active >>>>>>>
2025-04-12 19:41:28,283 : INFO : SwitchController : <<<<<<< 's_flipper_left' active >>>>>>>
2025-04-12 19:41:28,283 : INFO : EventManager : Event: ======'s_flipper_left_active'====== Args={}
2025-04-12 19:41:28,283 : INFO : EventManager : Event: ======'item_highlighted'====== Args={'carousel': 'attract', 'direction': 'backwards', 'item': 'title'}
2025-04-12 19:41:28,284 : INFO : EventManager : Event: ======'timer_attract_carousel_timer_tick'====== Args={'ticks': 0, 'ticks_remaining': 1}
2025-04-12 19:41:28,306 : INFO : SwitchController : <<<<<<< 's_flipper_left_eos' inactive >>>>>>>
2025-04-12 19:41:28,406 : INFO : SwitchController : <<<<<<< 's_flipper_left' inactive >>>>>>>
2025-04-12 19:41:28,509 : INFO : SwitchController : <<<<<<< 's_flipper_left_eos' active >>>>>>>
2025-04-12 19:41:29,055 : INFO : SwitchController : <<<<<<< 's_flipper_left' active >>>>>>>
2025-04-12 19:41:29,056 : INFO : EventManager : Event: ======'s_flipper_left_active'====== Args={}
2025-04-12 19:41:29,056 : INFO : EventManager : Event: ======'item_highlighted'====== Args={'carousel': 'attract', 'direction': 'backwards', 'item': 'mpf_logo'}
2025-04-12 19:41:29,057 : INFO : EventManager : Event: ======'timer_attract_carousel_timer_tick'====== Args={'ticks': 0, 'ticks_remaining': 1}
2025-04-12 19:41:29,078 : INFO : SwitchController : <<<<<<< 's_flipper_left_eos' inactive >>>>>>>
2025-04-12 19:41:29,255 : INFO : SwitchController : <<<<<<< 's_flipper_left' inactive >>>>>>>
2025-04-12 19:41:29,360 : INFO : SwitchController : <<<<<<< 's_flipper_left_eos' active >>>>>>>
2025-04-12 19:41:29,533 : INFO : SwitchController : <<<<<<< 's_flipper_right' active >>>>>>>
2025-04-12 19:41:29,533 : INFO : EventManager : Event: ======'s_flipper_right_active'====== Args={}
2025-04-12 19:41:29,534 : INFO : EventManager : Event: ======'item_highlighted'====== Args={'carousel': 'attract', 'direction': 'forwards', 'item': 'title'}
2025-04-12 19:41:29,534 : INFO : EventManager : Event: ======'timer_attract_carousel_timer_tick'====== Args={'ticks': 0, 'ticks_remaining': 1}
2025-04-12 19:41:29,558 : INFO : SwitchController : <<<<<<< 's_flipper_right_eos' inactive >>>>>>>
2025-04-12 19:41:29,645 : INFO : SwitchController : <<<<<<< 's_flipper_right' inactive >>>>>>>
2025-04-12 19:41:29,753 : INFO : SwitchController : <<<<<<< 's_flipper_right_eos' active >>>>>>>
2025-04-12 19:41:31,790 : INFO : SwitchController : <<<<<<< 's_start_button' active >>>>>>>
2025-04-12 19:41:31,928 : INFO : SwitchController : <<<<<<< 's_start_button' inactive >>>>>>>
2025-04-12 19:41:31,928 : INFO : EventManager : Event: ======'request_to_start_game'====== Args={}
2025-04-12 19:41:31,929 : INFO : EventManager : Event: ======'game_start'====== Args={'buttons': [], 'hold_time': 0.1378902550059138}
2025-04-12 19:41:31,929 : INFO : EventManager : Event: ======'mode_game_will_start'====== Args={'buttons': [], 'hold_time': 0.1378902550059138}
2025-04-12 19:41:31,930 : INFO : EventManager : Event: ======'mode_game_starting'====== Args={'buttons': [], 'hold_time': 0.1378902550059138}
2025-04-12 19:41:31,930 : INFO : EventManager : Event: ======'mode_attract_will_stop'====== Args={}
2025-04-12 19:41:31,930 : INFO : EventManager : Event: ======'mode_attract_stopping'====== Args={}
2025-04-12 19:41:31,930 : INFO : Mode.attract : Stopped.
2025-04-12 19:41:31,930 : INFO : EventManager : Event: ======'modes_active_modes_changed'====== Args={}
2025-04-12 19:41:31,930 : INFO : EventManager : Event: ======'mode_attract_stopped'====== Args={}
2025-04-12 19:41:31,930 : INFO : EventManager : Event: ======'clear'====== Args={'key': 'attract'}
2025-04-12 19:41:31,930 : INFO : Timer.attract_carousel_timer : Stopping Timer
2025-04-12 19:41:31,930 : INFO : EventManager : Event: ======'timer_attract_carousel_timer_stopped'====== Args={'ticks': 0, 'ticks_remaining': 1}
2025-04-12 19:41:31,931 : INFO : Mode.game : Started. Priority: 20
2025-04-12 19:41:31,931 : INFO : EventManager : Event: ======'modes_active_modes_changed'====== Args={}
2025-04-12 19:41:31,931 : INFO : EventManager : Event: ======'mode_game_started'====== Args={'buttons': [], 'hold_time': 0.1378902550059138}
2025-04-12 19:41:31,931 : INFO : EventManager : Event: ======'game_will_start'====== Args={}
2025-04-12 19:41:31,932 : INFO : EventManager : Event: ======'game_starting'====== Args={'game': <Mode.game>}
2025-04-12 19:41:31,933 : INFO : EventManager : Unordered handler for class <Auditor> on event game_ended with priority 1. Handlers: [RegisteredHandler(callback=<bound method Auditor.disable of <Auditor>>, priority=1, kwargs={}, key=UUID('1991c13d-1a80-46ec-91fb-bb3852589181'), condition=None, blocking_facility=None), RegisteredHandler(callback=<bound method Auditor._save_audits of <Auditor>>, priority=1, kwargs={}, key=UUID('b2fd8abd-9e3f-40c0-b994-459168e2993a'), condition=None, blocking_facility=None)]. The order of those handlers is not defined and they will be executed in random order. This might lead to race conditions and potential bugs.
2025-04-12 19:41:31,933 : INFO : EventManager : Event: ======'player_add_request'====== Args={}
2025-04-12 19:41:31,933 : INFO : EventManager : Event: ======'player_will_add'====== Args={'number': 1}
2025-04-12 19:41:31,934 : INFO : EventManager : Event: ======'player_adding'====== Args={'player': <Player 1>, 'number': 1}
2025-04-12 19:41:31,934 : INFO : EventManager : Event: ======'player_added'====== Args={'player': <Player 1>, 'num': 1}
2025-04-12 19:41:31,934 : INFO : Mode.game : Player added successfully. Total players: 1
2025-04-12 19:41:31,934 : INFO : EventManager : Event: ======'player_index'====== Args={'value': 0, 'prev_value': 0, 'change': 0, 'player_num': 1}
2025-04-12 19:41:31,934 : INFO : EventManager : Event: ======'player_number'====== Args={'value': 1, 'prev_value': 1, 'change': 0, 'player_num': 1}
2025-04-12 19:41:31,934 : INFO : EventManager : Event: ======'player_score'====== Args={'value': 0, 'prev_value': 0, 'change': 0, 'player_num': 1}
2025-04-12 19:41:31,935 : INFO : EventManager : Event: ======'game_started'====== Args={}
2025-04-12 19:41:31,935 : INFO : EventManager : Event: ======'player_turn_will_start'====== Args={'player': <Player 1>, 'number': 1}
2025-04-12 19:41:31,940 : INFO : EventManager : Event: ======'player_turn_starting'====== Args={'player': <Player 1>, 'number': 1}
2025-04-12 19:41:31,941 : INFO : EventManager : Event: ======'player_ball'====== Args={'value': 1, 'prev_value': 0, 'change': 1, 'player_num': 1}
2025-04-12 19:41:31,941 : INFO : EventManager : Event: ======'player_turn_started'====== Args={'player': <Player 1>, 'number': 1}
2025-04-12 19:41:31,941 : INFO : EventManager : Event: ======'ball_will_start'====== Args={'player': 1, 'ball': 1, 'balls_remaining': 2, 'is_extra_ball': False}
2025-04-12 19:41:31,941 : INFO : EventManager : Event: ======'ball_starting'====== Args={'player': 1, 'ball': 1, 'balls_remaining': 2, 'is_extra_ball': False}
2025-04-12 19:41:31,942 : INFO : EventManager : Event: ======'mode_base_will_start'====== Args={'queue': <QueuedEvent>, 'player': 1, 'ball': 1, 'balls_remaining': 2, 'is_extra_ball': False}
2025-04-12 19:41:31,942 : INFO : EventManager : Event: ======'mode_base_starting'====== Args={'queue': <QueuedEvent>, 'player': 1, 'ball': 1, 'balls_remaining': 2, 'is_extra_ball': False}
2025-04-12 19:41:31,943 : INFO : Mode.base : Started. Priority: 100
2025-04-12 19:41:31,943 : INFO : EventManager : Event: ======'modes_active_modes_changed'====== Args={}
2025-04-12 19:41:31,943 : INFO : EventManager : Event: ======'mode_base_started'====== Args={'queue': <QueuedEvent>, 'player': 1, 'ball': 1, 'balls_remaining': 2, 'is_extra_ball': False}
2025-04-12 19:41:31,943 : INFO : EventManager : Event: ======'balls_in_play'====== Args={'balls': 1}
2025-04-12 19:41:31,943 : INFO : EventManager : Event: ======'ball_started'====== Args={'player': 1, 'ball': 1, 'balls_remaining': 2, 'is_extra_ball': False}
2025-04-12 19:41:31,944 : INFO : EventManager : Event: ======'single_player_ball_started'====== Args={}
2025-04-12 19:41:31,944 : INFO : EventManager : Event: ======'ball_start_target'====== Args={'target': 'playfield'}
2025-04-12 19:41:31,945 : INFO : ball_device.bd_plunger : Setting up player-controlled eject. Balls: 1, Target: <playfield.playfield>, player_controlled_eject_event: s_launch_button_active
2025-04-12 19:41:31,945 : INFO : EventManager : Event: ======'balldevice_balls_available'====== Args={}
2025-04-12 19:41:31,946 : INFO : ball_device.bd_trough : State: waiting_for_target_ready
2025-04-12 19:41:31,946 : INFO : EventManager : Event: ======'balldevice_bd_trough_ball_eject_attempt'====== Args={'balls': 1, 'target': <ball_device.bd_plunger>, 'source': <ball_device.bd_trough>, 'mechanical_eject': True, 'num_attempts': 0}
2025-04-12 19:41:31,946 : INFO : ball_device.bd_plunger : State: waiting_for_ball
2025-04-12 19:41:31,947 : INFO : ball_device.bd_trough : State: ejecting
2025-04-12 19:41:31,947 : INFO : ball_device.bd_trough : Ejecting ball to <ball_device.bd_plunger>
2025-04-12 19:41:31,947 : INFO : EventManager : Event: ======'balldevice_bd_trough_ejecting_ball'====== Args={'balls': 1, 'target': <ball_device.bd_plunger>, 'source': <ball_device.bd_trough>, 'mechanical_eject': True, 'num_attempts': 0}
2025-04-12 19:41:31,948 : INFO : ball_device.bd_trough : Wait for ball to leave device
2025-04-12 19:41:31,948 : INFO : coil.c_trough_eject : Pulsing Driver for 15ms (1.0 pulse_power)
2025-04-12 19:41:41,948 : INFO : EventManager : Event: ======'balldevice_bd_trough_ball_eject_failed'====== Args={'target': <ball_device.bd_plunger>, 'balls': 1, 'retry': True, 'num_attempts': 1}
2025-04-12 19:41:41,949 : INFO : ball_device.bd_trough : State: waiting_for_target_ready
2025-04-12 19:41:41,949 : INFO : EventManager : Event: ======'balldevice_bd_trough_ball_eject_attempt'====== Args={'balls': 1, 'target': <ball_device.bd_plunger>, 'source': <ball_device.bd_trough>, 'mechanical_eject': True, 'num_attempts': 1}
2025-04-12 19:41:41,950 : INFO : ball_device.bd_trough : State: ejecting
2025-04-12 19:41:41,950 : INFO : ball_device.bd_trough : Ejecting ball to <ball_device.bd_plunger>
2025-04-12 19:41:41,950 : INFO : EventManager : Event: ======'balldevice_bd_trough_ejecting_ball'====== Args={'balls': 1, 'target': <ball_device.bd_plunger>, 'source': <ball_device.bd_trough>, 'mechanical_eject': True, 'num_attempts': 1}
2025-04-12 19:41:41,951 : INFO : ball_device.bd_trough : Wait for ball to leave device
2025-04-12 19:41:41,951 : INFO : coil.c_trough_eject : Pulsing Driver for 15ms (1.0 pulse_power)
2025-04-12 19:41:45,951 : INFO : SwitchController : <<<<<<< 's_trough_4' inactive >>>>>>>
2025-04-12 19:41:45,953 : INFO : ball_device.bd_trough : State: ball_left
2025-04-12 19:41:45,953 : INFO : ball_device.bd_trough : Ball left
2025-04-12 19:41:45,953 : INFO : ball_device.bd_trough : Wait for confirm with timeout 10.0
2025-04-12 19:41:45,976 : INFO : SwitchController : <<<<<<< 's_trough_4' active >>>>>>>
2025-04-12 19:41:45,977 : INFO : EventManager : Event: ======'machine_var_audits_switches_s_trough_4'====== Args={'value': 1, 'prev_value': 0, 'change': 1}
2025-04-12 19:41:46,026 : INFO : SwitchController : <<<<<<< 's_trough_3' inactive >>>>>>>
2025-04-12 19:41:46,123 : INFO : SwitchController : <<<<<<< 's_trough_3' active >>>>>>>
2025-04-12 19:41:46,124 : INFO : EventManager : Event: ======'machine_var_audits_switches_s_trough_3'====== Args={'value': 1, 'prev_value': 0, 'change': 1}
2025-04-12 19:41:46,136 : INFO : SwitchController : <<<<<<< 's_trough_2' inactive >>>>>>>
2025-04-12 19:41:46,227 : INFO : SwitchController : <<<<<<< 's_trough_2' active >>>>>>>
2025-04-12 19:41:46,227 : INFO : EventManager : Event: ======'machine_var_audits_switches_s_trough_2'====== Args={'value': 1, 'prev_value': 0, 'change': 1}
2025-04-12 19:41:46,235 : INFO : SwitchController : <<<<<<< 's_trough_1' inactive >>>>>>>
2025-04-12 19:41:48,649 : INFO : SwitchController : <<<<<<< 's_start_button' active >>>>>>>
2025-04-12 19:41:48,649 : INFO : EventManager : Event: ======'sw_start'====== Args={}
2025-04-12 19:41:48,649 : INFO : EventManager : Event: ======'machine_var_audits_switches_s_start_button'====== Args={'value': 1, 'prev_value': 0, 'change': 1}
2025-04-12 19:41:48,650 : INFO : EventManager : Event: ======'player_add_request'====== Args={}
2025-04-12 19:41:48,650 : INFO : EventManager : Event: ======'player_will_add'====== Args={'number': 2}
2025-04-12 19:41:48,651 : INFO : EventManager : Event: ======'player_adding'====== Args={'player': <Player 2>, 'number': 2}
2025-04-12 19:41:48,651 : INFO : EventManager : Event: ======'player_added'====== Args={'player': <Player 2>, 'num': 2}
2025-04-12 19:41:48,651 : INFO : Mode.game : Player added successfully. Total players: 2
2025-04-12 19:41:48,651 : INFO : EventManager : Event: ======'multiplayer_game'====== Args={}
2025-04-12 19:41:48,651 : INFO : EventManager : Event: ======'player_index'====== Args={'value': 1, 'prev_value': 1, 'change': 0, 'player_num': 2}
2025-04-12 19:41:48,651 : INFO : EventManager : Event: ======'player_number'====== Args={'value': 2, 'prev_value': 2, 'change': 0, 'player_num': 2}
2025-04-12 19:41:48,651 : INFO : EventManager : Event: ======'player_score'====== Args={'value': 0, 'prev_value': 0, 'change': 0, 'player_num': 2}
2025-04-12 19:41:48,812 : INFO : SwitchController : <<<<<<< 's_start_button' inactive >>>>>>>
2025-04-12 19:41:51,345 : INFO : SwitchController : <<<<<<< 's_start_button' active >>>>>>>
2025-04-12 19:41:51,345 : INFO : EventManager : Event: ======'sw_start'====== Args={}
2025-04-12 19:41:51,346 : INFO : EventManager : Event: ======'machine_var_audits_switches_s_start_button'====== Args={'value': 2, 'prev_value': 1, 'change': 1}
2025-04-12 19:41:51,346 : INFO : EventManager : Event: ======'player_add_request'====== Args={}
2025-04-12 19:41:51,346 : INFO : EventManager : Event: ======'player_will_add'====== Args={'number': 3}
2025-04-12 19:41:51,346 : INFO : EventManager : Event: ======'player_adding'====== Args={'player': <Player 3>, 'number': 3}
2025-04-12 19:41:51,346 : INFO : EventManager : Event: ======'player_added'====== Args={'player': <Player 3>, 'num': 3}
2025-04-12 19:41:51,346 : INFO : Mode.game : Player added successfully. Total players: 3
2025-04-12 19:41:51,346 : INFO : EventManager : Event: ======'player_index'====== Args={'value': 2, 'prev_value': 2, 'change': 0, 'player_num': 3}
2025-04-12 19:41:51,347 : INFO : EventManager : Event: ======'player_number'====== Args={'value': 3, 'prev_value': 3, 'change': 0, 'player_num': 3}
2025-04-12 19:41:51,347 : INFO : EventManager : Event: ======'player_score'====== Args={'value': 0, 'prev_value': 0, 'change': 0, 'player_num': 3}
2025-04-12 19:41:51,570 : INFO : SwitchController : <<<<<<< 's_start_button' inactive >>>>>>>
2025-04-12 19:41:52,446 : INFO : SwitchController : <<<<<<< 's_start_button' active >>>>>>>
2025-04-12 19:41:52,446 : INFO : EventManager : Event: ======'sw_start'====== Args={}
2025-04-12 19:41:52,446 : INFO : EventManager : Event: ======'machine_var_audits_switches_s_start_button'====== Args={'value': 3, 'prev_value': 2, 'change': 1}
2025-04-12 19:41:52,447 : INFO : EventManager : Event: ======'player_add_request'====== Args={}
2025-04-12 19:41:52,447 : INFO : EventManager : Event: ======'player_will_add'====== Args={'number': 4}
2025-04-12 19:41:52,447 : INFO : EventManager : Event: ======'player_adding'====== Args={'player': <Player 4>, 'number': 4}
2025-04-12 19:41:52,447 : INFO : EventManager : Event: ======'player_added'====== Args={'player': <Player 4>, 'num': 4}
2025-04-12 19:41:52,447 : INFO : Mode.game : Player added successfully. Total players: 4
2025-04-12 19:41:52,447 : INFO : EventManager : Event: ======'player_index'====== Args={'value': 3, 'prev_value': 3, 'change': 0, 'player_num': 4}
2025-04-12 19:41:52,447 : INFO : EventManager : Event: ======'player_number'====== Args={'value': 4, 'prev_value': 4, 'change': 0, 'player_num': 4}
2025-04-12 19:41:52,447 : INFO : EventManager : Event: ======'player_score'====== Args={'value': 0, 'prev_value': 0, 'change': 0, 'player_num': 4}
2025-04-12 19:41:52,654 : INFO : SwitchController : <<<<<<< 's_start_button' inactive >>>>>>>
2025-04-12 19:41:53,232 : INFO : SwitchController : <<<<<<< 's_start_button' active >>>>>>>
2025-04-12 19:41:53,233 : INFO : EventManager : Event: ======'sw_start'====== Args={}
2025-04-12 19:41:53,233 : INFO : EventManager : Event: ======'machine_var_audits_switches_s_start_button'====== Args={'value': 4, 'prev_value': 3, 'change': 1}
2025-04-12 19:41:53,363 : INFO : SwitchController : <<<<<<< 's_start_button' inactive >>>>>>>
2025-04-12 19:41:55,954 : INFO : ball_device.bd_trough : State: failed_confirm
2025-04-12 19:41:55,955 : INFO : ball_device.bd_trough : Got timeout (10.0s) before confirm from <ball_device.bd_plunger>
2025-04-12 19:41:55,956 : INFO : ball_device.bd_plunger : Expecting incoming ball which may skip the device.
2025-04-12 19:41:55,956 : INFO : EventManager : Event: ======'balldevice_bd_plunger_ejecting_ball'====== Args={'balls': 1, 'target': <playfield.playfield>, 'source': <ball_device.bd_plunger>, 'mechanical_eject': False, 'num_attempts': 1}
2025-04-12 19:42:00,959 : INFO : ball_device.bd_plunger : Got confirm for skipping ball.
2025-04-12 19:42:00,959 : INFO : ball_device.bd_plunger : Eject successful
2025-04-12 19:42:00,959 : INFO : EventManager : Event: ======'balldevice_bd_plunger_ball_eject_success'====== Args={'balls': 1, 'target': <playfield.playfield>}
2025-04-12 19:42:00,960 : INFO : EventManager : Event: ======'balldevice_playfield_ball_enter'====== Args={'new_balls': 1, 'unclaimed_balls': 1, 'device': <playfield.playfield>}
2025-04-12 19:42:00,960 : INFO : EventManager : Event: ======'playfield_ball_count_change'====== Args={'balls': 1, 'change': 1}
2025-04-12 19:42:00,961 : INFO : ball_device.bd_plunger : State: idle
2025-04-12 19:42:00,962 : INFO : ball_device.bd_trough : Eject successful
2025-04-12 19:42:00,962 : INFO : EventManager : Event: ======'balldevice_bd_trough_ball_eject_success'====== Args={'balls': 1, 'target': <ball_device.bd_plunger>}
2025-04-12 19:42:00,963 : INFO : EventManager : Event: ======'balldevice_bd_trough_ball_count_changed'====== Args={'balls': 6}
2025-04-12 19:42:00,963 : INFO : ball_device.bd_trough : State: idle
2025-04-12 19:42:04,419 : INFO : SwitchController : <<<<<<< 's_start_button' active >>>>>>>
2025-04-12 19:42:04,419 : INFO : EventManager : Event: ======'sw_start'====== Args={}
2025-04-12 19:42:04,419 : INFO : EventManager : Event: ======'machine_var_audits_switches_s_start_button'====== Args={'value': 5, 'prev_value': 4, 'change': 1}
2025-04-12 19:42:04,625 : INFO : SwitchController : <<<<<<< 's_start_button' inactive >>>>>>>
2025-04-12 19:42:11,061 : INFO : Machine : Shutting down...
2025-04-12 19:42:11,061 : INFO : EventManager : Event: ======'shutdown'====== Args={}
2025-04-12 19:42:11,062 : INFO : EventManager : Event: ======'mode_game_will_stop'====== Args={}
2025-04-12 19:42:11,062 : INFO : EventManager : Event: ======'mode_game_stopping'====== Args={}
2025-04-12 19:42:11,062 : INFO : EventManager : Event: ======'mode_base_will_stop'====== Args={}
2025-04-12 19:42:11,062 : INFO : EventManager : Event: ======'mode_base_stopping'====== Args={}
2025-04-12 19:42:11,062 : INFO : Mode.base : Stopped.
2025-04-12 19:42:11,063 : INFO : EventManager : Event: ======'modes_active_modes_changed'====== Args={}
2025-04-12 19:42:11,063 : INFO : EventManager : Event: ======'mode_base_stopped'====== Args={}
2025-04-12 19:42:11,063 : INFO : EventManager : Event: ======'clear'====== Args={'key': 'base'}
2025-04-12 19:42:11,063 : INFO : Mode.game : Stopped.
2025-04-12 19:42:11,063 : INFO : EventManager : Event: ======'modes_active_modes_changed'====== Args={}
2025-04-12 19:42:11,063 : INFO : EventManager : Event: ======'mode_game_stopped'====== Args={}
2025-04-12 19:42:11,063 : INFO : EventManager : Event: ======'clear'====== Args={'key': 'game'}
2025-04-12 19:42:11,169 : INFO : root : MPF run loop ended.
