2025-02-25 17:20:03,286 : INFO : root : Loading config.
2025-02-25 17:20:03,287 : INFO : YamlMultifileConfigLoader : Machine config file #1: config.yaml
2025-02-25 17:20:03,287 : WARNING : ConfigProcessor : Config file in cache changed: /Users/andre/Napoleon/config/config.yaml
2025-02-25 17:20:03,287 : INFO : ConfigProcessor : Loading config from file /Users/andre/mpf/lib/python3.11/site-packages/mpf/mpfconfig.yaml.
2025-02-25 17:20:03,291 : INFO : ConfigProcessor : Loading config: /Users/andre/mpf/lib/python3.11/site-packages/mpf/mpfconfig.yaml
2025-02-25 17:20:03,291 : INFO : ConfigProcessor : Loading config from file /Users/andre/Napoleon/config/config.yaml.
2025-02-25 17:20:03,292 : INFO : ConfigProcessor : Loading config: /Users/andre/Napoleon/config/config.yaml
2025-02-25 17:20:03,293 : INFO : ConfigProcessor : Loading config: /Users/andre/Napoleon/config/config_ball_devices.yaml
2025-02-25 17:20:03,293 : INFO : ConfigProcessor : Loading config: /Users/andre/Napoleon/config/config_coils.yaml
2025-02-25 17:20:03,293 : INFO : ConfigProcessor : Loading config: /Users/andre/Napoleon/config/config_switches.yaml
2025-02-25 17:20:03,294 : INFO : ConfigProcessor : Config file cache created: /var/folders/np/pd6clpgx1xs_0sdwz71m1gyh0000gn/T/0e92bbbc1117f2a7fed5bfc9fd49c3ff.mpf_cache
2025-02-25 17:20:03,309 : INFO : ConfigProcessor : Loading config from cache: /var/folders/np/pd6clpgx1xs_0sdwz71m1gyh0000gn/T/1a4610a235e3724f4c88b7b6a3726c72.mpf_cache
2025-02-25 17:20:03,309 : INFO : ConfigProcessor : Loading config from cache: /var/folders/np/pd6clpgx1xs_0sdwz71m1gyh0000gn/T/9ede27cf5d2808a997283e6386622428.mpf_cache
2025-02-25 17:20:03,309 : INFO : ConfigProcessor : Loading config from cache: /var/folders/np/pd6clpgx1xs_0sdwz71m1gyh0000gn/T/1a4610a235e3724f4c88b7b6a3726c72.mpf_cache
2025-02-25 17:20:03,309 : INFO : ConfigProcessor : Loading config from cache: /var/folders/np/pd6clpgx1xs_0sdwz71m1gyh0000gn/T/911d1b37f4ad2186d44e0f02a423c49c.mpf_cache
2025-02-25 17:20:03,309 : INFO : Machine : Mission Pinball Framework Core Engine v0.80.0.dev6
2025-02-25 17:20:03,309 : INFO : Machine : Command line arguments: {'no_load_cache': False, 'create_config_cache': True, 'bcp': True, 'configfile': ['config.yaml'], 'force_assets_load': False, 'platform_integration_test': False, 'jsonlogging': False, 'logfile': 'logs/2025-02-25-17-20-03-mpf-Mac.log', 'pause': False, 'production': False, 'text_ui': True, 'loglevel': 15, 'consoleloglevel': 20, 'force_platform': 'smart_virtual', 'syslog_address': None, 'full_logfile_path': '/Users/andre/Napoleon/logs/2025-02-25-17-20-03-mpf-Mac.log'}
2025-02-25 17:20:03,309 : INFO : Machine : MPF path: /Users/andre/mpf/lib/python3.11/site-packages/mpf
2025-02-25 17:20:03,309 : INFO : Machine : Machine path: /Users/andre/Napoleon
2025-02-25 17:20:03,309 : INFO : Machine : Platform: darwin
2025-02-25 17:20:03,309 : INFO : Machine : Python executable location: /Users/andre/mpf/bin/python3.11
2025-02-25 17:20:03,309 : INFO : Machine : Python version: 3.11.8 (64-bit)
2025-02-25 17:20:03,310 : INFO : Machine : Initializing MPF...
2025-02-25 17:20:03,326 : INFO : EventManager : Event: ======'machine_var_credits_string'====== Args={'value': 'FREE PLAY', 'prev_value': None, 'change': True}
2025-02-25 17:20:03,329 : INFO : EventManager : Event: ======'machine_var_master_volume'====== Args={'value': 0.5, 'prev_value': None, 'change': True}
2025-02-25 17:20:03,329 : INFO : EventManager : Event: ======'machine_var_mpf_version'====== Args={'value': 'Mission Pinball Framework v0.80.0.dev6', 'prev_value': None, 'change': True}
2025-02-25 17:20:03,329 : INFO : EventManager : Event: ======'machine_var_mpf_extended_version'====== Args={'value': 'Mission Pinball Framework v0.80.0.dev6, Config version:6, Show version: 6, BCP version:1.1', 'prev_value': None, 'change': True}
2025-02-25 17:20:03,329 : INFO : EventManager : Event: ======'machine_var_python_version'====== Args={'value': '3.11.8', 'prev_value': None, 'change': True}
2025-02-25 17:20:03,336 : INFO : EventManager : Event: ======'machine_var_platform'====== Args={'value': 'macOS-15.3.1-arm64-arm-64bit', 'prev_value': None, 'change': True}
2025-02-25 17:20:03,336 : INFO : EventManager : Event: ======'machine_var_platform_system'====== Args={'value': 'Darwin', 'prev_value': None, 'change': True}
2025-02-25 17:20:03,336 : INFO : EventManager : Event: ======'machine_var_platform_release'====== Args={'value': '24.3.0', 'prev_value': None, 'change': True}
2025-02-25 17:20:03,336 : INFO : EventManager : Event: ======'machine_var_platform_version'====== Args={'value': 'Darwin Kernel Version 24.3.0: Thu Jan  2 20:24:23 PST 2025; root:xnu-11215.81.4~3/RELEASE_ARM64_T6020', 'prev_value': None, 'change': True}
2025-02-25 17:20:03,336 : INFO : EventManager : Event: ======'machine_var_platform_machine'====== Args={'value': 'arm64', 'prev_value': None, 'change': True}
2025-02-25 17:20:03,336 : INFO : EventManager : Event: ======'machine_var_log_file_path'====== Args={'value': '/Users/andre/Napoleon/logs/2025-02-25-17-20-03-mpf-Mac.log', 'prev_value': None, 'change': True}
2025-02-25 17:20:03,336 : INFO : EventManager : Event: ======'init_phase_1'====== Args={}
2025-02-25 17:20:03,341 : INFO : EventManager : Event: ======'init_phase_2'====== Args={}
2025-02-25 17:20:03,341 : INFO : SwitchController : Found active switch: ('3208-0', <Platform.SmartVirtual>) <switch.s_plunger_lane>
2025-02-25 17:20:03,342 : INFO : EventManager : Event: ======'bcp_connection_attempt'====== Args={'name': 'local_display', 'host': 'localhost', 'port': 5050}
2025-02-25 17:20:03,342 : INFO : BCPClientSocket : Connecting BCP to 'local_display' at localhost:5050...
2025-02-25 17:20:03,347 : INFO : BCPClientSocket : Connected BCP to 'local_display' localhost:5050
2025-02-25 17:20:03,347 : INFO : EventManager : Event: ======'bcp_clients_connected'====== Args={}
2025-02-25 17:20:03,348 : INFO : ball_device.bd_plunger : BCH: Initial count: 1
2025-02-25 17:20:03,348 : INFO : ball_device.bd_plunger : State: idle
2025-02-25 17:20:03,350 : INFO : EventManager : Event: ======'init_phase_3'====== Args={}
2025-02-25 17:20:03,350 : INFO : EventManager : Event: ======'init_phase_4'====== Args={}
2025-02-25 17:20:03,351 : INFO : BallController : Initial balls found: 1
2025-02-25 17:20:03,351 : INFO : EventManager : Event: ======'machine_var_audits_switches_s_flipper_left_eos'====== Args={'value': 0, 'prev_value': None, 'change': True}
2025-02-25 17:20:03,351 : INFO : EventManager : Event: ======'machine_var_audits_switches_s_inlane_left'====== Args={'value': 0, 'prev_value': None, 'change': True}
2025-02-25 17:20:03,351 : INFO : EventManager : Event: ======'machine_var_audits_switches_s_inlane_2_right'====== Args={'value': 0, 'prev_value': None, 'change': True}
2025-02-25 17:20:03,351 : INFO : EventManager : Event: ======'machine_var_audits_switches_s_start_button'====== Args={'value': 0, 'prev_value': None, 'change': True}
2025-02-25 17:20:03,351 : INFO : EventManager : Event: ======'machine_var_audits_switches_s_flipper_right_eos'====== Args={'value': 0, 'prev_value': None, 'change': True}
2025-02-25 17:20:03,351 : INFO : EventManager : Event: ======'machine_var_audits_switches_s_outlane_right'====== Args={'value': 0, 'prev_value': None, 'change': True}
2025-02-25 17:20:03,351 : INFO : EventManager : Event: ======'machine_var_audits_switches_s_flipper_right'====== Args={'value': 0, 'prev_value': None, 'change': True}
2025-02-25 17:20:03,351 : INFO : EventManager : Event: ======'machine_var_audits_switches_s_flipper_left'====== Args={'value': 0, 'prev_value': None, 'change': True}
2025-02-25 17:20:03,351 : INFO : EventManager : Event: ======'machine_var_audits_switches_s_sling_right'====== Args={'value': 0, 'prev_value': None, 'change': True}
2025-02-25 17:20:03,351 : INFO : EventManager : Event: ======'machine_var_audits_switches_s_launch_button'====== Args={'value': 0, 'prev_value': None, 'change': True}
2025-02-25 17:20:03,351 : INFO : EventManager : Event: ======'machine_var_audits_switches_s_sling_left'====== Args={'value': 0, 'prev_value': None, 'change': True}
2025-02-25 17:20:03,351 : INFO : EventManager : Event: ======'machine_var_audits_switches_s_plunger_lane'====== Args={'value': 0, 'prev_value': None, 'change': True}
2025-02-25 17:20:03,351 : INFO : EventManager : Event: ======'machine_var_audits_switches_s_outlane_left'====== Args={'value': 0, 'prev_value': None, 'change': True}
2025-02-25 17:20:03,351 : INFO : EventManager : Event: ======'machine_var_audits_switches_s_inlane_1_right'====== Args={'value': 0, 'prev_value': None, 'change': True}
2025-02-25 17:20:03,351 : INFO : EventManager : Event: ======'machine_var_audits_events_game_started'====== Args={'value': 0, 'prev_value': None, 'change': True}
2025-02-25 17:20:03,351 : INFO : EventManager : Event: ======'machine_var_audits_events_game_ended'====== Args={'value': 0, 'prev_value': None, 'change': True}
2025-02-25 17:20:03,351 : INFO : EventManager : Event: ======'machine_var_audits_player_score'====== Args={'value': {'top': [], 'average': 0, 'total': 0}, 'prev_value': None, 'change': True}
2025-02-25 17:20:03,351 : INFO : EventManager : Event: ======'init_phase_5'====== Args={}
2025-02-25 17:20:03,354 : INFO : EventManager : Event: ======'init_done'====== Args={}
2025-02-25 17:20:03,354 : INFO : EventManager : Event: ======'machine_reset_phase_1'====== Args={}
2025-02-25 17:20:03,361 : INFO : EventManager : Event: ======'machine_reset_phase_2'====== Args={}
2025-02-25 17:20:03,361 : INFO : EventManager : Event: ======'machine_reset_phase_3'====== Args={}
2025-02-25 17:20:03,361 : INFO : EventManager : Event: ======'reset_complete'====== Args={}
2025-02-25 17:20:03,361 : INFO : EventManager : Event: ======'mode_attract_will_start'====== Args={}
2025-02-25 17:20:03,362 : INFO : Timer.attract_carousel_timer : Starting Timer.
2025-02-25 17:20:03,362 : INFO : EventManager : Event: ======'timer_attract_carousel_timer_started'====== Args={'ticks': 0, 'ticks_remaining': 1}
2025-02-25 17:20:03,362 : INFO : EventManager : Event: ======'timer_attract_carousel_timer_tick'====== Args={'ticks': 0, 'ticks_remaining': 1}
2025-02-25 17:20:03,362 : INFO : EventManager : Event: ======'mode_attract_starting'====== Args={}
2025-02-25 17:20:03,362 : INFO : Mode.attract : Started. Priority: 10
2025-02-25 17:20:03,362 : INFO : EventManager : Event: ======'modes_active_modes_changed'====== Args={}
2025-02-25 17:20:03,362 : INFO : EventManager : Event: ======'mode_attract_started'====== Args={}
2025-02-25 17:20:03,362 : INFO : EventManager : Event: ======'collecting_balls'====== Args={}
2025-02-25 17:20:03,362 : INFO : ball_device.bd_plunger : Adding 1 ball(s) to the eject_queue with target <playfield.playfield>.
2025-02-25 17:20:03,362 : INFO : EventManager : Event: ======'balldevice_balls_available'====== Args={}
2025-02-25 17:20:03,362 : INFO : EventManager : Event: ======'item_highlighted'====== Args={'carousel': 'attract', 'direction': None, 'item': 'title'}
2025-02-25 17:20:03,362 : INFO : EventManager : Event: ======'timer_attract_carousel_timer_tick'====== Args={'ticks': 0, 'ticks_remaining': 1}
2025-02-25 17:20:03,362 : INFO : Machine : Starting the main run loop with active modes: [<Mode.attract>]
2025-02-25 17:20:03,363 : INFO : ball_device.bd_plunger : State: waiting_for_target_ready
2025-02-25 17:20:03,363 : INFO : EventManager : Event: ======'balldevice_bd_plunger_ball_eject_attempt'====== Args={'balls': 1, 'target': <playfield.playfield>, 'source': <ball_device.bd_plunger>, 'mechanical_eject': False, 'num_attempts': 0}
2025-02-25 17:20:03,363 : INFO : ball_device.bd_plunger : State: ejecting
2025-02-25 17:20:03,363 : INFO : ball_device.bd_plunger : Ejecting ball to <playfield.playfield>
2025-02-25 17:20:03,363 : INFO : EventManager : Event: ======'balldevice_bd_plunger_ejecting_ball'====== Args={'balls': 1, 'target': <playfield.playfield>, 'source': <ball_device.bd_plunger>, 'mechanical_eject': False, 'num_attempts': 0}
2025-02-25 17:20:03,363 : INFO : ball_device.bd_plunger : Wait for ball to leave device
2025-02-25 17:20:03,363 : INFO : coil.c_plunger : Pulsing Driver for 10ms (1.0 pulse_power)
2025-02-25 17:20:03,363 : INFO : SwitchController : <<<<<<< 's_plunger_lane' inactive >>>>>>>
2025-02-25 17:20:03,363 : INFO : ball_device.bd_plunger : State: ball_left
2025-02-25 17:20:03,363 : INFO : ball_device.bd_plunger : Ball left
2025-02-25 17:20:03,363 : INFO : ball_device.bd_plunger : Wait for confirm with timeout 5.0
2025-02-25 17:20:03,418 : INFO : EventManager : Event: ======'slide_attract_created'====== Args={'_from_bcp': True}
2025-02-25 17:20:03,418 : INFO : EventManager : Event: ======'slide__removed'====== Args={'_from_bcp': True}
2025-02-25 17:20:03,418 : INFO : EventManager : Event: ======'slide_attract_active'====== Args={'original_context': 'attract', 'original_calling_context': 'mode_attract_started', 'priority': 10.0, 'cmd': 'slides_play', '_from_bcp': True}
2025-02-25 17:20:08,363 : INFO : Timer.attract_carousel_timer : Timer Complete
2025-02-25 17:20:08,363 : INFO : Timer.attract_carousel_timer : Stopping Timer
2025-02-25 17:20:08,363 : INFO : EventManager : Event: ======'timer_attract_carousel_timer_stopped'====== Args={'ticks': 1, 'ticks_remaining': 1}
2025-02-25 17:20:08,364 : INFO : EventManager : Event: ======'timer_attract_carousel_timer_complete'====== Args={'ticks': 1, 'ticks_remaining': 1}
2025-02-25 17:20:08,364 : INFO : EventManager : Event: ======'item_highlighted'====== Args={'carousel': 'attract', 'direction': 'forwards', 'item': 'credits'}
2025-02-25 17:20:08,365 : INFO : Timer.attract_carousel_timer : Starting Timer.
2025-02-25 17:20:08,365 : INFO : EventManager : Event: ======'timer_attract_carousel_timer_started'====== Args={'ticks': 0, 'ticks_remaining': 1}
2025-02-25 17:20:08,365 : INFO : EventManager : Event: ======'timer_attract_carousel_timer_tick'====== Args={'ticks': 0, 'ticks_remaining': 1}
2025-02-25 17:20:08,365 : INFO : ball_device.bd_plunger : State: failed_confirm
2025-02-25 17:20:08,365 : INFO : ball_device.bd_plunger : Got timeout (5.0s) before confirm from <playfield.playfield>
2025-02-25 17:20:08,467 : INFO : ball_device.bd_plunger : Confirming eject because target is playfield and ball did not return.
2025-02-25 17:20:08,467 : INFO : ball_device.bd_plunger : Eject successful
2025-02-25 17:20:08,467 : INFO : EventManager : Event: ======'balldevice_bd_plunger_ball_eject_success'====== Args={'balls': 1, 'target': <playfield.playfield>}
2025-02-25 17:20:08,468 : INFO : EventManager : Event: ======'balldevice_playfield_ball_enter'====== Args={'new_balls': 1, 'unclaimed_balls': 1, 'device': <playfield.playfield>}
2025-02-25 17:20:08,468 : INFO : EventManager : Event: ======'playfield_ball_count_change'====== Args={'balls': 1, 'change': 1}
2025-02-25 17:20:08,468 : INFO : EventManager : Event: ======'balldevice_bd_plunger_ball_count_changed'====== Args={'balls': 0}
2025-02-25 17:20:08,469 : INFO : ball_device.bd_plunger : State: idle
2025-02-25 17:20:10,734 : INFO : SwitchController : <<<<<<< 's_start_button' active >>>>>>>
2025-02-25 17:20:10,877 : INFO : SwitchController : <<<<<<< 's_start_button' inactive >>>>>>>
2025-02-25 17:20:10,877 : INFO : EventManager : Event: ======'request_to_start_game'====== Args={}
2025-02-25 17:20:10,878 : INFO : BallController : Known balls: 1
2025-02-25 17:20:10,878 : INFO : BallController : bd_plunger contains 0 balls. Tags []
2025-02-25 17:20:10,878 : INFO : BallController : playfield contains 1 balls. Tags ['default']
2025-02-25 17:20:10,878 : WARNING : BallController : BallController denies game start. Not enough balls. 0 found. 1 required
2025-02-25 17:20:10,878 : INFO : BallController : Triggering ball search.
2025-02-25 17:20:11,344 : INFO : SwitchController : <<<<<<< 's_start_button' active >>>>>>>
2025-02-25 17:20:11,913 : INFO : SwitchController : <<<<<<< 's_start_button' inactive >>>>>>>
2025-02-25 17:20:11,913 : INFO : EventManager : Event: ======'request_to_start_game'====== Args={}
2025-02-25 17:20:11,914 : INFO : BallController : Known balls: 1
2025-02-25 17:20:11,914 : INFO : BallController : bd_plunger contains 0 balls. Tags []
2025-02-25 17:20:11,914 : INFO : BallController : playfield contains 1 balls. Tags ['default']
2025-02-25 17:20:11,914 : WARNING : BallController : BallController denies game start. Not enough balls. 0 found. 1 required
2025-02-25 17:20:11,914 : INFO : BallController : Triggering ball search.
2025-02-25 17:20:13,365 : INFO : Timer.attract_carousel_timer : Timer Complete
2025-02-25 17:20:13,367 : INFO : Timer.attract_carousel_timer : Stopping Timer
2025-02-25 17:20:13,367 : INFO : EventManager : Event: ======'timer_attract_carousel_timer_stopped'====== Args={'ticks': 1, 'ticks_remaining': 1}
2025-02-25 17:20:13,367 : INFO : EventManager : Event: ======'timer_attract_carousel_timer_complete'====== Args={'ticks': 1, 'ticks_remaining': 1}
2025-02-25 17:20:13,367 : INFO : EventManager : Event: ======'item_highlighted'====== Args={'carousel': 'attract', 'direction': 'forwards', 'item': 'mpf_logo'}
2025-02-25 17:20:13,368 : INFO : Timer.attract_carousel_timer : Starting Timer.
2025-02-25 17:20:13,368 : INFO : EventManager : Event: ======'timer_attract_carousel_timer_started'====== Args={'ticks': 0, 'ticks_remaining': 1}
2025-02-25 17:20:13,368 : INFO : EventManager : Event: ======'timer_attract_carousel_timer_tick'====== Args={'ticks': 0, 'ticks_remaining': 1}
2025-02-25 17:20:18,370 : INFO : Timer.attract_carousel_timer : Timer Complete
2025-02-25 17:20:18,370 : INFO : Timer.attract_carousel_timer : Stopping Timer
2025-02-25 17:20:18,370 : INFO : EventManager : Event: ======'timer_attract_carousel_timer_stopped'====== Args={'ticks': 1, 'ticks_remaining': 1}
2025-02-25 17:20:18,370 : INFO : EventManager : Event: ======'timer_attract_carousel_timer_complete'====== Args={'ticks': 1, 'ticks_remaining': 1}
2025-02-25 17:20:18,370 : INFO : EventManager : Event: ======'item_highlighted'====== Args={'carousel': 'attract', 'direction': 'forwards', 'item': 'title'}
2025-02-25 17:20:18,371 : INFO : Timer.attract_carousel_timer : Starting Timer.
2025-02-25 17:20:18,371 : INFO : EventManager : Event: ======'timer_attract_carousel_timer_started'====== Args={'ticks': 0, 'ticks_remaining': 1}
2025-02-25 17:20:18,371 : INFO : EventManager : Event: ======'timer_attract_carousel_timer_tick'====== Args={'ticks': 0, 'ticks_remaining': 1}
2025-02-25 17:20:19,994 : INFO : SwitchController : <<<<<<< 's_flipper_right' active >>>>>>>
2025-02-25 17:20:19,994 : INFO : EventManager : Event: ======'s_flipper_right_active'====== Args={}
2025-02-25 17:20:19,995 : INFO : EventManager : Event: ======'item_highlighted'====== Args={'carousel': 'attract', 'direction': 'forwards', 'item': 'credits'}
2025-02-25 17:20:20,027 : INFO : EventManager : Event: ======'timer_attract_carousel_timer_tick'====== Args={'ticks': 0, 'ticks_remaining': 1}
2025-02-25 17:20:20,118 : INFO : SwitchController : <<<<<<< 's_flipper_right' inactive >>>>>>>
2025-02-25 17:20:20,731 : INFO : SwitchController : <<<<<<< 's_flipper_left' active >>>>>>>
2025-02-25 17:20:20,731 : INFO : EventManager : Event: ======'s_flipper_left_active'====== Args={}
2025-02-25 17:20:20,732 : INFO : EventManager : Event: ======'item_highlighted'====== Args={'carousel': 'attract', 'direction': 'backwards', 'item': 'title'}
2025-02-25 17:20:20,732 : INFO : EventManager : Event: ======'timer_attract_carousel_timer_tick'====== Args={'ticks': 0, 'ticks_remaining': 1}
2025-02-25 17:20:20,868 : INFO : SwitchController : <<<<<<< 's_flipper_left' inactive >>>>>>>
2025-02-25 17:20:24,529 : INFO : SwitchController : <<<<<<< 's_start_button' active >>>>>>>
2025-02-25 17:20:24,668 : INFO : SwitchController : <<<<<<< 's_start_button' inactive >>>>>>>
2025-02-25 17:20:24,669 : INFO : EventManager : Event: ======'request_to_start_game'====== Args={}
2025-02-25 17:20:24,669 : INFO : BallController : Known balls: 1
2025-02-25 17:20:24,669 : INFO : BallController : bd_plunger contains 0 balls. Tags []
2025-02-25 17:20:24,669 : INFO : BallController : playfield contains 1 balls. Tags ['default']
2025-02-25 17:20:24,669 : WARNING : BallController : BallController denies game start. Not enough balls. 0 found. 1 required
2025-02-25 17:20:24,669 : INFO : BallController : Triggering ball search.
2025-02-25 17:20:25,733 : INFO : Timer.attract_carousel_timer : Timer Complete
2025-02-25 17:20:25,733 : INFO : Timer.attract_carousel_timer : Stopping Timer
2025-02-25 17:20:25,733 : INFO : EventManager : Event: ======'timer_attract_carousel_timer_stopped'====== Args={'ticks': 1, 'ticks_remaining': 1}
2025-02-25 17:20:25,733 : INFO : EventManager : Event: ======'timer_attract_carousel_timer_complete'====== Args={'ticks': 1, 'ticks_remaining': 1}
2025-02-25 17:20:25,734 : INFO : EventManager : Event: ======'item_highlighted'====== Args={'carousel': 'attract', 'direction': 'forwards', 'item': 'credits'}
2025-02-25 17:20:25,734 : INFO : Timer.attract_carousel_timer : Starting Timer.
2025-02-25 17:20:25,734 : INFO : EventManager : Event: ======'timer_attract_carousel_timer_started'====== Args={'ticks': 0, 'ticks_remaining': 1}
2025-02-25 17:20:25,734 : INFO : EventManager : Event: ======'timer_attract_carousel_timer_tick'====== Args={'ticks': 0, 'ticks_remaining': 1}
2025-02-25 17:20:25,852 : INFO : SwitchController : <<<<<<< 's_start_button' active >>>>>>>
2025-02-25 17:20:26,043 : INFO : SwitchController : <<<<<<< 's_start_button' inactive >>>>>>>
2025-02-25 17:20:26,043 : INFO : EventManager : Event: ======'request_to_start_game'====== Args={}
2025-02-25 17:20:26,044 : INFO : BallController : Known balls: 1
2025-02-25 17:20:26,044 : INFO : BallController : bd_plunger contains 0 balls. Tags []
2025-02-25 17:20:26,044 : INFO : BallController : playfield contains 1 balls. Tags ['default']
2025-02-25 17:20:26,044 : WARNING : BallController : BallController denies game start. Not enough balls. 0 found. 1 required
2025-02-25 17:20:26,044 : INFO : BallController : Triggering ball search.
2025-02-25 17:20:26,143 : INFO : SwitchController : <<<<<<< 's_start_button' active >>>>>>>
2025-02-25 17:20:26,212 : INFO : SwitchController : <<<<<<< 's_start_button' inactive >>>>>>>
2025-02-25 17:20:26,212 : INFO : EventManager : Event: ======'request_to_start_game'====== Args={}
2025-02-25 17:20:26,212 : INFO : BallController : Known balls: 1
2025-02-25 17:20:26,213 : INFO : BallController : bd_plunger contains 0 balls. Tags []
2025-02-25 17:20:26,213 : INFO : BallController : playfield contains 1 balls. Tags ['default']
2025-02-25 17:20:26,213 : WARNING : BallController : BallController denies game start. Not enough balls. 0 found. 1 required
2025-02-25 17:20:26,213 : INFO : BallController : Triggering ball search.
2025-02-25 17:20:26,610 : INFO : SwitchController : <<<<<<< 's_inlane_1_right' active >>>>>>>
2025-02-25 17:20:26,610 : INFO : EventManager : Event: ======'sw_playfield_active'====== Args={}
2025-02-25 17:20:26,760 : INFO : SwitchController : <<<<<<< 's_inlane_1_right' inactive >>>>>>>
2025-02-25 17:20:27,327 : INFO : SwitchController : <<<<<<< 's_inlane_1_right' active >>>>>>>
2025-02-25 17:20:27,327 : INFO : EventManager : Event: ======'sw_playfield_active'====== Args={}
2025-02-25 17:20:27,585 : INFO : SwitchController : <<<<<<< 's_inlane_1_right' inactive >>>>>>>
2025-02-25 17:20:30,735 : INFO : Timer.attract_carousel_timer : Timer Complete
2025-02-25 17:20:30,735 : INFO : Timer.attract_carousel_timer : Stopping Timer
2025-02-25 17:20:30,736 : INFO : EventManager : Event: ======'timer_attract_carousel_timer_stopped'====== Args={'ticks': 1, 'ticks_remaining': 1}
2025-02-25 17:20:30,736 : INFO : EventManager : Event: ======'timer_attract_carousel_timer_complete'====== Args={'ticks': 1, 'ticks_remaining': 1}
2025-02-25 17:20:30,737 : INFO : EventManager : Event: ======'item_highlighted'====== Args={'carousel': 'attract', 'direction': 'forwards', 'item': 'mpf_logo'}
2025-02-25 17:20:30,737 : INFO : Timer.attract_carousel_timer : Starting Timer.
2025-02-25 17:20:30,737 : INFO : EventManager : Event: ======'timer_attract_carousel_timer_started'====== Args={'ticks': 0, 'ticks_remaining': 1}
2025-02-25 17:20:30,737 : INFO : EventManager : Event: ======'timer_attract_carousel_timer_tick'====== Args={'ticks': 0, 'ticks_remaining': 1}
2025-02-25 17:20:35,739 : INFO : Timer.attract_carousel_timer : Timer Complete
2025-02-25 17:20:35,739 : INFO : Timer.attract_carousel_timer : Stopping Timer
2025-02-25 17:20:35,739 : INFO : EventManager : Event: ======'timer_attract_carousel_timer_stopped'====== Args={'ticks': 1, 'ticks_remaining': 1}
2025-02-25 17:20:35,739 : INFO : EventManager : Event: ======'timer_attract_carousel_timer_complete'====== Args={'ticks': 1, 'ticks_remaining': 1}
2025-02-25 17:20:35,740 : INFO : EventManager : Event: ======'item_highlighted'====== Args={'carousel': 'attract', 'direction': 'forwards', 'item': 'title'}
2025-02-25 17:20:35,740 : INFO : Timer.attract_carousel_timer : Starting Timer.
2025-02-25 17:20:35,740 : INFO : EventManager : Event: ======'timer_attract_carousel_timer_started'====== Args={'ticks': 0, 'ticks_remaining': 1}
2025-02-25 17:20:35,741 : INFO : EventManager : Event: ======'timer_attract_carousel_timer_tick'====== Args={'ticks': 0, 'ticks_remaining': 1}
2025-02-25 17:20:40,742 : INFO : Timer.attract_carousel_timer : Timer Complete
2025-02-25 17:20:40,742 : INFO : Timer.attract_carousel_timer : Stopping Timer
2025-02-25 17:20:40,742 : INFO : EventManager : Event: ======'timer_attract_carousel_timer_stopped'====== Args={'ticks': 1, 'ticks_remaining': 1}
2025-02-25 17:20:40,742 : INFO : EventManager : Event: ======'timer_attract_carousel_timer_complete'====== Args={'ticks': 1, 'ticks_remaining': 1}
2025-02-25 17:20:40,743 : INFO : EventManager : Event: ======'item_highlighted'====== Args={'carousel': 'attract', 'direction': 'forwards', 'item': 'credits'}
2025-02-25 17:20:40,743 : INFO : Timer.attract_carousel_timer : Starting Timer.
2025-02-25 17:20:40,743 : INFO : EventManager : Event: ======'timer_attract_carousel_timer_started'====== Args={'ticks': 0, 'ticks_remaining': 1}
2025-02-25 17:20:40,743 : INFO : EventManager : Event: ======'timer_attract_carousel_timer_tick'====== Args={'ticks': 0, 'ticks_remaining': 1}
2025-02-25 17:20:45,744 : INFO : Timer.attract_carousel_timer : Timer Complete
2025-02-25 17:20:45,744 : INFO : Timer.attract_carousel_timer : Stopping Timer
2025-02-25 17:20:45,744 : INFO : EventManager : Event: ======'timer_attract_carousel_timer_stopped'====== Args={'ticks': 1, 'ticks_remaining': 1}
2025-02-25 17:20:45,744 : INFO : EventManager : Event: ======'timer_attract_carousel_timer_complete'====== Args={'ticks': 1, 'ticks_remaining': 1}
2025-02-25 17:20:45,745 : INFO : EventManager : Event: ======'item_highlighted'====== Args={'carousel': 'attract', 'direction': 'forwards', 'item': 'mpf_logo'}
2025-02-25 17:20:45,746 : INFO : Timer.attract_carousel_timer : Starting Timer.
2025-02-25 17:20:45,746 : INFO : EventManager : Event: ======'timer_attract_carousel_timer_started'====== Args={'ticks': 0, 'ticks_remaining': 1}
2025-02-25 17:20:45,746 : INFO : EventManager : Event: ======'timer_attract_carousel_timer_tick'====== Args={'ticks': 0, 'ticks_remaining': 1}
2025-02-25 17:20:50,746 : INFO : Timer.attract_carousel_timer : Timer Complete
2025-02-25 17:20:50,747 : INFO : Timer.attract_carousel_timer : Stopping Timer
2025-02-25 17:20:50,747 : INFO : EventManager : Event: ======'timer_attract_carousel_timer_stopped'====== Args={'ticks': 1, 'ticks_remaining': 1}
2025-02-25 17:20:50,747 : INFO : EventManager : Event: ======'timer_attract_carousel_timer_complete'====== Args={'ticks': 1, 'ticks_remaining': 1}
2025-02-25 17:20:50,747 : INFO : EventManager : Event: ======'item_highlighted'====== Args={'carousel': 'attract', 'direction': 'forwards', 'item': 'title'}
2025-02-25 17:20:50,748 : INFO : Timer.attract_carousel_timer : Starting Timer.
2025-02-25 17:20:50,749 : INFO : EventManager : Event: ======'timer_attract_carousel_timer_started'====== Args={'ticks': 0, 'ticks_remaining': 1}
2025-02-25 17:20:50,749 : INFO : EventManager : Event: ======'timer_attract_carousel_timer_tick'====== Args={'ticks': 0, 'ticks_remaining': 1}
2025-02-25 17:20:55,749 : INFO : Timer.attract_carousel_timer : Timer Complete
2025-02-25 17:20:55,749 : INFO : Timer.attract_carousel_timer : Stopping Timer
2025-02-25 17:20:55,749 : INFO : EventManager : Event: ======'timer_attract_carousel_timer_stopped'====== Args={'ticks': 1, 'ticks_remaining': 1}
2025-02-25 17:20:55,749 : INFO : EventManager : Event: ======'timer_attract_carousel_timer_complete'====== Args={'ticks': 1, 'ticks_remaining': 1}
2025-02-25 17:20:55,750 : INFO : EventManager : Event: ======'item_highlighted'====== Args={'carousel': 'attract', 'direction': 'forwards', 'item': 'credits'}
2025-02-25 17:20:55,750 : INFO : Timer.attract_carousel_timer : Starting Timer.
2025-02-25 17:20:55,750 : INFO : EventManager : Event: ======'timer_attract_carousel_timer_started'====== Args={'ticks': 0, 'ticks_remaining': 1}
2025-02-25 17:20:55,750 : INFO : EventManager : Event: ======'timer_attract_carousel_timer_tick'====== Args={'ticks': 0, 'ticks_remaining': 1}
2025-02-25 17:21:00,751 : INFO : Timer.attract_carousel_timer : Timer Complete
2025-02-25 17:21:00,752 : INFO : Timer.attract_carousel_timer : Stopping Timer
2025-02-25 17:21:00,752 : INFO : EventManager : Event: ======'timer_attract_carousel_timer_stopped'====== Args={'ticks': 1, 'ticks_remaining': 1}
2025-02-25 17:21:00,752 : INFO : EventManager : Event: ======'timer_attract_carousel_timer_complete'====== Args={'ticks': 1, 'ticks_remaining': 1}
2025-02-25 17:21:00,752 : INFO : EventManager : Event: ======'item_highlighted'====== Args={'carousel': 'attract', 'direction': 'forwards', 'item': 'mpf_logo'}
2025-02-25 17:21:00,752 : INFO : Timer.attract_carousel_timer : Starting Timer.
2025-02-25 17:21:00,752 : INFO : EventManager : Event: ======'timer_attract_carousel_timer_started'====== Args={'ticks': 0, 'ticks_remaining': 1}
2025-02-25 17:21:00,752 : INFO : EventManager : Event: ======'timer_attract_carousel_timer_tick'====== Args={'ticks': 0, 'ticks_remaining': 1}
2025-02-25 17:21:05,754 : INFO : Timer.attract_carousel_timer : Timer Complete
2025-02-25 17:21:05,754 : INFO : Timer.attract_carousel_timer : Stopping Timer
2025-02-25 17:21:05,754 : INFO : EventManager : Event: ======'timer_attract_carousel_timer_stopped'====== Args={'ticks': 1, 'ticks_remaining': 1}
2025-02-25 17:21:05,754 : INFO : EventManager : Event: ======'timer_attract_carousel_timer_complete'====== Args={'ticks': 1, 'ticks_remaining': 1}
2025-02-25 17:21:05,755 : INFO : EventManager : Event: ======'item_highlighted'====== Args={'carousel': 'attract', 'direction': 'forwards', 'item': 'title'}
2025-02-25 17:21:05,755 : INFO : Timer.attract_carousel_timer : Starting Timer.
2025-02-25 17:21:05,756 : INFO : EventManager : Event: ======'timer_attract_carousel_timer_started'====== Args={'ticks': 0, 'ticks_remaining': 1}
2025-02-25 17:21:05,756 : INFO : EventManager : Event: ======'timer_attract_carousel_timer_tick'====== Args={'ticks': 0, 'ticks_remaining': 1}
2025-02-25 17:21:10,757 : INFO : Timer.attract_carousel_timer : Timer Complete
2025-02-25 17:21:10,757 : INFO : Timer.attract_carousel_timer : Stopping Timer
2025-02-25 17:21:10,757 : INFO : EventManager : Event: ======'timer_attract_carousel_timer_stopped'====== Args={'ticks': 1, 'ticks_remaining': 1}
2025-02-25 17:21:10,757 : INFO : EventManager : Event: ======'timer_attract_carousel_timer_complete'====== Args={'ticks': 1, 'ticks_remaining': 1}
2025-02-25 17:21:10,758 : INFO : EventManager : Event: ======'item_highlighted'====== Args={'carousel': 'attract', 'direction': 'forwards', 'item': 'credits'}
2025-02-25 17:21:10,758 : INFO : Timer.attract_carousel_timer : Starting Timer.
2025-02-25 17:21:10,758 : INFO : EventManager : Event: ======'timer_attract_carousel_timer_started'====== Args={'ticks': 0, 'ticks_remaining': 1}
2025-02-25 17:21:10,758 : INFO : EventManager : Event: ======'timer_attract_carousel_timer_tick'====== Args={'ticks': 0, 'ticks_remaining': 1}
2025-02-25 17:21:15,760 : INFO : Timer.attract_carousel_timer : Timer Complete
2025-02-25 17:21:15,760 : INFO : Timer.attract_carousel_timer : Stopping Timer
2025-02-25 17:21:15,760 : INFO : EventManager : Event: ======'timer_attract_carousel_timer_stopped'====== Args={'ticks': 1, 'ticks_remaining': 1}
2025-02-25 17:21:15,760 : INFO : EventManager : Event: ======'timer_attract_carousel_timer_complete'====== Args={'ticks': 1, 'ticks_remaining': 1}
2025-02-25 17:21:15,761 : INFO : EventManager : Event: ======'item_highlighted'====== Args={'carousel': 'attract', 'direction': 'forwards', 'item': 'mpf_logo'}
2025-02-25 17:21:15,761 : INFO : Timer.attract_carousel_timer : Starting Timer.
2025-02-25 17:21:15,761 : INFO : EventManager : Event: ======'timer_attract_carousel_timer_started'====== Args={'ticks': 0, 'ticks_remaining': 1}
2025-02-25 17:21:15,761 : INFO : EventManager : Event: ======'timer_attract_carousel_timer_tick'====== Args={'ticks': 0, 'ticks_remaining': 1}
2025-02-25 17:21:20,762 : INFO : Timer.attract_carousel_timer : Timer Complete
2025-02-25 17:21:20,763 : INFO : Timer.attract_carousel_timer : Stopping Timer
2025-02-25 17:21:20,763 : INFO : EventManager : Event: ======'timer_attract_carousel_timer_stopped'====== Args={'ticks': 1, 'ticks_remaining': 1}
2025-02-25 17:21:20,763 : INFO : EventManager : Event: ======'timer_attract_carousel_timer_complete'====== Args={'ticks': 1, 'ticks_remaining': 1}
2025-02-25 17:21:20,764 : INFO : EventManager : Event: ======'item_highlighted'====== Args={'carousel': 'attract', 'direction': 'forwards', 'item': 'title'}
2025-02-25 17:21:20,764 : INFO : Timer.attract_carousel_timer : Starting Timer.
2025-02-25 17:21:20,764 : INFO : EventManager : Event: ======'timer_attract_carousel_timer_started'====== Args={'ticks': 0, 'ticks_remaining': 1}
2025-02-25 17:21:20,764 : INFO : EventManager : Event: ======'timer_attract_carousel_timer_tick'====== Args={'ticks': 0, 'ticks_remaining': 1}
2025-02-25 17:21:25,765 : INFO : Timer.attract_carousel_timer : Timer Complete
2025-02-25 17:21:25,765 : INFO : Timer.attract_carousel_timer : Stopping Timer
2025-02-25 17:21:25,765 : INFO : EventManager : Event: ======'timer_attract_carousel_timer_stopped'====== Args={'ticks': 1, 'ticks_remaining': 1}
2025-02-25 17:21:25,765 : INFO : EventManager : Event: ======'timer_attract_carousel_timer_complete'====== Args={'ticks': 1, 'ticks_remaining': 1}
2025-02-25 17:21:25,766 : INFO : EventManager : Event: ======'item_highlighted'====== Args={'carousel': 'attract', 'direction': 'forwards', 'item': 'credits'}
2025-02-25 17:21:25,766 : INFO : Timer.attract_carousel_timer : Starting Timer.
2025-02-25 17:21:25,767 : INFO : EventManager : Event: ======'timer_attract_carousel_timer_started'====== Args={'ticks': 0, 'ticks_remaining': 1}
2025-02-25 17:21:25,767 : INFO : EventManager : Event: ======'timer_attract_carousel_timer_tick'====== Args={'ticks': 0, 'ticks_remaining': 1}
2025-02-25 17:21:30,768 : INFO : Timer.attract_carousel_timer : Timer Complete
2025-02-25 17:21:30,768 : INFO : Timer.attract_carousel_timer : Stopping Timer
2025-02-25 17:21:30,768 : INFO : EventManager : Event: ======'timer_attract_carousel_timer_stopped'====== Args={'ticks': 1, 'ticks_remaining': 1}
2025-02-25 17:21:30,768 : INFO : EventManager : Event: ======'timer_attract_carousel_timer_complete'====== Args={'ticks': 1, 'ticks_remaining': 1}
2025-02-25 17:21:30,769 : INFO : EventManager : Event: ======'item_highlighted'====== Args={'carousel': 'attract', 'direction': 'forwards', 'item': 'mpf_logo'}
2025-02-25 17:21:30,770 : INFO : Timer.attract_carousel_timer : Starting Timer.
2025-02-25 17:21:30,770 : INFO : EventManager : Event: ======'timer_attract_carousel_timer_started'====== Args={'ticks': 0, 'ticks_remaining': 1}
2025-02-25 17:21:30,770 : INFO : EventManager : Event: ======'timer_attract_carousel_timer_tick'====== Args={'ticks': 0, 'ticks_remaining': 1}
2025-02-25 17:21:35,771 : INFO : Timer.attract_carousel_timer : Timer Complete
2025-02-25 17:21:35,771 : INFO : Timer.attract_carousel_timer : Stopping Timer
2025-02-25 17:21:35,771 : INFO : EventManager : Event: ======'timer_attract_carousel_timer_stopped'====== Args={'ticks': 1, 'ticks_remaining': 1}
2025-02-25 17:21:35,771 : INFO : EventManager : Event: ======'timer_attract_carousel_timer_complete'====== Args={'ticks': 1, 'ticks_remaining': 1}
2025-02-25 17:21:35,772 : INFO : EventManager : Event: ======'item_highlighted'====== Args={'carousel': 'attract', 'direction': 'forwards', 'item': 'title'}
2025-02-25 17:21:35,772 : INFO : Timer.attract_carousel_timer : Starting Timer.
2025-02-25 17:21:35,773 : INFO : EventManager : Event: ======'timer_attract_carousel_timer_started'====== Args={'ticks': 0, 'ticks_remaining': 1}
2025-02-25 17:21:35,773 : INFO : EventManager : Event: ======'timer_attract_carousel_timer_tick'====== Args={'ticks': 0, 'ticks_remaining': 1}
2025-02-25 17:21:40,774 : INFO : Timer.attract_carousel_timer : Timer Complete
2025-02-25 17:21:40,774 : INFO : Timer.attract_carousel_timer : Stopping Timer
2025-02-25 17:21:40,774 : INFO : EventManager : Event: ======'timer_attract_carousel_timer_stopped'====== Args={'ticks': 1, 'ticks_remaining': 1}
2025-02-25 17:21:40,774 : INFO : EventManager : Event: ======'timer_attract_carousel_timer_complete'====== Args={'ticks': 1, 'ticks_remaining': 1}
2025-02-25 17:21:40,775 : INFO : EventManager : Event: ======'item_highlighted'====== Args={'carousel': 'attract', 'direction': 'forwards', 'item': 'credits'}
2025-02-25 17:21:40,775 : INFO : Timer.attract_carousel_timer : Starting Timer.
2025-02-25 17:21:40,776 : INFO : EventManager : Event: ======'timer_attract_carousel_timer_started'====== Args={'ticks': 0, 'ticks_remaining': 1}
2025-02-25 17:21:40,776 : INFO : EventManager : Event: ======'timer_attract_carousel_timer_tick'====== Args={'ticks': 0, 'ticks_remaining': 1}
2025-02-25 17:21:45,777 : INFO : Timer.attract_carousel_timer : Timer Complete
2025-02-25 17:21:45,777 : INFO : Timer.attract_carousel_timer : Stopping Timer
2025-02-25 17:21:45,777 : INFO : EventManager : Event: ======'timer_attract_carousel_timer_stopped'====== Args={'ticks': 1, 'ticks_remaining': 1}
2025-02-25 17:21:45,777 : INFO : EventManager : Event: ======'timer_attract_carousel_timer_complete'====== Args={'ticks': 1, 'ticks_remaining': 1}
2025-02-25 17:21:45,778 : INFO : EventManager : Event: ======'item_highlighted'====== Args={'carousel': 'attract', 'direction': 'forwards', 'item': 'mpf_logo'}
2025-02-25 17:21:45,778 : INFO : Timer.attract_carousel_timer : Starting Timer.
2025-02-25 17:21:45,778 : INFO : EventManager : Event: ======'timer_attract_carousel_timer_started'====== Args={'ticks': 0, 'ticks_remaining': 1}
2025-02-25 17:21:45,779 : INFO : EventManager : Event: ======'timer_attract_carousel_timer_tick'====== Args={'ticks': 0, 'ticks_remaining': 1}
2025-02-25 17:21:50,780 : INFO : Timer.attract_carousel_timer : Timer Complete
2025-02-25 17:21:50,780 : INFO : Timer.attract_carousel_timer : Stopping Timer
2025-02-25 17:21:50,780 : INFO : EventManager : Event: ======'timer_attract_carousel_timer_stopped'====== Args={'ticks': 1, 'ticks_remaining': 1}
2025-02-25 17:21:50,780 : INFO : EventManager : Event: ======'timer_attract_carousel_timer_complete'====== Args={'ticks': 1, 'ticks_remaining': 1}
2025-02-25 17:21:50,780 : INFO : EventManager : Event: ======'item_highlighted'====== Args={'carousel': 'attract', 'direction': 'forwards', 'item': 'title'}
2025-02-25 17:21:50,781 : INFO : Timer.attract_carousel_timer : Starting Timer.
2025-02-25 17:21:50,781 : INFO : EventManager : Event: ======'timer_attract_carousel_timer_started'====== Args={'ticks': 0, 'ticks_remaining': 1}
2025-02-25 17:21:50,781 : INFO : EventManager : Event: ======'timer_attract_carousel_timer_tick'====== Args={'ticks': 0, 'ticks_remaining': 1}
2025-02-25 17:21:55,215 : INFO : SwitchController : <<<<<<< 's_start_button' active >>>>>>>
2025-02-25 17:21:55,481 : INFO : SwitchController : <<<<<<< 's_start_button' inactive >>>>>>>
2025-02-25 17:21:55,481 : INFO : EventManager : Event: ======'request_to_start_game'====== Args={}
2025-02-25 17:21:55,482 : INFO : BallController : Known balls: 1
2025-02-25 17:21:55,482 : INFO : BallController : bd_plunger contains 0 balls. Tags []
2025-02-25 17:21:55,482 : INFO : BallController : playfield contains 1 balls. Tags ['default']
2025-02-25 17:21:55,482 : WARNING : BallController : BallController denies game start. Not enough balls. 0 found. 1 required
2025-02-25 17:21:55,482 : INFO : BallController : Triggering ball search.
2025-02-25 17:21:55,782 : INFO : Timer.attract_carousel_timer : Timer Complete
2025-02-25 17:21:55,783 : INFO : Timer.attract_carousel_timer : Stopping Timer
2025-02-25 17:21:55,783 : INFO : EventManager : Event: ======'timer_attract_carousel_timer_stopped'====== Args={'ticks': 1, 'ticks_remaining': 1}
2025-02-25 17:21:55,783 : INFO : EventManager : Event: ======'timer_attract_carousel_timer_complete'====== Args={'ticks': 1, 'ticks_remaining': 1}
2025-02-25 17:21:55,783 : INFO : EventManager : Event: ======'item_highlighted'====== Args={'carousel': 'attract', 'direction': 'forwards', 'item': 'credits'}
2025-02-25 17:21:55,784 : INFO : Timer.attract_carousel_timer : Starting Timer.
2025-02-25 17:21:55,784 : INFO : EventManager : Event: ======'timer_attract_carousel_timer_started'====== Args={'ticks': 0, 'ticks_remaining': 1}
2025-02-25 17:21:55,784 : INFO : EventManager : Event: ======'timer_attract_carousel_timer_tick'====== Args={'ticks': 0, 'ticks_remaining': 1}
2025-02-25 17:22:00,785 : INFO : Timer.attract_carousel_timer : Timer Complete
2025-02-25 17:22:00,785 : INFO : Timer.attract_carousel_timer : Stopping Timer
2025-02-25 17:22:00,785 : INFO : EventManager : Event: ======'timer_attract_carousel_timer_stopped'====== Args={'ticks': 1, 'ticks_remaining': 1}
2025-02-25 17:22:00,785 : INFO : EventManager : Event: ======'timer_attract_carousel_timer_complete'====== Args={'ticks': 1, 'ticks_remaining': 1}
2025-02-25 17:22:00,785 : INFO : EventManager : Event: ======'item_highlighted'====== Args={'carousel': 'attract', 'direction': 'forwards', 'item': 'mpf_logo'}
2025-02-25 17:22:00,786 : INFO : Timer.attract_carousel_timer : Starting Timer.
2025-02-25 17:22:00,786 : INFO : EventManager : Event: ======'timer_attract_carousel_timer_started'====== Args={'ticks': 0, 'ticks_remaining': 1}
2025-02-25 17:22:00,786 : INFO : EventManager : Event: ======'timer_attract_carousel_timer_tick'====== Args={'ticks': 0, 'ticks_remaining': 1}
