2025-02-26 17:24:14,587 : INFO : root : Loading config.
2025-02-26 17:24:14,588 : INFO : YamlMultifileConfigLoader : Machine config file #1: config.yaml
2025-02-26 17:24:14,588 : INFO : ConfigProcessor : Loading config from cache: /var/folders/np/pd6clpgx1xs_0sdwz71m1gyh0000gn/T/0e92bbbc1117f2a7fed5bfc9fd49c3ff.mpf_cache
2025-02-26 17:24:14,603 : INFO : ConfigProcessor : Loading config from cache: /var/folders/np/pd6clpgx1xs_0sdwz71m1gyh0000gn/T/1a4610a235e3724f4c88b7b6a3726c72.mpf_cache
2025-02-26 17:24:14,603 : INFO : ConfigProcessor : Loading config from cache: /var/folders/np/pd6clpgx1xs_0sdwz71m1gyh0000gn/T/9ede27cf5d2808a997283e6386622428.mpf_cache
2025-02-26 17:24:14,604 : INFO : ConfigProcessor : Loading config from cache: /var/folders/np/pd6clpgx1xs_0sdwz71m1gyh0000gn/T/1a4610a235e3724f4c88b7b6a3726c72.mpf_cache
2025-02-26 17:24:14,604 : INFO : ConfigProcessor : Loading config from cache: /var/folders/np/pd6clpgx1xs_0sdwz71m1gyh0000gn/T/911d1b37f4ad2186d44e0f02a423c49c.mpf_cache
2025-02-26 17:24:14,604 : INFO : Machine : Mission Pinball Framework Core Engine v0.80.0.dev6
2025-02-26 17:24:14,604 : INFO : Machine : Command line arguments: {'no_load_cache': False, 'create_config_cache': True, 'bcp': True, 'configfile': ['config.yaml'], 'force_assets_load': False, 'platform_integration_test': False, 'jsonlogging': False, 'logfile': 'logs/2025-02-26-17-24-14-mpf-Mac.log', 'pause': False, 'production': False, 'text_ui': True, 'loglevel': 15, 'consoleloglevel': 20, 'force_platform': 'smart_virtual', 'syslog_address': None, 'full_logfile_path': '/Users/andre/Napoleon/logs/2025-02-26-17-24-14-mpf-Mac.log'}
2025-02-26 17:24:14,604 : INFO : Machine : MPF path: /Users/andre/mpf/lib/python3.11/site-packages/mpf
2025-02-26 17:24:14,604 : INFO : Machine : Machine path: /Users/andre/Napoleon
2025-02-26 17:24:14,604 : INFO : Machine : Platform: darwin
2025-02-26 17:24:14,604 : INFO : Machine : Python executable location: /Users/andre/mpf/bin/python3.11
2025-02-26 17:24:14,604 : INFO : Machine : Python version: 3.11.8 (64-bit)
2025-02-26 17:24:14,604 : INFO : Machine : Initializing MPF...
2025-02-26 17:24:14,605 : ERROR : ConfigValidator : Your config contains a value for the setting "hardware:virtual_platform_start_active_switches", but this is not a valid setting name.
2025-02-26 17:24:14,605 : ERROR : Machine : Failed to initialize MPF
Traceback (most recent call last):
  File "/Users/andre/mpf/lib/python3.11/site-packages/mpf/core/machine.py", line 686, in initialize_mpf
    raise init.exception()
  File "/Users/andre/mpf/lib/python3.11/site-packages/mpf/core/machine.py", line 248, in initialize
    await self.initialize_core_and_hardware()
  File "/Users/andre/mpf/lib/python3.11/site-packages/mpf/core/machine.py", line 234, in initialize_core_and_hardware
    self._load_hardware_platforms()
  File "/Users/andre/mpf/lib/python3.11/site-packages/mpf/core/machine.py", line 473, in _load_hardware_platforms
    self.validate_machine_config_section('hardware')
  File "/Users/andre/mpf/lib/python3.11/site-packages/mpf/core/machine.py", line 391, in validate_machine_config_section
    self.config[section] = self.config_validator.validate_config(
                           ^^^^^^^^^^^^^^^^^^^^^^^^^^^^^^^^^^^^^^
  File "/Users/andre/mpf/lib/python3.11/site-packages/mpf/core/config_validator.py", line 164, in validate_config
    return self._validate_config(config_spec, source, base_spec=base_spec, add_missing_keys=add_missing_keys,
           ^^^^^^^^^^^^^^^^^^^^^^^^^^^^^^^^^^^^^^^^^^^^^^^^^^^^^^^^^^^^^^^^^^^^^^^^^^^^^^^^^^^^^^^^^^^^^^^^^^
  File "/Users/andre/mpf/lib/python3.11/site-packages/mpf/core/config_validator.py", line 177, in _validate_config
    self.check_for_invalid_sections(this_spec, source, validation_failure_info)
  File "/Users/andre/mpf/lib/python3.11/site-packages/mpf/core/config_validator.py", line 345, in check_for_invalid_sections
    raise ConfigFileError('Your config contains a value for the '
mpf.exceptions.config_file_error.ConfigFileError: Config File Error in ConfigValidator: Your config contains a value for the setting "hardware:virtual_platform_start_active_switches", but this is not a valid setting name. Error Code: CFE-ConfigValidator-2 (https://missionpinball.org/logs)
2025-02-26 17:24:14,605 : INFO : root : MPF run loop ended.
