2025-02-21 19:00:34,970 : INFO : root : Loading config.
2025-02-21 19:00:34,971 : INFO : YamlMultifileConfigLoader : Machine config file #1: config.yaml
2025-02-21 19:00:34,972 : INFO : ConfigProcessor : Loading config from cache: /var/folders/np/pd6clpgx1xs_0sdwz71m1gyh0000gn/T/0e92bbbc1117f2a7fed5bfc9fd49c3ff.mpf_cache
2025-02-21 19:00:34,986 : WARNING : ConfigProcessor : Config file in cache changed: /Users/andre/Napoleon/modes/attract/config/attract.yaml
2025-02-21 19:00:34,986 : INFO : ConfigProcessor : Loading config from file /Users/andre/mpf/lib/python3.11/site-packages/mpf/modes/attract/config/attract.yaml.
2025-02-21 19:00:34,987 : INFO : ConfigProcessor : Loading config: /Users/andre/mpf/lib/python3.11/site-packages/mpf/modes/attract/config/attract.yaml
2025-02-21 19:00:34,987 : INFO : ConfigProcessor : Loading config from file /Users/andre/Napoleon/modes/attract/config/attract.yaml.
2025-02-21 19:00:34,988 : INFO : ConfigProcessor : Loading config: /Users/andre/Napoleon/modes/attract/config/attract.yaml
2025-02-21 19:00:34,988 : INFO : ConfigProcessor : Config file cache created: /var/folders/np/pd6clpgx1xs_0sdwz71m1gyh0000gn/T/1a4610a235e3724f4c88b7b6a3726c72.mpf_cache
2025-02-21 19:00:34,988 : INFO : ConfigProcessor : Loading config from cache: /var/folders/np/pd6clpgx1xs_0sdwz71m1gyh0000gn/T/9ede27cf5d2808a997283e6386622428.mpf_cache
2025-02-21 19:00:34,988 : INFO : ConfigProcessor : Loading config from cache: /var/folders/np/pd6clpgx1xs_0sdwz71m1gyh0000gn/T/1a4610a235e3724f4c88b7b6a3726c72.mpf_cache
2025-02-21 19:00:34,988 : INFO : ConfigProcessor : Loading config from cache: /var/folders/np/pd6clpgx1xs_0sdwz71m1gyh0000gn/T/911d1b37f4ad2186d44e0f02a423c49c.mpf_cache
2025-02-21 19:00:34,988 : INFO : Machine : Mission Pinball Framework Core Engine v0.80.0.dev6
2025-02-21 19:00:34,988 : INFO : Machine : Command line arguments: {'no_load_cache': False, 'create_config_cache': True, 'bcp': True, 'configfile': ['config.yaml'], 'force_assets_load': False, 'platform_integration_test': False, 'jsonlogging': False, 'logfile': 'logs/2025-02-21-19-00-34-mpf-Mac.log', 'pause': False, 'production': False, 'text_ui': False, 'loglevel': 15, 'consoleloglevel': 20, 'force_platform': 'virtual', 'syslog_address': None, 'full_logfile_path': '/Users/andre/Napoleon/logs/2025-02-21-19-00-34-mpf-Mac.log'}
2025-02-21 19:00:34,988 : INFO : Machine : MPF path: /Users/andre/mpf/lib/python3.11/site-packages/mpf
2025-02-21 19:00:34,988 : INFO : Machine : Machine path: /Users/andre/Napoleon
2025-02-21 19:00:34,988 : INFO : Machine : Platform: darwin
2025-02-21 19:00:34,988 : INFO : Machine : Python executable location: /Users/andre/mpf/bin/python3.11
2025-02-21 19:00:34,988 : INFO : Machine : Python version: 3.11.8 (64-bit)
2025-02-21 19:00:34,989 : INFO : Machine : Initializing MPF...
2025-02-21 19:00:35,001 : INFO : EventManager : Event: ======'machine_var_credits_string'====== Args={'value': 'FREE PLAY', 'prev_value': None, 'change': True}
2025-02-21 19:00:35,004 : INFO : EventManager : Event: ======'machine_var_master_volume'====== Args={'value': 0.5, 'prev_value': None, 'change': True}
2025-02-21 19:00:35,004 : INFO : EventManager : Event: ======'machine_var_mpf_version'====== Args={'value': 'Mission Pinball Framework v0.80.0.dev6', 'prev_value': None, 'change': True}
2025-02-21 19:00:35,004 : INFO : EventManager : Event: ======'machine_var_mpf_extended_version'====== Args={'value': 'Mission Pinball Framework v0.80.0.dev6, Config version:6, Show version: 6, BCP version:1.1', 'prev_value': None, 'change': True}
2025-02-21 19:00:35,004 : INFO : EventManager : Event: ======'machine_var_python_version'====== Args={'value': '3.11.8', 'prev_value': None, 'change': True}
2025-02-21 19:00:35,011 : INFO : EventManager : Event: ======'machine_var_platform'====== Args={'value': 'macOS-15.3.1-arm64-arm-64bit', 'prev_value': None, 'change': True}
2025-02-21 19:00:35,011 : INFO : EventManager : Event: ======'machine_var_platform_system'====== Args={'value': 'Darwin', 'prev_value': None, 'change': True}
2025-02-21 19:00:35,011 : INFO : EventManager : Event: ======'machine_var_platform_release'====== Args={'value': '24.3.0', 'prev_value': None, 'change': True}
2025-02-21 19:00:35,011 : INFO : EventManager : Event: ======'machine_var_platform_version'====== Args={'value': 'Darwin Kernel Version 24.3.0: Thu Jan  2 20:24:23 PST 2025; root:xnu-11215.81.4~3/RELEASE_ARM64_T6020', 'prev_value': None, 'change': True}
2025-02-21 19:00:35,011 : INFO : EventManager : Event: ======'machine_var_platform_machine'====== Args={'value': 'arm64', 'prev_value': None, 'change': True}
2025-02-21 19:00:35,011 : INFO : EventManager : Event: ======'machine_var_log_file_path'====== Args={'value': '/Users/andre/Napoleon/logs/2025-02-21-19-00-34-mpf-Mac.log', 'prev_value': None, 'change': True}
2025-02-21 19:00:35,011 : INFO : EventManager : Event: ======'init_phase_1'====== Args={}
2025-02-21 19:00:35,016 : INFO : EventManager : Event: ======'init_phase_2'====== Args={}
2025-02-21 19:00:35,017 : INFO : EventManager : Event: ======'bcp_connection_attempt'====== Args={'name': 'local_display', 'host': 'localhost', 'port': 5050}
2025-02-21 19:00:35,017 : INFO : BCPClientSocket : Connecting BCP to 'local_display' at localhost:5050...
2025-02-21 19:00:35,019 : INFO : BCPClientSocket : Connected BCP to 'local_display' localhost:5050
2025-02-21 19:00:35,020 : INFO : EventManager : Event: ======'bcp_clients_connected'====== Args={}
2025-02-21 19:00:35,020 : INFO : ball_device.bd_plunger : BCH: Initial count: 0
2025-02-21 19:00:35,020 : INFO : ball_device.bd_plunger : State: idle
2025-02-21 19:00:35,020 : INFO : ball_device.bd_trough : BCH: Initial count: 0
2025-02-21 19:00:35,020 : INFO : ball_device.bd_trough : State: idle
2025-02-21 19:00:35,022 : INFO : EventManager : Event: ======'init_phase_3'====== Args={}
2025-02-21 19:00:35,022 : INFO : EventManager : Event: ======'init_phase_4'====== Args={}
2025-02-21 19:00:35,022 : INFO : BallController : Initial balls found: 0
2025-02-21 19:00:35,023 : INFO : EventManager : Event: ======'machine_var_audits_switches_s_launch_button'====== Args={'value': 0, 'prev_value': None, 'change': True}
2025-02-21 19:00:35,023 : INFO : EventManager : Event: ======'machine_var_audits_switches_s_trough_3'====== Args={'value': 0, 'prev_value': None, 'change': True}
2025-02-21 19:00:35,023 : INFO : EventManager : Event: ======'machine_var_audits_switches_s_flipper_left_eos'====== Args={'value': 0, 'prev_value': None, 'change': True}
2025-02-21 19:00:35,023 : INFO : EventManager : Event: ======'machine_var_audits_switches_s_trough_5'====== Args={'value': 0, 'prev_value': None, 'change': True}
2025-02-21 19:00:35,023 : INFO : EventManager : Event: ======'machine_var_audits_switches_s_sling_left'====== Args={'value': 0, 'prev_value': None, 'change': True}
2025-02-21 19:00:35,023 : INFO : EventManager : Event: ======'machine_var_audits_switches_s_trough_4'====== Args={'value': 0, 'prev_value': None, 'change': True}
2025-02-21 19:00:35,023 : INFO : EventManager : Event: ======'machine_var_audits_switches_s_flipper_right'====== Args={'value': 0, 'prev_value': None, 'change': True}
2025-02-21 19:00:35,023 : INFO : EventManager : Event: ======'machine_var_audits_switches_s_sling_right'====== Args={'value': 0, 'prev_value': None, 'change': True}
2025-02-21 19:00:35,023 : INFO : EventManager : Event: ======'machine_var_audits_switches_s_trough_2'====== Args={'value': 0, 'prev_value': None, 'change': True}
2025-02-21 19:00:35,023 : INFO : EventManager : Event: ======'machine_var_audits_switches_s_trough_1'====== Args={'value': 0, 'prev_value': None, 'change': True}
2025-02-21 19:00:35,023 : INFO : EventManager : Event: ======'machine_var_audits_switches_s_flipper_right_eos'====== Args={'value': 0, 'prev_value': None, 'change': True}
2025-02-21 19:00:35,023 : INFO : EventManager : Event: ======'machine_var_audits_switches_s_trough_6'====== Args={'value': 0, 'prev_value': None, 'change': True}
2025-02-21 19:00:35,023 : INFO : EventManager : Event: ======'machine_var_audits_switches_s_plunger_lane'====== Args={'value': 0, 'prev_value': None, 'change': True}
2025-02-21 19:00:35,023 : INFO : EventManager : Event: ======'machine_var_audits_switches_s_trough_jam'====== Args={'value': 0, 'prev_value': None, 'change': True}
2025-02-21 19:00:35,023 : INFO : EventManager : Event: ======'machine_var_audits_switches_s_flipper_left'====== Args={'value': 0, 'prev_value': None, 'change': True}
2025-02-21 19:00:35,023 : INFO : EventManager : Event: ======'machine_var_audits_events_game_started'====== Args={'value': 0, 'prev_value': None, 'change': True}
2025-02-21 19:00:35,023 : INFO : EventManager : Event: ======'machine_var_audits_events_game_ended'====== Args={'value': 0, 'prev_value': None, 'change': True}
2025-02-21 19:00:35,023 : INFO : EventManager : Event: ======'machine_var_audits_player_score'====== Args={'value': {'top': [], 'average': 0, 'total': 0}, 'prev_value': None, 'change': True}
2025-02-21 19:00:35,023 : INFO : EventManager : Event: ======'init_phase_5'====== Args={}
2025-02-21 19:00:35,023 : INFO : EventManager : Event: ======'init_done'====== Args={}
2025-02-21 19:00:35,023 : INFO : EventManager : Event: ======'machine_reset_phase_1'====== Args={}
2025-02-21 19:00:35,030 : INFO : EventManager : Event: ======'machine_reset_phase_2'====== Args={}
2025-02-21 19:00:35,030 : INFO : EventManager : Event: ======'machine_reset_phase_3'====== Args={}
2025-02-21 19:00:35,030 : INFO : EventManager : Event: ======'reset_complete'====== Args={}
2025-02-21 19:00:35,030 : INFO : EventManager : Event: ======'mode_attract_will_start'====== Args={}
2025-02-21 19:00:35,030 : INFO : Timer.attract_carousel_timer : Starting Timer.
2025-02-21 19:00:35,030 : INFO : EventManager : Event: ======'timer_attract_carousel_timer_started'====== Args={'ticks': 0, 'ticks_remaining': 1}
2025-02-21 19:00:35,030 : INFO : EventManager : Event: ======'timer_attract_carousel_timer_tick'====== Args={'ticks': 0, 'ticks_remaining': 1}
2025-02-21 19:00:35,031 : INFO : EventManager : Event: ======'mode_attract_starting'====== Args={}
2025-02-21 19:00:35,031 : INFO : Mode.attract : Started. Priority: 10
2025-02-21 19:00:35,031 : INFO : EventManager : Event: ======'modes_active_modes_changed'====== Args={}
2025-02-21 19:00:35,031 : INFO : EventManager : Event: ======'mode_attract_started'====== Args={}
2025-02-21 19:00:35,031 : INFO : EventManager : Event: ======'collecting_balls_complete'====== Args={}
2025-02-21 19:00:35,031 : INFO : EventManager : Event: ======'item_highlighted'====== Args={'carousel': 'attract', 'direction': None, 'item': 'title'}
2025-02-21 19:00:35,031 : INFO : EventManager : Event: ======'timer_attract_carousel_timer_tick'====== Args={'ticks': 0, 'ticks_remaining': 1}
2025-02-21 19:00:35,031 : INFO : Machine : Starting the main run loop with active modes: [<Mode.attract>]
2025-02-21 19:00:35,061 : INFO : EventManager : Event: ======'slide_attract_created'====== Args={'_from_bcp': True}
2025-02-21 19:00:35,061 : INFO : EventManager : Event: ======'slide__removed'====== Args={'_from_bcp': True}
2025-02-21 19:00:35,061 : INFO : EventManager : Event: ======'slide_attract_active'====== Args={'original_context': 'attract', 'original_calling_context': 'mode_attract_started', 'priority': 10.0, 'cmd': 'slides_play', '_from_bcp': True}
2025-02-21 19:00:40,033 : INFO : Timer.attract_carousel_timer : Timer Complete
2025-02-21 19:00:40,033 : INFO : Timer.attract_carousel_timer : Stopping Timer
2025-02-21 19:00:40,033 : INFO : EventManager : Event: ======'timer_attract_carousel_timer_stopped'====== Args={'ticks': 1, 'ticks_remaining': 1}
2025-02-21 19:00:40,033 : INFO : EventManager : Event: ======'timer_attract_carousel_timer_complete'====== Args={'ticks': 1, 'ticks_remaining': 1}
2025-02-21 19:00:40,036 : INFO : EventManager : Event: ======'item_highlighted'====== Args={'carousel': 'attract', 'direction': 'forwards', 'item': 'credits'}
2025-02-21 19:00:40,036 : INFO : Timer.attract_carousel_timer : Starting Timer.
2025-02-21 19:00:40,036 : INFO : EventManager : Event: ======'timer_attract_carousel_timer_started'====== Args={'ticks': 0, 'ticks_remaining': 1}
2025-02-21 19:00:40,036 : INFO : EventManager : Event: ======'timer_attract_carousel_timer_tick'====== Args={'ticks': 0, 'ticks_remaining': 1}
2025-02-21 19:00:45,037 : INFO : Timer.attract_carousel_timer : Timer Complete
2025-02-21 19:00:45,038 : INFO : Timer.attract_carousel_timer : Stopping Timer
2025-02-21 19:00:45,038 : INFO : EventManager : Event: ======'timer_attract_carousel_timer_stopped'====== Args={'ticks': 1, 'ticks_remaining': 1}
2025-02-21 19:00:45,038 : INFO : EventManager : Event: ======'timer_attract_carousel_timer_complete'====== Args={'ticks': 1, 'ticks_remaining': 1}
2025-02-21 19:00:45,038 : INFO : EventManager : Event: ======'item_highlighted'====== Args={'carousel': 'attract', 'direction': 'forwards', 'item': 'mpf_logo'}
2025-02-21 19:00:45,039 : INFO : Timer.attract_carousel_timer : Starting Timer.
2025-02-21 19:00:45,039 : INFO : EventManager : Event: ======'timer_attract_carousel_timer_started'====== Args={'ticks': 0, 'ticks_remaining': 1}
2025-02-21 19:00:45,039 : INFO : EventManager : Event: ======'timer_attract_carousel_timer_tick'====== Args={'ticks': 0, 'ticks_remaining': 1}
2025-02-21 19:00:45,632 : INFO : SwitchController : <<<<<<< 's_flipper_right' active >>>>>>>
2025-02-21 19:00:45,632 : INFO : EventManager : Event: ======'s_flipper_right_active'====== Args={}
2025-02-21 19:00:45,632 : INFO : EventManager : Event: ======'item_highlighted'====== Args={'carousel': 'attract', 'direction': 'forwards', 'item': 'title'}
2025-02-21 19:00:45,633 : INFO : EventManager : Event: ======'timer_attract_carousel_timer_tick'====== Args={'ticks': 0, 'ticks_remaining': 1}
2025-02-21 19:00:45,718 : INFO : SwitchController : <<<<<<< 's_flipper_right' inactive >>>>>>>
2025-02-21 19:00:46,235 : INFO : SwitchController : <<<<<<< 's_flipper_left' active >>>>>>>
2025-02-21 19:00:46,235 : INFO : EventManager : Event: ======'s_flipper_left_active'====== Args={}
2025-02-21 19:00:46,235 : INFO : EventManager : Event: ======'item_highlighted'====== Args={'carousel': 'attract', 'direction': 'backwards', 'item': 'mpf_logo'}
2025-02-21 19:00:46,236 : INFO : EventManager : Event: ======'timer_attract_carousel_timer_tick'====== Args={'ticks': 0, 'ticks_remaining': 1}
2025-02-21 19:00:46,352 : INFO : SwitchController : <<<<<<< 's_flipper_left' inactive >>>>>>>
2025-02-21 19:00:46,693 : INFO : SwitchController : <<<<<<< 's_flipper_right' active >>>>>>>
2025-02-21 19:00:46,693 : INFO : EventManager : Event: ======'s_flipper_right_active'====== Args={}
2025-02-21 19:00:46,694 : INFO : EventManager : Event: ======'item_highlighted'====== Args={'carousel': 'attract', 'direction': 'forwards', 'item': 'title'}
2025-02-21 19:00:46,694 : INFO : EventManager : Event: ======'timer_attract_carousel_timer_tick'====== Args={'ticks': 0, 'ticks_remaining': 1}
2025-02-21 19:00:46,751 : INFO : SwitchController : <<<<<<< 's_flipper_right' inactive >>>>>>>
2025-02-21 19:00:46,976 : INFO : SwitchController : <<<<<<< 's_flipper_right' active >>>>>>>
2025-02-21 19:00:46,977 : INFO : EventManager : Event: ======'s_flipper_right_active'====== Args={}
2025-02-21 19:00:46,977 : INFO : EventManager : Event: ======'item_highlighted'====== Args={'carousel': 'attract', 'direction': 'forwards', 'item': 'credits'}
2025-02-21 19:00:46,978 : INFO : EventManager : Event: ======'timer_attract_carousel_timer_tick'====== Args={'ticks': 0, 'ticks_remaining': 1}
2025-02-21 19:00:47,071 : INFO : SwitchController : <<<<<<< 's_flipper_right' inactive >>>>>>>
2025-02-21 19:00:47,534 : INFO : SwitchController : <<<<<<< 's_flipper_left' active >>>>>>>
2025-02-21 19:00:47,535 : INFO : EventManager : Event: ======'s_flipper_left_active'====== Args={}
2025-02-21 19:00:47,535 : INFO : EventManager : Event: ======'item_highlighted'====== Args={'carousel': 'attract', 'direction': 'backwards', 'item': 'title'}
2025-02-21 19:00:47,535 : INFO : EventManager : Event: ======'timer_attract_carousel_timer_tick'====== Args={'ticks': 0, 'ticks_remaining': 1}
2025-02-21 19:00:47,626 : INFO : SwitchController : <<<<<<< 's_flipper_left' inactive >>>>>>>
2025-02-21 19:00:47,827 : INFO : SwitchController : <<<<<<< 's_flipper_left' active >>>>>>>
2025-02-21 19:00:47,827 : INFO : EventManager : Event: ======'s_flipper_left_active'====== Args={}
2025-02-21 19:00:47,827 : INFO : EventManager : Event: ======'item_highlighted'====== Args={'carousel': 'attract', 'direction': 'backwards', 'item': 'mpf_logo'}
2025-02-21 19:00:47,828 : INFO : EventManager : Event: ======'timer_attract_carousel_timer_tick'====== Args={'ticks': 0, 'ticks_remaining': 1}
2025-02-21 19:00:47,971 : INFO : SwitchController : <<<<<<< 's_flipper_left' inactive >>>>>>>
2025-02-21 19:00:48,318 : INFO : SwitchController : <<<<<<< 's_flipper_right' active >>>>>>>
2025-02-21 19:00:48,318 : INFO : EventManager : Event: ======'s_flipper_right_active'====== Args={}
2025-02-21 19:00:48,319 : INFO : EventManager : Event: ======'item_highlighted'====== Args={'carousel': 'attract', 'direction': 'forwards', 'item': 'title'}
2025-02-21 19:00:48,319 : INFO : EventManager : Event: ======'timer_attract_carousel_timer_tick'====== Args={'ticks': 0, 'ticks_remaining': 1}
2025-02-21 19:00:48,384 : INFO : SwitchController : <<<<<<< 's_flipper_right' inactive >>>>>>>
2025-02-21 19:00:48,518 : INFO : SwitchController : <<<<<<< 's_flipper_right' active >>>>>>>
2025-02-21 19:00:48,518 : INFO : EventManager : Event: ======'s_flipper_right_active'====== Args={}
2025-02-21 19:00:48,520 : INFO : EventManager : Event: ======'item_highlighted'====== Args={'carousel': 'attract', 'direction': 'forwards', 'item': 'credits'}
2025-02-21 19:00:48,520 : INFO : EventManager : Event: ======'timer_attract_carousel_timer_tick'====== Args={'ticks': 0, 'ticks_remaining': 1}
2025-02-21 19:00:48,584 : INFO : SwitchController : <<<<<<< 's_flipper_right' inactive >>>>>>>
2025-02-21 19:00:53,522 : INFO : Timer.attract_carousel_timer : Timer Complete
2025-02-21 19:00:53,522 : INFO : Timer.attract_carousel_timer : Stopping Timer
2025-02-21 19:00:53,522 : INFO : EventManager : Event: ======'timer_attract_carousel_timer_stopped'====== Args={'ticks': 1, 'ticks_remaining': 1}
2025-02-21 19:00:53,522 : INFO : EventManager : Event: ======'timer_attract_carousel_timer_complete'====== Args={'ticks': 1, 'ticks_remaining': 1}
2025-02-21 19:00:53,524 : INFO : EventManager : Event: ======'item_highlighted'====== Args={'carousel': 'attract', 'direction': 'forwards', 'item': 'mpf_logo'}
2025-02-21 19:00:53,525 : INFO : Timer.attract_carousel_timer : Starting Timer.
2025-02-21 19:00:53,525 : INFO : EventManager : Event: ======'timer_attract_carousel_timer_started'====== Args={'ticks': 0, 'ticks_remaining': 1}
2025-02-21 19:00:53,525 : INFO : EventManager : Event: ======'timer_attract_carousel_timer_tick'====== Args={'ticks': 0, 'ticks_remaining': 1}
2025-02-21 19:00:57,372 : INFO : Machine : Shutting down...
2025-02-21 19:00:57,372 : INFO : EventManager : Event: ======'shutdown'====== Args={}
2025-02-21 19:00:57,373 : INFO : root : MPF run loop ended.
