2025-04-13 14:15:23,986 : INFO : root : Loading config.
2025-04-13 14:15:23,989 : INFO : YamlMultifileConfigLoader : Machine config file #1: config.yaml
2025-04-13 14:15:23,989 : INFO : ConfigProcessor : Loading config from cache: /var/folders/40/zrmpqx_508x_r3hv1rqbplvh0000gn/T/ea93227a266bc8299bfaa31138eab4ed.mpf_cache
2025-04-13 14:15:23,990 : WARNING : ConfigProcessor : Config file in cache changed: /Users/andre/Napoleon/config/config_switches.yaml
2025-04-13 14:15:23,990 : INFO : ConfigProcessor : Loading config from file /Users/andre/mpf/lib/python3.12/site-packages/mpf/mpfconfig.yaml.
2025-04-13 14:15:24,009 : INFO : ConfigProcessor : Loading config: /Users/andre/mpf/lib/python3.12/site-packages/mpf/mpfconfig.yaml
2025-04-13 14:15:24,009 : INFO : ConfigProcessor : Loading config from file /Users/andre/Napoleon/config/config.yaml.
2025-04-13 14:15:24,012 : INFO : ConfigProcessor : Loading config: /Users/andre/Napoleon/config/config.yaml
2025-04-13 14:15:24,013 : INFO : ConfigProcessor : Loading config: /Users/andre/Napoleon/config/config_ball_devices.yaml
2025-04-13 14:15:24,015 : INFO : ConfigProcessor : Loading config: /Users/andre/Napoleon/config/config_coils.yaml
2025-04-13 14:15:24,018 : INFO : ConfigProcessor : Loading config: /Users/andre/Napoleon/config/config_switches.yaml
2025-04-13 14:15:24,020 : INFO : ConfigProcessor : Config file cache created: /var/folders/40/zrmpqx_508x_r3hv1rqbplvh0000gn/T/ea93227a266bc8299bfaa31138eab4ed.mpf_cache
2025-04-13 14:15:24,077 : INFO : ConfigProcessor : Loading config from cache: /var/folders/40/zrmpqx_508x_r3hv1rqbplvh0000gn/T/c1dd0a736541bd88f4e0ab507b1822f9.mpf_cache
2025-04-13 14:15:24,078 : INFO : ConfigProcessor : Loading config from cache: /var/folders/40/zrmpqx_508x_r3hv1rqbplvh0000gn/T/bba75b4938b7bfaef1ae184809c7472c.mpf_cache
2025-04-13 14:15:24,078 : INFO : ConfigProcessor : Loading config from cache: /var/folders/40/zrmpqx_508x_r3hv1rqbplvh0000gn/T/c1dd0a736541bd88f4e0ab507b1822f9.mpf_cache
2025-04-13 14:15:24,079 : INFO : ConfigProcessor : Loading config from cache: /var/folders/40/zrmpqx_508x_r3hv1rqbplvh0000gn/T/911d1b37f4ad2186d44e0f02a423c49c.mpf_cache
2025-04-13 14:15:24,079 : INFO : Machine : Mission Pinball Framework Core Engine v0.80.0.dev7
2025-04-13 14:15:24,079 : INFO : Machine : Command line arguments: {'no_load_cache': False, 'create_config_cache': True, 'bcp': False, 'configfile': ['config.yaml'], 'force_assets_load': False, 'platform_integration_test': False, 'jsonlogging': False, 'logfile': 'logs/2025-04-13-14-15-23-mpf-Pinball.log', 'pause': False, 'production': False, 'text_ui': False, 'loglevel': 15, 'consoleloglevel': 20, 'force_platform': None, 'syslog_address': None, 'full_logfile_path': '/Users/andre/Napoleon/logs/2025-04-13-14-15-23-mpf-Pinball.log'}
2025-04-13 14:15:24,080 : INFO : Machine : MPF path: /Users/andre/mpf/lib/python3.12/site-packages/mpf
2025-04-13 14:15:24,080 : INFO : Machine : Machine path: /Users/andre/Napoleon
2025-04-13 14:15:24,080 : INFO : Machine : Platform: darwin
2025-04-13 14:15:24,080 : INFO : Machine : Python executable location: /Users/andre/mpf/bin/python3.12
2025-04-13 14:15:24,080 : INFO : Machine : Python version: 3.12.8 (64-bit)
2025-04-13 14:15:24,081 : INFO : Machine : Initializing MPF...
2025-04-13 14:15:24,139 : INFO : FAST : Auto-detecting ports for the following connections: ['net', 'exp']
2025-04-13 14:15:24,161 : INFO : FAST : Detected NET on port /dev/cu.usbmodem14301
2025-04-13 14:15:24,169 : INFO : FAST : Detected EXP on port /dev/cu.usbmodem14303
2025-04-13 14:15:24,275 : INFO : FAST [NET] : Trying to connect to /dev/cu.usbmodem14301 at 921600bps
2025-04-13 14:15:24,281 : INFO : FAST [NET] : Connected to /dev/cu.usbmodem14301 at 921600bps
2025-04-13 14:15:24,285 : INFO : FAST [NET] : Connected to FP-CPU-2000 with firmware v02.26
2025-04-13 14:15:24,288 : INFO : FAST [NET] : Registered I/O Board 0: Model: FP-I/O-3208, Firmware: 01.10, Switches: 32, Drivers: 8
2025-04-13 14:15:24,289 : INFO : FAST [EXP] : Trying to connect to /dev/cu.usbmodem14303 at 921600bps
2025-04-13 14:15:24,295 : INFO : FAST [EXP] : Connected to /dev/cu.usbmodem14303 at 921600bps
2025-04-13 14:15:24,296 : INFO : FAST [EXP] : Verifying hardware for EXP "neuron" (FP-EXP-2000, @48) with ID string "EXP FP-EXP-2000  0.34", board address 48
2025-04-13 14:15:24,297 : INFO : FAST [EXP] : Verifying hardware for EXP "neuron" (FP-EXP-2000, @48) with ID string "LED FP-BRK-0001  0.8", board address 480
2025-04-13 14:15:24,299 : INFO : FAST [EXP] : Verifying hardware for EXP "neuron" (FP-EXP-2000, @48) with ID string "PWR FP-PWR-0007  0.8", board address 481
2025-04-13 14:15:24,300 : INFO : EventManager : Event: ======'machine_var_credits_string'====== Args={'value': 'FREE PLAY', 'prev_value': None, 'change': True}
2025-04-13 14:15:24,320 : INFO : EventManager : Event: ======'machine_var_master_volume'====== Args={'value': 0.5, 'prev_value': None, 'change': True}
2025-04-13 14:15:24,320 : INFO : EventManager : Event: ======'machine_var_mpf_version'====== Args={'value': 'Mission Pinball Framework v0.80.0.dev7', 'prev_value': None, 'change': True}
2025-04-13 14:15:24,320 : INFO : EventManager : Event: ======'machine_var_mpf_extended_version'====== Args={'value': 'Mission Pinball Framework v0.80.0.dev7, Config version:6, Show version: 6, BCP version:1.1', 'prev_value': None, 'change': True}
2025-04-13 14:15:24,320 : INFO : EventManager : Event: ======'machine_var_python_version'====== Args={'value': '3.12.8', 'prev_value': None, 'change': True}
2025-04-13 14:15:24,343 : INFO : EventManager : Event: ======'machine_var_platform'====== Args={'value': 'macOS-14.7.4-x86_64-i386-64bit', 'prev_value': None, 'change': True}
2025-04-13 14:15:24,343 : INFO : EventManager : Event: ======'machine_var_platform_system'====== Args={'value': 'Darwin', 'prev_value': None, 'change': True}
2025-04-13 14:15:24,343 : INFO : EventManager : Event: ======'machine_var_platform_release'====== Args={'value': '23.6.0', 'prev_value': None, 'change': True}
2025-04-13 14:15:24,343 : INFO : EventManager : Event: ======'machine_var_platform_version'====== Args={'value': 'Darwin Kernel Version 23.6.0: Thu Dec 19 20:44:50 PST 2024; root:xnu-10063.141.1.703.2~1/RELEASE_X86_64', 'prev_value': None, 'change': True}
2025-04-13 14:15:24,343 : INFO : EventManager : Event: ======'machine_var_platform_machine'====== Args={'value': 'x86_64', 'prev_value': None, 'change': True}
2025-04-13 14:15:24,343 : INFO : EventManager : Event: ======'machine_var_log_file_path'====== Args={'value': '/Users/andre/Napoleon/logs/2025-04-13-14-15-23-mpf-Pinball.log', 'prev_value': None, 'change': True}
2025-04-13 14:15:24,343 : INFO : EventManager : Event: ======'init_phase_1'====== Args={}
2025-04-13 14:15:24,490 : INFO : SwitchController : <<<<<<< 's_trough_1' active >>>>>>>
2025-04-13 14:15:24,491 : INFO : SwitchController : <<<<<<< 's_trough_2' active >>>>>>>
2025-04-13 14:15:24,491 : INFO : SwitchController : <<<<<<< 's_trough_3' active >>>>>>>
2025-04-13 14:15:24,491 : INFO : SwitchController : <<<<<<< 's_trough_4' active >>>>>>>
2025-04-13 14:15:24,491 : INFO : SwitchController : <<<<<<< 's_trough_5' active >>>>>>>
2025-04-13 14:15:24,491 : INFO : SwitchController : <<<<<<< 's_trough_6' active >>>>>>>
2025-04-13 14:15:24,491 : INFO : SwitchController : <<<<<<< 's_trough_jam' active >>>>>>>
2025-04-13 14:15:24,491 : INFO : SwitchController : <<<<<<< 's_flipper_right_eos' active >>>>>>>
2025-04-13 14:15:24,491 : INFO : SwitchController : <<<<<<< 's_outlane_right' active >>>>>>>
2025-04-13 14:15:24,491 : INFO : SwitchController : <<<<<<< 's_inlane_1_right' active >>>>>>>
2025-04-13 14:15:24,491 : INFO : SwitchController : <<<<<<< 's_inlane_2_right' active >>>>>>>
2025-04-13 14:15:24,491 : INFO : SwitchController : <<<<<<< 's_flipper_left_eos' active >>>>>>>
2025-04-13 14:15:24,491 : INFO : SwitchController : <<<<<<< 's_outlane_left' active >>>>>>>
2025-04-13 14:15:24,553 : INFO : EventManager : Event: ======'init_phase_2'====== Args={}
2025-04-13 14:15:24,554 : INFO : SwitchController : Found active switch: (0, [FAST Platform Interface]) <switch.s_trough_1>
2025-04-13 14:15:24,554 : INFO : SwitchController : Found active switch: (1, [FAST Platform Interface]) <switch.s_trough_2>
2025-04-13 14:15:24,554 : INFO : SwitchController : Found active switch: (2, [FAST Platform Interface]) <switch.s_trough_3>
2025-04-13 14:15:24,554 : INFO : SwitchController : Found active switch: (3, [FAST Platform Interface]) <switch.s_trough_4>
2025-04-13 14:15:24,554 : INFO : SwitchController : Found active switch: (4, [FAST Platform Interface]) <switch.s_trough_5>
2025-04-13 14:15:24,554 : INFO : SwitchController : Found active switch: (5, [FAST Platform Interface]) <switch.s_trough_6>
2025-04-13 14:15:24,554 : INFO : SwitchController : Found active switch: (6, [FAST Platform Interface]) <switch.s_trough_jam>
2025-04-13 14:15:24,554 : INFO : SwitchController : Found active switch: (8, [FAST Platform Interface]) <switch.s_flipper_right_eos>
2025-04-13 14:15:24,554 : INFO : SwitchController : Found active switch: (10, [FAST Platform Interface]) <switch.s_outlane_right>
2025-04-13 14:15:24,554 : INFO : SwitchController : Found active switch: (11, [FAST Platform Interface]) <switch.s_inlane_1_right>
2025-04-13 14:15:24,554 : INFO : SwitchController : Found active switch: (12, [FAST Platform Interface]) <switch.s_inlane_2_right>
2025-04-13 14:15:24,555 : INFO : SwitchController : Found active switch: (13, [FAST Platform Interface]) <switch.s_flipper_left_eos>
2025-04-13 14:15:24,555 : INFO : SwitchController : Found active switch: (15, [FAST Platform Interface]) <switch.s_outlane_left>
2025-04-13 14:15:24,560 : INFO : ball_device.bd_plunger : BCH: Initial count: 0
2025-04-13 14:15:24,561 : INFO : ball_device.bd_plunger : State: idle
2025-04-13 14:15:24,993 : INFO : ball_device.bd_trough : BCH: Initial count: 7
2025-04-13 14:15:24,994 : INFO : ball_device.bd_trough : State: idle
2025-04-13 14:15:25,005 : INFO : EventManager : Event: ======'init_phase_3'====== Args={}
2025-04-13 14:15:25,007 : INFO : EventManager : Event: ======'init_phase_4'====== Args={}
2025-04-13 14:15:25,008 : INFO : BallController : Initial balls found: 7
2025-04-13 14:15:25,009 : INFO : EventManager : Event: ======'machine_var_audits_events_game_ended'====== Args={'value': 0, 'prev_value': None, 'change': True}
2025-04-13 14:15:25,009 : INFO : EventManager : Event: ======'machine_var_audits_events_game_started'====== Args={'value': 10, 'prev_value': None, 'change': True}
2025-04-13 14:15:25,009 : INFO : EventManager : Event: ======'machine_var_audits_missing_switches_s_flipper_left_eos'====== Args={'value': 10, 'prev_value': None, 'change': True}
2025-04-13 14:15:25,009 : INFO : EventManager : Event: ======'machine_var_audits_missing_switches_s_flipper_right_eos'====== Args={'value': 10, 'prev_value': None, 'change': True}
2025-04-13 14:15:25,009 : INFO : EventManager : Event: ======'machine_var_audits_missing_switches_s_inlane_1_right'====== Args={'value': 10, 'prev_value': None, 'change': True}
2025-04-13 14:15:25,009 : INFO : EventManager : Event: ======'machine_var_audits_missing_switches_s_inlane_2_right'====== Args={'value': 10, 'prev_value': None, 'change': True}
2025-04-13 14:15:25,009 : INFO : EventManager : Event: ======'machine_var_audits_missing_switches_s_inlane_left'====== Args={'value': 1, 'prev_value': None, 'change': True}
2025-04-13 14:15:25,009 : INFO : EventManager : Event: ======'machine_var_audits_missing_switches_s_outlane_left'====== Args={'value': 10, 'prev_value': None, 'change': True}
2025-04-13 14:15:25,010 : INFO : EventManager : Event: ======'machine_var_audits_missing_switches_s_outlane_right'====== Args={'value': 10, 'prev_value': None, 'change': True}
2025-04-13 14:15:25,010 : INFO : EventManager : Event: ======'machine_var_audits_missing_switches_s_sling_left'====== Args={'value': 10, 'prev_value': None, 'change': True}
2025-04-13 14:15:25,010 : INFO : EventManager : Event: ======'machine_var_audits_missing_switches_s_sling_right'====== Args={'value': 1, 'prev_value': None, 'change': True}
2025-04-13 14:15:25,010 : INFO : EventManager : Event: ======'machine_var_audits_missing_switches_s_start_button'====== Args={'value': 2, 'prev_value': None, 'change': True}
2025-04-13 14:15:25,010 : INFO : EventManager : Event: ======'machine_var_audits_missing_switches_s_trough_1'====== Args={'value': 1, 'prev_value': None, 'change': True}
2025-04-13 14:15:25,010 : INFO : EventManager : Event: ======'machine_var_audits_missing_switches_s_trough_2'====== Args={'value': 1, 'prev_value': None, 'change': True}
2025-04-13 14:15:25,010 : INFO : EventManager : Event: ======'machine_var_audits_missing_switches_s_trough_3'====== Args={'value': 1, 'prev_value': None, 'change': True}
2025-04-13 14:15:25,010 : INFO : EventManager : Event: ======'machine_var_audits_missing_switches_s_trough_4'====== Args={'value': 1, 'prev_value': None, 'change': True}
2025-04-13 14:15:25,010 : INFO : EventManager : Event: ======'machine_var_audits_missing_switches_s_trough_5'====== Args={'value': 1, 'prev_value': None, 'change': True}
2025-04-13 14:15:25,010 : INFO : EventManager : Event: ======'machine_var_audits_missing_switches_s_trough_6'====== Args={'value': 1, 'prev_value': None, 'change': True}
2025-04-13 14:15:25,010 : INFO : EventManager : Event: ======'machine_var_audits_player_score'====== Args={'value': {'average': 0, 'top': [], 'total': 0}, 'prev_value': None, 'change': True}
2025-04-13 14:15:25,010 : INFO : EventManager : Event: ======'machine_var_audits_switches_s_flipper_left'====== Args={'value': 15, 'prev_value': None, 'change': True}
2025-04-13 14:15:25,010 : INFO : EventManager : Event: ======'machine_var_audits_switches_s_flipper_left_eos'====== Args={'value': 0, 'prev_value': None, 'change': True}
2025-04-13 14:15:25,010 : INFO : EventManager : Event: ======'machine_var_audits_switches_s_flipper_right'====== Args={'value': 19, 'prev_value': None, 'change': True}
2025-04-13 14:15:25,010 : INFO : EventManager : Event: ======'machine_var_audits_switches_s_flipper_right_eos'====== Args={'value': 0, 'prev_value': None, 'change': True}
2025-04-13 14:15:25,010 : INFO : EventManager : Event: ======'machine_var_audits_switches_s_inlane_1_right'====== Args={'value': 0, 'prev_value': None, 'change': True}
2025-04-13 14:15:25,011 : INFO : EventManager : Event: ======'machine_var_audits_switches_s_inlane_2_right'====== Args={'value': 0, 'prev_value': None, 'change': True}
2025-04-13 14:15:25,011 : INFO : EventManager : Event: ======'machine_var_audits_switches_s_inlane_left'====== Args={'value': 1, 'prev_value': None, 'change': True}
2025-04-13 14:15:25,011 : INFO : EventManager : Event: ======'machine_var_audits_switches_s_launch_button'====== Args={'value': 3, 'prev_value': None, 'change': True}
2025-04-13 14:15:25,011 : INFO : EventManager : Event: ======'machine_var_audits_switches_s_outlane_left'====== Args={'value': 0, 'prev_value': None, 'change': True}
2025-04-13 14:15:25,011 : INFO : EventManager : Event: ======'machine_var_audits_switches_s_outlane_right'====== Args={'value': 0, 'prev_value': None, 'change': True}
2025-04-13 14:15:25,011 : INFO : EventManager : Event: ======'machine_var_audits_switches_s_plunger_lane'====== Args={'value': 10, 'prev_value': None, 'change': True}
2025-04-13 14:15:25,011 : INFO : EventManager : Event: ======'machine_var_audits_switches_s_sling_left'====== Args={'value': 0, 'prev_value': None, 'change': True}
2025-04-13 14:15:25,011 : INFO : EventManager : Event: ======'machine_var_audits_switches_s_sling_right'====== Args={'value': 2, 'prev_value': None, 'change': True}
2025-04-13 14:15:25,011 : INFO : EventManager : Event: ======'machine_var_audits_switches_s_start_button'====== Args={'value': 5, 'prev_value': None, 'change': True}
2025-04-13 14:15:25,011 : INFO : EventManager : Event: ======'machine_var_audits_switches_s_trough_1'====== Args={'value': 1, 'prev_value': None, 'change': True}
2025-04-13 14:15:25,011 : INFO : EventManager : Event: ======'machine_var_audits_switches_s_trough_2'====== Args={'value': 2, 'prev_value': None, 'change': True}
2025-04-13 14:15:25,011 : INFO : EventManager : Event: ======'machine_var_audits_switches_s_trough_3'====== Args={'value': 2, 'prev_value': None, 'change': True}
2025-04-13 14:15:25,011 : INFO : EventManager : Event: ======'machine_var_audits_switches_s_trough_4'====== Args={'value': 2, 'prev_value': None, 'change': True}
2025-04-13 14:15:25,011 : INFO : EventManager : Event: ======'machine_var_audits_switches_s_trough_5'====== Args={'value': 1, 'prev_value': None, 'change': True}
2025-04-13 14:15:25,011 : INFO : EventManager : Event: ======'machine_var_audits_switches_s_trough_6'====== Args={'value': 1, 'prev_value': None, 'change': True}
2025-04-13 14:15:25,011 : INFO : EventManager : Event: ======'machine_var_audits_switches_s_trough_jam'====== Args={'value': 2, 'prev_value': None, 'change': True}
2025-04-13 14:15:25,012 : INFO : EventManager : Event: ======'init_phase_5'====== Args={}
2025-04-13 14:15:25,013 : INFO : ball_device.bd_trough : BCH: Count is unstable. Trying to reorder balls.
2025-04-13 14:15:25,013 : WARNING : ball_device.bd_trough : Cannot reorder device because eject_coil_reorder_pulse is not configured
2025-04-13 14:15:25,013 : INFO : ball_device.bd_trough : BCH: Repulse done. Waiting for balls to settle.
2025-04-13 14:15:25,013 : INFO : ball_device.bd_trough : BCH: Reordered count: 7
2025-04-13 14:15:25,014 : INFO : EventManager : Event: ======'init_done'====== Args={}
2025-04-13 14:15:25,015 : INFO : EventManager : Event: ======'machine_reset_phase_1'====== Args={}
2025-04-13 14:15:25,015 : INFO : EventManager : Event: ======'machine_reset_phase_2'====== Args={}
2025-04-13 14:15:25,016 : INFO : EventManager : Event: ======'machine_reset_phase_3'====== Args={}
2025-04-13 14:15:25,016 : INFO : EventManager : Event: ======'reset_complete'====== Args={}
2025-04-13 14:15:25,017 : INFO : EventManager : Event: ======'mode_attract_will_start'====== Args={}
2025-04-13 14:15:25,017 : INFO : Timer.attract_carousel_timer : Starting Timer.
2025-04-13 14:15:25,017 : INFO : EventManager : Event: ======'timer_attract_carousel_timer_started'====== Args={'ticks': 0, 'ticks_remaining': 1}
2025-04-13 14:15:25,017 : INFO : EventManager : Event: ======'timer_attract_carousel_timer_tick'====== Args={'ticks': 0, 'ticks_remaining': 1}
2025-04-13 14:15:25,018 : INFO : EventManager : Event: ======'mode_attract_starting'====== Args={}
2025-04-13 14:15:25,018 : INFO : Mode.attract : Started. Priority: 10
2025-04-13 14:15:25,018 : INFO : EventManager : Event: ======'modes_active_modes_changed'====== Args={}
2025-04-13 14:15:25,018 : INFO : EventManager : Event: ======'mode_attract_started'====== Args={}
2025-04-13 14:15:25,018 : INFO : EventManager : Event: ======'collecting_balls_complete'====== Args={}
2025-04-13 14:15:25,019 : INFO : EventManager : Event: ======'item_highlighted'====== Args={'carousel': 'attract', 'direction': None, 'item': 'title'}
2025-04-13 14:15:25,019 : INFO : EventManager : Event: ======'timer_attract_carousel_timer_tick'====== Args={'ticks': 0, 'ticks_remaining': 1}
2025-04-13 14:15:25,019 : INFO : Machine : Starting the main run loop with active modes: [<Mode.attract>]
2025-04-13 14:15:27,937 : INFO : SwitchController : <<<<<<< 's_flipper_right' active >>>>>>>
2025-04-13 14:15:27,937 : INFO : EventManager : Event: ======'s_flipper_right_active'====== Args={}
2025-04-13 14:15:27,938 : INFO : EventManager : Event: ======'item_highlighted'====== Args={'carousel': 'attract', 'direction': 'forwards', 'item': 'credits'}
2025-04-13 14:15:27,938 : INFO : EventManager : Event: ======'timer_attract_carousel_timer_tick'====== Args={'ticks': 0, 'ticks_remaining': 1}
2025-04-13 14:15:28,167 : INFO : SwitchController : <<<<<<< 's_flipper_right' inactive >>>>>>>
2025-04-13 14:15:28,258 : INFO : SwitchController : <<<<<<< 's_flipper_right' active >>>>>>>
2025-04-13 14:15:28,259 : INFO : EventManager : Event: ======'s_flipper_right_active'====== Args={}
2025-04-13 14:15:28,259 : INFO : EventManager : Event: ======'item_highlighted'====== Args={'carousel': 'attract', 'direction': 'forwards', 'item': 'mpf_logo'}
2025-04-13 14:15:28,259 : INFO : EventManager : Event: ======'timer_attract_carousel_timer_tick'====== Args={'ticks': 0, 'ticks_remaining': 1}
2025-04-13 14:15:28,420 : INFO : SwitchController : <<<<<<< 's_flipper_right' inactive >>>>>>>
2025-04-13 14:15:28,510 : INFO : SwitchController : <<<<<<< 's_flipper_right' active >>>>>>>
2025-04-13 14:15:28,511 : INFO : EventManager : Event: ======'s_flipper_right_active'====== Args={}
2025-04-13 14:15:28,511 : INFO : EventManager : Event: ======'item_highlighted'====== Args={'carousel': 'attract', 'direction': 'forwards', 'item': 'title'}
2025-04-13 14:15:28,512 : INFO : EventManager : Event: ======'timer_attract_carousel_timer_tick'====== Args={'ticks': 0, 'ticks_remaining': 1}
2025-04-13 14:15:28,693 : INFO : SwitchController : <<<<<<< 's_flipper_right' inactive >>>>>>>
2025-04-13 14:15:29,916 : INFO : SwitchController : <<<<<<< 's_flipper_right' active >>>>>>>
2025-04-13 14:15:29,916 : INFO : EventManager : Event: ======'s_flipper_right_active'====== Args={}
2025-04-13 14:15:29,916 : INFO : EventManager : Event: ======'item_highlighted'====== Args={'carousel': 'attract', 'direction': 'forwards', 'item': 'credits'}
2025-04-13 14:15:29,917 : INFO : EventManager : Event: ======'timer_attract_carousel_timer_tick'====== Args={'ticks': 0, 'ticks_remaining': 1}
2025-04-13 14:15:30,119 : INFO : SwitchController : <<<<<<< 's_flipper_right' inactive >>>>>>>
2025-04-13 14:15:30,234 : INFO : SwitchController : <<<<<<< 's_flipper_right' active >>>>>>>
2025-04-13 14:15:30,234 : INFO : EventManager : Event: ======'s_flipper_right_active'====== Args={}
2025-04-13 14:15:30,235 : INFO : EventManager : Event: ======'item_highlighted'====== Args={'carousel': 'attract', 'direction': 'forwards', 'item': 'mpf_logo'}
2025-04-13 14:15:30,235 : INFO : EventManager : Event: ======'timer_attract_carousel_timer_tick'====== Args={'ticks': 0, 'ticks_remaining': 1}
2025-04-13 14:15:30,292 : INFO : SwitchController : <<<<<<< 's_flipper_left' active >>>>>>>
2025-04-13 14:15:30,292 : INFO : EventManager : Event: ======'s_flipper_left_active'====== Args={}
2025-04-13 14:15:30,293 : INFO : EventManager : Event: ======'flipper_cancel'====== Args={'triggering_group': 1, 'triggering_switch': 's_flipper_left'}
2025-04-13 14:15:30,293 : INFO : EventManager : Event: ======'item_highlighted'====== Args={'carousel': 'attract', 'direction': 'backwards', 'item': 'credits'}
2025-04-13 14:15:30,293 : INFO : EventManager : Event: ======'timer_attract_carousel_timer_tick'====== Args={'ticks': 0, 'ticks_remaining': 1}
2025-04-13 14:15:30,424 : INFO : SwitchController : <<<<<<< 's_flipper_left' inactive >>>>>>>
2025-04-13 14:15:30,424 : INFO : EventManager : Event: ======'both_flippers_one'====== Args={'triggering_group': 1, 'triggering_switch': 's_flipper_left'}
2025-04-13 14:15:30,437 : INFO : SwitchController : <<<<<<< 's_flipper_right' inactive >>>>>>>
2025-04-13 14:15:30,437 : INFO : EventManager : Event: ======'both_flippers_inactive'====== Args={'triggering_group': 2, 'triggering_switch': 's_flipper_right'}
2025-04-13 14:15:30,550 : INFO : SwitchController : <<<<<<< 's_flipper_left' active >>>>>>>
2025-04-13 14:15:30,550 : INFO : EventManager : Event: ======'s_flipper_left_active'====== Args={}
2025-04-13 14:15:30,551 : INFO : EventManager : Event: ======'item_highlighted'====== Args={'carousel': 'attract', 'direction': 'backwards', 'item': 'title'}
2025-04-13 14:15:30,551 : INFO : EventManager : Event: ======'timer_attract_carousel_timer_tick'====== Args={'ticks': 0, 'ticks_remaining': 1}
2025-04-13 14:15:30,611 : INFO : SwitchController : <<<<<<< 's_flipper_left' inactive >>>>>>>
2025-04-13 14:15:35,227 : INFO : SwitchController : <<<<<<< 's_trough_3' inactive >>>>>>>
2025-04-13 14:15:35,405 : INFO : SwitchController : <<<<<<< 's_trough_3' active >>>>>>>
2025-04-13 14:15:35,426 : INFO : SwitchController : <<<<<<< 's_trough_2' inactive >>>>>>>
2025-04-13 14:15:35,546 : INFO : SwitchController : <<<<<<< 's_trough_2' active >>>>>>>
2025-04-13 14:15:35,552 : INFO : Timer.attract_carousel_timer : Timer Complete
2025-04-13 14:15:35,552 : INFO : Timer.attract_carousel_timer : Stopping Timer
2025-04-13 14:15:35,552 : INFO : EventManager : Event: ======'timer_attract_carousel_timer_stopped'====== Args={'ticks': 1, 'ticks_remaining': 1}
2025-04-13 14:15:35,552 : INFO : EventManager : Event: ======'timer_attract_carousel_timer_complete'====== Args={'ticks': 1, 'ticks_remaining': 1}
2025-04-13 14:15:35,553 : INFO : EventManager : Event: ======'item_highlighted'====== Args={'carousel': 'attract', 'direction': 'forwards', 'item': 'credits'}
2025-04-13 14:15:35,553 : INFO : Timer.attract_carousel_timer : Starting Timer.
2025-04-13 14:15:35,553 : INFO : EventManager : Event: ======'timer_attract_carousel_timer_started'====== Args={'ticks': 0, 'ticks_remaining': 1}
2025-04-13 14:15:35,553 : INFO : EventManager : Event: ======'timer_attract_carousel_timer_tick'====== Args={'ticks': 0, 'ticks_remaining': 1}
2025-04-13 14:15:35,558 : INFO : SwitchController : <<<<<<< 's_trough_1' inactive >>>>>>>
2025-04-13 14:15:37,160 : INFO : SwitchController : <<<<<<< 's_start_button' active >>>>>>>
2025-04-13 14:15:37,287 : INFO : SwitchController : <<<<<<< 's_start_button' inactive >>>>>>>
2025-04-13 14:15:37,288 : INFO : EventManager : Event: ======'request_to_start_game'====== Args={}
2025-04-13 14:15:37,288 : INFO : EventManager : Event: ======'game_start'====== Args={'buttons': [], 'hold_time': 0.1272210540191736}
2025-04-13 14:15:37,289 : INFO : EventManager : Event: ======'mode_game_will_start'====== Args={'buttons': [], 'hold_time': 0.1272210540191736}
2025-04-13 14:15:37,289 : INFO : EventManager : Event: ======'mode_game_starting'====== Args={'buttons': [], 'hold_time': 0.1272210540191736}
2025-04-13 14:15:37,290 : INFO : EventManager : Event: ======'mode_attract_will_stop'====== Args={}
2025-04-13 14:15:37,290 : INFO : EventManager : Event: ======'mode_attract_stopping'====== Args={}
2025-04-13 14:15:37,290 : INFO : Mode.attract : Stopped.
2025-04-13 14:15:37,290 : INFO : EventManager : Event: ======'modes_active_modes_changed'====== Args={}
2025-04-13 14:15:37,290 : INFO : EventManager : Event: ======'mode_attract_stopped'====== Args={}
2025-04-13 14:15:37,290 : INFO : EventManager : Event: ======'clear'====== Args={'key': 'attract'}
2025-04-13 14:15:37,290 : INFO : Timer.attract_carousel_timer : Stopping Timer
2025-04-13 14:15:37,291 : INFO : EventManager : Event: ======'timer_attract_carousel_timer_stopped'====== Args={'ticks': 0, 'ticks_remaining': 1}
2025-04-13 14:15:37,291 : INFO : Mode.game : Started. Priority: 20
2025-04-13 14:15:37,291 : INFO : EventManager : Event: ======'modes_active_modes_changed'====== Args={}
2025-04-13 14:15:37,291 : INFO : EventManager : Event: ======'mode_game_started'====== Args={'buttons': [], 'hold_time': 0.1272210540191736}
2025-04-13 14:15:37,293 : INFO : EventManager : Event: ======'game_will_start'====== Args={}
2025-04-13 14:15:37,294 : INFO : EventManager : Event: ======'game_starting'====== Args={'game': <Mode.game>}
2025-04-13 14:15:37,295 : INFO : EventManager : Unordered handler for class <Auditor> on event game_ended with priority 1. Handlers: [RegisteredHandler(callback=<bound method Auditor.disable of <Auditor>>, priority=1, kwargs={}, key=UUID('873b71cc-28d7-41ac-889f-3f8c06a7b452'), condition=None, blocking_facility=None), RegisteredHandler(callback=<bound method Auditor._save_audits of <Auditor>>, priority=1, kwargs={}, key=UUID('ff4deeb1-79dc-42af-bfaa-2a5f4da186d7'), condition=None, blocking_facility=None)]. The order of those handlers is not defined and they will be executed in random order. This might lead to race conditions and potential bugs.
2025-04-13 14:15:37,295 : INFO : EventManager : Event: ======'player_add_request'====== Args={}
2025-04-13 14:15:37,296 : INFO : EventManager : Event: ======'player_will_add'====== Args={'number': 1}
2025-04-13 14:15:37,296 : INFO : EventManager : Event: ======'player_adding'====== Args={'player': <Player 1>, 'number': 1}
2025-04-13 14:15:37,296 : INFO : EventManager : Event: ======'player_added'====== Args={'player': <Player 1>, 'num': 1}
2025-04-13 14:15:37,296 : INFO : Mode.game : Player added successfully. Total players: 1
2025-04-13 14:15:37,296 : INFO : EventManager : Event: ======'player_index'====== Args={'value': 0, 'prev_value': 0, 'change': 0, 'player_num': 1}
2025-04-13 14:15:37,296 : INFO : EventManager : Event: ======'player_number'====== Args={'value': 1, 'prev_value': 1, 'change': 0, 'player_num': 1}
2025-04-13 14:15:37,296 : INFO : EventManager : Event: ======'player_score'====== Args={'value': 0, 'prev_value': 0, 'change': 0, 'player_num': 1}
2025-04-13 14:15:37,296 : INFO : EventManager : Event: ======'game_started'====== Args={}
2025-04-13 14:15:37,297 : INFO : EventManager : Event: ======'player_turn_will_start'====== Args={'player': <Player 1>, 'number': 1}
2025-04-13 14:15:37,297 : INFO : EventManager : Event: ======'player_turn_starting'====== Args={'player': <Player 1>, 'number': 1}
2025-04-13 14:15:37,301 : INFO : EventManager : Event: ======'player_ball'====== Args={'value': 1, 'prev_value': 0, 'change': 1, 'player_num': 1}
2025-04-13 14:15:37,302 : INFO : EventManager : Event: ======'player_turn_started'====== Args={'player': <Player 1>, 'number': 1}
2025-04-13 14:15:37,302 : INFO : EventManager : Event: ======'ball_will_start'====== Args={'player': 1, 'ball': 1, 'balls_remaining': 2, 'is_extra_ball': False}
2025-04-13 14:15:37,303 : INFO : EventManager : Event: ======'ball_starting'====== Args={'player': 1, 'ball': 1, 'balls_remaining': 2, 'is_extra_ball': False}
2025-04-13 14:15:37,303 : INFO : EventManager : Event: ======'mode_base_will_start'====== Args={'queue': <QueuedEvent>, 'player': 1, 'ball': 1, 'balls_remaining': 2, 'is_extra_ball': False}
2025-04-13 14:15:37,304 : INFO : EventManager : Event: ======'mode_base_starting'====== Args={'queue': <QueuedEvent>, 'player': 1, 'ball': 1, 'balls_remaining': 2, 'is_extra_ball': False}
2025-04-13 14:15:37,304 : INFO : Mode.base : Started. Priority: 100
2025-04-13 14:15:37,304 : INFO : EventManager : Event: ======'modes_active_modes_changed'====== Args={}
2025-04-13 14:15:37,304 : INFO : EventManager : Event: ======'mode_base_started'====== Args={'queue': <QueuedEvent>, 'player': 1, 'ball': 1, 'balls_remaining': 2, 'is_extra_ball': False}
2025-04-13 14:15:37,304 : INFO : EventManager : Event: ======'balls_in_play'====== Args={'balls': 1}
2025-04-13 14:15:37,304 : INFO : EventManager : Event: ======'ball_started'====== Args={'player': 1, 'ball': 1, 'balls_remaining': 2, 'is_extra_ball': False}
2025-04-13 14:15:37,305 : INFO : EventManager : Event: ======'single_player_ball_started'====== Args={}
2025-04-13 14:15:37,306 : INFO : EventManager : Event: ======'ball_start_target'====== Args={'target': 'playfield'}
2025-04-13 14:15:37,306 : INFO : ball_device.bd_plunger : Setting up player-controlled eject. Balls: 1, Target: <playfield.playfield>, player_controlled_eject_event: s_launch_button_active
2025-04-13 14:15:37,306 : INFO : EventManager : Event: ======'balldevice_balls_available'====== Args={}
2025-04-13 14:15:37,307 : INFO : ball_device.bd_plunger : State: waiting_for_ball
2025-04-13 14:15:38,212 : INFO : SwitchController : <<<<<<< 's_start_button' active >>>>>>>
2025-04-13 14:15:38,213 : INFO : EventManager : Event: ======'sw_start'====== Args={}
2025-04-13 14:15:38,213 : INFO : EventManager : Event: ======'machine_var_audits_switches_s_start_button'====== Args={'value': 6, 'prev_value': 5, 'change': 1}
2025-04-13 14:15:38,213 : INFO : EventManager : Event: ======'player_add_request'====== Args={}
2025-04-13 14:15:38,213 : INFO : EventManager : Event: ======'player_will_add'====== Args={'number': 2}
2025-04-13 14:15:38,213 : INFO : EventManager : Event: ======'player_adding'====== Args={'player': <Player 2>, 'number': 2}
2025-04-13 14:15:38,213 : INFO : EventManager : Event: ======'player_added'====== Args={'player': <Player 2>, 'num': 2}
2025-04-13 14:15:38,213 : INFO : Mode.game : Player added successfully. Total players: 2
2025-04-13 14:15:38,214 : INFO : EventManager : Event: ======'multiplayer_game'====== Args={}
2025-04-13 14:15:38,214 : INFO : EventManager : Event: ======'player_index'====== Args={'value': 1, 'prev_value': 1, 'change': 0, 'player_num': 2}
2025-04-13 14:15:38,214 : INFO : EventManager : Event: ======'player_number'====== Args={'value': 2, 'prev_value': 2, 'change': 0, 'player_num': 2}
2025-04-13 14:15:38,214 : INFO : EventManager : Event: ======'player_score'====== Args={'value': 0, 'prev_value': 0, 'change': 0, 'player_num': 2}
2025-04-13 14:15:38,578 : INFO : SwitchController : <<<<<<< 's_start_button' inactive >>>>>>>
2025-04-13 14:15:38,872 : INFO : SwitchController : <<<<<<< 's_start_button' active >>>>>>>
2025-04-13 14:15:38,873 : INFO : EventManager : Event: ======'sw_start'====== Args={}
2025-04-13 14:15:38,873 : INFO : EventManager : Event: ======'machine_var_audits_switches_s_start_button'====== Args={'value': 7, 'prev_value': 6, 'change': 1}
2025-04-13 14:15:38,874 : INFO : EventManager : Event: ======'player_add_request'====== Args={}
2025-04-13 14:15:38,874 : INFO : EventManager : Event: ======'player_will_add'====== Args={'number': 3}
2025-04-13 14:15:38,874 : INFO : EventManager : Event: ======'player_adding'====== Args={'player': <Player 3>, 'number': 3}
2025-04-13 14:15:38,874 : INFO : EventManager : Event: ======'player_added'====== Args={'player': <Player 3>, 'num': 3}
2025-04-13 14:15:38,874 : INFO : Mode.game : Player added successfully. Total players: 3
2025-04-13 14:15:38,874 : INFO : EventManager : Event: ======'player_index'====== Args={'value': 2, 'prev_value': 2, 'change': 0, 'player_num': 3}
2025-04-13 14:15:38,875 : INFO : EventManager : Event: ======'player_number'====== Args={'value': 3, 'prev_value': 3, 'change': 0, 'player_num': 3}
2025-04-13 14:15:38,875 : INFO : EventManager : Event: ======'player_score'====== Args={'value': 0, 'prev_value': 0, 'change': 0, 'player_num': 3}
2025-04-13 14:15:39,059 : INFO : SwitchController : <<<<<<< 's_start_button' inactive >>>>>>>
2025-04-13 14:15:39,168 : INFO : SwitchController : <<<<<<< 's_start_button' active >>>>>>>
2025-04-13 14:15:39,169 : INFO : EventManager : Event: ======'sw_start'====== Args={}
2025-04-13 14:15:39,169 : INFO : EventManager : Event: ======'machine_var_audits_switches_s_start_button'====== Args={'value': 8, 'prev_value': 7, 'change': 1}
2025-04-13 14:15:39,169 : INFO : EventManager : Event: ======'player_add_request'====== Args={}
2025-04-13 14:15:39,169 : INFO : EventManager : Event: ======'player_will_add'====== Args={'number': 4}
2025-04-13 14:15:39,169 : INFO : EventManager : Event: ======'player_adding'====== Args={'player': <Player 4>, 'number': 4}
2025-04-13 14:15:39,169 : INFO : EventManager : Event: ======'player_added'====== Args={'player': <Player 4>, 'num': 4}
2025-04-13 14:15:39,169 : INFO : Mode.game : Player added successfully. Total players: 4
2025-04-13 14:15:39,170 : INFO : EventManager : Event: ======'player_index'====== Args={'value': 3, 'prev_value': 3, 'change': 0, 'player_num': 4}
2025-04-13 14:15:39,170 : INFO : EventManager : Event: ======'player_number'====== Args={'value': 4, 'prev_value': 4, 'change': 0, 'player_num': 4}
2025-04-13 14:15:39,170 : INFO : EventManager : Event: ======'player_score'====== Args={'value': 0, 'prev_value': 0, 'change': 0, 'player_num': 4}
2025-04-13 14:15:39,301 : INFO : SwitchController : <<<<<<< 's_start_button' inactive >>>>>>>
2025-04-13 14:15:39,373 : INFO : SwitchController : <<<<<<< 's_start_button' active >>>>>>>
2025-04-13 14:15:39,373 : INFO : EventManager : Event: ======'sw_start'====== Args={}
2025-04-13 14:15:39,373 : INFO : EventManager : Event: ======'machine_var_audits_switches_s_start_button'====== Args={'value': 9, 'prev_value': 8, 'change': 1}
2025-04-13 14:15:39,491 : INFO : SwitchController : <<<<<<< 's_start_button' inactive >>>>>>>
2025-04-13 14:15:39,673 : INFO : SwitchController : <<<<<<< 's_start_button' active >>>>>>>
2025-04-13 14:15:39,673 : INFO : EventManager : Event: ======'sw_start'====== Args={}
2025-04-13 14:15:39,674 : INFO : EventManager : Event: ======'machine_var_audits_switches_s_start_button'====== Args={'value': 10, 'prev_value': 9, 'change': 1}
2025-04-13 14:15:39,960 : INFO : SwitchController : <<<<<<< 's_start_button' inactive >>>>>>>
2025-04-13 14:15:40,138 : INFO : SwitchController : <<<<<<< 's_start_button' active >>>>>>>
2025-04-13 14:15:40,139 : INFO : EventManager : Event: ======'sw_start'====== Args={}
2025-04-13 14:15:40,139 : INFO : EventManager : Event: ======'machine_var_audits_switches_s_start_button'====== Args={'value': 11, 'prev_value': 10, 'change': 1}
2025-04-13 14:15:40,270 : INFO : SwitchController : <<<<<<< 's_start_button' inactive >>>>>>>
2025-04-13 14:15:40,809 : INFO : SwitchController : <<<<<<< 's_launch_button' active >>>>>>>
2025-04-13 14:15:40,809 : INFO : EventManager : Event: ======'machine_var_audits_switches_s_launch_button'====== Args={'value': 4, 'prev_value': 3, 'change': 1}
2025-04-13 14:15:40,984 : INFO : SwitchController : <<<<<<< 's_launch_button' inactive >>>>>>>
2025-04-13 14:15:41,060 : INFO : EventManager : Event: ======'balldevice_bd_trough_ball_count_changed'====== Args={'balls': 6}
2025-04-13 14:15:41,060 : WARNING : ball_device.bd_trough : Ball disappeared while idle. This should not normally happen.
2025-04-13 14:15:41,060 : INFO : EventManager : Event: ======'balldevice_playfield_ball_enter'====== Args={'new_balls': 1, 'unclaimed_balls': 1, 'device': <playfield.playfield>}
2025-04-13 14:15:41,060 : INFO : EventManager : Event: ======'playfield_ball_count_change'====== Args={'balls': 1, 'change': 1}
2025-04-13 14:15:41,060 : INFO : ball_device.bd_trough : 1 ball(s) missing from device. Mechanical eject? False
2025-04-13 14:15:41,060 : INFO : EventManager : Event: ======'balldevice_bd_trough_ball_missing'====== Args={'balls': 1}
2025-04-13 14:15:41,061 : INFO : EventManager : Event: ======'balldevice_ball_missing'====== Args={'balls': 1, 'name': 'bd_trough'}
2025-04-13 14:15:41,061 : INFO : ball_device.bd_trough : State: waiting_for_target_ready
2025-04-13 14:15:41,061 : INFO : EventManager : Event: ======'balldevice_bd_trough_ball_eject_attempt'====== Args={'balls': 1, 'target': <ball_device.bd_plunger>, 'source': <ball_device.bd_trough>, 'mechanical_eject': True, 'num_attempts': 0}
2025-04-13 14:15:41,062 : INFO : ball_device.bd_trough : State: ejecting
2025-04-13 14:15:41,062 : INFO : ball_device.bd_trough : Ejecting ball to <ball_device.bd_plunger>
2025-04-13 14:15:41,062 : INFO : EventManager : Event: ======'balldevice_bd_trough_ejecting_ball'====== Args={'balls': 1, 'target': <ball_device.bd_plunger>, 'source': <ball_device.bd_trough>, 'mechanical_eject': True, 'num_attempts': 0}
2025-04-13 14:15:41,063 : INFO : ball_device.bd_trough : Wait for ball to leave device
2025-04-13 14:15:41,063 : INFO : coil.c_trough_eject : Pulsing Driver for 15ms (1.0 pulse_power)
2025-04-13 14:15:41,090 : INFO : SwitchController : <<<<<<< 's_trough_1' active >>>>>>>
2025-04-13 14:15:41,090 : INFO : EventManager : Event: ======'machine_var_audits_switches_s_trough_1'====== Args={'value': 2, 'prev_value': 1, 'change': 1}
2025-04-13 14:15:41,090 : INFO : SwitchController : <<<<<<< 's_trough_jam' inactive >>>>>>>
2025-04-13 14:15:41,092 : INFO : ball_device.bd_trough : State: ball_left
2025-04-13 14:15:41,092 : INFO : ball_device.bd_trough : Ball left
2025-04-13 14:15:41,092 : INFO : ball_device.bd_trough : Wait for confirm with timeout 3.0
2025-04-13 14:15:41,107 : INFO : SwitchController : <<<<<<< 's_trough_jam' active >>>>>>>
2025-04-13 14:15:41,107 : INFO : EventManager : Event: ======'machine_var_audits_switches_s_trough_jam'====== Args={'value': 3, 'prev_value': 2, 'change': 1}
2025-04-13 14:15:41,120 : INFO : SwitchController : <<<<<<< 's_launch_button' active >>>>>>>
2025-04-13 14:15:41,121 : INFO : EventManager : Event: ======'machine_var_audits_switches_s_launch_button'====== Args={'value': 5, 'prev_value': 4, 'change': 1}
2025-04-13 14:15:41,218 : INFO : SwitchController : <<<<<<< 's_launch_button' inactive >>>>>>>
2025-04-13 14:15:41,348 : INFO : SwitchController : <<<<<<< 's_plunger_lane' active >>>>>>>
2025-04-13 14:15:41,348 : INFO : EventManager : Event: ======'machine_var_audits_switches_s_plunger_lane'====== Args={'value': 11, 'prev_value': 10, 'change': 1}
2025-04-13 14:15:41,622 : INFO : SwitchController : <<<<<<< 's_plunger_lane' inactive >>>>>>>
2025-04-13 14:15:41,739 : INFO : SwitchController : <<<<<<< 's_plunger_lane' active >>>>>>>
2025-04-13 14:15:41,739 : INFO : EventManager : Event: ======'machine_var_audits_switches_s_plunger_lane'====== Args={'value': 12, 'prev_value': 11, 'change': 1}
2025-04-13 14:15:42,239 : INFO : ball_device.bd_plunger : Received ball from <ball_device.bd_trough>
2025-04-13 14:15:42,240 : INFO : EventManager : Event: ======'balldevice_bd_plunger_ball_enter'====== Args={'new_balls': 1, 'unclaimed_balls': 0, 'new_available_balls': 0, 'device': <ball_device.bd_plunger>}
2025-04-13 14:15:42,240 : INFO : EventManager : Event: ======'balldevice_bd_plunger_ball_entered'====== Args={'new_balls': 0, 'device': <ball_device.bd_plunger>}
2025-04-13 14:15:42,240 : INFO : EventManager : Event: ======'balldevice_bd_plunger_ball_count_changed'====== Args={'balls': 1}
2025-04-13 14:15:42,241 : INFO : ball_device.bd_trough : Got eject confirm
2025-04-13 14:15:42,241 : INFO : ball_device.bd_trough : Eject successful
2025-04-13 14:15:42,241 : INFO : EventManager : Event: ======'balldevice_bd_trough_ball_eject_success'====== Args={'balls': 1, 'target': <ball_device.bd_plunger>}
2025-04-13 14:15:42,241 : INFO : ball_device.bd_plunger : State: waiting_for_target_ready
2025-04-13 14:15:42,241 : INFO : EventManager : Event: ======'balldevice_bd_plunger_ball_eject_attempt'====== Args={'balls': 1, 'target': <playfield.playfield>, 'source': <ball_device.bd_plunger>, 'mechanical_eject': True, 'num_attempts': 0}
2025-04-13 14:15:42,241 : INFO : EventManager : Event: ======'balldevice_bd_trough_ball_count_changed'====== Args={'balls': 5}
2025-04-13 14:15:42,242 : INFO : ball_device.bd_trough : State: idle
2025-04-13 14:15:42,242 : INFO : EventManager : Event: ======'balldevice_bd_trough_ball_count_changed'====== Args={'balls': 7}
2025-04-13 14:15:42,242 : INFO : ball_device.bd_trough : Received unexpected ball
2025-04-13 14:15:42,242 : INFO : EventManager : Event: ======'balldevice_captured_from_playfield'====== Args={'balls': 1}
2025-04-13 14:15:42,242 : INFO : ball_device.bd_plunger : State: ejecting
2025-04-13 14:15:42,242 : INFO : ball_device.bd_plunger : Ejecting ball to <playfield.playfield>
2025-04-13 14:15:42,242 : INFO : EventManager : Event: ======'balldevice_bd_plunger_ejecting_ball'====== Args={'balls': 1, 'target': <playfield.playfield>, 'source': <ball_device.bd_plunger>, 'mechanical_eject': True, 'num_attempts': 0}
2025-04-13 14:15:42,242 : INFO : EventManager : Event: ======'sw_playfield_active'====== Args={'balls': 1}
2025-04-13 14:15:42,243 : INFO : EventManager : Event: ======'playfield_ball_count_change'====== Args={'balls': 0, 'change': -1}
2025-04-13 14:15:42,243 : INFO : EventManager : Event: ======'balldevice_playfield_ball_enter'====== Args={'new_balls': 1, 'unclaimed_balls': 1, 'device': <playfield.playfield>}
2025-04-13 14:15:42,243 : INFO : EventManager : Event: ======'playfield_ball_count_change'====== Args={'balls': 1, 'change': 1}
2025-04-13 14:15:42,243 : INFO : BallController : Found a new ball which was captured from playfield. Known balls: 8
2025-04-13 14:15:42,243 : INFO : EventManager : Event: ======'found_new_ball'====== Args={}
2025-04-13 14:15:42,243 : INFO : EventManager : Event: ======'balldevice_bd_trough_ball_enter'====== Args={'new_balls': 1, 'unclaimed_balls': 1, 'new_available_balls': 1, 'device': <ball_device.bd_trough>}
2025-04-13 14:15:42,243 : INFO : EventManager : Event: ======'ball_drain'====== Args={'device': <ball_device.bd_trough>, 'balls': 1}
2025-04-13 14:15:42,244 : INFO : ball_device.bd_plunger : Wait for ball to leave device
2025-04-13 14:15:42,244 : INFO : EventManager : Event: ======'ball_will_end'====== Args={}
2025-04-13 14:15:42,244 : INFO : EventManager : Event: ======'balldevice_balls_available'====== Args={}
2025-04-13 14:15:42,244 : INFO : EventManager : Event: ======'balldevice_bd_trough_ball_entered'====== Args={'new_balls': 1, 'device': <ball_device.bd_trough>}
2025-04-13 14:15:42,245 : INFO : ball_device.bd_trough : Received unexpected ball
2025-04-13 14:15:42,245 : INFO : EventManager : Event: ======'balldevice_captured_from_playfield'====== Args={'balls': 1}
2025-04-13 14:15:42,245 : INFO : EventManager : Event: ======'mode_base_will_stop'====== Args={}
2025-04-13 14:15:42,245 : INFO : EventManager : Event: ======'mode_base_stopping'====== Args={}
2025-04-13 14:15:42,245 : INFO : EventManager : Event: ======'sw_playfield_active'====== Args={'balls': 1}
2025-04-13 14:15:42,245 : INFO : EventManager : Event: ======'playfield_ball_count_change'====== Args={'balls': 0, 'change': -1}
2025-04-13 14:15:42,245 : INFO : Mode.base : Stopped.
2025-04-13 14:15:42,246 : INFO : EventManager : Event: ======'modes_active_modes_changed'====== Args={}
2025-04-13 14:15:42,246 : INFO : EventManager : Event: ======'mode_base_stopped'====== Args={}
2025-04-13 14:15:42,246 : INFO : EventManager : Event: ======'clear'====== Args={'key': 'base'}
2025-04-13 14:15:42,246 : INFO : EventManager : Event: ======'balldevice_bd_trough_ball_enter'====== Args={'new_balls': 1, 'unclaimed_balls': 1, 'new_available_balls': 1, 'device': <ball_device.bd_trough>}
2025-04-13 14:15:42,246 : INFO : EventManager : Event: ======'ball_drain'====== Args={'device': <ball_device.bd_trough>, 'balls': 1}
2025-04-13 14:15:42,246 : INFO : EventManager : Event: ======'ball_ending'====== Args={}
2025-04-13 14:15:42,246 : INFO : EventManager : Event: ======'balldevice_balls_available'====== Args={}
2025-04-13 14:15:42,247 : INFO : EventManager : Event: ======'balldevice_bd_trough_ball_entered'====== Args={'new_balls': 1, 'device': <ball_device.bd_trough>}
2025-04-13 14:15:42,248 : INFO : EventManager : Event: ======'ball_ended'====== Args={}
2025-04-13 14:15:42,249 : INFO : EventManager : Event: ======'player_turn_will_end'====== Args={'player': <Player 1>, 'number': 1}
2025-04-13 14:15:42,249 : INFO : EventManager : Event: ======'player_turn_ending'====== Args={'player': <Player 1>, 'number': 1}
2025-04-13 14:15:42,249 : INFO : EventManager : Event: ======'player_turn_ended'====== Args={'player': <Player 1>, 'number': 1}
2025-04-13 14:15:42,250 : INFO : EventManager : Event: ======'player_turn_will_start'====== Args={'player': <Player 2>, 'number': 2}
2025-04-13 14:15:42,250 : INFO : EventManager : Event: ======'player_turn_starting'====== Args={'player': <Player 2>, 'number': 2}
2025-04-13 14:15:42,251 : INFO : EventManager : Event: ======'player_ball'====== Args={'value': 1, 'prev_value': 0, 'change': 1, 'player_num': 2}
2025-04-13 14:15:42,251 : INFO : EventManager : Event: ======'player_turn_started'====== Args={'player': <Player 2>, 'number': 2}
2025-04-13 14:15:42,251 : INFO : EventManager : Event: ======'ball_will_start'====== Args={'player': 2, 'ball': 1, 'balls_remaining': 2, 'is_extra_ball': False}
2025-04-13 14:15:42,252 : INFO : BallController : Found 1 ball(s) on playfield.
2025-04-13 14:15:42,252 : WARNING : BallController : Playfields still contain balls. Waiting for those to drain.
2025-04-13 14:15:42,965 : INFO : SwitchController : <<<<<<< 's_launch_button' active >>>>>>>
2025-04-13 14:15:42,965 : INFO : EventManager : Event: ======'s_launch_button_active'====== Args={}
2025-04-13 14:15:42,965 : INFO : EventManager : Event: ======'machine_var_audits_switches_s_launch_button'====== Args={'value': 6, 'prev_value': 5, 'change': 1}
2025-04-13 14:15:42,966 : INFO : coil.c_plunger : Pulsing Driver for 10ms (1.0 pulse_power)
2025-04-13 14:15:42,999 : INFO : SwitchController : <<<<<<< 's_plunger_lane' inactive >>>>>>>
2025-04-13 14:15:43,001 : INFO : ball_device.bd_plunger : State: ball_left
2025-04-13 14:15:43,001 : INFO : ball_device.bd_plunger : Ball left
2025-04-13 14:15:43,001 : INFO : ball_device.bd_plunger : Wait for confirm with timeout 5.0
2025-04-13 14:15:43,102 : INFO : SwitchController : <<<<<<< 's_launch_button' inactive >>>>>>>
2025-04-13 14:15:43,253 : INFO : BallController : Found 1 ball(s) on playfield.
2025-04-13 14:15:43,253 : WARNING : BallController : Playfields still contain balls. Waiting for those to drain.
2025-04-13 14:15:44,254 : INFO : BallController : Found 1 ball(s) on playfield.
2025-04-13 14:15:44,254 : WARNING : BallController : Playfields still contain balls. Waiting for those to drain.
2025-04-13 14:15:45,254 : INFO : BallController : Found 1 ball(s) on playfield.
2025-04-13 14:15:45,254 : WARNING : BallController : Playfields still contain balls. Waiting for those to drain.
2025-04-13 14:15:46,077 : INFO : SwitchController : <<<<<<< 's_flipper_right' active >>>>>>>
2025-04-13 14:15:46,078 : INFO : EventManager : Event: ======'machine_var_audits_switches_s_flipper_right'====== Args={'value': 20, 'prev_value': 19, 'change': 1}
2025-04-13 14:15:46,255 : INFO : BallController : Found 1 ball(s) on playfield.
2025-04-13 14:15:46,255 : WARNING : BallController : Playfields still contain balls. Waiting for those to drain.
2025-04-13 14:15:46,374 : INFO : SwitchController : <<<<<<< 's_flipper_right' inactive >>>>>>>
2025-04-13 14:15:46,477 : INFO : SwitchController : <<<<<<< 's_flipper_left' active >>>>>>>
2025-04-13 14:15:46,478 : INFO : EventManager : Event: ======'machine_var_audits_switches_s_flipper_left'====== Args={'value': 16, 'prev_value': 15, 'change': 1}
2025-04-13 14:15:46,674 : INFO : SwitchController : <<<<<<< 's_flipper_left' inactive >>>>>>>
2025-04-13 14:15:47,013 : INFO : SwitchController : <<<<<<< 's_sling_right' active >>>>>>>
2025-04-13 14:15:47,013 : INFO : EventManager : Event: ======'machine_var_audits_switches_s_sling_right'====== Args={'value': 3, 'prev_value': 2, 'change': 1}
2025-04-13 14:15:47,095 : INFO : SwitchController : <<<<<<< 's_sling_right' inactive >>>>>>>
2025-04-13 14:15:47,188 : INFO : SwitchController : <<<<<<< 's_sling_right' active >>>>>>>
2025-04-13 14:15:47,188 : INFO : EventManager : Event: ======'machine_var_audits_switches_s_sling_right'====== Args={'value': 4, 'prev_value': 3, 'change': 1}
2025-04-13 14:15:47,255 : INFO : BallController : Found 1 ball(s) on playfield.
2025-04-13 14:15:47,255 : WARNING : BallController : Playfields still contain balls. Waiting for those to drain.
2025-04-13 14:15:47,329 : INFO : SwitchController : <<<<<<< 's_sling_right' inactive >>>>>>>
2025-04-13 14:15:47,367 : INFO : SwitchController : <<<<<<< 's_sling_right' active >>>>>>>
2025-04-13 14:15:47,368 : INFO : EventManager : Event: ======'machine_var_audits_switches_s_sling_right'====== Args={'value': 5, 'prev_value': 4, 'change': 1}
2025-04-13 14:15:47,493 : INFO : SwitchController : <<<<<<< 's_sling_right' inactive >>>>>>>
2025-04-13 14:15:48,001 : INFO : ball_device.bd_plunger : State: failed_confirm
2025-04-13 14:15:48,002 : INFO : ball_device.bd_plunger : Got timeout (5.0s) before confirm from <playfield.playfield>
2025-04-13 14:15:48,102 : INFO : ball_device.bd_plunger : Confirming eject because target is playfield and ball did not return.
2025-04-13 14:15:48,102 : INFO : ball_device.bd_plunger : Eject successful
2025-04-13 14:15:48,102 : INFO : EventManager : Event: ======'balldevice_bd_plunger_ball_eject_success'====== Args={'balls': 1, 'target': <playfield.playfield>}
2025-04-13 14:15:48,103 : INFO : EventManager : Event: ======'balldevice_playfield_ball_enter'====== Args={'new_balls': 1, 'unclaimed_balls': 1, 'device': <playfield.playfield>}
2025-04-13 14:15:48,103 : INFO : EventManager : Event: ======'playfield_ball_count_change'====== Args={'balls': 1, 'change': 1}
2025-04-13 14:15:48,103 : INFO : EventManager : Event: ======'balldevice_bd_plunger_ball_count_changed'====== Args={'balls': 0}
2025-04-13 14:15:48,104 : INFO : ball_device.bd_plunger : State: idle
2025-04-13 14:15:48,256 : INFO : BallController : Found 1 ball(s) on playfield.
2025-04-13 14:15:48,256 : WARNING : BallController : Playfields still contain balls. Waiting for those to drain.
2025-04-13 14:15:48,750 : INFO : SwitchController : <<<<<<< 's_trough_4' inactive >>>>>>>
2025-04-13 14:15:48,769 : INFO : SwitchController : <<<<<<< 's_trough_4' active >>>>>>>
2025-04-13 14:15:48,769 : INFO : EventManager : Event: ======'machine_var_audits_switches_s_trough_4'====== Args={'value': 3, 'prev_value': 2, 'change': 1}
2025-04-13 14:15:48,814 : INFO : SwitchController : <<<<<<< 's_trough_4' inactive >>>>>>>
2025-04-13 14:15:49,047 : INFO : SwitchController : <<<<<<< 's_trough_4' active >>>>>>>
2025-04-13 14:15:49,047 : INFO : EventManager : Event: ======'machine_var_audits_switches_s_trough_4'====== Args={'value': 4, 'prev_value': 3, 'change': 1}
2025-04-13 14:15:49,063 : INFO : SwitchController : <<<<<<< 's_trough_3' inactive >>>>>>>
2025-04-13 14:15:49,167 : INFO : SwitchController : <<<<<<< 's_trough_3' active >>>>>>>
2025-04-13 14:15:49,167 : INFO : EventManager : Event: ======'machine_var_audits_switches_s_trough_3'====== Args={'value': 3, 'prev_value': 2, 'change': 1}
2025-04-13 14:15:49,176 : INFO : SwitchController : <<<<<<< 's_trough_2' inactive >>>>>>>
2025-04-13 14:15:49,254 : INFO : SwitchController : <<<<<<< 's_trough_2' active >>>>>>>
2025-04-13 14:15:49,255 : INFO : EventManager : Event: ======'machine_var_audits_switches_s_trough_2'====== Args={'value': 3, 'prev_value': 2, 'change': 1}
2025-04-13 14:15:49,256 : INFO : BallController : Found 1 ball(s) on playfield.
2025-04-13 14:15:49,256 : WARNING : BallController : Playfields still contain balls. Waiting for those to drain.
2025-04-13 14:15:49,264 : INFO : SwitchController : <<<<<<< 's_trough_1' inactive >>>>>>>
2025-04-13 14:15:50,256 : INFO : BallController : Found 1 ball(s) on playfield.
2025-04-13 14:15:50,257 : WARNING : BallController : Playfields still contain balls. Waiting for those to drain.
2025-04-13 14:15:51,257 : INFO : BallController : Found 1 ball(s) on playfield.
2025-04-13 14:15:51,257 : WARNING : BallController : Playfields still contain balls. Waiting for those to drain.
2025-04-13 14:15:52,258 : INFO : BallController : Found 1 ball(s) on playfield.
2025-04-13 14:15:52,258 : WARNING : BallController : Playfields still contain balls. Waiting for those to drain.
2025-04-13 14:15:53,258 : INFO : BallController : Found 1 ball(s) on playfield.
2025-04-13 14:15:53,258 : WARNING : BallController : Playfields still contain balls. Waiting for those to drain.
2025-04-13 14:15:54,259 : INFO : BallController : Found 1 ball(s) on playfield.
2025-04-13 14:15:54,259 : WARNING : BallController : Playfields still contain balls. Waiting for those to drain.
2025-04-13 14:15:54,765 : INFO : EventManager : Event: ======'balldevice_bd_trough_ball_count_changed'====== Args={'balls': 6}
2025-04-13 14:15:54,766 : WARNING : ball_device.bd_trough : Ball disappeared while idle. This should not normally happen.
2025-04-13 14:15:54,766 : INFO : EventManager : Event: ======'balldevice_playfield_ball_enter'====== Args={'new_balls': 1, 'unclaimed_balls': 1, 'device': <playfield.playfield>}
2025-04-13 14:15:54,766 : INFO : EventManager : Event: ======'playfield_ball_count_change'====== Args={'balls': 2, 'change': 1}
2025-04-13 14:15:54,766 : INFO : ball_device.bd_trough : 1 ball(s) missing from device. Mechanical eject? False
2025-04-13 14:15:54,766 : INFO : EventManager : Event: ======'balldevice_bd_trough_ball_missing'====== Args={'balls': 1}
2025-04-13 14:15:54,767 : INFO : EventManager : Event: ======'balldevice_ball_missing'====== Args={'balls': 1, 'name': 'bd_trough'}
2025-04-13 14:15:55,259 : INFO : BallController : Found 2 ball(s) on playfield.
2025-04-13 14:15:55,260 : WARNING : BallController : Playfields still contain balls. Waiting for those to drain.
2025-04-13 14:15:56,260 : INFO : BallController : Found 2 ball(s) on playfield.
2025-04-13 14:15:56,260 : WARNING : BallController : Playfields still contain balls. Waiting for those to drain.
2025-04-13 14:15:57,260 : INFO : BallController : Found 2 ball(s) on playfield.
2025-04-13 14:15:57,260 : WARNING : BallController : Playfields still contain balls. Waiting for those to drain.
2025-04-13 14:15:58,261 : INFO : BallController : Found 2 ball(s) on playfield.
2025-04-13 14:15:58,261 : WARNING : BallController : Playfields still contain balls. Waiting for those to drain.
2025-04-13 14:15:59,261 : INFO : BallController : Found 2 ball(s) on playfield.
2025-04-13 14:15:59,262 : WARNING : BallController : Playfields still contain balls. Waiting for those to drain.
2025-04-13 14:16:00,262 : INFO : BallController : Found 2 ball(s) on playfield.
2025-04-13 14:16:00,262 : WARNING : BallController : Playfields still contain balls. Waiting for those to drain.
2025-04-13 14:16:00,467 : INFO : SwitchController : <<<<<<< 's_sling_right' active >>>>>>>
2025-04-13 14:16:00,467 : INFO : EventManager : Event: ======'machine_var_audits_switches_s_sling_right'====== Args={'value': 6, 'prev_value': 5, 'change': 1}
2025-04-13 14:16:00,612 : INFO : SwitchController : <<<<<<< 's_sling_right' inactive >>>>>>>
2025-04-13 14:16:00,682 : INFO : SwitchController : <<<<<<< 's_sling_right' active >>>>>>>
2025-04-13 14:16:00,682 : INFO : EventManager : Event: ======'machine_var_audits_switches_s_sling_right'====== Args={'value': 7, 'prev_value': 6, 'change': 1}
2025-04-13 14:16:00,913 : INFO : SwitchController : <<<<<<< 's_sling_right' inactive >>>>>>>
2025-04-13 14:16:01,263 : INFO : BallController : Found 2 ball(s) on playfield.
2025-04-13 14:16:01,263 : WARNING : BallController : Playfields still contain balls. Waiting for those to drain.
2025-04-13 14:16:02,264 : INFO : BallController : Found 2 ball(s) on playfield.
2025-04-13 14:16:02,264 : WARNING : BallController : Playfields still contain balls. Waiting for those to drain.
2025-04-13 14:16:03,264 : INFO : BallController : Found 2 ball(s) on playfield.
2025-04-13 14:16:03,264 : WARNING : BallController : Playfields still contain balls. Waiting for those to drain.
2025-04-13 14:16:03,993 : INFO : SwitchController : <<<<<<< 's_inlane_left' active >>>>>>>
2025-04-13 14:16:03,993 : INFO : EventManager : Event: ======'sw_playfield_active'====== Args={}
2025-04-13 14:16:03,994 : INFO : EventManager : Event: ======'machine_var_audits_switches_s_inlane_left'====== Args={'value': 2, 'prev_value': 1, 'change': 1}
2025-04-13 14:16:04,264 : INFO : BallController : Found 2 ball(s) on playfield.
2025-04-13 14:16:04,265 : WARNING : BallController : Playfields still contain balls. Waiting for those to drain.
2025-04-13 14:16:04,434 : INFO : SwitchController : <<<<<<< 's_inlane_left' inactive >>>>>>>
2025-04-13 14:16:04,467 : INFO : SwitchController : <<<<<<< 's_inlane_left' active >>>>>>>
2025-04-13 14:16:04,467 : INFO : EventManager : Event: ======'sw_playfield_active'====== Args={}
2025-04-13 14:16:04,468 : INFO : EventManager : Event: ======'machine_var_audits_switches_s_inlane_left'====== Args={'value': 3, 'prev_value': 2, 'change': 1}
2025-04-13 14:16:04,603 : INFO : SwitchController : <<<<<<< 's_inlane_left' inactive >>>>>>>
2025-04-13 14:16:05,265 : INFO : BallController : Found 2 ball(s) on playfield.
2025-04-13 14:16:05,265 : WARNING : BallController : Playfields still contain balls. Waiting for those to drain.
2025-04-13 14:16:05,847 : INFO : SwitchController : <<<<<<< 's_sling_left' active >>>>>>>
2025-04-13 14:16:05,847 : INFO : EventManager : Event: ======'machine_var_audits_switches_s_sling_left'====== Args={'value': 1, 'prev_value': 0, 'change': 1}
2025-04-13 14:16:06,031 : INFO : SwitchController : <<<<<<< 's_sling_left' inactive >>>>>>>
2025-04-13 14:16:06,118 : INFO : SwitchController : <<<<<<< 's_sling_left' active >>>>>>>
2025-04-13 14:16:06,118 : INFO : EventManager : Event: ======'machine_var_audits_switches_s_sling_left'====== Args={'value': 2, 'prev_value': 1, 'change': 1}
2025-04-13 14:16:06,265 : INFO : BallController : Found 2 ball(s) on playfield.
2025-04-13 14:16:06,266 : WARNING : BallController : Playfields still contain balls. Waiting for those to drain.
2025-04-13 14:16:06,434 : INFO : SwitchController : <<<<<<< 's_sling_left' inactive >>>>>>>
2025-04-13 14:16:07,266 : INFO : BallController : Found 2 ball(s) on playfield.
2025-04-13 14:16:07,266 : WARNING : BallController : Playfields still contain balls. Waiting for those to drain.
2025-04-13 14:16:08,266 : INFO : BallController : Found 2 ball(s) on playfield.
2025-04-13 14:16:08,267 : WARNING : BallController : Playfields still contain balls. Waiting for those to drain.
2025-04-13 14:16:09,267 : INFO : BallController : Found 2 ball(s) on playfield.
2025-04-13 14:16:09,267 : WARNING : BallController : Playfields still contain balls. Waiting for those to drain.
2025-04-13 14:16:10,268 : INFO : BallController : Found 2 ball(s) on playfield.
2025-04-13 14:16:10,268 : WARNING : BallController : Playfields still contain balls. Waiting for those to drain.
2025-04-13 14:16:11,268 : INFO : BallController : Found 2 ball(s) on playfield.
2025-04-13 14:16:11,268 : WARNING : BallController : Playfields still contain balls. Waiting for those to drain.
2025-04-13 14:16:12,269 : INFO : BallController : Found 2 ball(s) on playfield.
2025-04-13 14:16:12,269 : WARNING : BallController : Playfields still contain balls. Waiting for those to drain.
2025-04-13 14:16:12,812 : INFO : Machine : Shutting down...
2025-04-13 14:16:12,812 : INFO : EventManager : Event: ======'shutdown'====== Args={}
2025-04-13 14:16:12,813 : INFO : EventManager : Event: ======'mode_game_will_stop'====== Args={}
2025-04-13 14:16:12,813 : INFO : EventManager : Event: ======'mode_game_stopping'====== Args={}
2025-04-13 14:16:12,814 : INFO : Mode.game : Stopped.
2025-04-13 14:16:12,814 : INFO : EventManager : Event: ======'modes_active_modes_changed'====== Args={}
2025-04-13 14:16:12,814 : INFO : EventManager : Event: ======'mode_game_stopped'====== Args={}
2025-04-13 14:16:12,814 : INFO : EventManager : Event: ======'clear'====== Args={'key': 'game'}
2025-04-13 14:16:12,920 : INFO : root : MPF run loop ended.
