2025-04-13 14:29:33,521 : INFO : root : Loading config.
2025-04-13 14:29:33,525 : INFO : YamlMultifileConfigLoader : Machine config file #1: config.yaml
2025-04-13 14:29:33,525 : WARNING : ConfigProcessor : Config file in cache changed: /Users/andre/Napoleon/config/config.yaml
2025-04-13 14:29:33,525 : INFO : ConfigProcessor : Loading config from file /Users/andre/mpf/lib/python3.12/site-packages/mpf/mpfconfig.yaml.
2025-04-13 14:29:33,550 : INFO : ConfigProcessor : Loading config: /Users/andre/mpf/lib/python3.12/site-packages/mpf/mpfconfig.yaml
2025-04-13 14:29:33,550 : INFO : ConfigProcessor : Loading config from file /Users/andre/Napoleon/config/config.yaml.
2025-04-13 14:29:33,554 : INFO : ConfigProcessor : Loading config: /Users/andre/Napoleon/config/config.yaml
2025-04-13 14:29:33,555 : INFO : ConfigProcessor : Loading config: /Users/andre/Napoleon/config/config_ball_devices.yaml
2025-04-13 14:29:33,557 : INFO : ConfigProcessor : Loading config: /Users/andre/Napoleon/config/config_coils.yaml
2025-04-13 14:29:33,560 : INFO : ConfigProcessor : Loading config: /Users/andre/Napoleon/config/config_switches.yaml
2025-04-13 14:29:33,563 : INFO : ConfigProcessor : Config file cache created: /var/folders/40/zrmpqx_508x_r3hv1rqbplvh0000gn/T/ea93227a266bc8299bfaa31138eab4ed.mpf_cache
2025-04-13 14:29:33,659 : INFO : ConfigProcessor : Loading config from cache: /var/folders/40/zrmpqx_508x_r3hv1rqbplvh0000gn/T/c1dd0a736541bd88f4e0ab507b1822f9.mpf_cache
2025-04-13 14:29:33,659 : INFO : ConfigProcessor : Loading config from cache: /var/folders/40/zrmpqx_508x_r3hv1rqbplvh0000gn/T/bba75b4938b7bfaef1ae184809c7472c.mpf_cache
2025-04-13 14:29:33,660 : INFO : ConfigProcessor : Loading config from cache: /var/folders/40/zrmpqx_508x_r3hv1rqbplvh0000gn/T/c1dd0a736541bd88f4e0ab507b1822f9.mpf_cache
2025-04-13 14:29:33,660 : INFO : ConfigProcessor : Loading config from cache: /var/folders/40/zrmpqx_508x_r3hv1rqbplvh0000gn/T/911d1b37f4ad2186d44e0f02a423c49c.mpf_cache
2025-04-13 14:29:33,661 : INFO : Machine : Mission Pinball Framework Core Engine v0.80.0.dev7
2025-04-13 14:29:33,661 : INFO : Machine : Command line arguments: {'no_load_cache': False, 'create_config_cache': True, 'bcp': True, 'configfile': ['config.yaml'], 'force_assets_load': False, 'platform_integration_test': False, 'jsonlogging': False, 'logfile': 'logs/2025-04-13-14-29-33-mpf-Pinball.log', 'pause': False, 'production': False, 'text_ui': True, 'loglevel': 15, 'consoleloglevel': 20, 'force_platform': None, 'syslog_address': None, 'full_logfile_path': '/Users/andre/Napoleon/logs/2025-04-13-14-29-33-mpf-Pinball.log'}
2025-04-13 14:29:33,661 : INFO : Machine : MPF path: /Users/andre/mpf/lib/python3.12/site-packages/mpf
2025-04-13 14:29:33,661 : INFO : Machine : Machine path: /Users/andre/Napoleon
2025-04-13 14:29:33,661 : INFO : Machine : Platform: darwin
2025-04-13 14:29:33,661 : INFO : Machine : Python executable location: /Users/andre/mpf/bin/python3.12
2025-04-13 14:29:33,661 : INFO : Machine : Python version: 3.12.8 (64-bit)
2025-04-13 14:29:33,663 : INFO : Machine : Initializing MPF...
2025-04-13 14:29:33,765 : INFO : FAST : Auto-detecting ports for the following connections: ['net', 'exp']
2025-04-13 14:29:33,786 : INFO : FAST : Detected NET on port /dev/cu.usbmodem14301
2025-04-13 14:29:33,794 : INFO : FAST : Detected EXP on port /dev/cu.usbmodem14303
2025-04-13 14:29:33,900 : INFO : FAST [NET] : Trying to connect to /dev/cu.usbmodem14301 at 921600bps
2025-04-13 14:29:33,905 : INFO : FAST [NET] : Connected to /dev/cu.usbmodem14301 at 921600bps
2025-04-13 14:29:33,908 : INFO : FAST [NET] : Connected to FP-CPU-2000 with firmware v02.26
2025-04-13 14:29:33,910 : INFO : FAST [NET] : Registered I/O Board 0: Model: FP-I/O-3208, Firmware: 01.10, Switches: 32, Drivers: 8
2025-04-13 14:29:33,912 : INFO : FAST [EXP] : Trying to connect to /dev/cu.usbmodem14303 at 921600bps
2025-04-13 14:29:33,917 : INFO : FAST [EXP] : Connected to /dev/cu.usbmodem14303 at 921600bps
2025-04-13 14:29:33,919 : INFO : FAST [EXP] : Verifying hardware for EXP "neuron" (FP-EXP-2000, @48) with ID string "EXP FP-EXP-2000  0.34", board address 48
2025-04-13 14:29:33,920 : INFO : FAST [EXP] : Verifying hardware for EXP "neuron" (FP-EXP-2000, @48) with ID string "LED FP-BRK-0001  0.8", board address 480
2025-04-13 14:29:33,922 : INFO : FAST [EXP] : Verifying hardware for EXP "neuron" (FP-EXP-2000, @48) with ID string "PWR FP-PWR-0007  0.8", board address 481
2025-04-13 14:29:33,923 : INFO : EventManager : Event: ======'machine_var_credits_string'====== Args={'value': 'FREE PLAY', 'prev_value': None, 'change': True}
2025-04-13 14:29:33,943 : INFO : EventManager : Event: ======'machine_var_master_volume'====== Args={'value': 0.5, 'prev_value': None, 'change': True}
2025-04-13 14:29:33,943 : INFO : EventManager : Event: ======'machine_var_mpf_version'====== Args={'value': 'Mission Pinball Framework v0.80.0.dev7', 'prev_value': None, 'change': True}
2025-04-13 14:29:33,943 : INFO : EventManager : Event: ======'machine_var_mpf_extended_version'====== Args={'value': 'Mission Pinball Framework v0.80.0.dev7, Config version:6, Show version: 6, BCP version:1.1', 'prev_value': None, 'change': True}
2025-04-13 14:29:33,944 : INFO : EventManager : Event: ======'machine_var_python_version'====== Args={'value': '3.12.8', 'prev_value': None, 'change': True}
2025-04-13 14:29:33,965 : INFO : EventManager : Event: ======'machine_var_platform'====== Args={'value': 'macOS-14.7.4-x86_64-i386-64bit', 'prev_value': None, 'change': True}
2025-04-13 14:29:33,966 : INFO : EventManager : Event: ======'machine_var_platform_system'====== Args={'value': 'Darwin', 'prev_value': None, 'change': True}
2025-04-13 14:29:33,966 : INFO : EventManager : Event: ======'machine_var_platform_release'====== Args={'value': '23.6.0', 'prev_value': None, 'change': True}
2025-04-13 14:29:33,966 : INFO : EventManager : Event: ======'machine_var_platform_version'====== Args={'value': 'Darwin Kernel Version 23.6.0: Thu Dec 19 20:44:50 PST 2024; root:xnu-10063.141.1.703.2~1/RELEASE_X86_64', 'prev_value': None, 'change': True}
2025-04-13 14:29:33,966 : INFO : EventManager : Event: ======'machine_var_platform_machine'====== Args={'value': 'x86_64', 'prev_value': None, 'change': True}
2025-04-13 14:29:33,966 : INFO : EventManager : Event: ======'machine_var_log_file_path'====== Args={'value': '/Users/andre/Napoleon/logs/2025-04-13-14-29-33-mpf-Pinball.log', 'prev_value': None, 'change': True}
2025-04-13 14:29:33,966 : INFO : EventManager : Event: ======'init_phase_1'====== Args={}
2025-04-13 14:29:34,113 : INFO : SwitchController : <<<<<<< 's_trough_jam' active >>>>>>>
2025-04-13 14:29:34,113 : INFO : SwitchController : <<<<<<< 's_flipper_right_eos' active >>>>>>>
2025-04-13 14:29:34,113 : INFO : SwitchController : <<<<<<< 's_outlane_right' active >>>>>>>
2025-04-13 14:29:34,113 : INFO : SwitchController : <<<<<<< 's_inlane_1_right' active >>>>>>>
2025-04-13 14:29:34,113 : INFO : SwitchController : <<<<<<< 's_inlane_2_right' active >>>>>>>
2025-04-13 14:29:34,113 : INFO : SwitchController : <<<<<<< 's_flipper_left_eos' active >>>>>>>
2025-04-13 14:29:34,113 : INFO : SwitchController : <<<<<<< 's_outlane_left' active >>>>>>>
2025-04-13 14:29:34,175 : INFO : EventManager : Event: ======'init_phase_2'====== Args={}
2025-04-13 14:29:34,176 : INFO : SwitchController : Found active switch: (6, [FAST Platform Interface]) <switch.s_trough_jam>
2025-04-13 14:29:34,176 : INFO : SwitchController : Found active switch: (8, [FAST Platform Interface]) <switch.s_flipper_right_eos>
2025-04-13 14:29:34,176 : INFO : SwitchController : Found active switch: (10, [FAST Platform Interface]) <switch.s_outlane_right>
2025-04-13 14:29:34,176 : INFO : SwitchController : Found active switch: (11, [FAST Platform Interface]) <switch.s_inlane_1_right>
2025-04-13 14:29:34,176 : INFO : SwitchController : Found active switch: (12, [FAST Platform Interface]) <switch.s_inlane_2_right>
2025-04-13 14:29:34,176 : INFO : SwitchController : Found active switch: (13, [FAST Platform Interface]) <switch.s_flipper_left_eos>
2025-04-13 14:29:34,176 : INFO : SwitchController : Found active switch: (15, [FAST Platform Interface]) <switch.s_outlane_left>
2025-04-13 14:29:34,180 : INFO : EventManager : Event: ======'bcp_connection_attempt'====== Args={'name': 'local_display', 'host': 'localhost', 'port': 5050}
2025-04-13 14:29:34,183 : INFO : BCPClientSocket : Connecting BCP to 'local_display' at localhost:5050...
2025-04-13 14:29:41,460 : INFO : BCPClientSocket : Connected BCP to 'local_display' localhost:5050
2025-04-13 14:29:41,461 : INFO : EventManager : Event: ======'bcp_clients_connected'====== Args={}
2025-04-13 14:29:41,464 : INFO : ball_device.bd_plunger : BCH: Initial count: 0
2025-04-13 14:29:41,464 : INFO : ball_device.bd_plunger : State: idle
2025-04-13 14:29:41,465 : INFO : ball_device.bd_trough : BCH: Initial count: 1
2025-04-13 14:29:41,466 : INFO : ball_device.bd_trough : State: idle
2025-04-13 14:29:41,476 : INFO : EventManager : Event: ======'init_phase_3'====== Args={}
2025-04-13 14:29:41,487 : INFO : EventManager : Event: ======'init_phase_4'====== Args={}
2025-04-13 14:29:41,488 : INFO : BallController : Initial balls found: 1
2025-04-13 14:29:41,489 : INFO : EventManager : Event: ======'machine_var_audits_events_game_ended'====== Args={'value': 0, 'prev_value': None, 'change': True}
2025-04-13 14:29:41,489 : INFO : EventManager : Event: ======'machine_var_audits_events_game_started'====== Args={'value': 13, 'prev_value': None, 'change': True}
2025-04-13 14:29:41,489 : INFO : EventManager : Event: ======'machine_var_audits_missing_switches_s_flipper_left'====== Args={'value': 1, 'prev_value': None, 'change': True}
2025-04-13 14:29:41,489 : INFO : EventManager : Event: ======'machine_var_audits_missing_switches_s_flipper_left_eos'====== Args={'value': 13, 'prev_value': None, 'change': True}
2025-04-13 14:29:41,489 : INFO : EventManager : Event: ======'machine_var_audits_missing_switches_s_flipper_right'====== Args={'value': 1, 'prev_value': None, 'change': True}
2025-04-13 14:29:41,490 : INFO : EventManager : Event: ======'machine_var_audits_missing_switches_s_flipper_right_eos'====== Args={'value': 13, 'prev_value': None, 'change': True}
2025-04-13 14:29:41,490 : INFO : EventManager : Event: ======'machine_var_audits_missing_switches_s_inlane_1_right'====== Args={'value': 1, 'prev_value': None, 'change': True}
2025-04-13 14:29:41,490 : INFO : EventManager : Event: ======'machine_var_audits_missing_switches_s_inlane_2_right'====== Args={'value': 13, 'prev_value': None, 'change': True}
2025-04-13 14:29:41,490 : INFO : EventManager : Event: ======'machine_var_audits_missing_switches_s_inlane_left'====== Args={'value': 2, 'prev_value': None, 'change': True}
2025-04-13 14:29:41,490 : INFO : EventManager : Event: ======'machine_var_audits_missing_switches_s_outlane_left'====== Args={'value': 13, 'prev_value': None, 'change': True}
2025-04-13 14:29:41,490 : INFO : EventManager : Event: ======'machine_var_audits_missing_switches_s_outlane_right'====== Args={'value': 13, 'prev_value': None, 'change': True}
2025-04-13 14:29:41,490 : INFO : EventManager : Event: ======'machine_var_audits_missing_switches_s_start_button'====== Args={'value': 2, 'prev_value': None, 'change': True}
2025-04-13 14:29:41,490 : INFO : EventManager : Event: ======'machine_var_audits_player_score'====== Args={'value': {'average': 0, 'top': [], 'total': 0}, 'prev_value': None, 'change': True}
2025-04-13 14:29:41,490 : INFO : EventManager : Event: ======'machine_var_audits_switches_s_flipper_left'====== Args={'value': 19, 'prev_value': None, 'change': True}
2025-04-13 14:29:41,490 : INFO : EventManager : Event: ======'machine_var_audits_switches_s_flipper_left_eos'====== Args={'value': 0, 'prev_value': None, 'change': True}
2025-04-13 14:29:41,490 : INFO : EventManager : Event: ======'machine_var_audits_switches_s_flipper_right'====== Args={'value': 22, 'prev_value': None, 'change': True}
2025-04-13 14:29:41,490 : INFO : EventManager : Event: ======'machine_var_audits_switches_s_flipper_right_eos'====== Args={'value': 0, 'prev_value': None, 'change': True}
2025-04-13 14:29:41,491 : INFO : EventManager : Event: ======'machine_var_audits_switches_s_inlane_1_right'====== Args={'value': 1, 'prev_value': None, 'change': True}
2025-04-13 14:29:41,491 : INFO : EventManager : Event: ======'machine_var_audits_switches_s_inlane_2_right'====== Args={'value': 0, 'prev_value': None, 'change': True}
2025-04-13 14:29:41,491 : INFO : EventManager : Event: ======'machine_var_audits_switches_s_inlane_left'====== Args={'value': 3, 'prev_value': None, 'change': True}
2025-04-13 14:29:41,491 : INFO : EventManager : Event: ======'machine_var_audits_switches_s_launch_button'====== Args={'value': 8, 'prev_value': None, 'change': True}
2025-04-13 14:29:41,491 : INFO : EventManager : Event: ======'machine_var_audits_switches_s_outlane_left'====== Args={'value': 0, 'prev_value': None, 'change': True}
2025-04-13 14:29:41,491 : INFO : EventManager : Event: ======'machine_var_audits_switches_s_outlane_right'====== Args={'value': 0, 'prev_value': None, 'change': True}
2025-04-13 14:29:41,491 : INFO : EventManager : Event: ======'machine_var_audits_switches_s_plunger_lane'====== Args={'value': 32, 'prev_value': None, 'change': True}
2025-04-13 14:29:41,491 : INFO : EventManager : Event: ======'machine_var_audits_switches_s_sling_left'====== Args={'value': 5, 'prev_value': None, 'change': True}
2025-04-13 14:29:41,491 : INFO : EventManager : Event: ======'machine_var_audits_switches_s_sling_right'====== Args={'value': 26, 'prev_value': None, 'change': True}
2025-04-13 14:29:41,491 : INFO : EventManager : Event: ======'machine_var_audits_switches_s_start_button'====== Args={'value': 11, 'prev_value': None, 'change': True}
2025-04-13 14:29:41,491 : INFO : EventManager : Event: ======'machine_var_audits_switches_s_trough_1'====== Args={'value': 4, 'prev_value': None, 'change': True}
2025-04-13 14:29:41,491 : INFO : EventManager : Event: ======'machine_var_audits_switches_s_trough_2'====== Args={'value': 5, 'prev_value': None, 'change': True}
2025-04-13 14:29:41,492 : INFO : EventManager : Event: ======'machine_var_audits_switches_s_trough_3'====== Args={'value': 5, 'prev_value': None, 'change': True}
2025-04-13 14:29:41,492 : INFO : EventManager : Event: ======'machine_var_audits_switches_s_trough_4'====== Args={'value': 6, 'prev_value': None, 'change': True}
2025-04-13 14:29:41,492 : INFO : EventManager : Event: ======'machine_var_audits_switches_s_trough_5'====== Args={'value': 3, 'prev_value': None, 'change': True}
2025-04-13 14:29:41,492 : INFO : EventManager : Event: ======'machine_var_audits_switches_s_trough_6'====== Args={'value': 3, 'prev_value': None, 'change': True}
2025-04-13 14:29:41,492 : INFO : EventManager : Event: ======'machine_var_audits_switches_s_trough_jam'====== Args={'value': 5, 'prev_value': None, 'change': True}
2025-04-13 14:29:41,493 : INFO : EventManager : Event: ======'init_phase_5'====== Args={}
2025-04-13 14:29:41,493 : INFO : ball_device.bd_trough : BCH: Count is unstable. Trying to reorder balls.
2025-04-13 14:29:41,494 : WARNING : ball_device.bd_trough : Cannot reorder device because eject_coil_reorder_pulse is not configured
2025-04-13 14:29:41,494 : INFO : ball_device.bd_trough : BCH: Repulse done. Waiting for balls to settle.
2025-04-13 14:29:41,494 : INFO : ball_device.bd_trough : BCH: Reordered count: 1
2025-04-13 14:29:41,494 : INFO : EventManager : Event: ======'init_done'====== Args={}
2025-04-13 14:29:41,494 : INFO : EventManager : Event: ======'machine_reset_phase_1'====== Args={}
2025-04-13 14:29:41,509 : INFO : EventManager : Event: ======'machine_reset_phase_2'====== Args={}
2025-04-13 14:29:41,510 : INFO : EventManager : Event: ======'machine_reset_phase_3'====== Args={}
2025-04-13 14:29:41,511 : INFO : EventManager : Event: ======'reset_complete'====== Args={}
2025-04-13 14:29:41,511 : INFO : EventManager : Event: ======'mode_attract_will_start'====== Args={}
2025-04-13 14:29:41,511 : INFO : Timer.attract_carousel_timer : Starting Timer.
2025-04-13 14:29:41,512 : INFO : EventManager : Event: ======'timer_attract_carousel_timer_started'====== Args={'ticks': 0, 'ticks_remaining': 1}
2025-04-13 14:29:41,512 : INFO : EventManager : Event: ======'timer_attract_carousel_timer_tick'====== Args={'ticks': 0, 'ticks_remaining': 1}
2025-04-13 14:29:41,513 : INFO : EventManager : Event: ======'mode_attract_starting'====== Args={}
2025-04-13 14:29:41,513 : INFO : Mode.attract : Started. Priority: 10
2025-04-13 14:29:41,513 : INFO : EventManager : Event: ======'modes_active_modes_changed'====== Args={}
2025-04-13 14:29:41,513 : INFO : EventManager : Event: ======'mode_attract_started'====== Args={}
2025-04-13 14:29:41,514 : INFO : EventManager : Event: ======'collecting_balls_complete'====== Args={}
2025-04-13 14:29:41,515 : INFO : EventManager : Event: ======'item_highlighted'====== Args={'carousel': 'attract', 'direction': None, 'item': 'title'}
2025-04-13 14:29:41,515 : INFO : EventManager : Event: ======'timer_attract_carousel_timer_tick'====== Args={'ticks': 0, 'ticks_remaining': 1}
2025-04-13 14:29:41,516 : INFO : Machine : Starting the main run loop with active modes: [<Mode.attract>]
2025-04-13 14:29:41,568 : INFO : EventManager : Event: ======'slide_attract_created'====== Args={'_from_bcp': True}
2025-04-13 14:29:41,569 : INFO : EventManager : Event: ======'slide__removed'====== Args={'_from_bcp': True}
2025-04-13 14:29:41,569 : INFO : EventManager : Event: ======'slide_attract_active'====== Args={'original_context': 'attract', 'original_calling_context': 'mode_attract_started', 'priority': 10.0, 'cmd': 'slides_play', '_from_bcp': True}
2025-04-13 14:29:46,516 : INFO : Timer.attract_carousel_timer : Timer Complete
2025-04-13 14:29:46,516 : INFO : Timer.attract_carousel_timer : Stopping Timer
2025-04-13 14:29:46,516 : INFO : EventManager : Event: ======'timer_attract_carousel_timer_stopped'====== Args={'ticks': 1, 'ticks_remaining': 1}
2025-04-13 14:29:46,516 : INFO : EventManager : Event: ======'timer_attract_carousel_timer_complete'====== Args={'ticks': 1, 'ticks_remaining': 1}
2025-04-13 14:29:46,516 : INFO : EventManager : Event: ======'item_highlighted'====== Args={'carousel': 'attract', 'direction': 'forwards', 'item': 'credits'}
2025-04-13 14:29:46,517 : INFO : Timer.attract_carousel_timer : Starting Timer.
2025-04-13 14:29:46,517 : INFO : EventManager : Event: ======'timer_attract_carousel_timer_started'====== Args={'ticks': 0, 'ticks_remaining': 1}
2025-04-13 14:29:46,517 : INFO : EventManager : Event: ======'timer_attract_carousel_timer_tick'====== Args={'ticks': 0, 'ticks_remaining': 1}
2025-04-13 14:29:48,492 : INFO : SwitchController : <<<<<<< 's_start_button' active >>>>>>>
2025-04-13 14:29:48,826 : INFO : SwitchController : <<<<<<< 's_start_button' inactive >>>>>>>
2025-04-13 14:29:48,826 : INFO : EventManager : Event: ======'request_to_start_game'====== Args={}
2025-04-13 14:29:48,826 : INFO : EventManager : Event: ======'game_start'====== Args={'buttons': [], 'hold_time': 0.3333892469818238}
2025-04-13 14:29:48,826 : INFO : EventManager : Event: ======'mode_game_will_start'====== Args={'buttons': [], 'hold_time': 0.3333892469818238}
2025-04-13 14:29:48,827 : INFO : EventManager : Event: ======'mode_game_starting'====== Args={'buttons': [], 'hold_time': 0.3333892469818238}
2025-04-13 14:29:48,827 : INFO : EventManager : Event: ======'mode_attract_will_stop'====== Args={}
2025-04-13 14:29:48,827 : INFO : EventManager : Event: ======'mode_attract_stopping'====== Args={}
2025-04-13 14:29:48,827 : INFO : Mode.attract : Stopped.
2025-04-13 14:29:48,827 : INFO : EventManager : Event: ======'modes_active_modes_changed'====== Args={}
2025-04-13 14:29:48,828 : INFO : EventManager : Event: ======'mode_attract_stopped'====== Args={}
2025-04-13 14:29:48,828 : INFO : EventManager : Event: ======'clear'====== Args={'key': 'attract'}
2025-04-13 14:29:48,828 : INFO : Timer.attract_carousel_timer : Stopping Timer
2025-04-13 14:29:48,828 : INFO : EventManager : Event: ======'timer_attract_carousel_timer_stopped'====== Args={'ticks': 0, 'ticks_remaining': 1}
2025-04-13 14:29:48,828 : INFO : Mode.game : Started. Priority: 20
2025-04-13 14:29:48,828 : INFO : EventManager : Event: ======'modes_active_modes_changed'====== Args={}
2025-04-13 14:29:48,829 : INFO : EventManager : Event: ======'mode_game_started'====== Args={'buttons': [], 'hold_time': 0.3333892469818238}
2025-04-13 14:29:48,829 : INFO : EventManager : Event: ======'game_will_start'====== Args={}
2025-04-13 14:29:48,830 : INFO : EventManager : Event: ======'game_starting'====== Args={'game': <Mode.game>}
2025-04-13 14:29:48,830 : INFO : EventManager : Unordered handler for class <Auditor> on event game_ended with priority 1. Handlers: [RegisteredHandler(callback=<bound method Auditor.disable of <Auditor>>, priority=1, kwargs={}, key=UUID('2c2c24b5-ae01-43dd-9c9e-f012f12ffa7d'), condition=None, blocking_facility=None), RegisteredHandler(callback=<bound method Auditor._save_audits of <Auditor>>, priority=1, kwargs={}, key=UUID('e2f2f0cd-651e-4bd8-a554-805c653fb291'), condition=None, blocking_facility=None)]. The order of those handlers is not defined and they will be executed in random order. This might lead to race conditions and potential bugs.
2025-04-13 14:29:48,831 : INFO : EventManager : Event: ======'player_add_request'====== Args={}
2025-04-13 14:29:48,831 : INFO : EventManager : Event: ======'player_will_add'====== Args={'number': 1}
2025-04-13 14:29:48,831 : INFO : EventManager : Event: ======'player_adding'====== Args={'player': <Player 1>, 'number': 1}
2025-04-13 14:29:48,831 : INFO : EventManager : Event: ======'player_added'====== Args={'player': <Player 1>, 'num': 1}
2025-04-13 14:29:48,831 : INFO : Mode.game : Player added successfully. Total players: 1
2025-04-13 14:29:48,832 : INFO : EventManager : Event: ======'player_index'====== Args={'value': 0, 'prev_value': 0, 'change': 0, 'player_num': 1}
2025-04-13 14:29:48,832 : INFO : EventManager : Event: ======'player_number'====== Args={'value': 1, 'prev_value': 1, 'change': 0, 'player_num': 1}
2025-04-13 14:29:48,832 : INFO : EventManager : Event: ======'player_score'====== Args={'value': 0, 'prev_value': 0, 'change': 0, 'player_num': 1}
2025-04-13 14:29:48,833 : INFO : EventManager : Event: ======'game_started'====== Args={}
2025-04-13 14:29:48,833 : INFO : EventManager : Event: ======'player_turn_will_start'====== Args={'player': <Player 1>, 'number': 1}
2025-04-13 14:29:48,833 : INFO : EventManager : Event: ======'player_turn_starting'====== Args={'player': <Player 1>, 'number': 1}
2025-04-13 14:29:48,836 : INFO : EventManager : Event: ======'player_ball'====== Args={'value': 1, 'prev_value': 0, 'change': 1, 'player_num': 1}
2025-04-13 14:29:48,837 : INFO : EventManager : Event: ======'player_turn_started'====== Args={'player': <Player 1>, 'number': 1}
2025-04-13 14:29:48,843 : INFO : EventManager : Event: ======'ball_will_start'====== Args={'player': 1, 'ball': 1, 'balls_remaining': 2, 'is_extra_ball': False}
2025-04-13 14:29:48,844 : INFO : EventManager : Event: ======'ball_starting'====== Args={'player': 1, 'ball': 1, 'balls_remaining': 2, 'is_extra_ball': False}
2025-04-13 14:29:48,844 : INFO : EventManager : Event: ======'mode_base_will_start'====== Args={'queue': <QueuedEvent>, 'player': 1, 'ball': 1, 'balls_remaining': 2, 'is_extra_ball': False}
2025-04-13 14:29:48,845 : INFO : EventManager : Event: ======'mode_base_starting'====== Args={'queue': <QueuedEvent>, 'player': 1, 'ball': 1, 'balls_remaining': 2, 'is_extra_ball': False}
2025-04-13 14:29:48,846 : INFO : Mode.base : Started. Priority: 100
2025-04-13 14:29:48,846 : INFO : EventManager : Event: ======'modes_active_modes_changed'====== Args={}
2025-04-13 14:29:48,846 : INFO : EventManager : Event: ======'mode_base_started'====== Args={'queue': <QueuedEvent>, 'player': 1, 'ball': 1, 'balls_remaining': 2, 'is_extra_ball': False}
2025-04-13 14:29:48,847 : INFO : EventManager : Event: ======'balls_in_play'====== Args={'balls': 1}
2025-04-13 14:29:48,847 : INFO : EventManager : Event: ======'ball_started'====== Args={'player': 1, 'ball': 1, 'balls_remaining': 2, 'is_extra_ball': False}
2025-04-13 14:29:48,848 : INFO : EventManager : Event: ======'single_player_ball_started'====== Args={}
2025-04-13 14:29:48,848 : INFO : EventManager : Event: ======'ball_start_target'====== Args={'target': 'playfield'}
2025-04-13 14:29:48,848 : INFO : ball_device.bd_plunger : Setting up player-controlled eject. Balls: 1, Target: <playfield.playfield>, player_controlled_eject_event: s_launch_button_active
2025-04-13 14:29:48,848 : INFO : EventManager : Event: ======'balldevice_balls_available'====== Args={}
2025-04-13 14:29:48,849 : INFO : ball_device.bd_trough : BCH: Count is unstable. Trying to reorder balls.
2025-04-13 14:29:48,849 : WARNING : ball_device.bd_trough : Cannot reorder device because eject_coil_reorder_pulse is not configured
2025-04-13 14:29:48,849 : INFO : ball_device.bd_trough : BCH: Repulse done. Waiting for balls to settle.
2025-04-13 14:29:48,849 : INFO : ball_device.bd_trough : State: waiting_for_target_ready
2025-04-13 14:29:48,849 : INFO : EventManager : Event: ======'balldevice_bd_trough_ball_eject_attempt'====== Args={'balls': 1, 'target': <ball_device.bd_plunger>, 'source': <ball_device.bd_trough>, 'mechanical_eject': True, 'num_attempts': 0}
2025-04-13 14:29:48,849 : INFO : ball_device.bd_plunger : State: waiting_for_ball
2025-04-13 14:29:48,850 : INFO : ball_device.bd_trough : State: ejecting
2025-04-13 14:29:48,850 : INFO : ball_device.bd_trough : Ejecting ball to <ball_device.bd_plunger>
2025-04-13 14:29:48,850 : INFO : EventManager : Event: ======'balldevice_bd_trough_ejecting_ball'====== Args={'balls': 1, 'target': <ball_device.bd_plunger>, 'source': <ball_device.bd_trough>, 'mechanical_eject': True, 'num_attempts': 0}
2025-04-13 14:29:48,851 : INFO : ball_device.bd_trough : Wait for ball to leave device
2025-04-13 14:29:48,851 : INFO : coil.c_trough_eject : Pulsing Driver for 15ms (1.0 pulse_power)
2025-04-13 14:29:48,860 : INFO : EventManager : Event: ======'slide_base2_created'====== Args={'_from_bcp': True}
2025-04-13 14:29:48,860 : INFO : EventManager : Event: ======'slide_attract_inactive'====== Args={'is_removing': True, '_from_bcp': True}
2025-04-13 14:29:48,860 : INFO : EventManager : Event: ======'slide_base2_active'====== Args={'original_context': 'base', 'original_calling_context': 'mode_base_started', 'priority': 100.0, 'queue': '<QueuedEvent>', 'player': 1.0, 'ball': 1.0, 'balls_remaining': 2.0, 'is_extra_ball': False, 'cmd': 'slides_play', '_from_bcp': True}
2025-04-13 14:29:48,861 : INFO : EventManager : Event: ======'slide_attract_removed'====== Args={'_from_bcp': True}
2025-04-13 14:29:48,878 : INFO : SwitchController : <<<<<<< 's_trough_1' active >>>>>>>
2025-04-13 14:29:48,878 : INFO : EventManager : Event: ======'machine_var_audits_switches_s_trough_1'====== Args={'value': 5, 'prev_value': 4, 'change': 1}
2025-04-13 14:29:48,879 : INFO : SwitchController : <<<<<<< 's_trough_jam' inactive >>>>>>>
2025-04-13 14:29:48,879 : INFO : ball_device.bd_trough : State: ball_left
2025-04-13 14:29:48,879 : INFO : ball_device.bd_trough : Ball left
2025-04-13 14:29:48,880 : INFO : ball_device.bd_trough : Wait for confirm with timeout 3.0
2025-04-13 14:29:48,919 : INFO : SwitchController : <<<<<<< 's_trough_jam' active >>>>>>>
2025-04-13 14:29:48,919 : INFO : EventManager : Event: ======'machine_var_audits_switches_s_trough_jam'====== Args={'value': 6, 'prev_value': 5, 'change': 1}
2025-04-13 14:29:49,084 : INFO : SwitchController : <<<<<<< 's_plunger_lane' active >>>>>>>
2025-04-13 14:29:49,084 : INFO : EventManager : Event: ======'machine_var_audits_switches_s_plunger_lane'====== Args={'value': 33, 'prev_value': 32, 'change': 1}
2025-04-13 14:29:49,099 : INFO : SwitchController : <<<<<<< 's_trough_5' active >>>>>>>
2025-04-13 14:29:49,099 : INFO : EventManager : Event: ======'machine_var_audits_switches_s_trough_5'====== Args={'value': 4, 'prev_value': 3, 'change': 1}
2025-04-13 14:29:49,100 : INFO : SwitchController : <<<<<<< 's_trough_6' active >>>>>>>
2025-04-13 14:29:49,100 : INFO : EventManager : Event: ======'machine_var_audits_switches_s_trough_6'====== Args={'value': 4, 'prev_value': 3, 'change': 1}
2025-04-13 14:29:49,100 : INFO : SwitchController : <<<<<<< 's_trough_4' active >>>>>>>
2025-04-13 14:29:49,100 : INFO : EventManager : Event: ======'machine_var_audits_switches_s_trough_4'====== Args={'value': 7, 'prev_value': 6, 'change': 1}
2025-04-13 14:29:49,101 : INFO : SwitchController : <<<<<<< 's_trough_2' active >>>>>>>
2025-04-13 14:29:49,101 : INFO : EventManager : Event: ======'machine_var_audits_switches_s_trough_2'====== Args={'value': 6, 'prev_value': 5, 'change': 1}
2025-04-13 14:29:49,101 : INFO : SwitchController : <<<<<<< 's_trough_3' active >>>>>>>
2025-04-13 14:29:49,101 : INFO : EventManager : Event: ======'machine_var_audits_switches_s_trough_3'====== Args={'value': 6, 'prev_value': 5, 'change': 1}
2025-04-13 14:29:49,121 : INFO : SwitchController : <<<<<<< 's_trough_4' inactive >>>>>>>
2025-04-13 14:29:49,121 : INFO : SwitchController : <<<<<<< 's_trough_5' inactive >>>>>>>
2025-04-13 14:29:49,123 : INFO : SwitchController : <<<<<<< 's_trough_1' inactive >>>>>>>
2025-04-13 14:29:49,124 : INFO : SwitchController : <<<<<<< 's_trough_3' inactive >>>>>>>
2025-04-13 14:29:49,125 : INFO : SwitchController : <<<<<<< 's_trough_2' inactive >>>>>>>
2025-04-13 14:29:49,585 : INFO : ball_device.bd_plunger : Received ball from <ball_device.bd_trough>
2025-04-13 14:29:49,585 : INFO : EventManager : Event: ======'balldevice_bd_plunger_ball_enter'====== Args={'new_balls': 1, 'unclaimed_balls': 0, 'new_available_balls': 0, 'device': <ball_device.bd_plunger>}
2025-04-13 14:29:49,586 : INFO : EventManager : Event: ======'balldevice_bd_plunger_ball_entered'====== Args={'new_balls': 0, 'device': <ball_device.bd_plunger>}
2025-04-13 14:29:49,586 : INFO : EventManager : Event: ======'balldevice_bd_plunger_ball_count_changed'====== Args={'balls': 1}
2025-04-13 14:29:49,586 : INFO : ball_device.bd_trough : Got eject confirm
2025-04-13 14:29:49,586 : INFO : ball_device.bd_trough : Eject successful
2025-04-13 14:29:49,586 : INFO : EventManager : Event: ======'balldevice_bd_trough_ball_eject_success'====== Args={'balls': 1, 'target': <ball_device.bd_plunger>}
2025-04-13 14:29:49,586 : INFO : ball_device.bd_plunger : State: waiting_for_target_ready
2025-04-13 14:29:49,586 : INFO : EventManager : Event: ======'balldevice_bd_plunger_ball_eject_attempt'====== Args={'balls': 1, 'target': <playfield.playfield>, 'source': <ball_device.bd_plunger>, 'mechanical_eject': True, 'num_attempts': 0}
2025-04-13 14:29:49,586 : INFO : EventManager : Event: ======'balldevice_bd_trough_ball_count_changed'====== Args={'balls': 0}
2025-04-13 14:29:49,587 : INFO : ball_device.bd_trough : State: idle
2025-04-13 14:29:49,587 : INFO : ball_device.bd_plunger : State: ejecting
2025-04-13 14:29:49,587 : INFO : ball_device.bd_plunger : Ejecting ball to <playfield.playfield>
2025-04-13 14:29:49,587 : INFO : EventManager : Event: ======'balldevice_bd_plunger_ejecting_ball'====== Args={'balls': 1, 'target': <playfield.playfield>, 'source': <ball_device.bd_plunger>, 'mechanical_eject': True, 'num_attempts': 0}
2025-04-13 14:29:49,588 : INFO : ball_device.bd_plunger : Wait for ball to leave device
2025-04-13 14:29:49,625 : INFO : EventManager : Event: ======'balldevice_bd_trough_ball_count_changed'====== Args={'balls': 2}
2025-04-13 14:29:49,625 : INFO : ball_device.bd_trough : Received unexpected ball
2025-04-13 14:29:49,625 : INFO : EventManager : Event: ======'balldevice_captured_from_playfield'====== Args={'balls': 1}
2025-04-13 14:29:49,626 : INFO : EventManager : Event: ======'sw_playfield_active'====== Args={'balls': 1}
2025-04-13 14:29:49,626 : INFO : EventManager : Event: ======'playfield_active'====== Args={'source': None}
2025-04-13 14:29:49,626 : INFO : EventManager : Event: ======'playfield_ball_count_change'====== Args={'balls': -1, 'change': -1}
2025-04-13 14:29:49,626 : INFO : EventManager : Event: ======'balldevice_playfield_ball_enter'====== Args={'new_balls': 1, 'unclaimed_balls': 1, 'device': <playfield.playfield>}
2025-04-13 14:29:49,627 : INFO : EventManager : Event: ======'playfield_ball_count_change'====== Args={'balls': 0, 'change': 1}
2025-04-13 14:29:49,627 : INFO : BallController : Found a new ball which was captured from playfield. Known balls: 2
2025-04-13 14:29:49,627 : INFO : EventManager : Event: ======'found_new_ball'====== Args={}
2025-04-13 14:29:49,627 : INFO : EventManager : Event: ======'balldevice_bd_trough_ball_enter'====== Args={'new_balls': 1, 'unclaimed_balls': 1, 'new_available_balls': 1, 'device': <ball_device.bd_trough>}
2025-04-13 14:29:49,627 : INFO : EventManager : Event: ======'ball_drain'====== Args={'device': <ball_device.bd_trough>, 'balls': 1}
2025-04-13 14:29:49,628 : INFO : EventManager : Event: ======'ball_will_end'====== Args={}
2025-04-13 14:29:49,628 : INFO : EventManager : Event: ======'balldevice_balls_available'====== Args={}
2025-04-13 14:29:49,628 : INFO : EventManager : Event: ======'balldevice_bd_trough_ball_entered'====== Args={'new_balls': 1, 'device': <ball_device.bd_trough>}
2025-04-13 14:29:49,628 : INFO : ball_device.bd_trough : Received unexpected ball
2025-04-13 14:29:49,628 : INFO : EventManager : Event: ======'balldevice_captured_from_playfield'====== Args={'balls': 1}
2025-04-13 14:29:49,628 : INFO : EventManager : Event: ======'mode_base_will_stop'====== Args={}
2025-04-13 14:29:49,628 : INFO : EventManager : Event: ======'mode_base_stopping'====== Args={}
2025-04-13 14:29:49,628 : INFO : EventManager : Event: ======'sw_playfield_active'====== Args={'balls': 1}
2025-04-13 14:29:49,629 : INFO : EventManager : Event: ======'playfield_active'====== Args={'source': None}
2025-04-13 14:29:49,629 : INFO : EventManager : Event: ======'playfield_ball_count_change'====== Args={'balls': -1, 'change': -1}
2025-04-13 14:29:49,629 : INFO : Mode.base : Stopped.
2025-04-13 14:29:49,629 : INFO : EventManager : Event: ======'modes_active_modes_changed'====== Args={}
2025-04-13 14:29:49,630 : INFO : EventManager : Event: ======'mode_base_stopped'====== Args={}
2025-04-13 14:29:49,630 : INFO : EventManager : Event: ======'clear'====== Args={'key': 'base'}
2025-04-13 14:29:49,631 : INFO : EventManager : Event: ======'balldevice_playfield_ball_enter'====== Args={'new_balls': 1, 'unclaimed_balls': 1, 'device': <playfield.playfield>}
2025-04-13 14:29:49,631 : INFO : EventManager : Event: ======'playfield_ball_count_change'====== Args={'balls': 0, 'change': 1}
2025-04-13 14:29:49,631 : INFO : BallController : Found a new ball which was captured from playfield. Known balls: 3
2025-04-13 14:29:49,631 : INFO : EventManager : Event: ======'found_new_ball'====== Args={}
2025-04-13 14:29:49,631 : INFO : EventManager : Event: ======'balldevice_bd_trough_ball_enter'====== Args={'new_balls': 1, 'unclaimed_balls': 1, 'new_available_balls': 1, 'device': <ball_device.bd_trough>}
2025-04-13 14:29:49,631 : INFO : EventManager : Event: ======'ball_drain'====== Args={'device': <ball_device.bd_trough>, 'balls': 1}
2025-04-13 14:29:49,632 : INFO : EventManager : Event: ======'ball_ending'====== Args={}
2025-04-13 14:29:49,632 : INFO : EventManager : Event: ======'balldevice_balls_available'====== Args={}
2025-04-13 14:29:49,632 : INFO : EventManager : Event: ======'balldevice_bd_trough_ball_entered'====== Args={'new_balls': 1, 'device': <ball_device.bd_trough>}
2025-04-13 14:29:49,632 : INFO : EventManager : Event: ======'ball_ended'====== Args={}
2025-04-13 14:29:49,634 : INFO : EventManager : Event: ======'player_turn_will_end'====== Args={'player': <Player 1>, 'number': 1}
2025-04-13 14:29:49,634 : INFO : EventManager : Event: ======'player_turn_ending'====== Args={'player': <Player 1>, 'number': 1}
2025-04-13 14:29:49,634 : INFO : EventManager : Event: ======'player_turn_ended'====== Args={'player': <Player 1>, 'number': 1}
2025-04-13 14:29:49,635 : INFO : EventManager : Event: ======'player_turn_will_start'====== Args={'player': <Player 1>, 'number': 1}
2025-04-13 14:29:49,635 : INFO : EventManager : Event: ======'player_turn_starting'====== Args={'player': <Player 1>, 'number': 1}
2025-04-13 14:29:49,636 : INFO : EventManager : Event: ======'player_ball'====== Args={'value': 2, 'prev_value': 1, 'change': 1, 'player_num': 1}
2025-04-13 14:29:49,636 : INFO : EventManager : Event: ======'player_turn_started'====== Args={'player': <Player 1>, 'number': 1}
2025-04-13 14:29:49,636 : INFO : EventManager : Event: ======'ball_will_start'====== Args={'player': 1, 'ball': 2, 'balls_remaining': 1, 'is_extra_ball': False}
2025-04-13 14:29:49,637 : INFO : BallController : Found 1 ball(s) on playfield.
2025-04-13 14:29:49,637 : WARNING : BallController : Playfields still contain balls. Waiting for those to drain.
2025-04-13 14:29:50,637 : INFO : BallController : Found 1 ball(s) on playfield.
2025-04-13 14:29:50,637 : WARNING : BallController : Playfields still contain balls. Waiting for those to drain.
2025-04-13 14:29:50,729 : INFO : SwitchController : <<<<<<< 's_launch_button' active >>>>>>>
2025-04-13 14:29:50,729 : INFO : EventManager : Event: ======'s_launch_button_active'====== Args={}
2025-04-13 14:29:50,729 : INFO : EventManager : Event: ======'machine_var_audits_switches_s_launch_button'====== Args={'value': 9, 'prev_value': 8, 'change': 1}
2025-04-13 14:29:50,730 : INFO : coil.c_plunger : Pulsing Driver for 10ms (1.0 pulse_power)
2025-04-13 14:29:50,763 : INFO : SwitchController : <<<<<<< 's_plunger_lane' inactive >>>>>>>
2025-04-13 14:29:50,764 : INFO : ball_device.bd_plunger : State: ball_left
2025-04-13 14:29:50,764 : INFO : ball_device.bd_plunger : Ball left
2025-04-13 14:29:50,764 : INFO : ball_device.bd_plunger : Wait for confirm with timeout 5.0
2025-04-13 14:29:50,862 : INFO : SwitchController : <<<<<<< 's_launch_button' inactive >>>>>>>
2025-04-13 14:29:51,638 : INFO : BallController : Found 1 ball(s) on playfield.
2025-04-13 14:29:51,638 : WARNING : BallController : Playfields still contain balls. Waiting for those to drain.
2025-04-13 14:29:52,214 : INFO : SwitchController : <<<<<<< 's_flipper_left' active >>>>>>>
2025-04-13 14:29:52,215 : INFO : EventManager : Event: ======'machine_var_audits_switches_s_flipper_left'====== Args={'value': 20, 'prev_value': 19, 'change': 1}
2025-04-13 14:29:52,239 : INFO : SwitchController : <<<<<<< 's_flipper_left_eos' inactive >>>>>>>
2025-04-13 14:29:52,343 : INFO : SwitchController : <<<<<<< 's_flipper_left' inactive >>>>>>>
2025-04-13 14:29:52,458 : INFO : SwitchController : <<<<<<< 's_flipper_left_eos' active >>>>>>>
2025-04-13 14:29:52,458 : INFO : EventManager : Event: ======'machine_var_audits_switches_s_flipper_left_eos'====== Args={'value': 1, 'prev_value': 0, 'change': 1}
2025-04-13 14:29:52,606 : INFO : SwitchController : <<<<<<< 's_flipper_right' active >>>>>>>
2025-04-13 14:29:52,607 : INFO : EventManager : Event: ======'machine_var_audits_switches_s_flipper_right'====== Args={'value': 23, 'prev_value': 22, 'change': 1}
2025-04-13 14:29:52,631 : INFO : SwitchController : <<<<<<< 's_flipper_right_eos' inactive >>>>>>>
2025-04-13 14:29:52,638 : INFO : BallController : Found 1 ball(s) on playfield.
2025-04-13 14:29:52,638 : WARNING : BallController : Playfields still contain balls. Waiting for those to drain.
2025-04-13 14:29:52,808 : INFO : SwitchController : <<<<<<< 's_flipper_right' inactive >>>>>>>
2025-04-13 14:29:52,919 : INFO : SwitchController : <<<<<<< 's_flipper_right_eos' active >>>>>>>
2025-04-13 14:29:52,919 : INFO : EventManager : Event: ======'machine_var_audits_switches_s_flipper_right_eos'====== Args={'value': 1, 'prev_value': 0, 'change': 1}
2025-04-13 14:29:53,059 : INFO : SwitchController : <<<<<<< 's_flipper_right' active >>>>>>>
2025-04-13 14:29:53,060 : INFO : EventManager : Event: ======'machine_var_audits_switches_s_flipper_right'====== Args={'value': 24, 'prev_value': 23, 'change': 1}
2025-04-13 14:29:53,083 : INFO : SwitchController : <<<<<<< 's_flipper_right_eos' inactive >>>>>>>
2025-04-13 14:29:53,237 : INFO : SwitchController : <<<<<<< 's_flipper_right' inactive >>>>>>>
2025-04-13 14:29:53,342 : INFO : SwitchController : <<<<<<< 's_flipper_right_eos' active >>>>>>>
2025-04-13 14:29:53,343 : INFO : EventManager : Event: ======'machine_var_audits_switches_s_flipper_right_eos'====== Args={'value': 2, 'prev_value': 1, 'change': 1}
2025-04-13 14:29:53,609 : INFO : SwitchController : <<<<<<< 's_flipper_right' active >>>>>>>
2025-04-13 14:29:53,609 : INFO : EventManager : Event: ======'machine_var_audits_switches_s_flipper_right'====== Args={'value': 25, 'prev_value': 24, 'change': 1}
2025-04-13 14:29:53,634 : INFO : SwitchController : <<<<<<< 's_flipper_right_eos' inactive >>>>>>>
2025-04-13 14:29:53,639 : INFO : BallController : Found 1 ball(s) on playfield.
2025-04-13 14:29:53,639 : WARNING : BallController : Playfields still contain balls. Waiting for those to drain.
2025-04-13 14:29:53,774 : INFO : SwitchController : <<<<<<< 's_flipper_right' inactive >>>>>>>
2025-04-13 14:29:53,881 : INFO : SwitchController : <<<<<<< 's_flipper_right_eos' active >>>>>>>
2025-04-13 14:29:53,881 : INFO : EventManager : Event: ======'machine_var_audits_switches_s_flipper_right_eos'====== Args={'value': 3, 'prev_value': 2, 'change': 1}
2025-04-13 14:29:54,110 : INFO : SwitchController : <<<<<<< 's_flipper_left' active >>>>>>>
2025-04-13 14:29:54,110 : INFO : EventManager : Event: ======'machine_var_audits_switches_s_flipper_left'====== Args={'value': 21, 'prev_value': 20, 'change': 1}
2025-04-13 14:29:54,132 : INFO : SwitchController : <<<<<<< 's_flipper_left_eos' inactive >>>>>>>
2025-04-13 14:29:54,250 : INFO : SwitchController : <<<<<<< 's_flipper_left' inactive >>>>>>>
2025-04-13 14:29:54,352 : INFO : SwitchController : <<<<<<< 's_flipper_left_eos' active >>>>>>>
2025-04-13 14:29:54,352 : INFO : EventManager : Event: ======'machine_var_audits_switches_s_flipper_left_eos'====== Args={'value': 2, 'prev_value': 1, 'change': 1}
2025-04-13 14:29:54,506 : INFO : SwitchController : <<<<<<< 's_sling_right' active >>>>>>>
2025-04-13 14:29:54,506 : INFO : EventManager : Event: ======'machine_var_audits_switches_s_sling_right'====== Args={'value': 27, 'prev_value': 26, 'change': 1}
2025-04-13 14:29:54,615 : INFO : SwitchController : <<<<<<< 's_sling_right' inactive >>>>>>>
2025-04-13 14:29:54,639 : INFO : BallController : Found 1 ball(s) on playfield.
2025-04-13 14:29:54,640 : WARNING : BallController : Playfields still contain balls. Waiting for those to drain.
2025-04-13 14:29:54,718 : INFO : SwitchController : <<<<<<< 's_sling_right' active >>>>>>>
2025-04-13 14:29:54,718 : INFO : EventManager : Event: ======'machine_var_audits_switches_s_sling_right'====== Args={'value': 28, 'prev_value': 27, 'change': 1}
2025-04-13 14:29:54,841 : INFO : SwitchController : <<<<<<< 's_sling_right' inactive >>>>>>>
2025-04-13 14:29:54,905 : INFO : SwitchController : <<<<<<< 's_sling_right' active >>>>>>>
2025-04-13 14:29:54,905 : INFO : EventManager : Event: ======'machine_var_audits_switches_s_sling_right'====== Args={'value': 29, 'prev_value': 28, 'change': 1}
2025-04-13 14:29:55,013 : INFO : SwitchController : <<<<<<< 's_sling_right' inactive >>>>>>>
2025-04-13 14:29:55,427 : INFO : SwitchController : <<<<<<< 's_sling_right' active >>>>>>>
2025-04-13 14:29:55,427 : INFO : EventManager : Event: ======'machine_var_audits_switches_s_sling_right'====== Args={'value': 30, 'prev_value': 29, 'change': 1}
2025-04-13 14:29:55,442 : INFO : SwitchController : <<<<<<< 's_sling_right' inactive >>>>>>>
2025-04-13 14:29:55,640 : INFO : BallController : Found 1 ball(s) on playfield.
2025-04-13 14:29:55,640 : WARNING : BallController : Playfields still contain balls. Waiting for those to drain.
2025-04-13 14:29:55,765 : INFO : ball_device.bd_plunger : State: failed_confirm
2025-04-13 14:29:55,765 : INFO : ball_device.bd_plunger : Got timeout (5.0s) before confirm from <playfield.playfield>
2025-04-13 14:29:55,866 : INFO : ball_device.bd_plunger : Confirming eject because target is playfield and ball did not return.
2025-04-13 14:29:55,866 : INFO : ball_device.bd_plunger : Eject successful
2025-04-13 14:29:55,866 : INFO : EventManager : Event: ======'balldevice_bd_plunger_ball_eject_success'====== Args={'balls': 1, 'target': <playfield.playfield>}
2025-04-13 14:29:55,866 : INFO : EventManager : Event: ======'balldevice_playfield_ball_enter'====== Args={'new_balls': 1, 'unclaimed_balls': 1, 'device': <playfield.playfield>}
2025-04-13 14:29:55,866 : INFO : EventManager : Event: ======'playfield_ball_count_change'====== Args={'balls': 1, 'change': 1}
2025-04-13 14:29:55,867 : INFO : EventManager : Event: ======'balldevice_bd_plunger_ball_count_changed'====== Args={'balls': 0}
2025-04-13 14:29:55,867 : INFO : ball_device.bd_plunger : State: idle
2025-04-13 14:29:56,641 : INFO : BallController : Found 1 ball(s) on playfield.
2025-04-13 14:29:56,641 : WARNING : BallController : Playfields still contain balls. Waiting for those to drain.
2025-04-13 14:29:57,642 : INFO : BallController : Found 1 ball(s) on playfield.
2025-04-13 14:29:57,642 : WARNING : BallController : Playfields still contain balls. Waiting for those to drain.
2025-04-13 14:29:58,642 : INFO : BallController : Found 1 ball(s) on playfield.
2025-04-13 14:29:58,643 : WARNING : BallController : Playfields still contain balls. Waiting for those to drain.
2025-04-13 14:29:59,643 : INFO : BallController : Found 1 ball(s) on playfield.
2025-04-13 14:29:59,643 : WARNING : BallController : Playfields still contain balls. Waiting for those to drain.
2025-04-13 14:30:00,453 : INFO : SwitchController : <<<<<<< 's_trough_6' inactive >>>>>>>
2025-04-13 14:30:00,512 : INFO : SwitchController : <<<<<<< 's_trough_6' active >>>>>>>
2025-04-13 14:30:00,512 : INFO : EventManager : Event: ======'machine_var_audits_switches_s_trough_6'====== Args={'value': 5, 'prev_value': 4, 'change': 1}
2025-04-13 14:30:00,643 : INFO : BallController : Found 1 ball(s) on playfield.
2025-04-13 14:30:00,643 : WARNING : BallController : Playfields still contain balls. Waiting for those to drain.
2025-04-13 14:30:00,874 : INFO : SwitchController : <<<<<<< 's_trough_6' inactive >>>>>>>
2025-04-13 14:30:01,375 : INFO : ball_device.bd_trough : BCH: Count is unstable. Trying to reorder balls.
2025-04-13 14:30:01,375 : WARNING : ball_device.bd_trough : Cannot reorder device because eject_coil_reorder_pulse is not configured
2025-04-13 14:30:01,375 : INFO : ball_device.bd_trough : BCH: Repulse done. Waiting for balls to settle.
2025-04-13 14:30:01,644 : INFO : BallController : Found 1 ball(s) on playfield.
2025-04-13 14:30:01,644 : WARNING : BallController : Playfields still contain balls. Waiting for those to drain.
2025-04-13 14:30:02,646 : INFO : BallController : Found 1 ball(s) on playfield.
2025-04-13 14:30:02,646 : WARNING : BallController : Playfields still contain balls. Waiting for those to drain.
2025-04-13 14:30:03,646 : INFO : BallController : Found 1 ball(s) on playfield.
2025-04-13 14:30:03,647 : WARNING : BallController : Playfields still contain balls. Waiting for those to drain.
2025-04-13 14:30:04,647 : INFO : BallController : Found 1 ball(s) on playfield.
2025-04-13 14:30:04,648 : WARNING : BallController : Playfields still contain balls. Waiting for those to drain.
2025-04-13 14:30:05,648 : INFO : BallController : Found 1 ball(s) on playfield.
2025-04-13 14:30:05,648 : WARNING : BallController : Playfields still contain balls. Waiting for those to drain.
2025-04-13 14:30:06,649 : INFO : BallController : Found 1 ball(s) on playfield.
2025-04-13 14:30:06,649 : WARNING : BallController : Playfields still contain balls. Waiting for those to drain.
2025-04-13 14:30:07,242 : INFO : Machine : Shutting down...
2025-04-13 14:30:07,242 : INFO : EventManager : Event: ======'shutdown'====== Args={}
2025-04-13 14:30:07,248 : INFO : EventManager : Event: ======'mode_game_will_stop'====== Args={}
2025-04-13 14:30:07,248 : INFO : EventManager : Event: ======'mode_game_stopping'====== Args={}
2025-04-13 14:30:07,249 : INFO : Mode.game : Stopped.
2025-04-13 14:30:07,249 : INFO : EventManager : Event: ======'modes_active_modes_changed'====== Args={}
2025-04-13 14:30:07,249 : INFO : EventManager : Event: ======'mode_game_stopped'====== Args={}
2025-04-13 14:30:07,249 : INFO : EventManager : Event: ======'clear'====== Args={'key': 'game'}
2025-04-13 14:30:07,358 : INFO : root : MPF run loop ended.
