2025-02-25 17:22:16,811 : INFO : root : Loading config.
2025-02-25 17:22:16,812 : INFO : YamlMultifileConfigLoader : Machine config file #1: config.yaml
2025-02-25 17:22:16,813 : INFO : ConfigProcessor : Loading config from cache: /var/folders/np/pd6clpgx1xs_0sdwz71m1gyh0000gn/T/0e92bbbc1117f2a7fed5bfc9fd49c3ff.mpf_cache
2025-02-25 17:22:16,827 : INFO : ConfigProcessor : Loading config from cache: /var/folders/np/pd6clpgx1xs_0sdwz71m1gyh0000gn/T/1a4610a235e3724f4c88b7b6a3726c72.mpf_cache
2025-02-25 17:22:16,827 : INFO : ConfigProcessor : Loading config from cache: /var/folders/np/pd6clpgx1xs_0sdwz71m1gyh0000gn/T/9ede27cf5d2808a997283e6386622428.mpf_cache
2025-02-25 17:22:16,827 : INFO : ConfigProcessor : Loading config from cache: /var/folders/np/pd6clpgx1xs_0sdwz71m1gyh0000gn/T/1a4610a235e3724f4c88b7b6a3726c72.mpf_cache
2025-02-25 17:22:16,827 : INFO : ConfigProcessor : Loading config from cache: /var/folders/np/pd6clpgx1xs_0sdwz71m1gyh0000gn/T/911d1b37f4ad2186d44e0f02a423c49c.mpf_cache
2025-02-25 17:22:16,827 : INFO : Machine : Mission Pinball Framework Core Engine v0.80.0.dev6
2025-02-25 17:22:16,827 : INFO : Machine : Command line arguments: {'no_load_cache': False, 'create_config_cache': True, 'bcp': True, 'configfile': ['config.yaml'], 'force_assets_load': False, 'platform_integration_test': False, 'jsonlogging': False, 'logfile': 'logs/2025-02-25-17-22-16-mpf-Mac.log', 'pause': False, 'production': False, 'text_ui': True, 'loglevel': 15, 'consoleloglevel': 20, 'force_platform': 'smart_virtual', 'syslog_address': None, 'full_logfile_path': '/Users/andre/Napoleon/logs/2025-02-25-17-22-16-mpf-Mac.log'}
2025-02-25 17:22:16,828 : INFO : Machine : MPF path: /Users/andre/mpf/lib/python3.11/site-packages/mpf
2025-02-25 17:22:16,828 : INFO : Machine : Machine path: /Users/andre/Napoleon
2025-02-25 17:22:16,828 : INFO : Machine : Platform: darwin
2025-02-25 17:22:16,828 : INFO : Machine : Python executable location: /Users/andre/mpf/bin/python3.11
2025-02-25 17:22:16,828 : INFO : Machine : Python version: 3.11.8 (64-bit)
2025-02-25 17:22:16,828 : INFO : Machine : Initializing MPF...
2025-02-25 17:22:16,843 : INFO : EventManager : Event: ======'machine_var_credits_string'====== Args={'value': 'FREE PLAY', 'prev_value': None, 'change': True}
2025-02-25 17:22:16,846 : INFO : EventManager : Event: ======'machine_var_master_volume'====== Args={'value': 0.5, 'prev_value': None, 'change': True}
2025-02-25 17:22:16,846 : INFO : EventManager : Event: ======'machine_var_mpf_version'====== Args={'value': 'Mission Pinball Framework v0.80.0.dev6', 'prev_value': None, 'change': True}
2025-02-25 17:22:16,846 : INFO : EventManager : Event: ======'machine_var_mpf_extended_version'====== Args={'value': 'Mission Pinball Framework v0.80.0.dev6, Config version:6, Show version: 6, BCP version:1.1', 'prev_value': None, 'change': True}
2025-02-25 17:22:16,846 : INFO : EventManager : Event: ======'machine_var_python_version'====== Args={'value': '3.11.8', 'prev_value': None, 'change': True}
2025-02-25 17:22:16,852 : INFO : EventManager : Event: ======'machine_var_platform'====== Args={'value': 'macOS-15.3.1-arm64-arm-64bit', 'prev_value': None, 'change': True}
2025-02-25 17:22:16,852 : INFO : EventManager : Event: ======'machine_var_platform_system'====== Args={'value': 'Darwin', 'prev_value': None, 'change': True}
2025-02-25 17:22:16,852 : INFO : EventManager : Event: ======'machine_var_platform_release'====== Args={'value': '24.3.0', 'prev_value': None, 'change': True}
2025-02-25 17:22:16,852 : INFO : EventManager : Event: ======'machine_var_platform_version'====== Args={'value': 'Darwin Kernel Version 24.3.0: Thu Jan  2 20:24:23 PST 2025; root:xnu-11215.81.4~3/RELEASE_ARM64_T6020', 'prev_value': None, 'change': True}
2025-02-25 17:22:16,852 : INFO : EventManager : Event: ======'machine_var_platform_machine'====== Args={'value': 'arm64', 'prev_value': None, 'change': True}
2025-02-25 17:22:16,852 : INFO : EventManager : Event: ======'machine_var_log_file_path'====== Args={'value': '/Users/andre/Napoleon/logs/2025-02-25-17-22-16-mpf-Mac.log', 'prev_value': None, 'change': True}
2025-02-25 17:22:16,852 : INFO : EventManager : Event: ======'init_phase_1'====== Args={}
2025-02-25 17:22:16,857 : INFO : EventManager : Event: ======'init_phase_2'====== Args={}
2025-02-25 17:22:16,857 : INFO : SwitchController : Found active switch: ('3208-0', <Platform.SmartVirtual>) <switch.s_plunger_lane>
2025-02-25 17:22:16,857 : INFO : EventManager : Event: ======'bcp_connection_attempt'====== Args={'name': 'local_display', 'host': 'localhost', 'port': 5050}
2025-02-25 17:22:16,858 : INFO : BCPClientSocket : Connecting BCP to 'local_display' at localhost:5050...
2025-02-25 17:22:20,985 : INFO : BCPClientSocket : Connected BCP to 'local_display' localhost:5050
2025-02-25 17:22:20,986 : INFO : EventManager : Event: ======'bcp_clients_connected'====== Args={}
2025-02-25 17:22:20,988 : INFO : ball_device.bd_plunger : BCH: Initial count: 1
2025-02-25 17:22:20,988 : INFO : ball_device.bd_plunger : State: idle
2025-02-25 17:22:20,992 : INFO : EventManager : Event: ======'init_phase_3'====== Args={}
2025-02-25 17:22:20,994 : INFO : EventManager : Event: ======'init_phase_4'====== Args={}
2025-02-25 17:22:20,994 : INFO : BallController : Initial balls found: 1
2025-02-25 17:22:20,995 : INFO : EventManager : Event: ======'machine_var_audits_switches_s_inlane_left'====== Args={'value': 0, 'prev_value': None, 'change': True}
2025-02-25 17:22:20,995 : INFO : EventManager : Event: ======'machine_var_audits_switches_s_sling_left'====== Args={'value': 0, 'prev_value': None, 'change': True}
2025-02-25 17:22:20,995 : INFO : EventManager : Event: ======'machine_var_audits_switches_s_outlane_right'====== Args={'value': 0, 'prev_value': None, 'change': True}
2025-02-25 17:22:20,996 : INFO : EventManager : Event: ======'machine_var_audits_switches_s_sling_right'====== Args={'value': 0, 'prev_value': None, 'change': True}
2025-02-25 17:22:20,996 : INFO : EventManager : Event: ======'machine_var_audits_switches_s_flipper_right'====== Args={'value': 0, 'prev_value': None, 'change': True}
2025-02-25 17:22:20,996 : INFO : EventManager : Event: ======'machine_var_audits_switches_s_plunger_lane'====== Args={'value': 0, 'prev_value': None, 'change': True}
2025-02-25 17:22:20,996 : INFO : EventManager : Event: ======'machine_var_audits_switches_s_flipper_left_eos'====== Args={'value': 0, 'prev_value': None, 'change': True}
2025-02-25 17:22:20,996 : INFO : EventManager : Event: ======'machine_var_audits_switches_s_flipper_left'====== Args={'value': 0, 'prev_value': None, 'change': True}
2025-02-25 17:22:20,996 : INFO : EventManager : Event: ======'machine_var_audits_switches_s_start_button'====== Args={'value': 0, 'prev_value': None, 'change': True}
2025-02-25 17:22:20,996 : INFO : EventManager : Event: ======'machine_var_audits_switches_s_inlane_1_right'====== Args={'value': 0, 'prev_value': None, 'change': True}
2025-02-25 17:22:20,996 : INFO : EventManager : Event: ======'machine_var_audits_switches_s_outlane_left'====== Args={'value': 0, 'prev_value': None, 'change': True}
2025-02-25 17:22:20,996 : INFO : EventManager : Event: ======'machine_var_audits_switches_s_launch_button'====== Args={'value': 0, 'prev_value': None, 'change': True}
2025-02-25 17:22:20,996 : INFO : EventManager : Event: ======'machine_var_audits_switches_s_flipper_right_eos'====== Args={'value': 0, 'prev_value': None, 'change': True}
2025-02-25 17:22:20,996 : INFO : EventManager : Event: ======'machine_var_audits_switches_s_inlane_2_right'====== Args={'value': 0, 'prev_value': None, 'change': True}
2025-02-25 17:22:20,996 : INFO : EventManager : Event: ======'machine_var_audits_events_game_started'====== Args={'value': 0, 'prev_value': None, 'change': True}
2025-02-25 17:22:20,997 : INFO : EventManager : Event: ======'machine_var_audits_events_game_ended'====== Args={'value': 0, 'prev_value': None, 'change': True}
2025-02-25 17:22:20,997 : INFO : EventManager : Event: ======'machine_var_audits_player_score'====== Args={'value': {'top': [], 'average': 0, 'total': 0}, 'prev_value': None, 'change': True}
2025-02-25 17:22:20,998 : INFO : EventManager : Event: ======'init_phase_5'====== Args={}
2025-02-25 17:22:21,003 : INFO : EventManager : Event: ======'init_done'====== Args={}
2025-02-25 17:22:21,003 : INFO : EventManager : Event: ======'machine_reset_phase_1'====== Args={}
2025-02-25 17:22:21,009 : INFO : EventManager : Event: ======'machine_reset_phase_2'====== Args={}
2025-02-25 17:22:21,009 : INFO : EventManager : Event: ======'machine_reset_phase_3'====== Args={}
2025-02-25 17:22:21,009 : INFO : EventManager : Event: ======'reset_complete'====== Args={}
2025-02-25 17:22:21,009 : INFO : EventManager : Event: ======'mode_attract_will_start'====== Args={}
2025-02-25 17:22:21,009 : INFO : Timer.attract_carousel_timer : Starting Timer.
2025-02-25 17:22:21,009 : INFO : EventManager : Event: ======'timer_attract_carousel_timer_started'====== Args={'ticks': 0, 'ticks_remaining': 1}
2025-02-25 17:22:21,009 : INFO : EventManager : Event: ======'timer_attract_carousel_timer_tick'====== Args={'ticks': 0, 'ticks_remaining': 1}
2025-02-25 17:22:21,010 : INFO : EventManager : Event: ======'mode_attract_starting'====== Args={}
2025-02-25 17:22:21,010 : INFO : Mode.attract : Started. Priority: 10
2025-02-25 17:22:21,010 : INFO : EventManager : Event: ======'modes_active_modes_changed'====== Args={}
2025-02-25 17:22:21,010 : INFO : EventManager : Event: ======'mode_attract_started'====== Args={}
2025-02-25 17:22:21,011 : INFO : EventManager : Event: ======'collecting_balls'====== Args={}
2025-02-25 17:22:21,011 : INFO : ball_device.bd_plunger : Adding 1 ball(s) to the eject_queue with target <playfield.playfield>.
2025-02-25 17:22:21,011 : INFO : EventManager : Event: ======'balldevice_balls_available'====== Args={}
2025-02-25 17:22:21,011 : INFO : EventManager : Event: ======'item_highlighted'====== Args={'carousel': 'attract', 'direction': None, 'item': 'title'}
2025-02-25 17:22:21,012 : INFO : EventManager : Event: ======'timer_attract_carousel_timer_tick'====== Args={'ticks': 0, 'ticks_remaining': 1}
2025-02-25 17:22:21,012 : INFO : Machine : Starting the main run loop with active modes: [<Mode.attract>]
2025-02-25 17:22:21,012 : INFO : ball_device.bd_plunger : State: waiting_for_target_ready
2025-02-25 17:22:21,013 : INFO : EventManager : Event: ======'balldevice_bd_plunger_ball_eject_attempt'====== Args={'balls': 1, 'target': <playfield.playfield>, 'source': <ball_device.bd_plunger>, 'mechanical_eject': False, 'num_attempts': 0}
2025-02-25 17:22:21,013 : INFO : ball_device.bd_plunger : State: ejecting
2025-02-25 17:22:21,013 : INFO : ball_device.bd_plunger : Ejecting ball to <playfield.playfield>
2025-02-25 17:22:21,013 : INFO : EventManager : Event: ======'balldevice_bd_plunger_ejecting_ball'====== Args={'balls': 1, 'target': <playfield.playfield>, 'source': <ball_device.bd_plunger>, 'mechanical_eject': False, 'num_attempts': 0}
2025-02-25 17:22:21,013 : INFO : ball_device.bd_plunger : Wait for ball to leave device
2025-02-25 17:22:21,013 : INFO : coil.c_plunger : Pulsing Driver for 10ms (1.0 pulse_power)
2025-02-25 17:22:21,013 : INFO : SwitchController : <<<<<<< 's_plunger_lane' inactive >>>>>>>
2025-02-25 17:22:21,014 : INFO : ball_device.bd_plunger : State: ball_left
2025-02-25 17:22:21,014 : INFO : ball_device.bd_plunger : Ball left
2025-02-25 17:22:21,014 : INFO : ball_device.bd_plunger : Wait for confirm with timeout 5.0
2025-02-25 17:22:21,037 : INFO : EventManager : Event: ======'slide_attract_created'====== Args={'_from_bcp': True}
2025-02-25 17:22:21,037 : INFO : EventManager : Event: ======'slide__removed'====== Args={'_from_bcp': True}
2025-02-25 17:22:21,037 : INFO : EventManager : Event: ======'slide_attract_active'====== Args={'original_context': 'attract', 'original_calling_context': 'mode_attract_started', 'priority': 10.0, 'cmd': 'slides_play', '_from_bcp': True}
2025-02-25 17:22:26,012 : INFO : Timer.attract_carousel_timer : Timer Complete
2025-02-25 17:22:26,012 : INFO : Timer.attract_carousel_timer : Stopping Timer
2025-02-25 17:22:26,012 : INFO : EventManager : Event: ======'timer_attract_carousel_timer_stopped'====== Args={'ticks': 1, 'ticks_remaining': 1}
2025-02-25 17:22:26,012 : INFO : EventManager : Event: ======'timer_attract_carousel_timer_complete'====== Args={'ticks': 1, 'ticks_remaining': 1}
2025-02-25 17:22:26,013 : INFO : EventManager : Event: ======'item_highlighted'====== Args={'carousel': 'attract', 'direction': 'forwards', 'item': 'credits'}
2025-02-25 17:22:26,013 : INFO : Timer.attract_carousel_timer : Starting Timer.
2025-02-25 17:22:26,013 : INFO : EventManager : Event: ======'timer_attract_carousel_timer_started'====== Args={'ticks': 0, 'ticks_remaining': 1}
2025-02-25 17:22:26,013 : INFO : EventManager : Event: ======'timer_attract_carousel_timer_tick'====== Args={'ticks': 0, 'ticks_remaining': 1}
2025-02-25 17:22:26,014 : INFO : ball_device.bd_plunger : State: failed_confirm
2025-02-25 17:22:26,014 : INFO : ball_device.bd_plunger : Got timeout (5.0s) before confirm from <playfield.playfield>
2025-02-25 17:22:26,116 : INFO : ball_device.bd_plunger : Confirming eject because target is playfield and ball did not return.
2025-02-25 17:22:26,116 : INFO : ball_device.bd_plunger : Eject successful
2025-02-25 17:22:26,116 : INFO : EventManager : Event: ======'balldevice_bd_plunger_ball_eject_success'====== Args={'balls': 1, 'target': <playfield.playfield>}
2025-02-25 17:22:26,116 : INFO : EventManager : Event: ======'balldevice_playfield_ball_enter'====== Args={'new_balls': 1, 'unclaimed_balls': 1, 'device': <playfield.playfield>}
2025-02-25 17:22:26,116 : INFO : EventManager : Event: ======'playfield_ball_count_change'====== Args={'balls': 1, 'change': 1}
2025-02-25 17:22:26,117 : INFO : EventManager : Event: ======'balldevice_bd_plunger_ball_count_changed'====== Args={'balls': 0}
2025-02-25 17:22:26,117 : INFO : ball_device.bd_plunger : State: idle
2025-02-25 17:22:29,674 : INFO : SwitchController : <<<<<<< 's_start_button' active >>>>>>>
2025-02-25 17:22:29,831 : INFO : SwitchController : <<<<<<< 's_start_button' inactive >>>>>>>
2025-02-25 17:22:29,831 : INFO : EventManager : Event: ======'request_to_start_game'====== Args={}
2025-02-25 17:22:29,831 : INFO : BallController : Known balls: 1
2025-02-25 17:22:29,831 : INFO : BallController : bd_plunger contains 0 balls. Tags []
2025-02-25 17:22:29,831 : INFO : BallController : playfield contains 1 balls. Tags ['default']
2025-02-25 17:22:29,832 : WARNING : BallController : BallController denies game start. Not enough balls. 0 found. 1 required
2025-02-25 17:22:29,832 : INFO : BallController : Triggering ball search.
2025-02-25 17:22:30,220 : INFO : SwitchController : <<<<<<< 's_start_button' active >>>>>>>
2025-02-25 17:22:30,569 : INFO : SwitchController : <<<<<<< 's_start_button' inactive >>>>>>>
2025-02-25 17:22:30,569 : INFO : EventManager : Event: ======'request_to_start_game'====== Args={}
2025-02-25 17:22:30,570 : INFO : BallController : Known balls: 1
2025-02-25 17:22:30,570 : INFO : BallController : bd_plunger contains 0 balls. Tags []
2025-02-25 17:22:30,570 : INFO : BallController : playfield contains 1 balls. Tags ['default']
2025-02-25 17:22:30,570 : WARNING : BallController : BallController denies game start. Not enough balls. 0 found. 1 required
2025-02-25 17:22:30,570 : INFO : BallController : Triggering ball search.
2025-02-25 17:22:31,014 : INFO : Timer.attract_carousel_timer : Timer Complete
2025-02-25 17:22:31,014 : INFO : Timer.attract_carousel_timer : Stopping Timer
2025-02-25 17:22:31,014 : INFO : EventManager : Event: ======'timer_attract_carousel_timer_stopped'====== Args={'ticks': 1, 'ticks_remaining': 1}
2025-02-25 17:22:31,014 : INFO : EventManager : Event: ======'timer_attract_carousel_timer_complete'====== Args={'ticks': 1, 'ticks_remaining': 1}
2025-02-25 17:22:31,014 : INFO : EventManager : Event: ======'item_highlighted'====== Args={'carousel': 'attract', 'direction': 'forwards', 'item': 'mpf_logo'}
2025-02-25 17:22:31,015 : INFO : Timer.attract_carousel_timer : Starting Timer.
2025-02-25 17:22:31,015 : INFO : EventManager : Event: ======'timer_attract_carousel_timer_started'====== Args={'ticks': 0, 'ticks_remaining': 1}
2025-02-25 17:22:31,015 : INFO : EventManager : Event: ======'timer_attract_carousel_timer_tick'====== Args={'ticks': 0, 'ticks_remaining': 1}
2025-02-25 17:22:32,018 : INFO : SwitchController : <<<<<<< 's_plunger_lane' active >>>>>>>
2025-02-25 17:22:32,226 : INFO : SwitchController : <<<<<<< 's_plunger_lane' inactive >>>>>>>
2025-02-25 17:22:32,788 : INFO : SwitchController : <<<<<<< 's_plunger_lane' active >>>>>>>
2025-02-25 17:22:33,181 : INFO : SwitchController : <<<<<<< 's_plunger_lane' inactive >>>>>>>
2025-02-25 17:22:33,465 : INFO : SwitchController : <<<<<<< 's_plunger_lane' active >>>>>>>
2025-02-25 17:22:33,631 : INFO : SwitchController : <<<<<<< 's_plunger_lane' inactive >>>>>>>
2025-02-25 17:22:33,856 : INFO : SwitchController : <<<<<<< 's_plunger_lane' active >>>>>>>
2025-02-25 17:22:33,998 : INFO : SwitchController : <<<<<<< 's_plunger_lane' inactive >>>>>>>
2025-02-25 17:22:34,173 : INFO : SwitchController : <<<<<<< 's_plunger_lane' active >>>>>>>
2025-02-25 17:22:34,675 : INFO : EventManager : Event: ======'balldevice_bd_plunger_ball_count_changed'====== Args={'balls': 1}
2025-02-25 17:22:34,675 : INFO : ball_device.bd_plunger : Received unexpected ball
2025-02-25 17:22:34,675 : INFO : EventManager : Event: ======'balldevice_captured_from_playfield'====== Args={'balls': 1}
2025-02-25 17:22:34,675 : INFO : EventManager : Event: ======'sw_playfield_active'====== Args={'balls': 1}
2025-02-25 17:22:34,675 : INFO : EventManager : Event: ======'playfield_ball_count_change'====== Args={'balls': 0, 'change': -1}
2025-02-25 17:22:34,676 : INFO : EventManager : Event: ======'balldevice_bd_plunger_ball_enter'====== Args={'new_balls': 1, 'unclaimed_balls': 1, 'new_available_balls': 1, 'device': <ball_device.bd_plunger>}
2025-02-25 17:22:34,676 : INFO : ball_device.bd_plunger : Ejecting 1 unexpected balls using path deque([<ball_device.bd_plunger>, <playfield.playfield>])
2025-02-25 17:22:34,676 : INFO : EventManager : Event: ======'balldevice_balls_available'====== Args={}
2025-02-25 17:22:34,676 : INFO : EventManager : Event: ======'balldevice_balls_available'====== Args={}
2025-02-25 17:22:34,676 : INFO : EventManager : Event: ======'balldevice_bd_plunger_ball_entered'====== Args={'new_balls': 1, 'device': <ball_device.bd_plunger>}
2025-02-25 17:22:34,677 : INFO : ball_device.bd_plunger : State: waiting_for_target_ready
2025-02-25 17:22:34,677 : INFO : EventManager : Event: ======'balldevice_bd_plunger_ball_eject_attempt'====== Args={'balls': 1, 'target': <playfield.playfield>, 'source': <ball_device.bd_plunger>, 'mechanical_eject': False, 'num_attempts': 0}
2025-02-25 17:22:34,677 : INFO : ball_device.bd_plunger : State: ejecting
2025-02-25 17:22:34,677 : INFO : ball_device.bd_plunger : Ejecting ball to <playfield.playfield>
2025-02-25 17:22:34,677 : INFO : EventManager : Event: ======'balldevice_bd_plunger_ejecting_ball'====== Args={'balls': 1, 'target': <playfield.playfield>, 'source': <ball_device.bd_plunger>, 'mechanical_eject': False, 'num_attempts': 0}
2025-02-25 17:22:34,678 : INFO : ball_device.bd_plunger : Wait for ball to leave device
2025-02-25 17:22:34,678 : INFO : coil.c_plunger : Pulsing Driver for 10ms (1.0 pulse_power)
2025-02-25 17:22:34,678 : INFO : SwitchController : <<<<<<< 's_plunger_lane' inactive >>>>>>>
2025-02-25 17:22:34,679 : INFO : ball_device.bd_plunger : State: ball_left
2025-02-25 17:22:34,679 : INFO : ball_device.bd_plunger : Ball left
2025-02-25 17:22:34,679 : INFO : ball_device.bd_plunger : Wait for confirm with timeout 5.0
2025-02-25 17:22:35,014 : WARNING : SwitchController : Received duplicate switch state 0 for switch s_plunger_lane from the platform interface. Log Code: Log-SwitchController-1 (https://missionpinball.org/logs)
2025-02-25 17:22:35,181 : INFO : SwitchController : <<<<<<< 's_start_button' active >>>>>>>
2025-02-25 17:22:35,381 : INFO : SwitchController : <<<<<<< 's_start_button' inactive >>>>>>>
2025-02-25 17:22:35,382 : INFO : EventManager : Event: ======'request_to_start_game'====== Args={}
2025-02-25 17:22:35,382 : INFO : BallController : Known balls: 1
2025-02-25 17:22:35,382 : INFO : BallController : bd_plunger contains 0 balls. Tags []
2025-02-25 17:22:35,382 : INFO : BallController : playfield contains 0 balls. Tags ['default']
2025-02-25 17:22:35,382 : WARNING : BallController : BallController denies game start. Not enough balls. 0 found. 1 required
2025-02-25 17:22:35,382 : INFO : BallController : Triggering ball search.
2025-02-25 17:22:35,507 : INFO : SwitchController : <<<<<<< 's_plunger_lane' active >>>>>>>
2025-02-25 17:22:35,831 : INFO : SwitchController : <<<<<<< 's_plunger_lane' inactive >>>>>>>
2025-02-25 17:22:35,881 : INFO : SwitchController : <<<<<<< 's_start_button' active >>>>>>>
2025-02-25 17:22:36,016 : INFO : Timer.attract_carousel_timer : Timer Complete
2025-02-25 17:22:36,016 : INFO : Timer.attract_carousel_timer : Stopping Timer
2025-02-25 17:22:36,016 : INFO : EventManager : Event: ======'timer_attract_carousel_timer_stopped'====== Args={'ticks': 1, 'ticks_remaining': 1}
2025-02-25 17:22:36,016 : INFO : EventManager : Event: ======'timer_attract_carousel_timer_complete'====== Args={'ticks': 1, 'ticks_remaining': 1}
2025-02-25 17:22:36,017 : INFO : EventManager : Event: ======'item_highlighted'====== Args={'carousel': 'attract', 'direction': 'forwards', 'item': 'title'}
2025-02-25 17:22:36,017 : INFO : Timer.attract_carousel_timer : Starting Timer.
2025-02-25 17:22:36,017 : INFO : EventManager : Event: ======'timer_attract_carousel_timer_started'====== Args={'ticks': 0, 'ticks_remaining': 1}
2025-02-25 17:22:36,017 : INFO : EventManager : Event: ======'timer_attract_carousel_timer_tick'====== Args={'ticks': 0, 'ticks_remaining': 1}
2025-02-25 17:22:36,032 : INFO : SwitchController : <<<<<<< 's_start_button' inactive >>>>>>>
2025-02-25 17:22:36,032 : INFO : EventManager : Event: ======'request_to_start_game'====== Args={}
2025-02-25 17:22:36,032 : INFO : BallController : Known balls: 1
2025-02-25 17:22:36,033 : INFO : BallController : bd_plunger contains 0 balls. Tags []
2025-02-25 17:22:36,033 : INFO : BallController : playfield contains 0 balls. Tags ['default']
2025-02-25 17:22:36,033 : WARNING : BallController : BallController denies game start. Not enough balls. -1 found. 1 required
2025-02-25 17:22:36,033 : INFO : BallController : Triggering ball search.
2025-02-25 17:22:36,473 : INFO : SwitchController : <<<<<<< 's_flipper_right' active >>>>>>>
2025-02-25 17:22:36,474 : INFO : EventManager : Event: ======'s_flipper_right_active'====== Args={}
2025-02-25 17:22:36,474 : INFO : EventManager : Event: ======'item_highlighted'====== Args={'carousel': 'attract', 'direction': 'forwards', 'item': 'credits'}
2025-02-25 17:22:36,475 : INFO : EventManager : Event: ======'timer_attract_carousel_timer_tick'====== Args={'ticks': 0, 'ticks_remaining': 1}
2025-02-25 17:22:36,598 : INFO : SwitchController : <<<<<<< 's_flipper_left' active >>>>>>>
2025-02-25 17:22:36,598 : INFO : EventManager : Event: ======'s_flipper_left_active'====== Args={}
2025-02-25 17:22:36,599 : INFO : EventManager : Event: ======'flipper_cancel'====== Args={'triggering_group': 1, 'triggering_switch': 's_flipper_left'}
2025-02-25 17:22:36,599 : INFO : EventManager : Event: ======'item_highlighted'====== Args={'carousel': 'attract', 'direction': 'backwards', 'item': 'title'}
2025-02-25 17:22:36,599 : INFO : EventManager : Event: ======'timer_attract_carousel_timer_tick'====== Args={'ticks': 0, 'ticks_remaining': 1}
2025-02-25 17:22:36,623 : INFO : SwitchController : <<<<<<< 's_flipper_right' inactive >>>>>>>
2025-02-25 17:22:36,623 : INFO : EventManager : Event: ======'both_flippers_one'====== Args={'triggering_group': 2, 'triggering_switch': 's_flipper_right'}
2025-02-25 17:22:36,732 : INFO : SwitchController : <<<<<<< 's_flipper_left' inactive >>>>>>>
2025-02-25 17:22:36,732 : INFO : EventManager : Event: ======'both_flippers_inactive'====== Args={'triggering_group': 1, 'triggering_switch': 's_flipper_left'}
2025-02-25 17:22:36,774 : INFO : SwitchController : <<<<<<< 's_flipper_right' active >>>>>>>
2025-02-25 17:22:36,774 : INFO : EventManager : Event: ======'s_flipper_right_active'====== Args={}
2025-02-25 17:22:36,774 : INFO : EventManager : Event: ======'item_highlighted'====== Args={'carousel': 'attract', 'direction': 'forwards', 'item': 'credits'}
2025-02-25 17:22:36,775 : INFO : EventManager : Event: ======'timer_attract_carousel_timer_tick'====== Args={'ticks': 0, 'ticks_remaining': 1}
2025-02-25 17:22:36,940 : INFO : SwitchController : <<<<<<< 's_flipper_right' inactive >>>>>>>
2025-02-25 17:22:36,956 : INFO : SwitchController : <<<<<<< 's_flipper_left' active >>>>>>>
2025-02-25 17:22:36,957 : INFO : EventManager : Event: ======'s_flipper_left_active'====== Args={}
2025-02-25 17:22:36,957 : INFO : EventManager : Event: ======'item_highlighted'====== Args={'carousel': 'attract', 'direction': 'backwards', 'item': 'title'}
2025-02-25 17:22:36,957 : INFO : EventManager : Event: ======'timer_attract_carousel_timer_tick'====== Args={'ticks': 0, 'ticks_remaining': 1}
2025-02-25 17:22:37,056 : INFO : SwitchController : <<<<<<< 's_flipper_left' inactive >>>>>>>
2025-02-25 17:22:37,173 : INFO : SwitchController : <<<<<<< 's_flipper_right' active >>>>>>>
2025-02-25 17:22:37,173 : INFO : EventManager : Event: ======'s_flipper_right_active'====== Args={}
2025-02-25 17:22:37,173 : INFO : EventManager : Event: ======'item_highlighted'====== Args={'carousel': 'attract', 'direction': 'forwards', 'item': 'credits'}
2025-02-25 17:22:37,174 : INFO : EventManager : Event: ======'timer_attract_carousel_timer_tick'====== Args={'ticks': 0, 'ticks_remaining': 1}
2025-02-25 17:22:37,239 : INFO : SwitchController : <<<<<<< 's_flipper_right' inactive >>>>>>>
2025-02-25 17:22:37,356 : INFO : SwitchController : <<<<<<< 's_flipper_right' active >>>>>>>
2025-02-25 17:22:37,357 : INFO : EventManager : Event: ======'s_flipper_right_active'====== Args={}
2025-02-25 17:22:37,357 : INFO : EventManager : Event: ======'item_highlighted'====== Args={'carousel': 'attract', 'direction': 'forwards', 'item': 'mpf_logo'}
2025-02-25 17:22:37,357 : INFO : EventManager : Event: ======'timer_attract_carousel_timer_tick'====== Args={'ticks': 0, 'ticks_remaining': 1}
2025-02-25 17:22:37,423 : INFO : SwitchController : <<<<<<< 's_flipper_right' inactive >>>>>>>
2025-02-25 17:22:37,522 : INFO : SwitchController : <<<<<<< 's_flipper_right' active >>>>>>>
2025-02-25 17:22:37,522 : INFO : EventManager : Event: ======'s_flipper_right_active'====== Args={}
2025-02-25 17:22:37,523 : INFO : EventManager : Event: ======'item_highlighted'====== Args={'carousel': 'attract', 'direction': 'forwards', 'item': 'title'}
2025-02-25 17:22:37,523 : INFO : EventManager : Event: ======'timer_attract_carousel_timer_tick'====== Args={'ticks': 0, 'ticks_remaining': 1}
2025-02-25 17:22:37,589 : INFO : SwitchController : <<<<<<< 's_flipper_right' inactive >>>>>>>
2025-02-25 17:22:37,665 : INFO : SwitchController : <<<<<<< 's_flipper_right' active >>>>>>>
2025-02-25 17:22:37,665 : INFO : EventManager : Event: ======'s_flipper_right_active'====== Args={}
2025-02-25 17:22:37,665 : INFO : EventManager : Event: ======'item_highlighted'====== Args={'carousel': 'attract', 'direction': 'forwards', 'item': 'credits'}
2025-02-25 17:22:37,666 : INFO : EventManager : Event: ======'timer_attract_carousel_timer_tick'====== Args={'ticks': 0, 'ticks_remaining': 1}
2025-02-25 17:22:37,723 : INFO : SwitchController : <<<<<<< 's_flipper_right' inactive >>>>>>>
2025-02-25 17:22:37,815 : INFO : SwitchController : <<<<<<< 's_flipper_right' active >>>>>>>
2025-02-25 17:22:37,815 : INFO : EventManager : Event: ======'s_flipper_right_active'====== Args={}
2025-02-25 17:22:37,815 : INFO : EventManager : Event: ======'item_highlighted'====== Args={'carousel': 'attract', 'direction': 'forwards', 'item': 'mpf_logo'}
2025-02-25 17:22:37,816 : INFO : EventManager : Event: ======'timer_attract_carousel_timer_tick'====== Args={'ticks': 0, 'ticks_remaining': 1}
2025-02-25 17:22:37,873 : INFO : SwitchController : <<<<<<< 's_flipper_right' inactive >>>>>>>
2025-02-25 17:22:37,965 : INFO : SwitchController : <<<<<<< 's_flipper_right' active >>>>>>>
2025-02-25 17:22:37,966 : INFO : EventManager : Event: ======'s_flipper_right_active'====== Args={}
2025-02-25 17:22:37,966 : INFO : EventManager : Event: ======'item_highlighted'====== Args={'carousel': 'attract', 'direction': 'forwards', 'item': 'title'}
2025-02-25 17:22:37,967 : INFO : EventManager : Event: ======'timer_attract_carousel_timer_tick'====== Args={'ticks': 0, 'ticks_remaining': 1}
2025-02-25 17:22:38,031 : INFO : SwitchController : <<<<<<< 's_flipper_right' inactive >>>>>>>
2025-02-25 17:22:38,198 : INFO : SwitchController : <<<<<<< 's_flipper_left' active >>>>>>>
2025-02-25 17:22:38,198 : INFO : EventManager : Event: ======'s_flipper_left_active'====== Args={}
2025-02-25 17:22:38,199 : INFO : EventManager : Event: ======'item_highlighted'====== Args={'carousel': 'attract', 'direction': 'backwards', 'item': 'mpf_logo'}
2025-02-25 17:22:38,199 : INFO : EventManager : Event: ======'timer_attract_carousel_timer_tick'====== Args={'ticks': 0, 'ticks_remaining': 1}
2025-02-25 17:22:38,281 : INFO : SwitchController : <<<<<<< 's_flipper_left' inactive >>>>>>>
2025-02-25 17:22:38,398 : INFO : SwitchController : <<<<<<< 's_flipper_left' active >>>>>>>
2025-02-25 17:22:38,398 : INFO : EventManager : Event: ======'s_flipper_left_active'====== Args={}
2025-02-25 17:22:38,399 : INFO : EventManager : Event: ======'item_highlighted'====== Args={'carousel': 'attract', 'direction': 'backwards', 'item': 'credits'}
2025-02-25 17:22:38,399 : INFO : EventManager : Event: ======'timer_attract_carousel_timer_tick'====== Args={'ticks': 0, 'ticks_remaining': 1}
2025-02-25 17:22:38,473 : INFO : SwitchController : <<<<<<< 's_flipper_left' inactive >>>>>>>
2025-02-25 17:22:38,556 : INFO : SwitchController : <<<<<<< 's_flipper_left' active >>>>>>>
2025-02-25 17:22:38,557 : INFO : EventManager : Event: ======'s_flipper_left_active'====== Args={}
2025-02-25 17:22:38,557 : INFO : EventManager : Event: ======'item_highlighted'====== Args={'carousel': 'attract', 'direction': 'backwards', 'item': 'title'}
2025-02-25 17:22:38,558 : INFO : EventManager : Event: ======'timer_attract_carousel_timer_tick'====== Args={'ticks': 0, 'ticks_remaining': 1}
2025-02-25 17:22:38,607 : INFO : SwitchController : <<<<<<< 's_flipper_left' inactive >>>>>>>
2025-02-25 17:22:38,698 : INFO : SwitchController : <<<<<<< 's_flipper_left' active >>>>>>>
2025-02-25 17:22:38,698 : INFO : EventManager : Event: ======'s_flipper_left_active'====== Args={}
2025-02-25 17:22:38,699 : INFO : EventManager : Event: ======'item_highlighted'====== Args={'carousel': 'attract', 'direction': 'backwards', 'item': 'mpf_logo'}
2025-02-25 17:22:38,699 : INFO : EventManager : Event: ======'timer_attract_carousel_timer_tick'====== Args={'ticks': 0, 'ticks_remaining': 1}
2025-02-25 17:22:38,756 : INFO : SwitchController : <<<<<<< 's_flipper_left' inactive >>>>>>>
2025-02-25 17:22:38,861 : INFO : SwitchController : <<<<<<< 's_flipper_left' active >>>>>>>
2025-02-25 17:22:38,861 : INFO : EventManager : Event: ======'s_flipper_left_active'====== Args={}
2025-02-25 17:22:38,861 : INFO : EventManager : Event: ======'item_highlighted'====== Args={'carousel': 'attract', 'direction': 'backwards', 'item': 'credits'}
2025-02-25 17:22:38,861 : INFO : EventManager : Event: ======'timer_attract_carousel_timer_tick'====== Args={'ticks': 0, 'ticks_remaining': 1}
2025-02-25 17:22:38,914 : INFO : SwitchController : <<<<<<< 's_flipper_left' inactive >>>>>>>
2025-02-25 17:22:39,440 : INFO : SwitchController : <<<<<<< 's_plunger_lane' active >>>>>>>
2025-02-25 17:22:39,515 : INFO : SwitchController : <<<<<<< 's_plunger_lane' inactive >>>>>>>
2025-02-25 17:22:39,631 : INFO : SwitchController : <<<<<<< 's_plunger_lane' active >>>>>>>
2025-02-25 17:22:39,681 : INFO : ball_device.bd_plunger : State: failed_confirm
2025-02-25 17:22:39,682 : INFO : ball_device.bd_plunger : Got timeout (5.0s) before confirm from <playfield.playfield>
2025-02-25 17:22:39,706 : INFO : SwitchController : <<<<<<< 's_plunger_lane' inactive >>>>>>>
2025-02-25 17:22:39,782 : INFO : ball_device.bd_plunger : Confirming eject because target is playfield and ball did not return.
2025-02-25 17:22:39,782 : INFO : ball_device.bd_plunger : Eject successful
2025-02-25 17:22:39,783 : INFO : EventManager : Event: ======'balldevice_bd_plunger_ball_eject_success'====== Args={'balls': 1, 'target': <playfield.playfield>}
2025-02-25 17:22:39,783 : INFO : EventManager : Event: ======'balldevice_playfield_ball_enter'====== Args={'new_balls': 1, 'unclaimed_balls': 1, 'device': <playfield.playfield>}
2025-02-25 17:22:39,783 : INFO : EventManager : Event: ======'playfield_ball_count_change'====== Args={'balls': 1, 'change': 1}
2025-02-25 17:22:39,783 : INFO : EventManager : Event: ======'balldevice_bd_plunger_ball_count_changed'====== Args={'balls': 0}
2025-02-25 17:22:39,783 : INFO : ball_device.bd_plunger : State: idle
2025-02-25 17:22:39,831 : INFO : SwitchController : <<<<<<< 's_plunger_lane' active >>>>>>>
2025-02-25 17:22:39,906 : INFO : SwitchController : <<<<<<< 's_plunger_lane' inactive >>>>>>>
2025-02-25 17:22:40,006 : INFO : SwitchController : <<<<<<< 's_plunger_lane' active >>>>>>>
2025-02-25 17:22:40,081 : INFO : SwitchController : <<<<<<< 's_plunger_lane' inactive >>>>>>>
2025-02-25 17:22:40,206 : INFO : SwitchController : <<<<<<< 's_plunger_lane' active >>>>>>>
2025-02-25 17:22:40,331 : INFO : SwitchController : <<<<<<< 's_plunger_lane' inactive >>>>>>>
2025-02-25 17:22:40,903 : INFO : SwitchController : <<<<<<< 's_plunger_lane' active >>>>>>>
2025-02-25 17:22:41,031 : INFO : SwitchController : <<<<<<< 's_plunger_lane' inactive >>>>>>>
2025-02-25 17:22:41,132 : INFO : SwitchController : <<<<<<< 's_plunger_lane' active >>>>>>>
2025-02-25 17:22:41,206 : INFO : SwitchController : <<<<<<< 's_plunger_lane' inactive >>>>>>>
2025-02-25 17:22:41,306 : INFO : SwitchController : <<<<<<< 's_plunger_lane' active >>>>>>>
2025-02-25 17:22:41,356 : INFO : SwitchController : <<<<<<< 's_plunger_lane' inactive >>>>>>>
2025-02-25 17:22:41,457 : INFO : SwitchController : <<<<<<< 's_plunger_lane' active >>>>>>>
2025-02-25 17:22:41,582 : INFO : SwitchController : <<<<<<< 's_plunger_lane' inactive >>>>>>>
2025-02-25 17:22:42,848 : INFO : SwitchController : <<<<<<< 's_start_button' active >>>>>>>
2025-02-25 17:22:43,040 : INFO : SwitchController : <<<<<<< 's_start_button' inactive >>>>>>>
2025-02-25 17:22:43,040 : INFO : EventManager : Event: ======'request_to_start_game'====== Args={}
2025-02-25 17:22:43,041 : INFO : BallController : Known balls: 1
2025-02-25 17:22:43,041 : INFO : BallController : bd_plunger contains 0 balls. Tags []
2025-02-25 17:22:43,041 : INFO : BallController : playfield contains 1 balls. Tags ['default']
2025-02-25 17:22:43,041 : WARNING : BallController : BallController denies game start. Not enough balls. 0 found. 1 required
2025-02-25 17:22:43,041 : INFO : BallController : Triggering ball search.
2025-02-25 17:22:43,299 : INFO : SwitchController : <<<<<<< 's_start_button' active >>>>>>>
2025-02-25 17:22:43,531 : INFO : SwitchController : <<<<<<< 's_start_button' inactive >>>>>>>
2025-02-25 17:22:43,532 : INFO : EventManager : Event: ======'request_to_start_game'====== Args={}
2025-02-25 17:22:43,532 : INFO : BallController : Known balls: 1
2025-02-25 17:22:43,532 : INFO : BallController : bd_plunger contains 0 balls. Tags []
2025-02-25 17:22:43,532 : INFO : BallController : playfield contains 1 balls. Tags ['default']
2025-02-25 17:22:43,532 : WARNING : BallController : BallController denies game start. Not enough balls. 0 found. 1 required
2025-02-25 17:22:43,532 : INFO : BallController : Triggering ball search.
2025-02-25 17:22:43,862 : INFO : Timer.attract_carousel_timer : Timer Complete
2025-02-25 17:22:43,863 : INFO : Timer.attract_carousel_timer : Stopping Timer
2025-02-25 17:22:43,863 : INFO : EventManager : Event: ======'timer_attract_carousel_timer_stopped'====== Args={'ticks': 1, 'ticks_remaining': 1}
2025-02-25 17:22:43,863 : INFO : EventManager : Event: ======'timer_attract_carousel_timer_complete'====== Args={'ticks': 1, 'ticks_remaining': 1}
2025-02-25 17:22:43,863 : INFO : EventManager : Event: ======'item_highlighted'====== Args={'carousel': 'attract', 'direction': 'forwards', 'item': 'mpf_logo'}
2025-02-25 17:22:43,863 : INFO : Timer.attract_carousel_timer : Starting Timer.
2025-02-25 17:22:43,863 : INFO : EventManager : Event: ======'timer_attract_carousel_timer_started'====== Args={'ticks': 0, 'ticks_remaining': 1}
2025-02-25 17:22:43,863 : INFO : EventManager : Event: ======'timer_attract_carousel_timer_tick'====== Args={'ticks': 0, 'ticks_remaining': 1}
2025-02-25 17:22:43,903 : INFO : SwitchController : <<<<<<< 's_start_button' active >>>>>>>
2025-02-25 17:22:44,073 : INFO : SwitchController : <<<<<<< 's_start_button' inactive >>>>>>>
2025-02-25 17:22:44,073 : INFO : EventManager : Event: ======'request_to_start_game'====== Args={}
2025-02-25 17:22:44,074 : INFO : BallController : Known balls: 1
2025-02-25 17:22:44,074 : INFO : BallController : bd_plunger contains 0 balls. Tags []
2025-02-25 17:22:44,074 : INFO : BallController : playfield contains 1 balls. Tags ['default']
2025-02-25 17:22:44,074 : WARNING : BallController : BallController denies game start. Not enough balls. 0 found. 1 required
2025-02-25 17:22:44,074 : INFO : BallController : Triggering ball search.
2025-02-25 17:22:45,823 : INFO : SwitchController : <<<<<<< 's_inlane_1_right' active >>>>>>>
2025-02-25 17:22:45,823 : INFO : EventManager : Event: ======'sw_playfield_active'====== Args={}
2025-02-25 17:22:45,956 : INFO : SwitchController : <<<<<<< 's_inlane_1_right' inactive >>>>>>>
2025-02-25 17:22:46,123 : INFO : SwitchController : <<<<<<< 's_inlane_1_right' active >>>>>>>
2025-02-25 17:22:46,123 : INFO : EventManager : Event: ======'sw_playfield_active'====== Args={}
2025-02-25 17:22:46,198 : INFO : SwitchController : <<<<<<< 's_inlane_1_right' inactive >>>>>>>
2025-02-25 17:22:46,298 : INFO : SwitchController : <<<<<<< 's_inlane_1_right' active >>>>>>>
2025-02-25 17:22:46,298 : INFO : EventManager : Event: ======'sw_playfield_active'====== Args={}
2025-02-25 17:22:46,373 : INFO : SwitchController : <<<<<<< 's_inlane_1_right' inactive >>>>>>>
2025-02-25 17:22:46,448 : INFO : SwitchController : <<<<<<< 's_inlane_1_right' active >>>>>>>
2025-02-25 17:22:46,448 : INFO : EventManager : Event: ======'sw_playfield_active'====== Args={}
2025-02-25 17:22:46,523 : INFO : SwitchController : <<<<<<< 's_inlane_1_right' inactive >>>>>>>
2025-02-25 17:22:47,294 : INFO : SwitchController : <<<<<<< 's_start_button' active >>>>>>>
2025-02-25 17:22:47,377 : INFO : SwitchController : <<<<<<< 's_start_button' inactive >>>>>>>
2025-02-25 17:22:47,377 : INFO : EventManager : Event: ======'request_to_start_game'====== Args={}
2025-02-25 17:22:47,378 : INFO : BallController : Known balls: 1
2025-02-25 17:22:47,378 : INFO : BallController : bd_plunger contains 0 balls. Tags []
2025-02-25 17:22:47,378 : INFO : BallController : playfield contains 1 balls. Tags ['default']
2025-02-25 17:22:47,378 : WARNING : BallController : BallController denies game start. Not enough balls. 0 found. 1 required
2025-02-25 17:22:47,378 : INFO : BallController : Triggering ball search.
2025-02-25 17:22:48,864 : INFO : Timer.attract_carousel_timer : Timer Complete
2025-02-25 17:22:48,864 : INFO : Timer.attract_carousel_timer : Stopping Timer
2025-02-25 17:22:48,864 : INFO : EventManager : Event: ======'timer_attract_carousel_timer_stopped'====== Args={'ticks': 1, 'ticks_remaining': 1}
2025-02-25 17:22:48,864 : INFO : EventManager : Event: ======'timer_attract_carousel_timer_complete'====== Args={'ticks': 1, 'ticks_remaining': 1}
2025-02-25 17:22:48,864 : INFO : EventManager : Event: ======'item_highlighted'====== Args={'carousel': 'attract', 'direction': 'forwards', 'item': 'title'}
2025-02-25 17:22:48,865 : INFO : Timer.attract_carousel_timer : Starting Timer.
2025-02-25 17:22:48,865 : INFO : EventManager : Event: ======'timer_attract_carousel_timer_started'====== Args={'ticks': 0, 'ticks_remaining': 1}
2025-02-25 17:22:48,865 : INFO : EventManager : Event: ======'timer_attract_carousel_timer_tick'====== Args={'ticks': 0, 'ticks_remaining': 1}
2025-02-25 17:22:52,379 : INFO : Machine : Shutting down...
2025-02-25 17:22:52,379 : INFO : EventManager : Event: ======'shutdown'====== Args={}
2025-02-25 17:22:52,382 : INFO : root : MPF run loop ended.
