2025-04-12 19:42:13,672 : INFO : root : Loading config.
2025-04-12 19:42:13,697 : INFO : YamlMultifileConfigLoader : Machine config file #1: config.yaml
2025-04-12 19:42:13,768 : INFO : ConfigProcessor : Loading config from cache: /var/folders/40/zrmpqx_508x_r3hv1rqbplvh0000gn/T/ea93227a266bc8299bfaa31138eab4ed.mpf_cache
2025-04-12 19:42:13,852 : INFO : ConfigProcessor : Loading config from cache: /var/folders/40/zrmpqx_508x_r3hv1rqbplvh0000gn/T/c1dd0a736541bd88f4e0ab507b1822f9.mpf_cache
2025-04-12 19:42:13,853 : INFO : ConfigProcessor : Loading config from cache: /var/folders/40/zrmpqx_508x_r3hv1rqbplvh0000gn/T/bba75b4938b7bfaef1ae184809c7472c.mpf_cache
2025-04-12 19:42:13,853 : INFO : ConfigProcessor : Loading config from cache: /var/folders/40/zrmpqx_508x_r3hv1rqbplvh0000gn/T/c1dd0a736541bd88f4e0ab507b1822f9.mpf_cache
2025-04-12 19:42:13,854 : INFO : ConfigProcessor : Loading config from cache: /var/folders/40/zrmpqx_508x_r3hv1rqbplvh0000gn/T/911d1b37f4ad2186d44e0f02a423c49c.mpf_cache
2025-04-12 19:42:13,855 : INFO : Machine : Mission Pinball Framework Core Engine v0.80.0.dev7
2025-04-12 19:42:13,855 : INFO : Machine : Command line arguments: {'no_load_cache': False, 'create_config_cache': True, 'bcp': False, 'configfile': ['config.yaml'], 'force_assets_load': False, 'platform_integration_test': False, 'jsonlogging': False, 'logfile': 'logs/2025-04-12-19-42-13-mpf-Andres-Mac-mini.log', 'pause': False, 'production': False, 'text_ui': False, 'loglevel': 15, 'consoleloglevel': 20, 'force_platform': None, 'syslog_address': None, 'full_logfile_path': '/Users/andre/Napoleon/logs/2025-04-12-19-42-13-mpf-Andres-Mac-mini.log'}
2025-04-12 19:42:13,855 : INFO : Machine : MPF path: /Users/andre/mpf/lib/python3.12/site-packages/mpf
2025-04-12 19:42:13,855 : INFO : Machine : Machine path: /Users/andre/Napoleon
2025-04-12 19:42:13,855 : INFO : Machine : Platform: darwin
2025-04-12 19:42:13,855 : INFO : Machine : Python executable location: /Users/andre/mpf/bin/python3.12
2025-04-12 19:42:13,855 : INFO : Machine : Python version: 3.12.8 (64-bit)
2025-04-12 19:42:13,857 : INFO : Machine : Initializing MPF...
2025-04-12 19:42:13,966 : INFO : FAST : Auto-detecting ports for the following connections: ['net', 'exp']
2025-04-12 19:42:13,988 : INFO : FAST : Detected NET on port /dev/cu.usbmodem14301
2025-04-12 19:42:13,996 : INFO : FAST : Detected EXP on port /dev/cu.usbmodem14303
2025-04-12 19:42:14,100 : INFO : FAST [NET] : Trying to connect to /dev/cu.usbmodem14301 at 921600bps
2025-04-12 19:42:14,105 : INFO : FAST [NET] : Connected to /dev/cu.usbmodem14301 at 921600bps
2025-04-12 19:42:14,108 : INFO : FAST [NET] : Connected to FP-CPU-2000 with firmware v02.26
2025-04-12 19:42:14,110 : INFO : FAST [NET] : Registered I/O Board 0: Model: FP-I/O-3208, Firmware: 01.10, Switches: 32, Drivers: 8
2025-04-12 19:42:14,111 : INFO : FAST [EXP] : Trying to connect to /dev/cu.usbmodem14303 at 921600bps
2025-04-12 19:42:14,117 : INFO : FAST [EXP] : Connected to /dev/cu.usbmodem14303 at 921600bps
2025-04-12 19:42:14,119 : INFO : FAST [EXP] : Verifying hardware for EXP "neuron" (FP-EXP-2000, @48) with ID string "EXP FP-EXP-2000  0.34", board address 48
2025-04-12 19:42:14,120 : INFO : FAST [EXP] : Verifying hardware for EXP "neuron" (FP-EXP-2000, @48) with ID string "LED FP-BRK-0001  0.8", board address 480
2025-04-12 19:42:14,121 : INFO : FAST [EXP] : Verifying hardware for EXP "neuron" (FP-EXP-2000, @48) with ID string "PWR FP-PWR-0007  0.8", board address 481
2025-04-12 19:42:14,122 : INFO : EventManager : Event: ======'machine_var_credits_string'====== Args={'value': 'FREE PLAY', 'prev_value': None, 'change': True}
2025-04-12 19:42:14,136 : INFO : EventManager : Event: ======'machine_var_master_volume'====== Args={'value': 0.5, 'prev_value': None, 'change': True}
2025-04-12 19:42:14,136 : INFO : EventManager : Event: ======'machine_var_mpf_version'====== Args={'value': 'Mission Pinball Framework v0.80.0.dev7', 'prev_value': None, 'change': True}
2025-04-12 19:42:14,136 : INFO : EventManager : Event: ======'machine_var_mpf_extended_version'====== Args={'value': 'Mission Pinball Framework v0.80.0.dev7, Config version:6, Show version: 6, BCP version:1.1', 'prev_value': None, 'change': True}
2025-04-12 19:42:14,137 : INFO : EventManager : Event: ======'machine_var_python_version'====== Args={'value': '3.12.8', 'prev_value': None, 'change': True}
2025-04-12 19:42:14,156 : INFO : EventManager : Event: ======'machine_var_platform'====== Args={'value': 'macOS-14.7.4-x86_64-i386-64bit', 'prev_value': None, 'change': True}
2025-04-12 19:42:14,156 : INFO : EventManager : Event: ======'machine_var_platform_system'====== Args={'value': 'Darwin', 'prev_value': None, 'change': True}
2025-04-12 19:42:14,156 : INFO : EventManager : Event: ======'machine_var_platform_release'====== Args={'value': '23.6.0', 'prev_value': None, 'change': True}
2025-04-12 19:42:14,156 : INFO : EventManager : Event: ======'machine_var_platform_version'====== Args={'value': 'Darwin Kernel Version 23.6.0: Thu Dec 19 20:44:50 PST 2024; root:xnu-10063.141.1.703.2~1/RELEASE_X86_64', 'prev_value': None, 'change': True}
2025-04-12 19:42:14,156 : INFO : EventManager : Event: ======'machine_var_platform_machine'====== Args={'value': 'x86_64', 'prev_value': None, 'change': True}
2025-04-12 19:42:14,156 : INFO : EventManager : Event: ======'machine_var_log_file_path'====== Args={'value': '/Users/andre/Napoleon/logs/2025-04-12-19-42-13-mpf-Andres-Mac-mini.log', 'prev_value': None, 'change': True}
2025-04-12 19:42:14,157 : INFO : EventManager : Event: ======'init_phase_1'====== Args={}
2025-04-12 19:42:14,304 : INFO : SwitchController : <<<<<<< 's_trough_2' active >>>>>>>
2025-04-12 19:42:14,304 : INFO : SwitchController : <<<<<<< 's_trough_3' active >>>>>>>
2025-04-12 19:42:14,304 : INFO : SwitchController : <<<<<<< 's_trough_4' active >>>>>>>
2025-04-12 19:42:14,304 : INFO : SwitchController : <<<<<<< 's_trough_5' active >>>>>>>
2025-04-12 19:42:14,304 : INFO : SwitchController : <<<<<<< 's_trough_6' active >>>>>>>
2025-04-12 19:42:14,304 : INFO : SwitchController : <<<<<<< 's_trough_jam' active >>>>>>>
2025-04-12 19:42:14,304 : INFO : SwitchController : <<<<<<< 's_flipper_right_eos' active >>>>>>>
2025-04-12 19:42:14,305 : INFO : SwitchController : <<<<<<< 's_outlane_right' active >>>>>>>
2025-04-12 19:42:14,305 : INFO : SwitchController : <<<<<<< 's_inlane_1_right' active >>>>>>>
2025-04-12 19:42:14,305 : INFO : SwitchController : <<<<<<< 's_inlane_2_right' active >>>>>>>
2025-04-12 19:42:14,305 : INFO : SwitchController : <<<<<<< 's_flipper_left_eos' active >>>>>>>
2025-04-12 19:42:14,305 : INFO : SwitchController : <<<<<<< 's_outlane_left' active >>>>>>>
2025-04-12 19:42:14,366 : INFO : EventManager : Event: ======'init_phase_2'====== Args={}
2025-04-12 19:42:14,367 : INFO : SwitchController : Found active switch: (1, [FAST Platform Interface]) <switch.s_trough_2>
2025-04-12 19:42:14,367 : INFO : SwitchController : Found active switch: (2, [FAST Platform Interface]) <switch.s_trough_3>
2025-04-12 19:42:14,367 : INFO : SwitchController : Found active switch: (3, [FAST Platform Interface]) <switch.s_trough_4>
2025-04-12 19:42:14,367 : INFO : SwitchController : Found active switch: (4, [FAST Platform Interface]) <switch.s_trough_5>
2025-04-12 19:42:14,367 : INFO : SwitchController : Found active switch: (5, [FAST Platform Interface]) <switch.s_trough_6>
2025-04-12 19:42:14,367 : INFO : SwitchController : Found active switch: (6, [FAST Platform Interface]) <switch.s_trough_jam>
2025-04-12 19:42:14,367 : INFO : SwitchController : Found active switch: (8, [FAST Platform Interface]) <switch.s_flipper_right_eos>
2025-04-12 19:42:14,367 : INFO : SwitchController : Found active switch: (10, [FAST Platform Interface]) <switch.s_outlane_right>
2025-04-12 19:42:14,368 : INFO : SwitchController : Found active switch: (11, [FAST Platform Interface]) <switch.s_inlane_1_right>
2025-04-12 19:42:14,368 : INFO : SwitchController : Found active switch: (12, [FAST Platform Interface]) <switch.s_inlane_2_right>
2025-04-12 19:42:14,368 : INFO : SwitchController : Found active switch: (13, [FAST Platform Interface]) <switch.s_flipper_left_eos>
2025-04-12 19:42:14,368 : INFO : SwitchController : Found active switch: (15, [FAST Platform Interface]) <switch.s_outlane_left>
2025-04-12 19:42:14,372 : INFO : ball_device.bd_plunger : BCH: Initial count: 0
2025-04-12 19:42:14,372 : INFO : ball_device.bd_plunger : State: idle
2025-04-12 19:42:14,805 : INFO : ball_device.bd_trough : BCH: Initial count: 6
2025-04-12 19:42:14,805 : INFO : ball_device.bd_trough : State: idle
2025-04-12 19:42:14,815 : INFO : EventManager : Event: ======'init_phase_3'====== Args={}
2025-04-12 19:42:14,817 : INFO : EventManager : Event: ======'init_phase_4'====== Args={}
2025-04-12 19:42:14,818 : INFO : BallController : Initial balls found: 6
2025-04-12 19:42:14,819 : INFO : EventManager : Event: ======'machine_var_audits_events_game_ended'====== Args={'value': 0, 'prev_value': None, 'change': True}
2025-04-12 19:42:14,819 : INFO : EventManager : Event: ======'machine_var_audits_events_game_started'====== Args={'value': 8, 'prev_value': None, 'change': True}
2025-04-12 19:42:14,819 : INFO : EventManager : Event: ======'machine_var_audits_missing_switches_s_flipper_left'====== Args={'value': 5, 'prev_value': None, 'change': True}
2025-04-12 19:42:14,819 : INFO : EventManager : Event: ======'machine_var_audits_missing_switches_s_flipper_left_eos'====== Args={'value': 8, 'prev_value': None, 'change': True}
2025-04-12 19:42:14,819 : INFO : EventManager : Event: ======'machine_var_audits_missing_switches_s_flipper_right'====== Args={'value': 5, 'prev_value': None, 'change': True}
2025-04-12 19:42:14,819 : INFO : EventManager : Event: ======'machine_var_audits_missing_switches_s_flipper_right_eos'====== Args={'value': 8, 'prev_value': None, 'change': True}
2025-04-12 19:42:14,819 : INFO : EventManager : Event: ======'machine_var_audits_missing_switches_s_inlane_1_right'====== Args={'value': 8, 'prev_value': None, 'change': True}
2025-04-12 19:42:14,819 : INFO : EventManager : Event: ======'machine_var_audits_missing_switches_s_inlane_2_right'====== Args={'value': 8, 'prev_value': None, 'change': True}
2025-04-12 19:42:14,819 : INFO : EventManager : Event: ======'machine_var_audits_missing_switches_s_inlane_left'====== Args={'value': 8, 'prev_value': None, 'change': True}
2025-04-12 19:42:14,819 : INFO : EventManager : Event: ======'machine_var_audits_missing_switches_s_launch_button'====== Args={'value': 8, 'prev_value': None, 'change': True}
2025-04-12 19:42:14,820 : INFO : EventManager : Event: ======'machine_var_audits_missing_switches_s_outlane_left'====== Args={'value': 8, 'prev_value': None, 'change': True}
2025-04-12 19:42:14,820 : INFO : EventManager : Event: ======'machine_var_audits_missing_switches_s_outlane_right'====== Args={'value': 8, 'prev_value': None, 'change': True}
2025-04-12 19:42:14,820 : INFO : EventManager : Event: ======'machine_var_audits_missing_switches_s_plunger_lane'====== Args={'value': 1, 'prev_value': None, 'change': True}
2025-04-12 19:42:14,820 : INFO : EventManager : Event: ======'machine_var_audits_missing_switches_s_sling_left'====== Args={'value': 8, 'prev_value': None, 'change': True}
2025-04-12 19:42:14,820 : INFO : EventManager : Event: ======'machine_var_audits_missing_switches_s_sling_right'====== Args={'value': 8, 'prev_value': None, 'change': True}
2025-04-12 19:42:14,820 : INFO : EventManager : Event: ======'machine_var_audits_missing_switches_s_trough_1'====== Args={'value': 8, 'prev_value': None, 'change': True}
2025-04-12 19:42:14,820 : INFO : EventManager : Event: ======'machine_var_audits_missing_switches_s_trough_5'====== Args={'value': 8, 'prev_value': None, 'change': True}
2025-04-12 19:42:14,820 : INFO : EventManager : Event: ======'machine_var_audits_missing_switches_s_trough_6'====== Args={'value': 8, 'prev_value': None, 'change': True}
2025-04-12 19:42:14,820 : INFO : EventManager : Event: ======'machine_var_audits_missing_switches_s_trough_jam'====== Args={'value': 8, 'prev_value': None, 'change': True}
2025-04-12 19:42:14,820 : INFO : EventManager : Event: ======'machine_var_audits_player_score'====== Args={'value': {'average': 0, 'top': [], 'total': 0}, 'prev_value': None, 'change': True}
2025-04-12 19:42:14,820 : INFO : EventManager : Event: ======'machine_var_audits_switches_s_flipper_left'====== Args={'value': 3, 'prev_value': None, 'change': True}
2025-04-12 19:42:14,820 : INFO : EventManager : Event: ======'machine_var_audits_switches_s_flipper_left_eos'====== Args={'value': 0, 'prev_value': None, 'change': True}
2025-04-12 19:42:14,820 : INFO : EventManager : Event: ======'machine_var_audits_switches_s_flipper_right'====== Args={'value': 3, 'prev_value': None, 'change': True}
2025-04-12 19:42:14,820 : INFO : EventManager : Event: ======'machine_var_audits_switches_s_flipper_right_eos'====== Args={'value': 0, 'prev_value': None, 'change': True}
2025-04-12 19:42:14,820 : INFO : EventManager : Event: ======'machine_var_audits_switches_s_inlane_1_right'====== Args={'value': 0, 'prev_value': None, 'change': True}
2025-04-12 19:42:14,820 : INFO : EventManager : Event: ======'machine_var_audits_switches_s_inlane_2_right'====== Args={'value': 0, 'prev_value': None, 'change': True}
2025-04-12 19:42:14,820 : INFO : EventManager : Event: ======'machine_var_audits_switches_s_inlane_left'====== Args={'value': 0, 'prev_value': None, 'change': True}
2025-04-12 19:42:14,821 : INFO : EventManager : Event: ======'machine_var_audits_switches_s_launch_button'====== Args={'value': 0, 'prev_value': None, 'change': True}
2025-04-12 19:42:14,821 : INFO : EventManager : Event: ======'machine_var_audits_switches_s_outlane_left'====== Args={'value': 0, 'prev_value': None, 'change': True}
2025-04-12 19:42:14,821 : INFO : EventManager : Event: ======'machine_var_audits_switches_s_outlane_right'====== Args={'value': 0, 'prev_value': None, 'change': True}
2025-04-12 19:42:14,821 : INFO : EventManager : Event: ======'machine_var_audits_switches_s_plunger_lane'====== Args={'value': 7, 'prev_value': None, 'change': True}
2025-04-12 19:42:14,821 : INFO : EventManager : Event: ======'machine_var_audits_switches_s_sling_left'====== Args={'value': 0, 'prev_value': None, 'change': True}
2025-04-12 19:42:14,821 : INFO : EventManager : Event: ======'machine_var_audits_switches_s_sling_right'====== Args={'value': 0, 'prev_value': None, 'change': True}
2025-04-12 19:42:14,821 : INFO : EventManager : Event: ======'machine_var_audits_switches_s_start_button'====== Args={'value': 5, 'prev_value': None, 'change': True}
2025-04-12 19:42:14,821 : INFO : EventManager : Event: ======'machine_var_audits_switches_s_trough_1'====== Args={'value': 0, 'prev_value': None, 'change': True}
2025-04-12 19:42:14,821 : INFO : EventManager : Event: ======'machine_var_audits_switches_s_trough_2'====== Args={'value': 1, 'prev_value': None, 'change': True}
2025-04-12 19:42:14,821 : INFO : EventManager : Event: ======'machine_var_audits_switches_s_trough_3'====== Args={'value': 1, 'prev_value': None, 'change': True}
2025-04-12 19:42:14,821 : INFO : EventManager : Event: ======'machine_var_audits_switches_s_trough_4'====== Args={'value': 1, 'prev_value': None, 'change': True}
2025-04-12 19:42:14,821 : INFO : EventManager : Event: ======'machine_var_audits_switches_s_trough_5'====== Args={'value': 0, 'prev_value': None, 'change': True}
2025-04-12 19:42:14,821 : INFO : EventManager : Event: ======'machine_var_audits_switches_s_trough_6'====== Args={'value': 0, 'prev_value': None, 'change': True}
2025-04-12 19:42:14,821 : INFO : EventManager : Event: ======'machine_var_audits_switches_s_trough_jam'====== Args={'value': 0, 'prev_value': None, 'change': True}
2025-04-12 19:42:14,822 : INFO : EventManager : Event: ======'init_phase_5'====== Args={}
2025-04-12 19:42:14,822 : INFO : ball_device.bd_trough : BCH: Count is unstable. Trying to reorder balls.
2025-04-12 19:42:14,823 : WARNING : ball_device.bd_trough : Cannot reorder device because eject_coil_reorder_pulse is not configured
2025-04-12 19:42:14,823 : INFO : ball_device.bd_trough : BCH: Repulse done. Waiting for balls to settle.
2025-04-12 19:42:14,823 : INFO : ball_device.bd_trough : BCH: Reordered count: 6
2025-04-12 19:42:14,823 : INFO : EventManager : Event: ======'init_done'====== Args={}
2025-04-12 19:42:14,824 : INFO : EventManager : Event: ======'machine_reset_phase_1'====== Args={}
2025-04-12 19:42:14,824 : INFO : EventManager : Event: ======'machine_reset_phase_2'====== Args={}
2025-04-12 19:42:14,825 : INFO : EventManager : Event: ======'machine_reset_phase_3'====== Args={}
2025-04-12 19:42:14,827 : INFO : EventManager : Event: ======'reset_complete'====== Args={}
2025-04-12 19:42:14,827 : INFO : EventManager : Event: ======'mode_attract_will_start'====== Args={}
2025-04-12 19:42:14,827 : INFO : Timer.attract_carousel_timer : Starting Timer.
2025-04-12 19:42:14,827 : INFO : EventManager : Event: ======'timer_attract_carousel_timer_started'====== Args={'ticks': 0, 'ticks_remaining': 1}
2025-04-12 19:42:14,827 : INFO : EventManager : Event: ======'timer_attract_carousel_timer_tick'====== Args={'ticks': 0, 'ticks_remaining': 1}
2025-04-12 19:42:14,828 : INFO : EventManager : Event: ======'mode_attract_starting'====== Args={}
2025-04-12 19:42:14,828 : INFO : Mode.attract : Started. Priority: 10
2025-04-12 19:42:14,828 : INFO : EventManager : Event: ======'modes_active_modes_changed'====== Args={}
2025-04-12 19:42:14,828 : INFO : EventManager : Event: ======'mode_attract_started'====== Args={}
2025-04-12 19:42:14,829 : INFO : EventManager : Event: ======'collecting_balls_complete'====== Args={}
2025-04-12 19:42:14,829 : INFO : EventManager : Event: ======'item_highlighted'====== Args={'carousel': 'attract', 'direction': None, 'item': 'title'}
2025-04-12 19:42:14,829 : INFO : EventManager : Event: ======'timer_attract_carousel_timer_tick'====== Args={'ticks': 0, 'ticks_remaining': 1}
2025-04-12 19:42:14,830 : INFO : Machine : Starting the main run loop with active modes: [<Mode.attract>]
2025-04-12 19:42:17,529 : INFO : SwitchController : <<<<<<< 's_start_button' active >>>>>>>
2025-04-12 19:42:17,683 : INFO : SwitchController : <<<<<<< 's_start_button' inactive >>>>>>>
2025-04-12 19:42:17,683 : INFO : EventManager : Event: ======'request_to_start_game'====== Args={}
2025-04-12 19:42:17,684 : INFO : EventManager : Event: ======'game_start'====== Args={'buttons': [], 'hold_time': 0.15434465500584338}
2025-04-12 19:42:17,684 : INFO : EventManager : Event: ======'mode_game_will_start'====== Args={'buttons': [], 'hold_time': 0.15434465500584338}
2025-04-12 19:42:17,685 : INFO : EventManager : Event: ======'mode_game_starting'====== Args={'buttons': [], 'hold_time': 0.15434465500584338}
2025-04-12 19:42:17,685 : INFO : EventManager : Event: ======'mode_attract_will_stop'====== Args={}
2025-04-12 19:42:17,686 : INFO : EventManager : Event: ======'mode_attract_stopping'====== Args={}
2025-04-12 19:42:17,686 : INFO : Mode.attract : Stopped.
2025-04-12 19:42:17,686 : INFO : EventManager : Event: ======'modes_active_modes_changed'====== Args={}
2025-04-12 19:42:17,686 : INFO : EventManager : Event: ======'mode_attract_stopped'====== Args={}
2025-04-12 19:42:17,686 : INFO : EventManager : Event: ======'clear'====== Args={'key': 'attract'}
2025-04-12 19:42:17,686 : INFO : Timer.attract_carousel_timer : Stopping Timer
2025-04-12 19:42:17,686 : INFO : EventManager : Event: ======'timer_attract_carousel_timer_stopped'====== Args={'ticks': 0, 'ticks_remaining': 1}
2025-04-12 19:42:17,687 : INFO : Mode.game : Started. Priority: 20
2025-04-12 19:42:17,687 : INFO : EventManager : Event: ======'modes_active_modes_changed'====== Args={}
2025-04-12 19:42:17,687 : INFO : EventManager : Event: ======'mode_game_started'====== Args={'buttons': [], 'hold_time': 0.15434465500584338}
2025-04-12 19:42:17,687 : INFO : EventManager : Event: ======'game_will_start'====== Args={}
2025-04-12 19:42:17,688 : INFO : EventManager : Event: ======'game_starting'====== Args={'game': <Mode.game>}
2025-04-12 19:42:17,690 : INFO : EventManager : Unordered handler for class <Auditor> on event game_ended with priority 1. Handlers: [RegisteredHandler(callback=<bound method Auditor.disable of <Auditor>>, priority=1, kwargs={}, key=UUID('8498737b-f07d-459b-802f-f80d874a61ea'), condition=None, blocking_facility=None), RegisteredHandler(callback=<bound method Auditor._save_audits of <Auditor>>, priority=1, kwargs={}, key=UUID('26948886-36ba-4be0-b4b1-2c1aae918e9c'), condition=None, blocking_facility=None)]. The order of those handlers is not defined and they will be executed in random order. This might lead to race conditions and potential bugs.
2025-04-12 19:42:17,690 : INFO : EventManager : Event: ======'player_add_request'====== Args={}
2025-04-12 19:42:17,691 : INFO : EventManager : Event: ======'player_will_add'====== Args={'number': 1}
2025-04-12 19:42:17,691 : INFO : EventManager : Event: ======'player_adding'====== Args={'player': <Player 1>, 'number': 1}
2025-04-12 19:42:17,691 : INFO : EventManager : Event: ======'player_added'====== Args={'player': <Player 1>, 'num': 1}
2025-04-12 19:42:17,691 : INFO : Mode.game : Player added successfully. Total players: 1
2025-04-12 19:42:17,691 : INFO : EventManager : Event: ======'player_index'====== Args={'value': 0, 'prev_value': 0, 'change': 0, 'player_num': 1}
2025-04-12 19:42:17,691 : INFO : EventManager : Event: ======'player_number'====== Args={'value': 1, 'prev_value': 1, 'change': 0, 'player_num': 1}
2025-04-12 19:42:17,691 : INFO : EventManager : Event: ======'player_score'====== Args={'value': 0, 'prev_value': 0, 'change': 0, 'player_num': 1}
2025-04-12 19:42:17,692 : INFO : EventManager : Event: ======'game_started'====== Args={}
2025-04-12 19:42:17,692 : INFO : EventManager : Event: ======'player_turn_will_start'====== Args={'player': <Player 1>, 'number': 1}
2025-04-12 19:42:17,693 : INFO : EventManager : Event: ======'player_turn_starting'====== Args={'player': <Player 1>, 'number': 1}
2025-04-12 19:42:17,697 : INFO : EventManager : Event: ======'player_ball'====== Args={'value': 1, 'prev_value': 0, 'change': 1, 'player_num': 1}
2025-04-12 19:42:17,697 : INFO : EventManager : Event: ======'player_turn_started'====== Args={'player': <Player 1>, 'number': 1}
2025-04-12 19:42:17,697 : INFO : EventManager : Event: ======'ball_will_start'====== Args={'player': 1, 'ball': 1, 'balls_remaining': 2, 'is_extra_ball': False}
2025-04-12 19:42:17,698 : INFO : EventManager : Event: ======'ball_starting'====== Args={'player': 1, 'ball': 1, 'balls_remaining': 2, 'is_extra_ball': False}
2025-04-12 19:42:17,698 : INFO : EventManager : Event: ======'mode_base_will_start'====== Args={'queue': <QueuedEvent>, 'player': 1, 'ball': 1, 'balls_remaining': 2, 'is_extra_ball': False}
2025-04-12 19:42:17,699 : INFO : EventManager : Event: ======'mode_base_starting'====== Args={'queue': <QueuedEvent>, 'player': 1, 'ball': 1, 'balls_remaining': 2, 'is_extra_ball': False}
2025-04-12 19:42:17,699 : INFO : Mode.base : Started. Priority: 100
2025-04-12 19:42:17,699 : INFO : EventManager : Event: ======'modes_active_modes_changed'====== Args={}
2025-04-12 19:42:17,699 : INFO : EventManager : Event: ======'mode_base_started'====== Args={'queue': <QueuedEvent>, 'player': 1, 'ball': 1, 'balls_remaining': 2, 'is_extra_ball': False}
2025-04-12 19:42:17,699 : INFO : EventManager : Event: ======'balls_in_play'====== Args={'balls': 1}
2025-04-12 19:42:17,700 : INFO : EventManager : Event: ======'ball_started'====== Args={'player': 1, 'ball': 1, 'balls_remaining': 2, 'is_extra_ball': False}
2025-04-12 19:42:17,700 : INFO : EventManager : Event: ======'single_player_ball_started'====== Args={}
2025-04-12 19:42:17,701 : INFO : EventManager : Event: ======'ball_start_target'====== Args={'target': 'playfield'}
2025-04-12 19:42:17,701 : INFO : ball_device.bd_plunger : Setting up player-controlled eject. Balls: 1, Target: <playfield.playfield>, player_controlled_eject_event: s_launch_button_active
2025-04-12 19:42:17,702 : INFO : EventManager : Event: ======'balldevice_balls_available'====== Args={}
2025-04-12 19:42:17,703 : INFO : ball_device.bd_trough : State: waiting_for_target_ready
2025-04-12 19:42:17,703 : INFO : EventManager : Event: ======'balldevice_bd_trough_ball_eject_attempt'====== Args={'balls': 1, 'target': <ball_device.bd_plunger>, 'source': <ball_device.bd_trough>, 'mechanical_eject': True, 'num_attempts': 0}
2025-04-12 19:42:17,703 : INFO : ball_device.bd_plunger : State: waiting_for_ball
2025-04-12 19:42:17,703 : INFO : ball_device.bd_trough : State: ejecting
2025-04-12 19:42:17,703 : INFO : ball_device.bd_trough : Ejecting ball to <ball_device.bd_plunger>
2025-04-12 19:42:17,703 : INFO : EventManager : Event: ======'balldevice_bd_trough_ejecting_ball'====== Args={'balls': 1, 'target': <ball_device.bd_plunger>, 'source': <ball_device.bd_trough>, 'mechanical_eject': True, 'num_attempts': 0}
2025-04-12 19:42:17,704 : INFO : ball_device.bd_trough : Wait for ball to leave device
2025-04-12 19:42:17,705 : INFO : coil.c_trough_eject : Pulsing Driver for 15ms (1.0 pulse_power)
2025-04-12 19:42:17,732 : INFO : SwitchController : <<<<<<< 's_trough_1' active >>>>>>>
2025-04-12 19:42:17,732 : INFO : EventManager : Event: ======'machine_var_audits_switches_s_trough_1'====== Args={'value': 1, 'prev_value': 0, 'change': 1}
2025-04-12 19:42:17,732 : INFO : SwitchController : <<<<<<< 's_trough_jam' inactive >>>>>>>
2025-04-12 19:42:17,733 : INFO : ball_device.bd_trough : State: ball_left
2025-04-12 19:42:17,734 : INFO : ball_device.bd_trough : Ball left
2025-04-12 19:42:17,734 : INFO : ball_device.bd_trough : Wait for confirm with timeout 10.0
2025-04-12 19:42:17,751 : INFO : SwitchController : <<<<<<< 's_trough_jam' active >>>>>>>
2025-04-12 19:42:17,751 : INFO : EventManager : Event: ======'machine_var_audits_switches_s_trough_jam'====== Args={'value': 1, 'prev_value': 0, 'change': 1}
2025-04-12 19:42:17,934 : INFO : SwitchController : <<<<<<< 's_plunger_lane' active >>>>>>>
2025-04-12 19:42:17,934 : INFO : EventManager : Event: ======'machine_var_audits_switches_s_plunger_lane'====== Args={'value': 8, 'prev_value': 7, 'change': 1}
2025-04-12 19:42:18,434 : INFO : ball_device.bd_plunger : Received ball from <ball_device.bd_trough>
2025-04-12 19:42:18,435 : INFO : EventManager : Event: ======'balldevice_bd_plunger_ball_enter'====== Args={'new_balls': 1, 'unclaimed_balls': 0, 'new_available_balls': 0, 'device': <ball_device.bd_plunger>}
2025-04-12 19:42:18,435 : INFO : EventManager : Event: ======'balldevice_bd_plunger_ball_entered'====== Args={'new_balls': 0, 'device': <ball_device.bd_plunger>}
2025-04-12 19:42:18,436 : INFO : EventManager : Event: ======'balldevice_bd_plunger_ball_count_changed'====== Args={'balls': 1}
2025-04-12 19:42:18,436 : INFO : ball_device.bd_trough : Got eject confirm
2025-04-12 19:42:18,436 : INFO : ball_device.bd_trough : Eject successful
2025-04-12 19:42:18,436 : INFO : EventManager : Event: ======'balldevice_bd_trough_ball_eject_success'====== Args={'balls': 1, 'target': <ball_device.bd_plunger>}
2025-04-12 19:42:18,436 : INFO : ball_device.bd_plunger : State: waiting_for_target_ready
2025-04-12 19:42:18,437 : INFO : EventManager : Event: ======'balldevice_bd_plunger_ball_eject_attempt'====== Args={'balls': 1, 'target': <playfield.playfield>, 'source': <ball_device.bd_plunger>, 'mechanical_eject': True, 'num_attempts': 0}
2025-04-12 19:42:18,437 : INFO : EventManager : Event: ======'balldevice_bd_trough_ball_count_changed'====== Args={'balls': 5}
2025-04-12 19:42:18,437 : INFO : ball_device.bd_trough : State: idle
2025-04-12 19:42:18,438 : INFO : EventManager : Event: ======'balldevice_bd_trough_ball_count_changed'====== Args={'balls': 7}
2025-04-12 19:42:18,438 : INFO : ball_device.bd_trough : Received unexpected ball
2025-04-12 19:42:18,438 : INFO : EventManager : Event: ======'balldevice_captured_from_playfield'====== Args={'balls': 1}
2025-04-12 19:42:18,438 : INFO : ball_device.bd_plunger : State: ejecting
2025-04-12 19:42:18,438 : INFO : ball_device.bd_plunger : Ejecting ball to <playfield.playfield>
2025-04-12 19:42:18,438 : INFO : EventManager : Event: ======'balldevice_bd_plunger_ejecting_ball'====== Args={'balls': 1, 'target': <playfield.playfield>, 'source': <ball_device.bd_plunger>, 'mechanical_eject': True, 'num_attempts': 0}
2025-04-12 19:42:18,438 : INFO : EventManager : Event: ======'sw_playfield_active'====== Args={'balls': 1}
2025-04-12 19:42:18,439 : INFO : EventManager : Event: ======'playfield_active'====== Args={'source': None}
2025-04-12 19:42:18,439 : INFO : EventManager : Event: ======'unexpected_ball_on_playfield'====== Args={}
2025-04-12 19:42:18,439 : INFO : EventManager : Event: ======'playfield_ball_count_change'====== Args={'balls': -1, 'change': -1}
2025-04-12 19:42:18,439 : INFO : EventManager : Event: ======'balldevice_playfield_ball_enter'====== Args={'new_balls': 1, 'unclaimed_balls': 1, 'device': <playfield.playfield>}
2025-04-12 19:42:18,439 : INFO : EventManager : Event: ======'playfield_ball_count_change'====== Args={'balls': 0, 'change': 1}
2025-04-12 19:42:18,440 : INFO : BallController : Found a new ball which was captured from playfield. Known balls: 7
2025-04-12 19:42:18,440 : INFO : EventManager : Event: ======'found_new_ball'====== Args={}
2025-04-12 19:42:18,440 : INFO : EventManager : Event: ======'balldevice_bd_trough_ball_enter'====== Args={'new_balls': 1, 'unclaimed_balls': 1, 'new_available_balls': 1, 'device': <ball_device.bd_trough>}
2025-04-12 19:42:18,440 : INFO : EventManager : Event: ======'ball_drain'====== Args={'device': <ball_device.bd_trough>, 'balls': 1}
2025-04-12 19:42:18,440 : INFO : ball_device.bd_plunger : Wait for ball to leave device
2025-04-12 19:42:18,441 : INFO : EventManager : Event: ======'ball_will_end'====== Args={}
2025-04-12 19:42:18,441 : INFO : EventManager : Event: ======'balldevice_balls_available'====== Args={}
2025-04-12 19:42:18,441 : INFO : EventManager : Event: ======'balldevice_bd_trough_ball_entered'====== Args={'new_balls': 1, 'device': <ball_device.bd_trough>}
2025-04-12 19:42:18,441 : INFO : ball_device.bd_trough : Received unexpected ball
2025-04-12 19:42:18,442 : INFO : EventManager : Event: ======'balldevice_captured_from_playfield'====== Args={'balls': 1}
2025-04-12 19:42:18,442 : INFO : EventManager : Event: ======'mode_base_will_stop'====== Args={}
2025-04-12 19:42:18,442 : INFO : EventManager : Event: ======'mode_base_stopping'====== Args={}
2025-04-12 19:42:18,443 : INFO : EventManager : Event: ======'sw_playfield_active'====== Args={'balls': 1}
2025-04-12 19:42:18,443 : INFO : EventManager : Event: ======'playfield_active'====== Args={'source': None}
2025-04-12 19:42:18,443 : INFO : EventManager : Event: ======'playfield_ball_count_change'====== Args={'balls': -1, 'change': -1}
2025-04-12 19:42:18,443 : INFO : Mode.base : Stopped.
2025-04-12 19:42:18,443 : INFO : EventManager : Event: ======'modes_active_modes_changed'====== Args={}
2025-04-12 19:42:18,443 : INFO : EventManager : Event: ======'mode_base_stopped'====== Args={}
2025-04-12 19:42:18,443 : INFO : EventManager : Event: ======'clear'====== Args={'key': 'base'}
2025-04-12 19:42:18,444 : INFO : EventManager : Event: ======'balldevice_playfield_ball_enter'====== Args={'new_balls': 1, 'unclaimed_balls': 1, 'device': <playfield.playfield>}
2025-04-12 19:42:18,445 : INFO : EventManager : Event: ======'playfield_ball_count_change'====== Args={'balls': 0, 'change': 1}
2025-04-12 19:42:18,445 : INFO : BallController : Found a new ball which was captured from playfield. Known balls: 8
2025-04-12 19:42:18,445 : INFO : EventManager : Event: ======'found_new_ball'====== Args={}
2025-04-12 19:42:18,445 : INFO : EventManager : Event: ======'balldevice_bd_trough_ball_enter'====== Args={'new_balls': 1, 'unclaimed_balls': 1, 'new_available_balls': 1, 'device': <ball_device.bd_trough>}
2025-04-12 19:42:18,445 : INFO : EventManager : Event: ======'ball_drain'====== Args={'device': <ball_device.bd_trough>, 'balls': 1}
2025-04-12 19:42:18,445 : INFO : EventManager : Event: ======'ball_ending'====== Args={}
2025-04-12 19:42:18,445 : INFO : EventManager : Event: ======'balldevice_balls_available'====== Args={}
2025-04-12 19:42:18,445 : INFO : EventManager : Event: ======'balldevice_bd_trough_ball_entered'====== Args={'new_balls': 1, 'device': <ball_device.bd_trough>}
2025-04-12 19:42:18,446 : INFO : EventManager : Event: ======'ball_ended'====== Args={}
2025-04-12 19:42:18,447 : INFO : EventManager : Event: ======'player_turn_will_end'====== Args={'player': <Player 1>, 'number': 1}
2025-04-12 19:42:18,447 : INFO : EventManager : Event: ======'player_turn_ending'====== Args={'player': <Player 1>, 'number': 1}
2025-04-12 19:42:18,448 : INFO : EventManager : Event: ======'player_turn_ended'====== Args={'player': <Player 1>, 'number': 1}
2025-04-12 19:42:18,448 : INFO : EventManager : Event: ======'player_turn_will_start'====== Args={'player': <Player 1>, 'number': 1}
2025-04-12 19:42:18,448 : INFO : EventManager : Event: ======'player_turn_starting'====== Args={'player': <Player 1>, 'number': 1}
2025-04-12 19:42:18,449 : INFO : EventManager : Event: ======'player_ball'====== Args={'value': 2, 'prev_value': 1, 'change': 1, 'player_num': 1}
2025-04-12 19:42:18,449 : INFO : EventManager : Event: ======'player_turn_started'====== Args={'player': <Player 1>, 'number': 1}
2025-04-12 19:42:18,449 : INFO : EventManager : Event: ======'ball_will_start'====== Args={'player': 1, 'ball': 2, 'balls_remaining': 1, 'is_extra_ball': False}
2025-04-12 19:42:18,449 : INFO : BallController : Found 1 ball(s) on playfield.
2025-04-12 19:42:18,449 : WARNING : BallController : Playfields still contain balls. Waiting for those to drain.
2025-04-12 19:42:19,450 : INFO : BallController : Found 1 ball(s) on playfield.
2025-04-12 19:42:19,450 : WARNING : BallController : Playfields still contain balls. Waiting for those to drain.
2025-04-12 19:42:20,451 : INFO : BallController : Found 1 ball(s) on playfield.
2025-04-12 19:42:20,452 : WARNING : BallController : Playfields still contain balls. Waiting for those to drain.
2025-04-12 19:42:21,452 : INFO : BallController : Found 1 ball(s) on playfield.
2025-04-12 19:42:21,452 : WARNING : BallController : Playfields still contain balls. Waiting for those to drain.
2025-04-12 19:42:22,452 : INFO : BallController : Found 1 ball(s) on playfield.
2025-04-12 19:42:22,452 : WARNING : BallController : Playfields still contain balls. Waiting for those to drain.
2025-04-12 19:42:23,453 : INFO : BallController : Found 1 ball(s) on playfield.
2025-04-12 19:42:23,453 : WARNING : BallController : Playfields still contain balls. Waiting for those to drain.
2025-04-12 19:42:24,098 : INFO : SwitchController : <<<<<<< 's_launch_button' active >>>>>>>
2025-04-12 19:42:24,098 : INFO : EventManager : Event: ======'s_launch_button_active'====== Args={}
2025-04-12 19:42:24,099 : INFO : EventManager : Event: ======'machine_var_audits_switches_s_launch_button'====== Args={'value': 1, 'prev_value': 0, 'change': 1}
2025-04-12 19:42:24,099 : INFO : coil.c_plunger : Pulsing Driver for 10ms (1.0 pulse_power)
2025-04-12 19:42:24,133 : INFO : SwitchController : <<<<<<< 's_plunger_lane' inactive >>>>>>>
2025-04-12 19:42:24,133 : INFO : ball_device.bd_plunger : State: ball_left
2025-04-12 19:42:24,133 : INFO : ball_device.bd_plunger : Ball left
2025-04-12 19:42:24,133 : INFO : ball_device.bd_plunger : Wait for confirm with timeout 5.0
2025-04-12 19:42:24,257 : INFO : SwitchController : <<<<<<< 's_launch_button' inactive >>>>>>>
2025-04-12 19:42:24,453 : INFO : BallController : Found 1 ball(s) on playfield.
2025-04-12 19:42:24,453 : WARNING : BallController : Playfields still contain balls. Waiting for those to drain.
2025-04-12 19:42:25,454 : INFO : BallController : Found 1 ball(s) on playfield.
2025-04-12 19:42:25,454 : WARNING : BallController : Playfields still contain balls. Waiting for those to drain.
2025-04-12 19:42:26,455 : INFO : BallController : Found 1 ball(s) on playfield.
2025-04-12 19:42:26,455 : WARNING : BallController : Playfields still contain balls. Waiting for those to drain.
2025-04-12 19:42:27,456 : INFO : BallController : Found 1 ball(s) on playfield.
2025-04-12 19:42:27,456 : WARNING : BallController : Playfields still contain balls. Waiting for those to drain.
2025-04-12 19:42:28,457 : INFO : BallController : Found 1 ball(s) on playfield.
2025-04-12 19:42:28,457 : WARNING : BallController : Playfields still contain balls. Waiting for those to drain.
2025-04-12 19:42:29,135 : INFO : ball_device.bd_plunger : State: failed_confirm
2025-04-12 19:42:29,135 : INFO : ball_device.bd_plunger : Got timeout (5.0s) before confirm from <playfield.playfield>
2025-04-12 19:42:29,236 : INFO : ball_device.bd_plunger : Confirming eject because target is playfield and ball did not return.
2025-04-12 19:42:29,237 : INFO : ball_device.bd_plunger : Eject successful
2025-04-12 19:42:29,237 : INFO : EventManager : Event: ======'balldevice_bd_plunger_ball_eject_success'====== Args={'balls': 1, 'target': <playfield.playfield>}
2025-04-12 19:42:29,238 : INFO : EventManager : Event: ======'balldevice_playfield_ball_enter'====== Args={'new_balls': 1, 'unclaimed_balls': 1, 'device': <playfield.playfield>}
2025-04-12 19:42:29,238 : INFO : EventManager : Event: ======'playfield_ball_count_change'====== Args={'balls': 1, 'change': 1}
2025-04-12 19:42:29,239 : INFO : EventManager : Event: ======'balldevice_bd_plunger_ball_count_changed'====== Args={'balls': 0}
2025-04-12 19:42:29,239 : INFO : ball_device.bd_plunger : State: idle
2025-04-12 19:42:29,273 : INFO : SwitchController : <<<<<<< 's_flipper_right' active >>>>>>>
2025-04-12 19:42:29,274 : INFO : EventManager : Event: ======'machine_var_audits_switches_s_flipper_right'====== Args={'value': 4, 'prev_value': 3, 'change': 1}
2025-04-12 19:42:29,341 : INFO : SwitchController : <<<<<<< 's_flipper_right' inactive >>>>>>>
2025-04-12 19:42:29,441 : INFO : SwitchController : <<<<<<< 's_flipper_right' active >>>>>>>
2025-04-12 19:42:29,441 : INFO : EventManager : Event: ======'machine_var_audits_switches_s_flipper_right'====== Args={'value': 5, 'prev_value': 4, 'change': 1}
2025-04-12 19:42:29,458 : INFO : BallController : Found 1 ball(s) on playfield.
2025-04-12 19:42:29,458 : WARNING : BallController : Playfields still contain balls. Waiting for those to drain.
2025-04-12 19:42:29,519 : INFO : SwitchController : <<<<<<< 's_flipper_right' inactive >>>>>>>
2025-04-12 19:42:29,593 : INFO : SwitchController : <<<<<<< 's_flipper_right' active >>>>>>>
2025-04-12 19:42:29,593 : INFO : EventManager : Event: ======'machine_var_audits_switches_s_flipper_right'====== Args={'value': 6, 'prev_value': 5, 'change': 1}
2025-04-12 19:42:29,656 : INFO : SwitchController : <<<<<<< 's_flipper_left' active >>>>>>>
2025-04-12 19:42:29,656 : INFO : EventManager : Event: ======'flipper_cancel'====== Args={'triggering_group': 1, 'triggering_switch': 's_flipper_left'}
2025-04-12 19:42:29,657 : INFO : EventManager : Event: ======'machine_var_audits_switches_s_flipper_left'====== Args={'value': 4, 'prev_value': 3, 'change': 1}
2025-04-12 19:42:29,772 : INFO : SwitchController : <<<<<<< 's_flipper_right' inactive >>>>>>>
2025-04-12 19:42:29,772 : INFO : EventManager : Event: ======'both_flippers_one'====== Args={'triggering_group': 2, 'triggering_switch': 's_flipper_right'}
2025-04-12 19:42:29,776 : INFO : SwitchController : <<<<<<< 's_flipper_right' active >>>>>>>
2025-04-12 19:42:29,776 : INFO : EventManager : Event: ======'flipper_cancel'====== Args={'triggering_group': 2, 'triggering_switch': 's_flipper_right'}
2025-04-12 19:42:29,776 : INFO : EventManager : Event: ======'machine_var_audits_switches_s_flipper_right'====== Args={'value': 7, 'prev_value': 6, 'change': 1}
2025-04-12 19:42:29,820 : INFO : SwitchController : <<<<<<< 's_flipper_right' inactive >>>>>>>
2025-04-12 19:42:29,820 : INFO : EventManager : Event: ======'both_flippers_one'====== Args={'triggering_group': 2, 'triggering_switch': 's_flipper_right'}
2025-04-12 19:42:29,959 : INFO : SwitchController : <<<<<<< 's_flipper_right' active >>>>>>>
2025-04-12 19:42:29,959 : INFO : EventManager : Event: ======'flipper_cancel'====== Args={'triggering_group': 2, 'triggering_switch': 's_flipper_right'}
2025-04-12 19:42:29,959 : INFO : EventManager : Event: ======'machine_var_audits_switches_s_flipper_right'====== Args={'value': 8, 'prev_value': 7, 'change': 1}
2025-04-12 19:42:29,960 : INFO : SwitchController : <<<<<<< 's_flipper_left' inactive >>>>>>>
2025-04-12 19:42:29,960 : INFO : EventManager : Event: ======'both_flippers_one'====== Args={'triggering_group': 1, 'triggering_switch': 's_flipper_left'}
2025-04-12 19:42:30,049 : INFO : SwitchController : <<<<<<< 's_flipper_left' active >>>>>>>
2025-04-12 19:42:30,049 : INFO : EventManager : Event: ======'flipper_cancel'====== Args={'triggering_group': 1, 'triggering_switch': 's_flipper_left'}
2025-04-12 19:42:30,049 : INFO : EventManager : Event: ======'machine_var_audits_switches_s_flipper_left'====== Args={'value': 5, 'prev_value': 4, 'change': 1}
2025-04-12 19:42:30,110 : INFO : SwitchController : <<<<<<< 's_flipper_right' inactive >>>>>>>
2025-04-12 19:42:30,111 : INFO : EventManager : Event: ======'both_flippers_one'====== Args={'triggering_group': 2, 'triggering_switch': 's_flipper_right'}
2025-04-12 19:42:30,187 : INFO : SwitchController : <<<<<<< 's_flipper_right' active >>>>>>>
2025-04-12 19:42:30,187 : INFO : EventManager : Event: ======'flipper_cancel'====== Args={'triggering_group': 2, 'triggering_switch': 's_flipper_right'}
2025-04-12 19:42:30,187 : INFO : EventManager : Event: ======'machine_var_audits_switches_s_flipper_right'====== Args={'value': 9, 'prev_value': 8, 'change': 1}
2025-04-12 19:42:30,306 : INFO : SwitchController : <<<<<<< 's_flipper_right' inactive >>>>>>>
2025-04-12 19:42:30,306 : INFO : EventManager : Event: ======'both_flippers_one'====== Args={'triggering_group': 2, 'triggering_switch': 's_flipper_right'}
2025-04-12 19:42:30,362 : INFO : SwitchController : <<<<<<< 's_flipper_left' inactive >>>>>>>
2025-04-12 19:42:30,362 : INFO : EventManager : Event: ======'both_flippers_inactive'====== Args={'triggering_group': 1, 'triggering_switch': 's_flipper_left'}
2025-04-12 19:42:30,452 : INFO : SwitchController : <<<<<<< 's_flipper_left' active >>>>>>>
2025-04-12 19:42:30,452 : INFO : EventManager : Event: ======'machine_var_audits_switches_s_flipper_left'====== Args={'value': 6, 'prev_value': 5, 'change': 1}
2025-04-12 19:42:30,459 : INFO : BallController : Found 1 ball(s) on playfield.
2025-04-12 19:42:30,459 : WARNING : BallController : Playfields still contain balls. Waiting for those to drain.
2025-04-12 19:42:30,602 : INFO : SwitchController : <<<<<<< 's_flipper_left' inactive >>>>>>>
2025-04-12 19:42:30,700 : INFO : SwitchController : <<<<<<< 's_flipper_left' active >>>>>>>
2025-04-12 19:42:30,701 : INFO : EventManager : Event: ======'machine_var_audits_switches_s_flipper_left'====== Args={'value': 7, 'prev_value': 6, 'change': 1}
2025-04-12 19:42:30,822 : INFO : SwitchController : <<<<<<< 's_flipper_left' inactive >>>>>>>
2025-04-12 19:42:30,927 : INFO : SwitchController : <<<<<<< 's_flipper_left' active >>>>>>>
2025-04-12 19:42:30,927 : INFO : EventManager : Event: ======'machine_var_audits_switches_s_flipper_left'====== Args={'value': 8, 'prev_value': 7, 'change': 1}
2025-04-12 19:42:31,071 : INFO : SwitchController : <<<<<<< 's_flipper_left' inactive >>>>>>>
2025-04-12 19:42:31,459 : INFO : BallController : Found 1 ball(s) on playfield.
2025-04-12 19:42:31,460 : WARNING : BallController : Playfields still contain balls. Waiting for those to drain.
2025-04-12 19:42:32,460 : INFO : BallController : Found 1 ball(s) on playfield.
2025-04-12 19:42:32,460 : WARNING : BallController : Playfields still contain balls. Waiting for those to drain.
2025-04-12 19:42:33,461 : INFO : BallController : Found 1 ball(s) on playfield.
2025-04-12 19:42:33,462 : WARNING : BallController : Playfields still contain balls. Waiting for those to drain.
2025-04-12 19:42:34,462 : INFO : BallController : Found 1 ball(s) on playfield.
2025-04-12 19:42:34,462 : WARNING : BallController : Playfields still contain balls. Waiting for those to drain.
2025-04-12 19:42:35,464 : INFO : BallController : Found 1 ball(s) on playfield.
2025-04-12 19:42:35,464 : WARNING : BallController : Playfields still contain balls. Waiting for those to drain.
2025-04-12 19:42:36,465 : INFO : BallController : Found 1 ball(s) on playfield.
2025-04-12 19:42:36,465 : WARNING : BallController : Playfields still contain balls. Waiting for those to drain.
2025-04-12 19:42:37,336 : INFO : SwitchController : <<<<<<< 's_sling_right' active >>>>>>>
2025-04-12 19:42:37,336 : INFO : EventManager : Event: ======'machine_var_audits_switches_s_sling_right'====== Args={'value': 1, 'prev_value': 0, 'change': 1}
2025-04-12 19:42:37,363 : INFO : SwitchController : <<<<<<< 's_sling_right' inactive >>>>>>>
2025-04-12 19:42:37,465 : INFO : BallController : Found 1 ball(s) on playfield.
2025-04-12 19:42:37,466 : WARNING : BallController : Playfields still contain balls. Waiting for those to drain.
2025-04-12 19:42:38,466 : INFO : BallController : Found 1 ball(s) on playfield.
2025-04-12 19:42:38,466 : WARNING : BallController : Playfields still contain balls. Waiting for those to drain.
2025-04-12 19:42:39,090 : INFO : SwitchController : <<<<<<< 's_sling_right' active >>>>>>>
2025-04-12 19:42:39,090 : INFO : EventManager : Event: ======'machine_var_audits_switches_s_sling_right'====== Args={'value': 2, 'prev_value': 1, 'change': 1}
2025-04-12 19:42:39,097 : INFO : SwitchController : <<<<<<< 's_sling_right' inactive >>>>>>>
2025-04-12 19:42:39,467 : INFO : BallController : Found 1 ball(s) on playfield.
2025-04-12 19:42:39,467 : WARNING : BallController : Playfields still contain balls. Waiting for those to drain.
2025-04-12 19:42:40,332 : INFO : SwitchController : <<<<<<< 's_inlane_left' active >>>>>>>
2025-04-12 19:42:40,332 : INFO : EventManager : Event: ======'sw_playfield_active'====== Args={}
2025-04-12 19:42:40,332 : INFO : EventManager : Event: ======'machine_var_audits_switches_s_inlane_left'====== Args={'value': 1, 'prev_value': 0, 'change': 1}
2025-04-12 19:42:40,395 : INFO : SwitchController : <<<<<<< 's_inlane_left' inactive >>>>>>>
2025-04-12 19:42:40,467 : INFO : BallController : Found 1 ball(s) on playfield.
2025-04-12 19:42:40,467 : WARNING : BallController : Playfields still contain balls. Waiting for those to drain.
2025-04-12 19:42:41,468 : INFO : BallController : Found 1 ball(s) on playfield.
2025-04-12 19:42:41,468 : WARNING : BallController : Playfields still contain balls. Waiting for those to drain.
2025-04-12 19:42:42,470 : INFO : BallController : Found 1 ball(s) on playfield.
2025-04-12 19:42:42,470 : WARNING : BallController : Playfields still contain balls. Waiting for those to drain.
2025-04-12 19:42:42,545 : INFO : SwitchController : <<<<<<< 's_trough_6' inactive >>>>>>>
2025-04-12 19:42:42,625 : INFO : SwitchController : <<<<<<< 's_trough_6' active >>>>>>>
2025-04-12 19:42:42,625 : INFO : EventManager : Event: ======'machine_var_audits_switches_s_trough_6'====== Args={'value': 1, 'prev_value': 0, 'change': 1}
2025-04-12 19:42:42,633 : INFO : SwitchController : <<<<<<< 's_trough_5' inactive >>>>>>>
2025-04-12 19:42:42,701 : INFO : SwitchController : <<<<<<< 's_trough_5' active >>>>>>>
2025-04-12 19:42:42,701 : INFO : EventManager : Event: ======'machine_var_audits_switches_s_trough_5'====== Args={'value': 1, 'prev_value': 0, 'change': 1}
2025-04-12 19:42:42,709 : INFO : SwitchController : <<<<<<< 's_trough_4' inactive >>>>>>>
2025-04-12 19:42:42,768 : INFO : SwitchController : <<<<<<< 's_trough_4' active >>>>>>>
2025-04-12 19:42:42,768 : INFO : EventManager : Event: ======'machine_var_audits_switches_s_trough_4'====== Args={'value': 2, 'prev_value': 1, 'change': 1}
2025-04-12 19:42:42,774 : INFO : SwitchController : <<<<<<< 's_trough_3' inactive >>>>>>>
2025-04-12 19:42:42,828 : INFO : SwitchController : <<<<<<< 's_trough_3' active >>>>>>>
2025-04-12 19:42:42,828 : INFO : EventManager : Event: ======'machine_var_audits_switches_s_trough_3'====== Args={'value': 2, 'prev_value': 1, 'change': 1}
2025-04-12 19:42:42,834 : INFO : SwitchController : <<<<<<< 's_trough_2' inactive >>>>>>>
2025-04-12 19:42:42,883 : INFO : SwitchController : <<<<<<< 's_trough_2' active >>>>>>>
2025-04-12 19:42:42,883 : INFO : EventManager : Event: ======'machine_var_audits_switches_s_trough_2'====== Args={'value': 2, 'prev_value': 1, 'change': 1}
2025-04-12 19:42:42,888 : INFO : SwitchController : <<<<<<< 's_trough_1' inactive >>>>>>>
2025-04-12 19:42:43,471 : INFO : BallController : Found 1 ball(s) on playfield.
2025-04-12 19:42:43,471 : WARNING : BallController : Playfields still contain balls. Waiting for those to drain.
2025-04-12 19:42:44,473 : INFO : BallController : Found 1 ball(s) on playfield.
2025-04-12 19:42:44,473 : WARNING : BallController : Playfields still contain balls. Waiting for those to drain.
2025-04-12 19:42:45,473 : INFO : BallController : Found 1 ball(s) on playfield.
2025-04-12 19:42:45,474 : WARNING : BallController : Playfields still contain balls. Waiting for those to drain.
2025-04-12 19:42:46,474 : INFO : BallController : Found 1 ball(s) on playfield.
2025-04-12 19:42:46,474 : WARNING : BallController : Playfields still contain balls. Waiting for those to drain.
2025-04-12 19:42:47,475 : INFO : BallController : Found 1 ball(s) on playfield.
2025-04-12 19:42:47,476 : WARNING : BallController : Playfields still contain balls. Waiting for those to drain.
2025-04-12 19:42:48,390 : INFO : EventManager : Event: ======'balldevice_bd_trough_ball_count_changed'====== Args={'balls': 6}
2025-04-12 19:42:48,390 : WARNING : ball_device.bd_trough : Ball disappeared while idle. This should not normally happen.
2025-04-12 19:42:48,390 : INFO : EventManager : Event: ======'balldevice_playfield_ball_enter'====== Args={'new_balls': 1, 'unclaimed_balls': 1, 'device': <playfield.playfield>}
2025-04-12 19:42:48,391 : INFO : EventManager : Event: ======'playfield_ball_count_change'====== Args={'balls': 2, 'change': 1}
2025-04-12 19:42:48,391 : INFO : ball_device.bd_trough : 1 ball(s) missing from device. Mechanical eject? False
2025-04-12 19:42:48,391 : INFO : EventManager : Event: ======'balldevice_bd_trough_ball_missing'====== Args={'balls': 1}
2025-04-12 19:42:48,392 : INFO : EventManager : Event: ======'balldevice_ball_missing'====== Args={'balls': 1, 'name': 'bd_trough'}
2025-04-12 19:42:48,476 : INFO : BallController : Found 2 ball(s) on playfield.
2025-04-12 19:42:48,477 : WARNING : BallController : Playfields still contain balls. Waiting for those to drain.
2025-04-12 19:42:49,478 : INFO : BallController : Found 2 ball(s) on playfield.
2025-04-12 19:42:49,478 : WARNING : BallController : Playfields still contain balls. Waiting for those to drain.
2025-04-12 19:42:50,478 : INFO : BallController : Found 2 ball(s) on playfield.
2025-04-12 19:42:50,479 : WARNING : BallController : Playfields still contain balls. Waiting for those to drain.
2025-04-12 19:42:51,479 : INFO : BallController : Found 2 ball(s) on playfield.
2025-04-12 19:42:51,480 : WARNING : BallController : Playfields still contain balls. Waiting for those to drain.
2025-04-12 19:42:52,244 : INFO : Machine : Shutting down...
2025-04-12 19:42:52,244 : INFO : EventManager : Event: ======'shutdown'====== Args={}
2025-04-12 19:42:52,245 : INFO : EventManager : Event: ======'mode_game_will_stop'====== Args={}
2025-04-12 19:42:52,245 : INFO : EventManager : Event: ======'mode_game_stopping'====== Args={}
2025-04-12 19:42:52,246 : INFO : Mode.game : Stopped.
2025-04-12 19:42:52,246 : INFO : EventManager : Event: ======'modes_active_modes_changed'====== Args={}
2025-04-12 19:42:52,246 : INFO : EventManager : Event: ======'mode_game_stopped'====== Args={}
2025-04-12 19:42:52,246 : INFO : EventManager : Event: ======'clear'====== Args={'key': 'game'}
2025-04-12 19:42:52,353 : INFO : root : MPF run loop ended.
