2025-04-13 14:32:43,397 : INFO : root : Loading config.
2025-04-13 14:32:43,401 : INFO : YamlMultifileConfigLoader : Machine config file #1: config.yaml
2025-04-13 14:32:43,401 : WARNING : ConfigProcessor : Config file in cache changed: /Users/andre/Napoleon/config/config.yaml
2025-04-13 14:32:43,401 : INFO : ConfigProcessor : Loading config from file /Users/andre/mpf/lib/python3.12/site-packages/mpf/mpfconfig.yaml.
2025-04-13 14:32:43,424 : INFO : ConfigProcessor : Loading config: /Users/andre/mpf/lib/python3.12/site-packages/mpf/mpfconfig.yaml
2025-04-13 14:32:43,425 : INFO : ConfigProcessor : Loading config from file /Users/andre/Napoleon/config/config.yaml.
2025-04-13 14:32:43,428 : INFO : ConfigProcessor : Loading config: /Users/andre/Napoleon/config/config.yaml
2025-04-13 14:32:43,430 : INFO : ConfigProcessor : Loading config: /Users/andre/Napoleon/config/config_ball_devices.yaml
2025-04-13 14:32:43,433 : INFO : ConfigProcessor : Loading config: /Users/andre/Napoleon/config/config_coils.yaml
2025-04-13 14:32:43,436 : INFO : ConfigProcessor : Loading config: /Users/andre/Napoleon/config/config_switches.yaml
2025-04-13 14:32:43,438 : INFO : ConfigProcessor : Config file cache created: /var/folders/40/zrmpqx_508x_r3hv1rqbplvh0000gn/T/ea93227a266bc8299bfaa31138eab4ed.mpf_cache
2025-04-13 14:32:43,550 : INFO : ConfigProcessor : Loading config from cache: /var/folders/40/zrmpqx_508x_r3hv1rqbplvh0000gn/T/c1dd0a736541bd88f4e0ab507b1822f9.mpf_cache
2025-04-13 14:32:43,550 : INFO : ConfigProcessor : Loading config from cache: /var/folders/40/zrmpqx_508x_r3hv1rqbplvh0000gn/T/bba75b4938b7bfaef1ae184809c7472c.mpf_cache
2025-04-13 14:32:43,551 : INFO : ConfigProcessor : Loading config from cache: /var/folders/40/zrmpqx_508x_r3hv1rqbplvh0000gn/T/c1dd0a736541bd88f4e0ab507b1822f9.mpf_cache
2025-04-13 14:32:43,551 : INFO : ConfigProcessor : Loading config from cache: /var/folders/40/zrmpqx_508x_r3hv1rqbplvh0000gn/T/911d1b37f4ad2186d44e0f02a423c49c.mpf_cache
2025-04-13 14:32:43,552 : INFO : Machine : Mission Pinball Framework Core Engine v0.80.0.dev7
2025-04-13 14:32:43,552 : INFO : Machine : Command line arguments: {'no_load_cache': False, 'create_config_cache': True, 'bcp': True, 'configfile': ['config.yaml'], 'force_assets_load': False, 'platform_integration_test': False, 'jsonlogging': False, 'logfile': 'logs/2025-04-13-14-32-43-mpf-Pinball.log', 'pause': False, 'production': False, 'text_ui': True, 'loglevel': 15, 'consoleloglevel': 20, 'force_platform': None, 'syslog_address': None, 'full_logfile_path': '/Users/andre/Napoleon/logs/2025-04-13-14-32-43-mpf-Pinball.log'}
2025-04-13 14:32:43,552 : INFO : Machine : MPF path: /Users/andre/mpf/lib/python3.12/site-packages/mpf
2025-04-13 14:32:43,552 : INFO : Machine : Machine path: /Users/andre/Napoleon
2025-04-13 14:32:43,552 : INFO : Machine : Platform: darwin
2025-04-13 14:32:43,552 : INFO : Machine : Python executable location: /Users/andre/mpf/bin/python3.12
2025-04-13 14:32:43,552 : INFO : Machine : Python version: 3.12.8 (64-bit)
2025-04-13 14:32:43,553 : INFO : Machine : Initializing MPF...
2025-04-13 14:32:43,671 : INFO : FAST : Auto-detecting ports for the following connections: ['net', 'exp']
2025-04-13 14:32:43,696 : INFO : FAST : Detected NET on port /dev/cu.usbmodem14301
2025-04-13 14:32:43,704 : INFO : FAST : Detected EXP on port /dev/cu.usbmodem14303
2025-04-13 14:32:43,809 : INFO : FAST [NET] : Trying to connect to /dev/cu.usbmodem14301 at 921600bps
2025-04-13 14:32:43,814 : INFO : FAST [NET] : Connected to /dev/cu.usbmodem14301 at 921600bps
2025-04-13 14:32:43,816 : INFO : FAST [NET] : Connected to FP-CPU-2000 with firmware v02.26
2025-04-13 14:32:43,818 : INFO : FAST [NET] : Registered I/O Board 0: Model: FP-I/O-3208, Firmware: 01.10, Switches: 32, Drivers: 8
2025-04-13 14:32:43,820 : INFO : FAST [EXP] : Trying to connect to /dev/cu.usbmodem14303 at 921600bps
2025-04-13 14:32:43,825 : INFO : FAST [EXP] : Connected to /dev/cu.usbmodem14303 at 921600bps
2025-04-13 14:32:43,827 : INFO : FAST [EXP] : Verifying hardware for EXP "neuron" (FP-EXP-2000, @48) with ID string "EXP FP-EXP-2000  0.34", board address 48
2025-04-13 14:32:43,828 : INFO : FAST [EXP] : Verifying hardware for EXP "neuron" (FP-EXP-2000, @48) with ID string "LED FP-BRK-0001  0.8", board address 480
2025-04-13 14:32:43,830 : INFO : FAST [EXP] : Verifying hardware for EXP "neuron" (FP-EXP-2000, @48) with ID string "PWR FP-PWR-0007  0.8", board address 481
2025-04-13 14:32:43,831 : INFO : EventManager : Event: ======'machine_var_credits_string'====== Args={'value': 'FREE PLAY', 'prev_value': None, 'change': True}
2025-04-13 14:32:43,854 : INFO : EventManager : Event: ======'machine_var_master_volume'====== Args={'value': 0.5, 'prev_value': None, 'change': True}
2025-04-13 14:32:43,854 : INFO : EventManager : Event: ======'machine_var_mpf_version'====== Args={'value': 'Mission Pinball Framework v0.80.0.dev7', 'prev_value': None, 'change': True}
2025-04-13 14:32:43,854 : INFO : EventManager : Event: ======'machine_var_mpf_extended_version'====== Args={'value': 'Mission Pinball Framework v0.80.0.dev7, Config version:6, Show version: 6, BCP version:1.1', 'prev_value': None, 'change': True}
2025-04-13 14:32:43,854 : INFO : EventManager : Event: ======'machine_var_python_version'====== Args={'value': '3.12.8', 'prev_value': None, 'change': True}
2025-04-13 14:32:43,879 : INFO : EventManager : Event: ======'machine_var_platform'====== Args={'value': 'macOS-14.7.4-x86_64-i386-64bit', 'prev_value': None, 'change': True}
2025-04-13 14:32:43,879 : INFO : EventManager : Event: ======'machine_var_platform_system'====== Args={'value': 'Darwin', 'prev_value': None, 'change': True}
2025-04-13 14:32:43,879 : INFO : EventManager : Event: ======'machine_var_platform_release'====== Args={'value': '23.6.0', 'prev_value': None, 'change': True}
2025-04-13 14:32:43,880 : INFO : EventManager : Event: ======'machine_var_platform_version'====== Args={'value': 'Darwin Kernel Version 23.6.0: Thu Dec 19 20:44:50 PST 2024; root:xnu-10063.141.1.703.2~1/RELEASE_X86_64', 'prev_value': None, 'change': True}
2025-04-13 14:32:43,880 : INFO : EventManager : Event: ======'machine_var_platform_machine'====== Args={'value': 'x86_64', 'prev_value': None, 'change': True}
2025-04-13 14:32:43,880 : INFO : EventManager : Event: ======'machine_var_log_file_path'====== Args={'value': '/Users/andre/Napoleon/logs/2025-04-13-14-32-43-mpf-Pinball.log', 'prev_value': None, 'change': True}
2025-04-13 14:32:43,880 : INFO : EventManager : Event: ======'init_phase_1'====== Args={}
2025-04-13 14:32:44,035 : INFO : SwitchController : <<<<<<< 's_trough_jam' active >>>>>>>
2025-04-13 14:32:44,036 : INFO : SwitchController : <<<<<<< 's_flipper_right_eos' active >>>>>>>
2025-04-13 14:32:44,036 : INFO : SwitchController : <<<<<<< 's_outlane_right' active >>>>>>>
2025-04-13 14:32:44,036 : INFO : SwitchController : <<<<<<< 's_inlane_1_right' active >>>>>>>
2025-04-13 14:32:44,036 : INFO : SwitchController : <<<<<<< 's_inlane_2_right' active >>>>>>>
2025-04-13 14:32:44,036 : INFO : SwitchController : <<<<<<< 's_flipper_left_eos' active >>>>>>>
2025-04-13 14:32:44,036 : INFO : SwitchController : <<<<<<< 's_outlane_left' active >>>>>>>
2025-04-13 14:32:44,098 : INFO : EventManager : Event: ======'init_phase_2'====== Args={}
2025-04-13 14:32:44,099 : INFO : SwitchController : Found active switch: (6, [FAST Platform Interface]) <switch.s_trough_jam>
2025-04-13 14:32:44,099 : INFO : SwitchController : Found active switch: (8, [FAST Platform Interface]) <switch.s_flipper_right_eos>
2025-04-13 14:32:44,099 : INFO : SwitchController : Found active switch: (10, [FAST Platform Interface]) <switch.s_outlane_right>
2025-04-13 14:32:44,099 : INFO : SwitchController : Found active switch: (11, [FAST Platform Interface]) <switch.s_inlane_1_right>
2025-04-13 14:32:44,099 : INFO : SwitchController : Found active switch: (12, [FAST Platform Interface]) <switch.s_inlane_2_right>
2025-04-13 14:32:44,099 : INFO : SwitchController : Found active switch: (13, [FAST Platform Interface]) <switch.s_flipper_left_eos>
2025-04-13 14:32:44,099 : INFO : SwitchController : Found active switch: (15, [FAST Platform Interface]) <switch.s_outlane_left>
2025-04-13 14:32:44,104 : INFO : EventManager : Event: ======'bcp_connection_attempt'====== Args={'name': 'local_display', 'host': 'localhost', 'port': 5050}
2025-04-13 14:32:44,107 : INFO : BCPClientSocket : Connecting BCP to 'local_display' at localhost:5050...
2025-04-13 14:32:44,121 : INFO : BCPClientSocket : Connected BCP to 'local_display' localhost:5050
2025-04-13 14:32:44,121 : INFO : EventManager : Event: ======'bcp_clients_connected'====== Args={}
2025-04-13 14:32:44,126 : INFO : ball_device.bd_plunger : BCH: Initial count: 0
2025-04-13 14:32:44,126 : INFO : ball_device.bd_plunger : State: idle
2025-04-13 14:32:44,536 : INFO : ball_device.bd_trough : BCH: Initial count: 1
2025-04-13 14:32:44,537 : INFO : ball_device.bd_trough : State: idle
2025-04-13 14:32:44,551 : INFO : EventManager : Event: ======'init_phase_3'====== Args={}
2025-04-13 14:32:44,554 : INFO : EventManager : Event: ======'init_phase_4'====== Args={}
2025-04-13 14:32:44,554 : INFO : BallController : Initial balls found: 1
2025-04-13 14:32:44,555 : INFO : EventManager : Event: ======'machine_var_audits_events_game_ended'====== Args={'value': 0, 'prev_value': None, 'change': True}
2025-04-13 14:32:44,556 : INFO : EventManager : Event: ======'machine_var_audits_events_game_started'====== Args={'value': 14, 'prev_value': None, 'change': True}
2025-04-13 14:32:44,556 : INFO : EventManager : Event: ======'machine_var_audits_missing_switches_s_inlane_1_right'====== Args={'value': 2, 'prev_value': None, 'change': True}
2025-04-13 14:32:44,556 : INFO : EventManager : Event: ======'machine_var_audits_missing_switches_s_inlane_2_right'====== Args={'value': 14, 'prev_value': None, 'change': True}
2025-04-13 14:32:44,557 : INFO : EventManager : Event: ======'machine_var_audits_missing_switches_s_inlane_left'====== Args={'value': 3, 'prev_value': None, 'change': True}
2025-04-13 14:32:44,557 : INFO : EventManager : Event: ======'machine_var_audits_missing_switches_s_outlane_left'====== Args={'value': 14, 'prev_value': None, 'change': True}
2025-04-13 14:32:44,557 : INFO : EventManager : Event: ======'machine_var_audits_missing_switches_s_outlane_right'====== Args={'value': 14, 'prev_value': None, 'change': True}
2025-04-13 14:32:44,557 : INFO : EventManager : Event: ======'machine_var_audits_missing_switches_s_sling_left'====== Args={'value': 1, 'prev_value': None, 'change': True}
2025-04-13 14:32:44,557 : INFO : EventManager : Event: ======'machine_var_audits_missing_switches_s_start_button'====== Args={'value': 3, 'prev_value': None, 'change': True}
2025-04-13 14:32:44,557 : INFO : EventManager : Event: ======'machine_var_audits_player_score'====== Args={'value': {'average': 0, 'top': [], 'total': 0}, 'prev_value': None, 'change': True}
2025-04-13 14:32:44,557 : INFO : EventManager : Event: ======'machine_var_audits_switches_s_flipper_left'====== Args={'value': 21, 'prev_value': None, 'change': True}
2025-04-13 14:32:44,557 : INFO : EventManager : Event: ======'machine_var_audits_switches_s_flipper_left_eos'====== Args={'value': 2, 'prev_value': None, 'change': True}
2025-04-13 14:32:44,557 : INFO : EventManager : Event: ======'machine_var_audits_switches_s_flipper_right'====== Args={'value': 25, 'prev_value': None, 'change': True}
2025-04-13 14:32:44,557 : INFO : EventManager : Event: ======'machine_var_audits_switches_s_flipper_right_eos'====== Args={'value': 3, 'prev_value': None, 'change': True}
2025-04-13 14:32:44,557 : INFO : EventManager : Event: ======'machine_var_audits_switches_s_inlane_1_right'====== Args={'value': 1, 'prev_value': None, 'change': True}
2025-04-13 14:32:44,558 : INFO : EventManager : Event: ======'machine_var_audits_switches_s_inlane_2_right'====== Args={'value': 0, 'prev_value': None, 'change': True}
2025-04-13 14:32:44,558 : INFO : EventManager : Event: ======'machine_var_audits_switches_s_inlane_left'====== Args={'value': 3, 'prev_value': None, 'change': True}
2025-04-13 14:32:44,558 : INFO : EventManager : Event: ======'machine_var_audits_switches_s_launch_button'====== Args={'value': 9, 'prev_value': None, 'change': True}
2025-04-13 14:32:44,558 : INFO : EventManager : Event: ======'machine_var_audits_switches_s_outlane_left'====== Args={'value': 0, 'prev_value': None, 'change': True}
2025-04-13 14:32:44,558 : INFO : EventManager : Event: ======'machine_var_audits_switches_s_outlane_right'====== Args={'value': 0, 'prev_value': None, 'change': True}
2025-04-13 14:32:44,558 : INFO : EventManager : Event: ======'machine_var_audits_switches_s_plunger_lane'====== Args={'value': 33, 'prev_value': None, 'change': True}
2025-04-13 14:32:44,558 : INFO : EventManager : Event: ======'machine_var_audits_switches_s_sling_left'====== Args={'value': 5, 'prev_value': None, 'change': True}
2025-04-13 14:32:44,558 : INFO : EventManager : Event: ======'machine_var_audits_switches_s_sling_right'====== Args={'value': 30, 'prev_value': None, 'change': True}
2025-04-13 14:32:44,558 : INFO : EventManager : Event: ======'machine_var_audits_switches_s_start_button'====== Args={'value': 11, 'prev_value': None, 'change': True}
2025-04-13 14:32:44,558 : INFO : EventManager : Event: ======'machine_var_audits_switches_s_trough_1'====== Args={'value': 5, 'prev_value': None, 'change': True}
2025-04-13 14:32:44,558 : INFO : EventManager : Event: ======'machine_var_audits_switches_s_trough_2'====== Args={'value': 6, 'prev_value': None, 'change': True}
2025-04-13 14:32:44,558 : INFO : EventManager : Event: ======'machine_var_audits_switches_s_trough_3'====== Args={'value': 6, 'prev_value': None, 'change': True}
2025-04-13 14:32:44,559 : INFO : EventManager : Event: ======'machine_var_audits_switches_s_trough_4'====== Args={'value': 7, 'prev_value': None, 'change': True}
2025-04-13 14:32:44,559 : INFO : EventManager : Event: ======'machine_var_audits_switches_s_trough_5'====== Args={'value': 4, 'prev_value': None, 'change': True}
2025-04-13 14:32:44,560 : INFO : EventManager : Event: ======'machine_var_audits_switches_s_trough_6'====== Args={'value': 5, 'prev_value': None, 'change': True}
2025-04-13 14:32:44,560 : INFO : EventManager : Event: ======'machine_var_audits_switches_s_trough_jam'====== Args={'value': 6, 'prev_value': None, 'change': True}
2025-04-13 14:32:44,561 : INFO : EventManager : Event: ======'init_phase_5'====== Args={}
2025-04-13 14:32:44,561 : INFO : ball_device.bd_trough : BCH: Count is unstable. Trying to reorder balls.
2025-04-13 14:32:44,561 : WARNING : ball_device.bd_trough : Cannot reorder device because eject_coil_reorder_pulse is not configured
2025-04-13 14:32:44,561 : INFO : ball_device.bd_trough : BCH: Repulse done. Waiting for balls to settle.
2025-04-13 14:32:44,561 : INFO : ball_device.bd_trough : BCH: Reordered count: 1
2025-04-13 14:32:44,562 : INFO : EventManager : Event: ======'init_done'====== Args={}
2025-04-13 14:32:44,562 : INFO : EventManager : Event: ======'machine_reset_phase_1'====== Args={}
2025-04-13 14:32:44,577 : INFO : EventManager : Event: ======'machine_reset_phase_2'====== Args={}
2025-04-13 14:32:44,577 : INFO : EventManager : Event: ======'machine_reset_phase_3'====== Args={}
2025-04-13 14:32:44,579 : INFO : EventManager : Event: ======'reset_complete'====== Args={}
2025-04-13 14:32:44,579 : INFO : EventManager : Event: ======'mode_attract_will_start'====== Args={}
2025-04-13 14:32:44,579 : INFO : Timer.attract_carousel_timer : Starting Timer.
2025-04-13 14:32:44,580 : INFO : EventManager : Event: ======'timer_attract_carousel_timer_started'====== Args={'ticks': 0, 'ticks_remaining': 1}
2025-04-13 14:32:44,580 : INFO : EventManager : Event: ======'timer_attract_carousel_timer_tick'====== Args={'ticks': 0, 'ticks_remaining': 1}
2025-04-13 14:32:44,581 : INFO : EventManager : Event: ======'mode_attract_starting'====== Args={}
2025-04-13 14:32:44,581 : INFO : Mode.attract : Started. Priority: 10
2025-04-13 14:32:44,581 : INFO : EventManager : Event: ======'modes_active_modes_changed'====== Args={}
2025-04-13 14:32:44,581 : INFO : EventManager : Event: ======'mode_attract_started'====== Args={}
2025-04-13 14:32:44,582 : INFO : EventManager : Event: ======'collecting_balls_complete'====== Args={}
2025-04-13 14:32:44,583 : INFO : EventManager : Event: ======'item_highlighted'====== Args={'carousel': 'attract', 'direction': None, 'item': 'title'}
2025-04-13 14:32:44,583 : INFO : EventManager : Event: ======'timer_attract_carousel_timer_tick'====== Args={'ticks': 0, 'ticks_remaining': 1}
2025-04-13 14:32:44,584 : INFO : Machine : Starting the main run loop with active modes: [<Mode.attract>]
2025-04-13 14:32:44,631 : INFO : EventManager : Event: ======'slide_attract_created'====== Args={'_from_bcp': True}
2025-04-13 14:32:44,631 : INFO : EventManager : Event: ======'slide__removed'====== Args={'_from_bcp': True}
2025-04-13 14:32:44,631 : INFO : EventManager : Event: ======'slide_attract_active'====== Args={'original_context': 'attract', 'original_calling_context': 'mode_attract_started', 'priority': 10.0, 'cmd': 'slides_play', '_from_bcp': True}
2025-04-13 14:32:49,584 : INFO : Timer.attract_carousel_timer : Timer Complete
2025-04-13 14:32:49,584 : INFO : Timer.attract_carousel_timer : Stopping Timer
2025-04-13 14:32:49,584 : INFO : EventManager : Event: ======'timer_attract_carousel_timer_stopped'====== Args={'ticks': 1, 'ticks_remaining': 1}
2025-04-13 14:32:49,584 : INFO : EventManager : Event: ======'timer_attract_carousel_timer_complete'====== Args={'ticks': 1, 'ticks_remaining': 1}
2025-04-13 14:32:49,585 : INFO : EventManager : Event: ======'item_highlighted'====== Args={'carousel': 'attract', 'direction': 'forwards', 'item': 'credits'}
2025-04-13 14:32:49,585 : INFO : Timer.attract_carousel_timer : Starting Timer.
2025-04-13 14:32:49,585 : INFO : EventManager : Event: ======'timer_attract_carousel_timer_started'====== Args={'ticks': 0, 'ticks_remaining': 1}
2025-04-13 14:32:49,585 : INFO : EventManager : Event: ======'timer_attract_carousel_timer_tick'====== Args={'ticks': 0, 'ticks_remaining': 1}
2025-04-13 14:32:51,688 : INFO : SwitchController : <<<<<<< 's_start_button' active >>>>>>>
2025-04-13 14:32:51,922 : INFO : SwitchController : <<<<<<< 's_start_button' inactive >>>>>>>
2025-04-13 14:32:51,922 : INFO : EventManager : Event: ======'request_to_start_game'====== Args={}
2025-04-13 14:32:51,922 : INFO : EventManager : Event: ======'game_start'====== Args={'buttons': [], 'hold_time': 0.23350283500622027}
2025-04-13 14:32:51,922 : INFO : EventManager : Event: ======'mode_game_will_start'====== Args={'buttons': [], 'hold_time': 0.23350283500622027}
2025-04-13 14:32:51,923 : INFO : EventManager : Event: ======'mode_game_starting'====== Args={'buttons': [], 'hold_time': 0.23350283500622027}
2025-04-13 14:32:51,923 : INFO : EventManager : Event: ======'mode_attract_will_stop'====== Args={}
2025-04-13 14:32:51,923 : INFO : EventManager : Event: ======'mode_attract_stopping'====== Args={}
2025-04-13 14:32:51,923 : INFO : Mode.attract : Stopped.
2025-04-13 14:32:51,923 : INFO : EventManager : Event: ======'modes_active_modes_changed'====== Args={}
2025-04-13 14:32:51,924 : INFO : EventManager : Event: ======'mode_attract_stopped'====== Args={}
2025-04-13 14:32:51,924 : INFO : EventManager : Event: ======'clear'====== Args={'key': 'attract'}
2025-04-13 14:32:51,924 : INFO : Timer.attract_carousel_timer : Stopping Timer
2025-04-13 14:32:51,924 : INFO : EventManager : Event: ======'timer_attract_carousel_timer_stopped'====== Args={'ticks': 0, 'ticks_remaining': 1}
2025-04-13 14:32:51,924 : INFO : Mode.game : Started. Priority: 20
2025-04-13 14:32:51,924 : INFO : EventManager : Event: ======'modes_active_modes_changed'====== Args={}
2025-04-13 14:32:51,925 : INFO : EventManager : Event: ======'mode_game_started'====== Args={'buttons': [], 'hold_time': 0.23350283500622027}
2025-04-13 14:32:51,925 : INFO : EventManager : Event: ======'game_will_start'====== Args={}
2025-04-13 14:32:51,926 : INFO : EventManager : Event: ======'game_starting'====== Args={'game': <Mode.game>}
2025-04-13 14:32:51,927 : INFO : EventManager : Unordered handler for class <Auditor> on event game_ended with priority 1. Handlers: [RegisteredHandler(callback=<bound method Auditor.disable of <Auditor>>, priority=1, kwargs={}, key=UUID('5f4108de-1482-4a66-8d87-f3a7feb98e09'), condition=None, blocking_facility=None), RegisteredHandler(callback=<bound method Auditor._save_audits of <Auditor>>, priority=1, kwargs={}, key=UUID('2bbb50b8-71cb-4d2d-8769-2b36f48cae81'), condition=None, blocking_facility=None)]. The order of those handlers is not defined and they will be executed in random order. This might lead to race conditions and potential bugs.
2025-04-13 14:32:51,927 : INFO : EventManager : Event: ======'player_add_request'====== Args={}
2025-04-13 14:32:51,927 : INFO : EventManager : Event: ======'player_will_add'====== Args={'number': 1}
2025-04-13 14:32:51,927 : INFO : EventManager : Event: ======'player_adding'====== Args={'player': <Player 1>, 'number': 1}
2025-04-13 14:32:51,927 : INFO : EventManager : Event: ======'player_added'====== Args={'player': <Player 1>, 'num': 1}
2025-04-13 14:32:51,927 : INFO : Mode.game : Player added successfully. Total players: 1
2025-04-13 14:32:51,928 : INFO : EventManager : Event: ======'player_index'====== Args={'value': 0, 'prev_value': 0, 'change': 0, 'player_num': 1}
2025-04-13 14:32:51,928 : INFO : EventManager : Event: ======'player_number'====== Args={'value': 1, 'prev_value': 1, 'change': 0, 'player_num': 1}
2025-04-13 14:32:51,928 : INFO : EventManager : Event: ======'player_score'====== Args={'value': 0, 'prev_value': 0, 'change': 0, 'player_num': 1}
2025-04-13 14:32:51,929 : INFO : EventManager : Event: ======'game_started'====== Args={}
2025-04-13 14:32:51,929 : INFO : EventManager : Event: ======'player_turn_will_start'====== Args={'player': <Player 1>, 'number': 1}
2025-04-13 14:32:51,933 : INFO : EventManager : Event: ======'player_turn_starting'====== Args={'player': <Player 1>, 'number': 1}
2025-04-13 14:32:51,941 : INFO : EventManager : Event: ======'player_ball'====== Args={'value': 1, 'prev_value': 0, 'change': 1, 'player_num': 1}
2025-04-13 14:32:51,941 : INFO : EventManager : Event: ======'player_turn_started'====== Args={'player': <Player 1>, 'number': 1}
2025-04-13 14:32:51,942 : INFO : EventManager : Event: ======'ball_will_start'====== Args={'player': 1, 'ball': 1, 'balls_remaining': 2, 'is_extra_ball': False}
2025-04-13 14:32:51,942 : INFO : EventManager : Event: ======'ball_starting'====== Args={'player': 1, 'ball': 1, 'balls_remaining': 2, 'is_extra_ball': False}
2025-04-13 14:32:51,943 : INFO : EventManager : Event: ======'mode_base_will_start'====== Args={'queue': <QueuedEvent>, 'player': 1, 'ball': 1, 'balls_remaining': 2, 'is_extra_ball': False}
2025-04-13 14:32:51,943 : INFO : EventManager : Event: ======'mode_base_starting'====== Args={'queue': <QueuedEvent>, 'player': 1, 'ball': 1, 'balls_remaining': 2, 'is_extra_ball': False}
2025-04-13 14:32:51,943 : INFO : Mode.base : Started. Priority: 100
2025-04-13 14:32:51,944 : INFO : EventManager : Event: ======'modes_active_modes_changed'====== Args={}
2025-04-13 14:32:51,944 : INFO : EventManager : Event: ======'mode_base_started'====== Args={'queue': <QueuedEvent>, 'player': 1, 'ball': 1, 'balls_remaining': 2, 'is_extra_ball': False}
2025-04-13 14:32:51,944 : INFO : EventManager : Event: ======'balls_in_play'====== Args={'balls': 1}
2025-04-13 14:32:51,944 : INFO : EventManager : Event: ======'ball_started'====== Args={'player': 1, 'ball': 1, 'balls_remaining': 2, 'is_extra_ball': False}
2025-04-13 14:32:51,945 : INFO : EventManager : Event: ======'single_player_ball_started'====== Args={}
2025-04-13 14:32:51,945 : INFO : EventManager : Event: ======'ball_start_target'====== Args={'target': 'playfield'}
2025-04-13 14:32:51,945 : INFO : ball_device.bd_plunger : Setting up player-controlled eject. Balls: 1, Target: <playfield.playfield>, player_controlled_eject_event: s_launch_button_active
2025-04-13 14:32:51,945 : INFO : EventManager : Event: ======'balldevice_balls_available'====== Args={}
2025-04-13 14:32:51,946 : INFO : ball_device.bd_trough : BCH: Count is unstable. Trying to reorder balls.
2025-04-13 14:32:51,946 : WARNING : ball_device.bd_trough : Cannot reorder device because eject_coil_reorder_pulse is not configured
2025-04-13 14:32:51,946 : INFO : ball_device.bd_trough : BCH: Repulse done. Waiting for balls to settle.
2025-04-13 14:32:51,946 : INFO : ball_device.bd_trough : State: waiting_for_target_ready
2025-04-13 14:32:51,946 : INFO : EventManager : Event: ======'balldevice_bd_trough_ball_eject_attempt'====== Args={'balls': 1, 'target': <ball_device.bd_plunger>, 'source': <ball_device.bd_trough>, 'mechanical_eject': True, 'num_attempts': 0}
2025-04-13 14:32:51,946 : INFO : ball_device.bd_plunger : State: waiting_for_ball
2025-04-13 14:32:51,947 : INFO : ball_device.bd_trough : State: ejecting
2025-04-13 14:32:51,947 : INFO : ball_device.bd_trough : Ejecting ball to <ball_device.bd_plunger>
2025-04-13 14:32:51,947 : INFO : EventManager : Event: ======'balldevice_bd_trough_ejecting_ball'====== Args={'balls': 1, 'target': <ball_device.bd_plunger>, 'source': <ball_device.bd_trough>, 'mechanical_eject': True, 'num_attempts': 0}
2025-04-13 14:32:51,947 : INFO : ball_device.bd_trough : Wait for ball to leave device
2025-04-13 14:32:51,948 : INFO : coil.c_trough_eject : Pulsing Driver for 15ms (1.0 pulse_power)
2025-04-13 14:32:51,958 : INFO : EventManager : Event: ======'slide_base2_created'====== Args={'_from_bcp': True}
2025-04-13 14:32:51,958 : INFO : EventManager : Event: ======'slide_attract_inactive'====== Args={'is_removing': True, '_from_bcp': True}
2025-04-13 14:32:51,958 : INFO : EventManager : Event: ======'slide_base2_active'====== Args={'original_context': 'base', 'original_calling_context': 'mode_base_started', 'priority': 100.0, 'queue': '<QueuedEvent>', 'player': 1.0, 'ball': 1.0, 'balls_remaining': 2.0, 'is_extra_ball': False, 'cmd': 'slides_play', '_from_bcp': True}
2025-04-13 14:32:51,958 : INFO : EventManager : Event: ======'slide_attract_removed'====== Args={'_from_bcp': True}
2025-04-13 14:32:51,975 : INFO : SwitchController : <<<<<<< 's_trough_1' active >>>>>>>
2025-04-13 14:32:51,975 : INFO : EventManager : Event: ======'machine_var_audits_switches_s_trough_1'====== Args={'value': 6, 'prev_value': 5, 'change': 1}
2025-04-13 14:32:51,976 : INFO : SwitchController : <<<<<<< 's_trough_jam' inactive >>>>>>>
2025-04-13 14:32:51,976 : INFO : ball_device.bd_trough : State: ball_left
2025-04-13 14:32:51,976 : INFO : ball_device.bd_trough : Ball left
2025-04-13 14:32:51,976 : INFO : ball_device.bd_trough : Wait for confirm with timeout 3.0
2025-04-13 14:32:51,994 : INFO : SwitchController : <<<<<<< 's_trough_jam' active >>>>>>>
2025-04-13 14:32:51,994 : INFO : EventManager : Event: ======'machine_var_audits_switches_s_trough_jam'====== Args={'value': 7, 'prev_value': 6, 'change': 1}
2025-04-13 14:32:52,172 : INFO : SwitchController : <<<<<<< 's_trough_2' active >>>>>>>
2025-04-13 14:32:52,172 : INFO : EventManager : Event: ======'machine_var_audits_switches_s_trough_2'====== Args={'value': 7, 'prev_value': 6, 'change': 1}
2025-04-13 14:32:52,189 : INFO : SwitchController : <<<<<<< 's_trough_3' active >>>>>>>
2025-04-13 14:32:52,189 : INFO : EventManager : Event: ======'machine_var_audits_switches_s_trough_3'====== Args={'value': 7, 'prev_value': 6, 'change': 1}
2025-04-13 14:32:52,191 : INFO : SwitchController : <<<<<<< 's_trough_4' active >>>>>>>
2025-04-13 14:32:52,192 : INFO : EventManager : Event: ======'machine_var_audits_switches_s_trough_4'====== Args={'value': 8, 'prev_value': 7, 'change': 1}
2025-04-13 14:32:52,192 : INFO : SwitchController : <<<<<<< 's_trough_5' active >>>>>>>
2025-04-13 14:32:52,192 : INFO : EventManager : Event: ======'machine_var_audits_switches_s_trough_5'====== Args={'value': 5, 'prev_value': 4, 'change': 1}
2025-04-13 14:32:52,192 : INFO : SwitchController : <<<<<<< 's_trough_6' active >>>>>>>
2025-04-13 14:32:52,193 : INFO : EventManager : Event: ======'machine_var_audits_switches_s_trough_6'====== Args={'value': 6, 'prev_value': 5, 'change': 1}
2025-04-13 14:32:52,196 : INFO : SwitchController : <<<<<<< 's_trough_1' inactive >>>>>>>
2025-04-13 14:32:52,230 : INFO : SwitchController : <<<<<<< 's_trough_2' inactive >>>>>>>
2025-04-13 14:32:52,230 : INFO : SwitchController : <<<<<<< 's_trough_4' inactive >>>>>>>
2025-04-13 14:32:52,230 : INFO : SwitchController : <<<<<<< 's_trough_5' inactive >>>>>>>
2025-04-13 14:32:52,230 : INFO : SwitchController : <<<<<<< 's_trough_3' inactive >>>>>>>
2025-04-13 14:32:52,251 : INFO : SwitchController : <<<<<<< 's_plunger_lane' active >>>>>>>
2025-04-13 14:32:52,251 : INFO : EventManager : Event: ======'machine_var_audits_switches_s_plunger_lane'====== Args={'value': 34, 'prev_value': 33, 'change': 1}
2025-04-13 14:32:52,751 : INFO : ball_device.bd_plunger : Received ball from <ball_device.bd_trough>
2025-04-13 14:32:52,752 : INFO : EventManager : Event: ======'balldevice_bd_plunger_ball_enter'====== Args={'new_balls': 1, 'unclaimed_balls': 0, 'new_available_balls': 0, 'device': <ball_device.bd_plunger>}
2025-04-13 14:32:52,752 : INFO : EventManager : Event: ======'balldevice_bd_plunger_ball_entered'====== Args={'new_balls': 0, 'device': <ball_device.bd_plunger>}
2025-04-13 14:32:52,752 : INFO : EventManager : Event: ======'balldevice_bd_plunger_ball_count_changed'====== Args={'balls': 1}
2025-04-13 14:32:52,753 : INFO : ball_device.bd_trough : Got eject confirm
2025-04-13 14:32:52,753 : INFO : ball_device.bd_trough : Eject successful
2025-04-13 14:32:52,753 : INFO : EventManager : Event: ======'balldevice_bd_trough_ball_eject_success'====== Args={'balls': 1, 'target': <ball_device.bd_plunger>}
2025-04-13 14:32:52,754 : INFO : ball_device.bd_plunger : State: waiting_for_target_ready
2025-04-13 14:32:52,754 : INFO : EventManager : Event: ======'balldevice_bd_plunger_ball_eject_attempt'====== Args={'balls': 1, 'target': <playfield.playfield>, 'source': <ball_device.bd_plunger>, 'mechanical_eject': True, 'num_attempts': 0}
2025-04-13 14:32:52,754 : INFO : EventManager : Event: ======'balldevice_bd_trough_ball_count_changed'====== Args={'balls': 0}
2025-04-13 14:32:52,754 : INFO : ball_device.bd_trough : State: idle
2025-04-13 14:32:52,754 : INFO : EventManager : Event: ======'balldevice_bd_trough_ball_count_changed'====== Args={'balls': 2}
2025-04-13 14:32:52,755 : INFO : ball_device.bd_trough : Received unexpected ball
2025-04-13 14:32:52,755 : INFO : EventManager : Event: ======'balldevice_captured_from_playfield'====== Args={'balls': 1}
2025-04-13 14:32:52,755 : INFO : ball_device.bd_plunger : State: ejecting
2025-04-13 14:32:52,755 : INFO : ball_device.bd_plunger : Ejecting ball to <playfield.playfield>
2025-04-13 14:32:52,755 : INFO : EventManager : Event: ======'balldevice_bd_plunger_ejecting_ball'====== Args={'balls': 1, 'target': <playfield.playfield>, 'source': <ball_device.bd_plunger>, 'mechanical_eject': True, 'num_attempts': 0}
2025-04-13 14:32:52,755 : INFO : EventManager : Event: ======'sw_playfield_active'====== Args={'balls': 1}
2025-04-13 14:32:52,755 : INFO : EventManager : Event: ======'playfield_active'====== Args={'source': None}
2025-04-13 14:32:52,756 : INFO : EventManager : Event: ======'unexpected_ball_on_playfield'====== Args={}
2025-04-13 14:32:52,756 : INFO : EventManager : Event: ======'playfield_ball_count_change'====== Args={'balls': -1, 'change': -1}
2025-04-13 14:32:52,757 : INFO : EventManager : Event: ======'balldevice_playfield_ball_enter'====== Args={'new_balls': 1, 'unclaimed_balls': 1, 'device': <playfield.playfield>}
2025-04-13 14:32:52,757 : INFO : EventManager : Event: ======'playfield_ball_count_change'====== Args={'balls': 0, 'change': 1}
2025-04-13 14:32:52,757 : INFO : BallController : Found a new ball which was captured from playfield. Known balls: 2
2025-04-13 14:32:52,757 : INFO : EventManager : Event: ======'found_new_ball'====== Args={}
2025-04-13 14:32:52,757 : INFO : EventManager : Event: ======'balldevice_bd_trough_ball_enter'====== Args={'new_balls': 1, 'unclaimed_balls': 1, 'new_available_balls': 1, 'device': <ball_device.bd_trough>}
2025-04-13 14:32:52,757 : INFO : EventManager : Event: ======'ball_drain'====== Args={'device': <ball_device.bd_trough>, 'balls': 1}
2025-04-13 14:32:52,758 : INFO : ball_device.bd_plunger : Wait for ball to leave device
2025-04-13 14:32:52,758 : INFO : EventManager : Event: ======'ball_will_end'====== Args={}
2025-04-13 14:32:52,759 : INFO : EventManager : Event: ======'balldevice_balls_available'====== Args={}
2025-04-13 14:32:52,759 : INFO : EventManager : Event: ======'balldevice_bd_trough_ball_entered'====== Args={'new_balls': 1, 'device': <ball_device.bd_trough>}
2025-04-13 14:32:52,759 : INFO : ball_device.bd_trough : Received unexpected ball
2025-04-13 14:32:52,759 : INFO : EventManager : Event: ======'balldevice_captured_from_playfield'====== Args={'balls': 1}
2025-04-13 14:32:52,759 : INFO : EventManager : Event: ======'mode_base_will_stop'====== Args={}
2025-04-13 14:32:52,759 : INFO : EventManager : Event: ======'mode_base_stopping'====== Args={}
2025-04-13 14:32:52,760 : INFO : EventManager : Event: ======'sw_playfield_active'====== Args={'balls': 1}
2025-04-13 14:32:52,760 : INFO : EventManager : Event: ======'playfield_active'====== Args={'source': None}
2025-04-13 14:32:52,760 : INFO : EventManager : Event: ======'playfield_ball_count_change'====== Args={'balls': -1, 'change': -1}
2025-04-13 14:32:52,760 : INFO : Mode.base : Stopped.
2025-04-13 14:32:52,760 : INFO : EventManager : Event: ======'modes_active_modes_changed'====== Args={}
2025-04-13 14:32:52,761 : INFO : EventManager : Event: ======'mode_base_stopped'====== Args={}
2025-04-13 14:32:52,761 : INFO : EventManager : Event: ======'clear'====== Args={'key': 'base'}
2025-04-13 14:32:52,762 : INFO : EventManager : Event: ======'balldevice_playfield_ball_enter'====== Args={'new_balls': 1, 'unclaimed_balls': 1, 'device': <playfield.playfield>}
2025-04-13 14:32:52,762 : INFO : EventManager : Event: ======'playfield_ball_count_change'====== Args={'balls': 0, 'change': 1}
2025-04-13 14:32:52,762 : INFO : BallController : Found a new ball which was captured from playfield. Known balls: 3
2025-04-13 14:32:52,762 : INFO : EventManager : Event: ======'found_new_ball'====== Args={}
2025-04-13 14:32:52,762 : INFO : EventManager : Event: ======'balldevice_bd_trough_ball_enter'====== Args={'new_balls': 1, 'unclaimed_balls': 1, 'new_available_balls': 1, 'device': <ball_device.bd_trough>}
2025-04-13 14:32:52,762 : INFO : EventManager : Event: ======'ball_drain'====== Args={'device': <ball_device.bd_trough>, 'balls': 1}
2025-04-13 14:32:52,762 : INFO : EventManager : Event: ======'ball_ending'====== Args={}
2025-04-13 14:32:52,763 : INFO : EventManager : Event: ======'balldevice_balls_available'====== Args={}
2025-04-13 14:32:52,763 : INFO : EventManager : Event: ======'balldevice_bd_trough_ball_entered'====== Args={'new_balls': 1, 'device': <ball_device.bd_trough>}
2025-04-13 14:32:52,763 : INFO : EventManager : Event: ======'ball_ended'====== Args={}
2025-04-13 14:32:52,764 : INFO : EventManager : Event: ======'player_turn_will_end'====== Args={'player': <Player 1>, 'number': 1}
2025-04-13 14:32:52,764 : INFO : EventManager : Event: ======'player_turn_ending'====== Args={'player': <Player 1>, 'number': 1}
2025-04-13 14:32:52,765 : INFO : EventManager : Event: ======'player_turn_ended'====== Args={'player': <Player 1>, 'number': 1}
2025-04-13 14:32:52,765 : INFO : EventManager : Event: ======'player_turn_will_start'====== Args={'player': <Player 1>, 'number': 1}
2025-04-13 14:32:52,765 : INFO : EventManager : Event: ======'player_turn_starting'====== Args={'player': <Player 1>, 'number': 1}
2025-04-13 14:32:52,766 : INFO : EventManager : Event: ======'player_ball'====== Args={'value': 2, 'prev_value': 1, 'change': 1, 'player_num': 1}
2025-04-13 14:32:52,766 : INFO : EventManager : Event: ======'player_turn_started'====== Args={'player': <Player 1>, 'number': 1}
2025-04-13 14:32:52,767 : INFO : EventManager : Event: ======'ball_will_start'====== Args={'player': 1, 'ball': 2, 'balls_remaining': 1, 'is_extra_ball': False}
2025-04-13 14:32:52,767 : INFO : BallController : Found 1 ball(s) on playfield.
2025-04-13 14:32:52,767 : WARNING : BallController : Playfields still contain balls. Waiting for those to drain.
2025-04-13 14:32:53,768 : INFO : BallController : Found 1 ball(s) on playfield.
2025-04-13 14:32:53,768 : WARNING : BallController : Playfields still contain balls. Waiting for those to drain.
2025-04-13 14:32:54,725 : INFO : SwitchController : <<<<<<< 's_launch_button' active >>>>>>>
2025-04-13 14:32:54,725 : INFO : EventManager : Event: ======'s_launch_button_active'====== Args={}
2025-04-13 14:32:54,726 : INFO : EventManager : Event: ======'machine_var_audits_switches_s_launch_button'====== Args={'value': 10, 'prev_value': 9, 'change': 1}
2025-04-13 14:32:54,727 : INFO : coil.c_plunger : Pulsing Driver for 10ms (1.0 pulse_power)
2025-04-13 14:32:54,762 : INFO : SwitchController : <<<<<<< 's_plunger_lane' inactive >>>>>>>
2025-04-13 14:32:54,763 : INFO : ball_device.bd_plunger : State: ball_left
2025-04-13 14:32:54,763 : INFO : ball_device.bd_plunger : Ball left
2025-04-13 14:32:54,763 : INFO : ball_device.bd_plunger : Wait for confirm with timeout 5.0
2025-04-13 14:32:54,769 : INFO : BallController : Found 1 ball(s) on playfield.
2025-04-13 14:32:54,769 : WARNING : BallController : Playfields still contain balls. Waiting for those to drain.
2025-04-13 14:32:54,852 : INFO : SwitchController : <<<<<<< 's_launch_button' inactive >>>>>>>
2025-04-13 14:32:55,770 : INFO : BallController : Found 1 ball(s) on playfield.
2025-04-13 14:32:55,771 : WARNING : BallController : Playfields still contain balls. Waiting for those to drain.
2025-04-13 14:32:56,757 : INFO : SwitchController : <<<<<<< 's_sling_right' active >>>>>>>
2025-04-13 14:32:56,757 : INFO : EventManager : Event: ======'playfield_active'====== Args={'source': 'ac_slingshot_right'}
2025-04-13 14:32:56,758 : INFO : EventManager : Event: ======'machine_var_audits_switches_s_sling_right'====== Args={'value': 31, 'prev_value': 30, 'change': 1}
2025-04-13 14:32:56,759 : INFO : ball_device.bd_plunger : Got eject confirm
2025-04-13 14:32:56,759 : INFO : ball_device.bd_plunger : Eject successful
2025-04-13 14:32:56,759 : INFO : EventManager : Event: ======'balldevice_bd_plunger_ball_eject_success'====== Args={'balls': 1, 'target': <playfield.playfield>}
2025-04-13 14:32:56,759 : INFO : EventManager : Event: ======'balldevice_playfield_ball_enter'====== Args={'new_balls': 1, 'unclaimed_balls': 1, 'device': <playfield.playfield>}
2025-04-13 14:32:56,759 : INFO : EventManager : Event: ======'playfield_ball_count_change'====== Args={'balls': 1, 'change': 1}
2025-04-13 14:32:56,762 : INFO : EventManager : Event: ======'balldevice_bd_plunger_ball_count_changed'====== Args={'balls': 0}
2025-04-13 14:32:56,762 : INFO : ball_device.bd_plunger : State: idle
2025-04-13 14:32:56,773 : INFO : BallController : Found 1 ball(s) on playfield.
2025-04-13 14:32:56,773 : WARNING : BallController : Playfields still contain balls. Waiting for those to drain.
2025-04-13 14:32:56,774 : INFO : SwitchController : <<<<<<< 's_sling_right' inactive >>>>>>>
2025-04-13 14:32:57,773 : INFO : BallController : Found 1 ball(s) on playfield.
2025-04-13 14:32:57,774 : WARNING : BallController : Playfields still contain balls. Waiting for those to drain.
2025-04-13 14:32:58,493 : INFO : SwitchController : <<<<<<< 's_sling_right' active >>>>>>>
2025-04-13 14:32:58,494 : INFO : EventManager : Event: ======'machine_var_audits_switches_s_sling_right'====== Args={'value': 32, 'prev_value': 31, 'change': 1}
2025-04-13 14:32:58,510 : INFO : SwitchController : <<<<<<< 's_sling_right' inactive >>>>>>>
2025-04-13 14:32:58,775 : INFO : BallController : Found 1 ball(s) on playfield.
2025-04-13 14:32:58,775 : WARNING : BallController : Playfields still contain balls. Waiting for those to drain.
2025-04-13 14:32:59,776 : INFO : BallController : Found 1 ball(s) on playfield.
2025-04-13 14:32:59,776 : WARNING : BallController : Playfields still contain balls. Waiting for those to drain.
2025-04-13 14:33:00,777 : INFO : BallController : Found 1 ball(s) on playfield.
2025-04-13 14:33:00,778 : WARNING : BallController : Playfields still contain balls. Waiting for those to drain.
2025-04-13 14:33:01,716 : INFO : SwitchController : <<<<<<< 's_sling_left' active >>>>>>>
2025-04-13 14:33:01,716 : INFO : EventManager : Event: ======'machine_var_audits_switches_s_sling_left'====== Args={'value': 6, 'prev_value': 5, 'change': 1}
2025-04-13 14:33:01,733 : INFO : SwitchController : <<<<<<< 's_sling_left' inactive >>>>>>>
2025-04-13 14:33:01,779 : INFO : BallController : Found 1 ball(s) on playfield.
2025-04-13 14:33:01,779 : WARNING : BallController : Playfields still contain balls. Waiting for those to drain.
2025-04-13 14:33:02,780 : INFO : BallController : Found 1 ball(s) on playfield.
2025-04-13 14:33:02,780 : WARNING : BallController : Playfields still contain balls. Waiting for those to drain.
2025-04-13 14:33:03,781 : INFO : BallController : Found 1 ball(s) on playfield.
2025-04-13 14:33:03,782 : WARNING : BallController : Playfields still contain balls. Waiting for those to drain.
2025-04-13 14:33:04,783 : INFO : BallController : Found 1 ball(s) on playfield.
2025-04-13 14:33:04,784 : WARNING : BallController : Playfields still contain balls. Waiting for those to drain.
2025-04-13 14:33:05,785 : INFO : BallController : Found 1 ball(s) on playfield.
2025-04-13 14:33:05,785 : WARNING : BallController : Playfields still contain balls. Waiting for those to drain.
2025-04-13 14:33:06,786 : INFO : BallController : Found 1 ball(s) on playfield.
2025-04-13 14:33:06,786 : WARNING : BallController : Playfields still contain balls. Waiting for those to drain.
2025-04-13 14:33:07,787 : INFO : BallController : Found 1 ball(s) on playfield.
2025-04-13 14:33:07,787 : WARNING : BallController : Playfields still contain balls. Waiting for those to drain.
2025-04-13 14:33:08,788 : INFO : BallController : Found 1 ball(s) on playfield.
2025-04-13 14:33:08,789 : WARNING : BallController : Playfields still contain balls. Waiting for those to drain.
2025-04-13 14:33:09,789 : INFO : BallController : Found 1 ball(s) on playfield.
2025-04-13 14:33:09,789 : WARNING : BallController : Playfields still contain balls. Waiting for those to drain.
2025-04-13 14:33:10,541 : INFO : SwitchController : <<<<<<< 's_flipper_left' active >>>>>>>
2025-04-13 14:33:10,542 : INFO : EventManager : Event: ======'machine_var_audits_switches_s_flipper_left'====== Args={'value': 22, 'prev_value': 21, 'change': 1}
2025-04-13 14:33:10,564 : INFO : SwitchController : <<<<<<< 's_flipper_left_eos' inactive >>>>>>>
2025-04-13 14:33:10,633 : INFO : SwitchController : <<<<<<< 's_flipper_left' inactive >>>>>>>
2025-04-13 14:33:10,733 : INFO : SwitchController : <<<<<<< 's_flipper_left_eos' active >>>>>>>
2025-04-13 14:33:10,733 : INFO : EventManager : Event: ======'machine_var_audits_switches_s_flipper_left_eos'====== Args={'value': 3, 'prev_value': 2, 'change': 1}
2025-04-13 14:33:10,790 : INFO : BallController : Found 1 ball(s) on playfield.
2025-04-13 14:33:10,790 : WARNING : BallController : Playfields still contain balls. Waiting for those to drain.
2025-04-13 14:33:11,167 : INFO : SwitchController : <<<<<<< 's_flipper_left' active >>>>>>>
2025-04-13 14:33:11,167 : INFO : EventManager : Event: ======'machine_var_audits_switches_s_flipper_left'====== Args={'value': 23, 'prev_value': 22, 'change': 1}
2025-04-13 14:33:11,199 : INFO : SwitchController : <<<<<<< 's_flipper_left_eos' inactive >>>>>>>
2025-04-13 14:33:11,284 : INFO : SwitchController : <<<<<<< 's_flipper_left' inactive >>>>>>>
2025-04-13 14:33:11,382 : INFO : SwitchController : <<<<<<< 's_flipper_left_eos' active >>>>>>>
2025-04-13 14:33:11,382 : INFO : EventManager : Event: ======'machine_var_audits_switches_s_flipper_left_eos'====== Args={'value': 4, 'prev_value': 3, 'change': 1}
2025-04-13 14:33:11,791 : INFO : BallController : Found 1 ball(s) on playfield.
2025-04-13 14:33:11,791 : WARNING : BallController : Playfields still contain balls. Waiting for those to drain.
2025-04-13 14:33:12,792 : INFO : BallController : Found 1 ball(s) on playfield.
2025-04-13 14:33:12,792 : WARNING : BallController : Playfields still contain balls. Waiting for those to drain.
2025-04-13 14:33:13,793 : INFO : BallController : Found 1 ball(s) on playfield.
2025-04-13 14:33:13,793 : WARNING : BallController : Playfields still contain balls. Waiting for those to drain.
2025-04-13 14:33:14,794 : INFO : BallController : Found 1 ball(s) on playfield.
2025-04-13 14:33:14,794 : WARNING : BallController : Playfields still contain balls. Waiting for those to drain.
2025-04-13 14:33:15,795 : INFO : BallController : Found 1 ball(s) on playfield.
2025-04-13 14:33:15,795 : WARNING : BallController : Playfields still contain balls. Waiting for those to drain.
2025-04-13 14:33:16,796 : INFO : BallController : Found 1 ball(s) on playfield.
2025-04-13 14:33:16,796 : WARNING : BallController : Playfields still contain balls. Waiting for those to drain.
2025-04-13 14:33:17,797 : INFO : BallController : Found 1 ball(s) on playfield.
2025-04-13 14:33:17,797 : WARNING : BallController : Playfields still contain balls. Waiting for those to drain.
2025-04-13 14:33:18,798 : INFO : BallController : Found 1 ball(s) on playfield.
2025-04-13 14:33:18,798 : WARNING : BallController : Playfields still contain balls. Waiting for those to drain.
2025-04-13 14:33:19,798 : INFO : BallController : Found 1 ball(s) on playfield.
2025-04-13 14:33:19,799 : WARNING : BallController : Playfields still contain balls. Waiting for those to drain.
2025-04-13 14:33:20,799 : INFO : BallController : Found 1 ball(s) on playfield.
2025-04-13 14:33:20,799 : WARNING : BallController : Playfields still contain balls. Waiting for those to drain.
2025-04-13 14:33:21,800 : INFO : BallController : Found 1 ball(s) on playfield.
2025-04-13 14:33:21,800 : WARNING : BallController : Playfields still contain balls. Waiting for those to drain.
2025-04-13 14:33:22,801 : INFO : BallController : Found 1 ball(s) on playfield.
2025-04-13 14:33:22,801 : WARNING : BallController : Playfields still contain balls. Waiting for those to drain.
2025-04-13 14:33:23,801 : INFO : BallController : Found 1 ball(s) on playfield.
2025-04-13 14:33:23,801 : WARNING : BallController : Playfields still contain balls. Waiting for those to drain.
2025-04-13 14:33:24,772 : INFO : SwitchController : <<<<<<< 's_inlane_left' active >>>>>>>
2025-04-13 14:33:24,773 : INFO : EventManager : Event: ======'sw_playfield_active'====== Args={}
2025-04-13 14:33:24,773 : INFO : EventManager : Event: ======'machine_var_audits_switches_s_inlane_left'====== Args={'value': 4, 'prev_value': 3, 'change': 1}
2025-04-13 14:33:24,802 : INFO : BallController : Found 1 ball(s) on playfield.
2025-04-13 14:33:24,802 : WARNING : BallController : Playfields still contain balls. Waiting for those to drain.
2025-04-13 14:33:25,123 : INFO : SwitchController : <<<<<<< 's_inlane_left' inactive >>>>>>>
2025-04-13 14:33:25,186 : INFO : SwitchController : <<<<<<< 's_inlane_left' active >>>>>>>
2025-04-13 14:33:25,187 : INFO : EventManager : Event: ======'sw_playfield_active'====== Args={}
2025-04-13 14:33:25,187 : INFO : EventManager : Event: ======'machine_var_audits_switches_s_inlane_left'====== Args={'value': 5, 'prev_value': 4, 'change': 1}
2025-04-13 14:33:25,502 : INFO : SwitchController : <<<<<<< 's_inlane_left' inactive >>>>>>>
2025-04-13 14:33:25,546 : INFO : SwitchController : <<<<<<< 's_inlane_left' active >>>>>>>
2025-04-13 14:33:25,546 : INFO : EventManager : Event: ======'sw_playfield_active'====== Args={}
2025-04-13 14:33:25,547 : INFO : EventManager : Event: ======'machine_var_audits_switches_s_inlane_left'====== Args={'value': 6, 'prev_value': 5, 'change': 1}
2025-04-13 14:33:25,672 : INFO : SwitchController : <<<<<<< 's_inlane_left' inactive >>>>>>>
2025-04-13 14:33:25,769 : INFO : SwitchController : <<<<<<< 's_inlane_left' active >>>>>>>
2025-04-13 14:33:25,769 : INFO : EventManager : Event: ======'sw_playfield_active'====== Args={}
2025-04-13 14:33:25,769 : INFO : EventManager : Event: ======'machine_var_audits_switches_s_inlane_left'====== Args={'value': 7, 'prev_value': 6, 'change': 1}
2025-04-13 14:33:25,802 : INFO : BallController : Found 1 ball(s) on playfield.
2025-04-13 14:33:25,802 : WARNING : BallController : Playfields still contain balls. Waiting for those to drain.
2025-04-13 14:33:26,185 : INFO : SwitchController : <<<<<<< 's_inlane_left' inactive >>>>>>>
2025-04-13 14:33:26,505 : INFO : SwitchController : <<<<<<< 's_inlane_left' active >>>>>>>
2025-04-13 14:33:26,505 : INFO : EventManager : Event: ======'sw_playfield_active'====== Args={}
2025-04-13 14:33:26,505 : INFO : EventManager : Event: ======'machine_var_audits_switches_s_inlane_left'====== Args={'value': 8, 'prev_value': 7, 'change': 1}
2025-04-13 14:33:26,582 : INFO : SwitchController : <<<<<<< 's_inlane_left' inactive >>>>>>>
2025-04-13 14:33:26,803 : INFO : BallController : Found 1 ball(s) on playfield.
2025-04-13 14:33:26,803 : WARNING : BallController : Playfields still contain balls. Waiting for those to drain.
2025-04-13 14:33:27,804 : INFO : BallController : Found 1 ball(s) on playfield.
2025-04-13 14:33:27,804 : WARNING : BallController : Playfields still contain balls. Waiting for those to drain.
2025-04-13 14:33:28,355 : INFO : SwitchController : <<<<<<< 's_trough_6' inactive >>>>>>>
2025-04-13 14:33:28,804 : INFO : BallController : Found 1 ball(s) on playfield.
2025-04-13 14:33:28,804 : WARNING : BallController : Playfields still contain balls. Waiting for those to drain.
2025-04-13 14:33:28,855 : INFO : ball_device.bd_trough : BCH: Count is unstable. Trying to reorder balls.
2025-04-13 14:33:28,855 : WARNING : ball_device.bd_trough : Cannot reorder device because eject_coil_reorder_pulse is not configured
2025-04-13 14:33:28,855 : INFO : ball_device.bd_trough : BCH: Repulse done. Waiting for balls to settle.
2025-04-13 14:33:29,805 : INFO : BallController : Found 1 ball(s) on playfield.
2025-04-13 14:33:29,805 : WARNING : BallController : Playfields still contain balls. Waiting for those to drain.
2025-04-13 14:33:30,805 : INFO : BallController : Found 1 ball(s) on playfield.
2025-04-13 14:33:30,806 : WARNING : BallController : Playfields still contain balls. Waiting for those to drain.
2025-04-13 14:33:31,806 : INFO : BallController : Found 1 ball(s) on playfield.
2025-04-13 14:33:31,806 : WARNING : BallController : Playfields still contain balls. Waiting for those to drain.
2025-04-13 14:33:32,807 : INFO : BallController : Found 1 ball(s) on playfield.
2025-04-13 14:33:32,807 : WARNING : BallController : Playfields still contain balls. Waiting for those to drain.
2025-04-13 14:33:33,808 : INFO : BallController : Found 1 ball(s) on playfield.
2025-04-13 14:33:33,808 : WARNING : BallController : Playfields still contain balls. Waiting for those to drain.
2025-04-13 14:33:34,809 : INFO : BallController : Found 1 ball(s) on playfield.
2025-04-13 14:33:34,809 : WARNING : BallController : Playfields still contain balls. Waiting for those to drain.
2025-04-13 14:33:35,809 : INFO : BallController : Found 1 ball(s) on playfield.
2025-04-13 14:33:35,809 : WARNING : BallController : Playfields still contain balls. Waiting for those to drain.
2025-04-13 14:33:36,810 : INFO : BallController : Found 1 ball(s) on playfield.
2025-04-13 14:33:36,810 : WARNING : BallController : Playfields still contain balls. Waiting for those to drain.
2025-04-13 14:33:37,811 : INFO : BallController : Found 1 ball(s) on playfield.
2025-04-13 14:33:37,811 : WARNING : BallController : Playfields still contain balls. Waiting for those to drain.
2025-04-13 14:33:37,889 : INFO : Machine : Shutting down...
2025-04-13 14:33:37,889 : INFO : EventManager : Event: ======'shutdown'====== Args={}
2025-04-13 14:33:37,893 : INFO : EventManager : Event: ======'mode_game_will_stop'====== Args={}
2025-04-13 14:33:37,893 : INFO : EventManager : Event: ======'mode_game_stopping'====== Args={}
2025-04-13 14:33:37,894 : INFO : Mode.game : Stopped.
2025-04-13 14:33:37,895 : INFO : EventManager : Event: ======'modes_active_modes_changed'====== Args={}
2025-04-13 14:33:37,895 : INFO : EventManager : Event: ======'mode_game_stopped'====== Args={}
2025-04-13 14:33:37,896 : INFO : EventManager : Event: ======'clear'====== Args={'key': 'game'}
2025-04-13 14:33:38,005 : INFO : root : MPF run loop ended.
