2025-02-20 17:32:02,541 : INFO : root : Loading config.
2025-02-20 17:32:02,542 : INFO : YamlMultifileConfigLoader : Machine config file #1: config.yaml
2025-02-20 17:32:02,542 : INFO : ConfigProcessor : Loading config from cache: /var/folders/np/pd6clpgx1xs_0sdwz71m1gyh0000gn/T/0e92bbbc1117f2a7fed5bfc9fd49c3ff.mpf_cache
2025-02-20 17:32:02,557 : INFO : ConfigProcessor : Loading config from file /Users/andre/mpf/lib/python3.11/site-packages/mpf/modes/attract/config/attract.yaml.
2025-02-20 17:32:02,558 : INFO : ConfigProcessor : Loading config: /Users/andre/mpf/lib/python3.11/site-packages/mpf/modes/attract/config/attract.yaml
2025-02-20 17:32:02,558 : INFO : ConfigProcessor : Loading config from file /Users/andre/Napoleon/modes/attract/config/attract.yaml.
2025-02-20 17:32:02,558 : INFO : ConfigProcessor : Loading config: /Users/andre/Napoleon/modes/attract/config/attract.yaml
2025-02-20 17:32:02,559 : INFO : ConfigProcessor : Config file cache created: /var/folders/np/pd6clpgx1xs_0sdwz71m1gyh0000gn/T/1a4610a235e3724f4c88b7b6a3726c72.mpf_cache
2025-02-20 17:32:02,559 : INFO : ConfigProcessor : Loading config from file /Users/andre/mpf/lib/python3.11/site-packages/mpf/modes/game/config/game.yaml.
2025-02-20 17:32:02,559 : INFO : ConfigProcessor : Loading config: /Users/andre/mpf/lib/python3.11/site-packages/mpf/modes/game/config/game.yaml
2025-02-20 17:32:02,559 : INFO : ConfigProcessor : Config file cache created: /var/folders/np/pd6clpgx1xs_0sdwz71m1gyh0000gn/T/9ede27cf5d2808a997283e6386622428.mpf_cache
2025-02-20 17:32:02,559 : INFO : ConfigProcessor : Loading config from cache: /var/folders/np/pd6clpgx1xs_0sdwz71m1gyh0000gn/T/1a4610a235e3724f4c88b7b6a3726c72.mpf_cache
2025-02-20 17:32:02,559 : INFO : ConfigProcessor : Loading config from file /Users/andre/Napoleon/modes/base/config/base.yaml.
2025-02-20 17:32:02,560 : INFO : ConfigProcessor : Loading config: /Users/andre/Napoleon/modes/base/config/base.yaml
2025-02-20 17:32:02,560 : INFO : ConfigProcessor : Config file cache created: /var/folders/np/pd6clpgx1xs_0sdwz71m1gyh0000gn/T/911d1b37f4ad2186d44e0f02a423c49c.mpf_cache
2025-02-20 17:32:02,560 : INFO : Machine : Mission Pinball Framework Core Engine v0.80.0.dev6
2025-02-20 17:32:02,560 : INFO : Machine : Command line arguments: {'no_load_cache': False, 'create_config_cache': True, 'bcp': True, 'configfile': ['config.yaml'], 'force_assets_load': False, 'platform_integration_test': False, 'jsonlogging': False, 'logfile': 'logs/2025-02-20-17-32-02-mpf-Mac.log', 'pause': False, 'production': False, 'text_ui': True, 'loglevel': 15, 'consoleloglevel': 20, 'force_platform': None, 'syslog_address': None, 'full_logfile_path': '/Users/andre/Napoleon/logs/2025-02-20-17-32-02-mpf-Mac.log'}
2025-02-20 17:32:02,560 : INFO : Machine : MPF path: /Users/andre/mpf/lib/python3.11/site-packages/mpf
2025-02-20 17:32:02,560 : INFO : Machine : Machine path: /Users/andre/Napoleon
2025-02-20 17:32:02,560 : INFO : Machine : Platform: darwin
2025-02-20 17:32:02,560 : INFO : Machine : Python executable location: /Users/andre/mpf/bin/python3.11
2025-02-20 17:32:02,560 : INFO : Machine : Python version: 3.11.8 (64-bit)
2025-02-20 17:32:02,561 : INFO : Machine : Initializing MPF...
2025-02-20 17:32:02,723 : INFO : EventManager : Event: ======'machine_var_credits_string'====== Args={'value': 'FREE PLAY', 'prev_value': None, 'change': True}
2025-02-20 17:32:02,728 : INFO : EventManager : Event: ======'machine_var_master_volume'====== Args={'value': 0.5, 'prev_value': None, 'change': True}
2025-02-20 17:32:02,728 : INFO : EventManager : Event: ======'machine_var_mpf_version'====== Args={'value': 'Mission Pinball Framework v0.80.0.dev6', 'prev_value': None, 'change': True}
2025-02-20 17:32:02,728 : INFO : EventManager : Event: ======'machine_var_mpf_extended_version'====== Args={'value': 'Mission Pinball Framework v0.80.0.dev6, Config version:6, Show version: 6, BCP version:1.1', 'prev_value': None, 'change': True}
2025-02-20 17:32:02,728 : INFO : EventManager : Event: ======'machine_var_python_version'====== Args={'value': '3.11.8', 'prev_value': None, 'change': True}
2025-02-20 17:32:02,736 : INFO : EventManager : Event: ======'machine_var_platform'====== Args={'value': 'macOS-15.3.1-arm64-arm-64bit', 'prev_value': None, 'change': True}
2025-02-20 17:32:02,736 : INFO : EventManager : Event: ======'machine_var_platform_system'====== Args={'value': 'Darwin', 'prev_value': None, 'change': True}
2025-02-20 17:32:02,736 : INFO : EventManager : Event: ======'machine_var_platform_release'====== Args={'value': '24.3.0', 'prev_value': None, 'change': True}
2025-02-20 17:32:02,736 : INFO : EventManager : Event: ======'machine_var_platform_version'====== Args={'value': 'Darwin Kernel Version 24.3.0: Thu Jan  2 20:24:23 PST 2025; root:xnu-11215.81.4~3/RELEASE_ARM64_T6020', 'prev_value': None, 'change': True}
2025-02-20 17:32:02,736 : INFO : EventManager : Event: ======'machine_var_platform_machine'====== Args={'value': 'arm64', 'prev_value': None, 'change': True}
2025-02-20 17:32:02,737 : INFO : EventManager : Event: ======'machine_var_log_file_path'====== Args={'value': '/Users/andre/Napoleon/logs/2025-02-20-17-32-02-mpf-Mac.log', 'prev_value': None, 'change': True}
2025-02-20 17:32:02,737 : INFO : EventManager : Event: ======'init_phase_1'====== Args={}
2025-02-20 17:32:02,740 : INFO : EventManager : Event: ======'init_phase_2'====== Args={}
2025-02-20 17:32:02,741 : INFO : EventManager : Event: ======'bcp_connection_attempt'====== Args={'name': 'local_display', 'host': 'localhost', 'port': 5050}
2025-02-20 17:32:02,742 : INFO : BCPClientSocket : Connecting BCP to 'local_display' at localhost:5050...
2025-02-20 17:32:02,748 : INFO : BCPClientSocket : Connected BCP to 'local_display' localhost:5050
2025-02-20 17:32:02,749 : INFO : EventManager : Event: ======'bcp_clients_connected'====== Args={}
2025-02-20 17:32:02,752 : INFO : EventManager : Event: ======'init_phase_3'====== Args={}
2025-02-20 17:32:02,753 : INFO : EventManager : Event: ======'init_phase_4'====== Args={}
2025-02-20 17:32:02,754 : INFO : EventManager : Event: ======'machine_var_audits_events_game_started'====== Args={'value': 0, 'prev_value': None, 'change': True}
2025-02-20 17:32:02,754 : INFO : EventManager : Event: ======'machine_var_audits_events_game_ended'====== Args={'value': 0, 'prev_value': None, 'change': True}
2025-02-20 17:32:02,754 : INFO : EventManager : Event: ======'machine_var_audits_player_score'====== Args={'value': {'top': [], 'average': 0, 'total': 0}, 'prev_value': None, 'change': True}
2025-02-20 17:32:02,754 : INFO : EventManager : Event: ======'init_phase_5'====== Args={}
2025-02-20 17:32:02,754 : INFO : EventManager : Event: ======'init_done'====== Args={}
2025-02-20 17:32:02,754 : INFO : EventManager : Event: ======'machine_reset_phase_1'====== Args={}
2025-02-20 17:32:02,757 : INFO : EventManager : Event: ======'machine_reset_phase_2'====== Args={}
2025-02-20 17:32:02,757 : INFO : EventManager : Event: ======'machine_reset_phase_3'====== Args={}
2025-02-20 17:32:02,758 : INFO : EventManager : Event: ======'reset_complete'====== Args={}
2025-02-20 17:32:02,758 : INFO : EventManager : Event: ======'mode_attract_will_start'====== Args={}
2025-02-20 17:32:02,758 : INFO : EventManager : Event: ======'mode_attract_starting'====== Args={}
2025-02-20 17:32:02,758 : INFO : Mode.attract : Started. Priority: 10
2025-02-20 17:32:02,758 : INFO : EventManager : Event: ======'modes_active_modes_changed'====== Args={}
2025-02-20 17:32:02,758 : INFO : EventManager : Event: ======'mode_attract_started'====== Args={}
2025-02-20 17:32:02,758 : INFO : EventManager : Event: ======'collecting_balls_complete'====== Args={}
2025-02-20 17:32:02,758 : INFO : Machine : Starting the main run loop with active modes: [<Mode.attract>]
2025-02-20 17:32:02,785 : INFO : EventManager : Event: ======'slide_attract_created'====== Args={'_from_bcp': True}
2025-02-20 17:32:02,785 : INFO : EventManager : Event: ======'slide__removed'====== Args={'_from_bcp': True}
2025-02-20 17:32:02,786 : INFO : EventManager : Event: ======'slide_attract_active'====== Args={'original_context': 'attract', 'original_calling_context': 'mode_attract_started', 'priority': 10.0, 'cmd': 'slides_play', '_from_bcp': True}
2025-02-20 17:32:49,660 : INFO : Machine : Shutting down...
2025-02-20 17:32:49,660 : INFO : EventManager : Event: ======'shutdown'====== Args={}
2025-02-20 17:32:49,664 : INFO : root : MPF run loop ended.
