2025-02-21 20:58:02,776 : INFO : root : Loading config.
2025-02-21 20:58:02,777 : INFO : YamlMultifileConfigLoader : Machine config file #1: config.yaml
2025-02-21 20:58:02,777 : WARNING : ConfigProcessor : Config file in cache changed: /Users/andre/Napoleon/config/config.yaml
2025-02-21 20:58:02,777 : INFO : ConfigProcessor : Loading config from file /Users/andre/mpf/lib/python3.11/site-packages/mpf/mpfconfig.yaml.
2025-02-21 20:58:02,782 : INFO : ConfigProcessor : Loading config: /Users/andre/mpf/lib/python3.11/site-packages/mpf/mpfconfig.yaml
2025-02-21 20:58:02,782 : INFO : ConfigProcessor : Loading config from file /Users/andre/Napoleon/config/config.yaml.
2025-02-21 20:58:02,783 : INFO : ConfigProcessor : Loading config: /Users/andre/Napoleon/config/config.yaml
2025-02-21 20:58:02,783 : INFO : ConfigProcessor : Loading config: /Users/andre/Napoleon/config/config_ball_devices.yaml
2025-02-21 20:58:02,783 : INFO : ConfigProcessor : Loading config: /Users/andre/Napoleon/config/config_coils.yaml
2025-02-21 20:58:02,784 : INFO : ConfigProcessor : Loading config: /Users/andre/Napoleon/config/config_switches.yaml
2025-02-21 20:58:02,784 : INFO : ConfigProcessor : Config file cache created: /var/folders/np/pd6clpgx1xs_0sdwz71m1gyh0000gn/T/0e92bbbc1117f2a7fed5bfc9fd49c3ff.mpf_cache
2025-02-21 20:58:02,810 : INFO : ConfigProcessor : Loading config from cache: /var/folders/np/pd6clpgx1xs_0sdwz71m1gyh0000gn/T/1a4610a235e3724f4c88b7b6a3726c72.mpf_cache
2025-02-21 20:58:02,811 : INFO : ConfigProcessor : Loading config from cache: /var/folders/np/pd6clpgx1xs_0sdwz71m1gyh0000gn/T/9ede27cf5d2808a997283e6386622428.mpf_cache
2025-02-21 20:58:02,811 : INFO : ConfigProcessor : Loading config from cache: /var/folders/np/pd6clpgx1xs_0sdwz71m1gyh0000gn/T/1a4610a235e3724f4c88b7b6a3726c72.mpf_cache
2025-02-21 20:58:02,811 : INFO : ConfigProcessor : Loading config from cache: /var/folders/np/pd6clpgx1xs_0sdwz71m1gyh0000gn/T/911d1b37f4ad2186d44e0f02a423c49c.mpf_cache
2025-02-21 20:58:02,811 : INFO : Machine : Mission Pinball Framework Core Engine v0.80.0.dev6
2025-02-21 20:58:02,811 : INFO : Machine : Command line arguments: {'no_load_cache': False, 'create_config_cache': True, 'bcp': True, 'configfile': ['config.yaml'], 'force_assets_load': False, 'platform_integration_test': False, 'jsonlogging': False, 'logfile': 'logs/2025-02-21-20-58-02-mpf-Mac.log', 'pause': False, 'production': False, 'text_ui': False, 'loglevel': 15, 'consoleloglevel': 20, 'force_platform': 'virtual', 'syslog_address': None, 'full_logfile_path': '/Users/andre/Napoleon/logs/2025-02-21-20-58-02-mpf-Mac.log'}
2025-02-21 20:58:02,811 : INFO : Machine : MPF path: /Users/andre/mpf/lib/python3.11/site-packages/mpf
2025-02-21 20:58:02,811 : INFO : Machine : Machine path: /Users/andre/Napoleon
2025-02-21 20:58:02,811 : INFO : Machine : Platform: darwin
2025-02-21 20:58:02,811 : INFO : Machine : Python executable location: /Users/andre/mpf/bin/python3.11
2025-02-21 20:58:02,811 : INFO : Machine : Python version: 3.11.8 (64-bit)
2025-02-21 20:58:02,812 : INFO : Machine : Initializing MPF...
2025-02-21 20:58:02,837 : INFO : EventManager : Event: ======'machine_var_credits_string'====== Args={'value': 'FREE PLAY', 'prev_value': None, 'change': True}
2025-02-21 20:58:02,843 : INFO : EventManager : Event: ======'machine_var_master_volume'====== Args={'value': 0.5, 'prev_value': None, 'change': True}
2025-02-21 20:58:02,843 : INFO : EventManager : Event: ======'machine_var_mpf_version'====== Args={'value': 'Mission Pinball Framework v0.80.0.dev6', 'prev_value': None, 'change': True}
2025-02-21 20:58:02,843 : INFO : EventManager : Event: ======'machine_var_mpf_extended_version'====== Args={'value': 'Mission Pinball Framework v0.80.0.dev6, Config version:6, Show version: 6, BCP version:1.1', 'prev_value': None, 'change': True}
2025-02-21 20:58:02,843 : INFO : EventManager : Event: ======'machine_var_python_version'====== Args={'value': '3.11.8', 'prev_value': None, 'change': True}
2025-02-21 20:58:02,853 : INFO : EventManager : Event: ======'machine_var_platform'====== Args={'value': 'macOS-15.3.1-arm64-arm-64bit', 'prev_value': None, 'change': True}
2025-02-21 20:58:02,853 : INFO : EventManager : Event: ======'machine_var_platform_system'====== Args={'value': 'Darwin', 'prev_value': None, 'change': True}
2025-02-21 20:58:02,853 : INFO : EventManager : Event: ======'machine_var_platform_release'====== Args={'value': '24.3.0', 'prev_value': None, 'change': True}
2025-02-21 20:58:02,853 : INFO : EventManager : Event: ======'machine_var_platform_version'====== Args={'value': 'Darwin Kernel Version 24.3.0: Thu Jan  2 20:24:23 PST 2025; root:xnu-11215.81.4~3/RELEASE_ARM64_T6020', 'prev_value': None, 'change': True}
2025-02-21 20:58:02,853 : INFO : EventManager : Event: ======'machine_var_platform_machine'====== Args={'value': 'arm64', 'prev_value': None, 'change': True}
2025-02-21 20:58:02,853 : INFO : EventManager : Event: ======'machine_var_log_file_path'====== Args={'value': '/Users/andre/Napoleon/logs/2025-02-21-20-58-02-mpf-Mac.log', 'prev_value': None, 'change': True}
2025-02-21 20:58:02,853 : INFO : EventManager : Event: ======'init_phase_1'====== Args={}
2025-02-21 20:58:02,860 : INFO : EventManager : Event: ======'init_phase_2'====== Args={}
2025-02-21 20:58:02,861 : INFO : EventManager : Event: ======'bcp_connection_attempt'====== Args={'name': 'local_display', 'host': 'localhost', 'port': 5050}
2025-02-21 20:58:02,861 : INFO : BCPClientSocket : Connecting BCP to 'local_display' at localhost:5050...
2025-02-21 20:58:02,865 : INFO : BCPClientSocket : Connected BCP to 'local_display' localhost:5050
2025-02-21 20:58:02,865 : INFO : EventManager : Event: ======'bcp_clients_connected'====== Args={}
2025-02-21 20:58:02,865 : INFO : ball_device.bd_plunger : BCH: Initial count: 0
2025-02-21 20:58:02,865 : INFO : ball_device.bd_plunger : State: idle
2025-02-21 20:58:02,868 : INFO : EventManager : Event: ======'init_phase_3'====== Args={}
2025-02-21 20:58:02,868 : INFO : EventManager : Event: ======'init_phase_4'====== Args={}
2025-02-21 20:58:02,868 : INFO : BallController : Initial balls found: 0
2025-02-21 20:58:02,869 : INFO : EventManager : Event: ======'machine_var_audits_switches_s_flipper_right'====== Args={'value': 0, 'prev_value': None, 'change': True}
2025-02-21 20:58:02,869 : INFO : EventManager : Event: ======'machine_var_audits_switches_s_start_button'====== Args={'value': 0, 'prev_value': None, 'change': True}
2025-02-21 20:58:02,869 : INFO : EventManager : Event: ======'machine_var_audits_switches_s_plunger_lane'====== Args={'value': 0, 'prev_value': None, 'change': True}
2025-02-21 20:58:02,869 : INFO : EventManager : Event: ======'machine_var_audits_switches_s_flipper_left'====== Args={'value': 0, 'prev_value': None, 'change': True}
2025-02-21 20:58:02,869 : INFO : EventManager : Event: ======'machine_var_audits_switches_s_launch_button'====== Args={'value': 0, 'prev_value': None, 'change': True}
2025-02-21 20:58:02,869 : INFO : EventManager : Event: ======'machine_var_audits_switches_s_flipper_right_eos'====== Args={'value': 0, 'prev_value': None, 'change': True}
2025-02-21 20:58:02,869 : INFO : EventManager : Event: ======'machine_var_audits_switches_s_sling_right'====== Args={'value': 0, 'prev_value': None, 'change': True}
2025-02-21 20:58:02,869 : INFO : EventManager : Event: ======'machine_var_audits_switches_s_sling_left'====== Args={'value': 0, 'prev_value': None, 'change': True}
2025-02-21 20:58:02,869 : INFO : EventManager : Event: ======'machine_var_audits_switches_s_flipper_left_eos'====== Args={'value': 0, 'prev_value': None, 'change': True}
2025-02-21 20:58:02,869 : INFO : EventManager : Event: ======'machine_var_audits_events_game_started'====== Args={'value': 0, 'prev_value': None, 'change': True}
2025-02-21 20:58:02,869 : INFO : EventManager : Event: ======'machine_var_audits_events_game_ended'====== Args={'value': 0, 'prev_value': None, 'change': True}
2025-02-21 20:58:02,869 : INFO : EventManager : Event: ======'machine_var_audits_player_score'====== Args={'value': {'top': [], 'average': 0, 'total': 0}, 'prev_value': None, 'change': True}
2025-02-21 20:58:02,869 : INFO : EventManager : Event: ======'init_phase_5'====== Args={}
2025-02-21 20:58:02,869 : INFO : EventManager : Event: ======'init_done'====== Args={}
2025-02-21 20:58:02,869 : INFO : EventManager : Event: ======'machine_reset_phase_1'====== Args={}
2025-02-21 20:58:02,872 : INFO : EventManager : Event: ======'machine_reset_phase_2'====== Args={}
2025-02-21 20:58:02,873 : INFO : EventManager : Event: ======'machine_reset_phase_3'====== Args={}
2025-02-21 20:58:02,873 : INFO : EventManager : Event: ======'reset_complete'====== Args={}
2025-02-21 20:58:02,873 : INFO : EventManager : Event: ======'mode_attract_will_start'====== Args={}
2025-02-21 20:58:02,873 : INFO : Timer.attract_carousel_timer : Starting Timer.
2025-02-21 20:58:02,873 : INFO : EventManager : Event: ======'timer_attract_carousel_timer_started'====== Args={'ticks': 0, 'ticks_remaining': 1}
2025-02-21 20:58:02,873 : INFO : EventManager : Event: ======'timer_attract_carousel_timer_tick'====== Args={'ticks': 0, 'ticks_remaining': 1}
2025-02-21 20:58:02,873 : INFO : EventManager : Event: ======'mode_attract_starting'====== Args={}
2025-02-21 20:58:02,873 : INFO : Mode.attract : Started. Priority: 10
2025-02-21 20:58:02,873 : INFO : EventManager : Event: ======'modes_active_modes_changed'====== Args={}
2025-02-21 20:58:02,873 : INFO : EventManager : Event: ======'mode_attract_started'====== Args={}
2025-02-21 20:58:02,874 : INFO : EventManager : Event: ======'collecting_balls_complete'====== Args={}
2025-02-21 20:58:02,874 : INFO : EventManager : Event: ======'item_highlighted'====== Args={'carousel': 'attract', 'direction': None, 'item': 'title'}
2025-02-21 20:58:02,874 : INFO : EventManager : Event: ======'timer_attract_carousel_timer_tick'====== Args={'ticks': 0, 'ticks_remaining': 1}
2025-02-21 20:58:02,874 : INFO : Machine : Starting the main run loop with active modes: [<Mode.attract>]
2025-02-21 20:58:02,940 : INFO : EventManager : Event: ======'slide_attract_created'====== Args={'_from_bcp': True}
2025-02-21 20:58:02,940 : INFO : EventManager : Event: ======'slide__removed'====== Args={'_from_bcp': True}
2025-02-21 20:58:02,941 : INFO : EventManager : Event: ======'slide_attract_active'====== Args={'original_context': 'attract', 'original_calling_context': 'mode_attract_started', 'priority': 10.0, 'cmd': 'slides_play', '_from_bcp': True}
2025-02-21 20:58:06,002 : WARNING : BcpInterface : Received BCP switch message with invalid switchname: 's_start'
2025-02-21 20:58:06,073 : WARNING : BcpInterface : Received BCP switch message with invalid switchname: 's_start'
2025-02-21 20:58:07,874 : INFO : Timer.attract_carousel_timer : Timer Complete
2025-02-21 20:58:07,875 : INFO : Timer.attract_carousel_timer : Stopping Timer
2025-02-21 20:58:07,875 : INFO : EventManager : Event: ======'timer_attract_carousel_timer_stopped'====== Args={'ticks': 1, 'ticks_remaining': 1}
2025-02-21 20:58:07,875 : INFO : EventManager : Event: ======'timer_attract_carousel_timer_complete'====== Args={'ticks': 1, 'ticks_remaining': 1}
2025-02-21 20:58:07,876 : INFO : EventManager : Event: ======'item_highlighted'====== Args={'carousel': 'attract', 'direction': 'forwards', 'item': 'credits'}
2025-02-21 20:58:07,877 : INFO : Timer.attract_carousel_timer : Starting Timer.
2025-02-21 20:58:07,877 : INFO : EventManager : Event: ======'timer_attract_carousel_timer_started'====== Args={'ticks': 0, 'ticks_remaining': 1}
2025-02-21 20:58:07,877 : INFO : EventManager : Event: ======'timer_attract_carousel_timer_tick'====== Args={'ticks': 0, 'ticks_remaining': 1}
2025-02-21 20:58:12,878 : INFO : Timer.attract_carousel_timer : Timer Complete
2025-02-21 20:58:12,878 : INFO : Timer.attract_carousel_timer : Stopping Timer
2025-02-21 20:58:12,878 : INFO : EventManager : Event: ======'timer_attract_carousel_timer_stopped'====== Args={'ticks': 1, 'ticks_remaining': 1}
2025-02-21 20:58:12,878 : INFO : EventManager : Event: ======'timer_attract_carousel_timer_complete'====== Args={'ticks': 1, 'ticks_remaining': 1}
2025-02-21 20:58:12,878 : INFO : EventManager : Event: ======'item_highlighted'====== Args={'carousel': 'attract', 'direction': 'forwards', 'item': 'mpf_logo'}
2025-02-21 20:58:12,879 : INFO : Timer.attract_carousel_timer : Starting Timer.
2025-02-21 20:58:12,879 : INFO : EventManager : Event: ======'timer_attract_carousel_timer_started'====== Args={'ticks': 0, 'ticks_remaining': 1}
2025-02-21 20:58:12,879 : INFO : EventManager : Event: ======'timer_attract_carousel_timer_tick'====== Args={'ticks': 0, 'ticks_remaining': 1}
2025-02-21 20:58:15,198 : INFO : SwitchController : <<<<<<< 's_flipper_left' active >>>>>>>
2025-02-21 20:58:15,198 : INFO : EventManager : Event: ======'s_flipper_left_active'====== Args={}
2025-02-21 20:58:15,199 : INFO : EventManager : Event: ======'item_highlighted'====== Args={'carousel': 'attract', 'direction': 'backwards', 'item': 'credits'}
2025-02-21 20:58:15,199 : INFO : EventManager : Event: ======'timer_attract_carousel_timer_tick'====== Args={'ticks': 0, 'ticks_remaining': 1}
2025-02-21 20:58:15,339 : INFO : SwitchController : <<<<<<< 's_flipper_left' inactive >>>>>>>
2025-02-21 20:58:15,440 : INFO : SwitchController : <<<<<<< 's_flipper_right' active >>>>>>>
2025-02-21 20:58:15,440 : INFO : EventManager : Event: ======'s_flipper_right_active'====== Args={}
2025-02-21 20:58:15,441 : INFO : EventManager : Event: ======'item_highlighted'====== Args={'carousel': 'attract', 'direction': 'forwards', 'item': 'mpf_logo'}
2025-02-21 20:58:15,441 : INFO : EventManager : Event: ======'timer_attract_carousel_timer_tick'====== Args={'ticks': 0, 'ticks_remaining': 1}
2025-02-21 20:58:15,531 : INFO : SwitchController : <<<<<<< 's_flipper_right' inactive >>>>>>>
2025-02-21 20:58:19,614 : WARNING : BcpInterface : Received BCP switch message with invalid switchname: 's_start'
2025-02-21 20:58:19,730 : WARNING : BcpInterface : Received BCP switch message with invalid switchname: 's_start'
2025-02-21 20:58:20,442 : INFO : Timer.attract_carousel_timer : Timer Complete
2025-02-21 20:58:20,442 : INFO : Timer.attract_carousel_timer : Stopping Timer
2025-02-21 20:58:20,442 : INFO : EventManager : Event: ======'timer_attract_carousel_timer_stopped'====== Args={'ticks': 1, 'ticks_remaining': 1}
2025-02-21 20:58:20,442 : INFO : EventManager : Event: ======'timer_attract_carousel_timer_complete'====== Args={'ticks': 1, 'ticks_remaining': 1}
2025-02-21 20:58:20,443 : INFO : EventManager : Event: ======'item_highlighted'====== Args={'carousel': 'attract', 'direction': 'forwards', 'item': 'title'}
2025-02-21 20:58:20,443 : INFO : Timer.attract_carousel_timer : Starting Timer.
2025-02-21 20:58:20,443 : INFO : EventManager : Event: ======'timer_attract_carousel_timer_started'====== Args={'ticks': 0, 'ticks_remaining': 1}
2025-02-21 20:58:20,443 : INFO : EventManager : Event: ======'timer_attract_carousel_timer_tick'====== Args={'ticks': 0, 'ticks_remaining': 1}
2025-02-21 20:58:21,398 : INFO : Machine : Shutting down...
2025-02-21 20:58:21,398 : INFO : EventManager : Event: ======'shutdown'====== Args={}
2025-02-21 20:58:21,399 : INFO : root : MPF run loop ended.
