2025-02-28 13:33:06,724 : INFO : root : Loading config.
2025-02-28 13:33:06,725 : INFO : YamlMultifileConfigLoader : Machine config file #1: config.yaml
2025-02-28 13:33:06,725 : INFO : ConfigProcessor : Loading config from cache: /var/folders/np/pd6clpgx1xs_0sdwz71m1gyh0000gn/T/0e92bbbc1117f2a7fed5bfc9fd49c3ff.mpf_cache
2025-02-28 13:33:06,739 : INFO : ConfigProcessor : Loading config from cache: /var/folders/np/pd6clpgx1xs_0sdwz71m1gyh0000gn/T/1a4610a235e3724f4c88b7b6a3726c72.mpf_cache
2025-02-28 13:33:06,740 : INFO : ConfigProcessor : Loading config from cache: /var/folders/np/pd6clpgx1xs_0sdwz71m1gyh0000gn/T/9ede27cf5d2808a997283e6386622428.mpf_cache
2025-02-28 13:33:06,740 : INFO : ConfigProcessor : Loading config from cache: /var/folders/np/pd6clpgx1xs_0sdwz71m1gyh0000gn/T/1a4610a235e3724f4c88b7b6a3726c72.mpf_cache
2025-02-28 13:33:06,740 : INFO : ConfigProcessor : Loading config from cache: /var/folders/np/pd6clpgx1xs_0sdwz71m1gyh0000gn/T/911d1b37f4ad2186d44e0f02a423c49c.mpf_cache
2025-02-28 13:33:06,740 : INFO : Machine : Mission Pinball Framework Core Engine v0.80.0.dev6
2025-02-28 13:33:06,740 : INFO : Machine : Command line arguments: {'no_load_cache': False, 'create_config_cache': True, 'bcp': True, 'configfile': ['config.yaml'], 'force_assets_load': False, 'platform_integration_test': False, 'jsonlogging': False, 'logfile': 'logs/2025-02-28-13-33-06-mpf-Mac.log', 'pause': False, 'production': False, 'text_ui': True, 'loglevel': 15, 'consoleloglevel': 20, 'force_platform': 'smart_virtual', 'syslog_address': None, 'full_logfile_path': '/Users/andre/Napoleon/logs/2025-02-28-13-33-06-mpf-Mac.log'}
2025-02-28 13:33:06,740 : INFO : Machine : MPF path: /Users/andre/mpf/lib/python3.11/site-packages/mpf
2025-02-28 13:33:06,740 : INFO : Machine : Machine path: /Users/andre/Napoleon
2025-02-28 13:33:06,740 : INFO : Machine : Platform: darwin
2025-02-28 13:33:06,740 : INFO : Machine : Python executable location: /Users/andre/mpf/bin/python3.11
2025-02-28 13:33:06,740 : INFO : Machine : Python version: 3.11.8 (64-bit)
2025-02-28 13:33:06,740 : INFO : Machine : Initializing MPF...
2025-02-28 13:33:06,755 : INFO : EventManager : Event: ======'machine_var_credits_string'====== Args={'value': 'FREE PLAY', 'prev_value': None, 'change': True}
2025-02-28 13:33:06,758 : INFO : EventManager : Event: ======'machine_var_master_volume'====== Args={'value': 0.5, 'prev_value': None, 'change': True}
2025-02-28 13:33:06,758 : INFO : EventManager : Event: ======'machine_var_mpf_version'====== Args={'value': 'Mission Pinball Framework v0.80.0.dev6', 'prev_value': None, 'change': True}
2025-02-28 13:33:06,758 : INFO : EventManager : Event: ======'machine_var_mpf_extended_version'====== Args={'value': 'Mission Pinball Framework v0.80.0.dev6, Config version:6, Show version: 6, BCP version:1.1', 'prev_value': None, 'change': True}
2025-02-28 13:33:06,758 : INFO : EventManager : Event: ======'machine_var_python_version'====== Args={'value': '3.11.8', 'prev_value': None, 'change': True}
2025-02-28 13:33:06,765 : INFO : EventManager : Event: ======'machine_var_platform'====== Args={'value': 'macOS-15.3.1-arm64-arm-64bit', 'prev_value': None, 'change': True}
2025-02-28 13:33:06,765 : INFO : EventManager : Event: ======'machine_var_platform_system'====== Args={'value': 'Darwin', 'prev_value': None, 'change': True}
2025-02-28 13:33:06,765 : INFO : EventManager : Event: ======'machine_var_platform_release'====== Args={'value': '24.3.0', 'prev_value': None, 'change': True}
2025-02-28 13:33:06,765 : INFO : EventManager : Event: ======'machine_var_platform_version'====== Args={'value': 'Darwin Kernel Version 24.3.0: Thu Jan  2 20:24:23 PST 2025; root:xnu-11215.81.4~3/RELEASE_ARM64_T6020', 'prev_value': None, 'change': True}
2025-02-28 13:33:06,765 : INFO : EventManager : Event: ======'machine_var_platform_machine'====== Args={'value': 'arm64', 'prev_value': None, 'change': True}
2025-02-28 13:33:06,765 : INFO : EventManager : Event: ======'machine_var_log_file_path'====== Args={'value': '/Users/andre/Napoleon/logs/2025-02-28-13-33-06-mpf-Mac.log', 'prev_value': None, 'change': True}
2025-02-28 13:33:06,765 : INFO : EventManager : Event: ======'init_phase_1'====== Args={}
2025-02-28 13:33:06,770 : INFO : EventManager : Event: ======'init_phase_2'====== Args={}
2025-02-28 13:33:06,771 : INFO : SwitchController : Found active switch: (1000, <Platform.SmartVirtual>) <switch.s_trough_1>
2025-02-28 13:33:06,771 : INFO : SwitchController : Found active switch: (1001, <Platform.SmartVirtual>) <switch.s_trough_2>
2025-02-28 13:33:06,771 : INFO : SwitchController : Found active switch: (1002, <Platform.SmartVirtual>) <switch.s_trough_3>
2025-02-28 13:33:06,771 : INFO : EventManager : Event: ======'bcp_connection_attempt'====== Args={'name': 'local_display', 'host': 'localhost', 'port': 5050}
2025-02-28 13:33:06,772 : INFO : BCPClientSocket : Connecting BCP to 'local_display' at localhost:5050...
2025-02-28 13:33:06,775 : INFO : BCPClientSocket : Connected BCP to 'local_display' localhost:5050
2025-02-28 13:33:06,775 : INFO : EventManager : Event: ======'bcp_clients_connected'====== Args={}
2025-02-28 13:33:06,775 : INFO : ball_device.bd_plunger : BCH: Initial count: 0
2025-02-28 13:33:06,775 : INFO : ball_device.bd_plunger : State: idle
2025-02-28 13:33:06,776 : INFO : ball_device.bd_trough : BCH: Initial count: 3
2025-02-28 13:33:06,776 : INFO : ball_device.bd_trough : State: idle
2025-02-28 13:33:06,778 : INFO : EventManager : Event: ======'init_phase_3'====== Args={}
2025-02-28 13:33:06,778 : INFO : EventManager : Event: ======'init_phase_4'====== Args={}
2025-02-28 13:33:06,778 : INFO : BallController : Initial balls found: 3
2025-02-28 13:33:06,779 : INFO : EventManager : Event: ======'machine_var_audits_events_game_ended'====== Args={'value': 0, 'prev_value': None, 'change': True}
2025-02-28 13:33:06,779 : INFO : EventManager : Event: ======'machine_var_audits_events_game_started'====== Args={'value': 3, 'prev_value': None, 'change': True}
2025-02-28 13:33:06,779 : INFO : EventManager : Event: ======'machine_var_audits_missing_switches_s_flipper_left_eos'====== Args={'value': 3, 'prev_value': None, 'change': True}
2025-02-28 13:33:06,779 : INFO : EventManager : Event: ======'machine_var_audits_missing_switches_s_flipper_right_eos'====== Args={'value': 3, 'prev_value': None, 'change': True}
2025-02-28 13:33:06,779 : INFO : EventManager : Event: ======'machine_var_audits_missing_switches_s_inlane_1_right'====== Args={'value': 3, 'prev_value': None, 'change': True}
2025-02-28 13:33:06,779 : INFO : EventManager : Event: ======'machine_var_audits_missing_switches_s_inlane_2_right'====== Args={'value': 3, 'prev_value': None, 'change': True}
2025-02-28 13:33:06,779 : INFO : EventManager : Event: ======'machine_var_audits_missing_switches_s_inlane_left'====== Args={'value': 3, 'prev_value': None, 'change': True}
2025-02-28 13:33:06,779 : INFO : EventManager : Event: ======'machine_var_audits_missing_switches_s_launch_button'====== Args={'value': 3, 'prev_value': None, 'change': True}
2025-02-28 13:33:06,779 : INFO : EventManager : Event: ======'machine_var_audits_missing_switches_s_outlane_left'====== Args={'value': 3, 'prev_value': None, 'change': True}
2025-02-28 13:33:06,779 : INFO : EventManager : Event: ======'machine_var_audits_missing_switches_s_outlane_right'====== Args={'value': 3, 'prev_value': None, 'change': True}
2025-02-28 13:33:06,779 : INFO : EventManager : Event: ======'machine_var_audits_missing_switches_s_sling_left'====== Args={'value': 3, 'prev_value': None, 'change': True}
2025-02-28 13:33:06,779 : INFO : EventManager : Event: ======'machine_var_audits_missing_switches_s_sling_right'====== Args={'value': 3, 'prev_value': None, 'change': True}
2025-02-28 13:33:06,779 : INFO : EventManager : Event: ======'machine_var_audits_missing_switches_s_start_button'====== Args={'value': 3, 'prev_value': None, 'change': True}
2025-02-28 13:33:06,779 : INFO : EventManager : Event: ======'machine_var_audits_missing_switches_s_trough_1'====== Args={'value': 3, 'prev_value': None, 'change': True}
2025-02-28 13:33:06,779 : INFO : EventManager : Event: ======'machine_var_audits_missing_switches_s_trough_2'====== Args={'value': 3, 'prev_value': None, 'change': True}
2025-02-28 13:33:06,779 : INFO : EventManager : Event: ======'machine_var_audits_missing_switches_s_trough_3'====== Args={'value': 3, 'prev_value': None, 'change': True}
2025-02-28 13:33:06,779 : INFO : EventManager : Event: ======'machine_var_audits_missing_switches_s_trough_4'====== Args={'value': 3, 'prev_value': None, 'change': True}
2025-02-28 13:33:06,779 : INFO : EventManager : Event: ======'machine_var_audits_missing_switches_s_trough_5'====== Args={'value': 3, 'prev_value': None, 'change': True}
2025-02-28 13:33:06,779 : INFO : EventManager : Event: ======'machine_var_audits_missing_switches_s_trough_6'====== Args={'value': 3, 'prev_value': None, 'change': True}
2025-02-28 13:33:06,779 : INFO : EventManager : Event: ======'machine_var_audits_missing_switches_s_trough_jam'====== Args={'value': 3, 'prev_value': None, 'change': True}
2025-02-28 13:33:06,779 : INFO : EventManager : Event: ======'machine_var_audits_player_score'====== Args={'value': {'average': 0, 'top': [], 'total': 0}, 'prev_value': None, 'change': True}
2025-02-28 13:33:06,779 : INFO : EventManager : Event: ======'machine_var_audits_switches_s_flipper_left'====== Args={'value': 3, 'prev_value': None, 'change': True}
2025-02-28 13:33:06,779 : INFO : EventManager : Event: ======'machine_var_audits_switches_s_flipper_left_eos'====== Args={'value': 0, 'prev_value': None, 'change': True}
2025-02-28 13:33:06,779 : INFO : EventManager : Event: ======'machine_var_audits_switches_s_flipper_right'====== Args={'value': 3, 'prev_value': None, 'change': True}
2025-02-28 13:33:06,779 : INFO : EventManager : Event: ======'machine_var_audits_switches_s_flipper_right_eos'====== Args={'value': 0, 'prev_value': None, 'change': True}
2025-02-28 13:33:06,779 : INFO : EventManager : Event: ======'machine_var_audits_switches_s_inlane_1_right'====== Args={'value': 0, 'prev_value': None, 'change': True}
2025-02-28 13:33:06,779 : INFO : EventManager : Event: ======'machine_var_audits_switches_s_inlane_2_right'====== Args={'value': 0, 'prev_value': None, 'change': True}
2025-02-28 13:33:06,779 : INFO : EventManager : Event: ======'machine_var_audits_switches_s_inlane_left'====== Args={'value': 0, 'prev_value': None, 'change': True}
2025-02-28 13:33:06,779 : INFO : EventManager : Event: ======'machine_var_audits_switches_s_launch_button'====== Args={'value': 0, 'prev_value': None, 'change': True}
2025-02-28 13:33:06,779 : INFO : EventManager : Event: ======'machine_var_audits_switches_s_outlane_left'====== Args={'value': 0, 'prev_value': None, 'change': True}
2025-02-28 13:33:06,779 : INFO : EventManager : Event: ======'machine_var_audits_switches_s_outlane_right'====== Args={'value': 0, 'prev_value': None, 'change': True}
2025-02-28 13:33:06,779 : INFO : EventManager : Event: ======'machine_var_audits_switches_s_plunger_lane'====== Args={'value': 3, 'prev_value': None, 'change': True}
2025-02-28 13:33:06,779 : INFO : EventManager : Event: ======'machine_var_audits_switches_s_sling_left'====== Args={'value': 0, 'prev_value': None, 'change': True}
2025-02-28 13:33:06,779 : INFO : EventManager : Event: ======'machine_var_audits_switches_s_sling_right'====== Args={'value': 0, 'prev_value': None, 'change': True}
2025-02-28 13:33:06,779 : INFO : EventManager : Event: ======'machine_var_audits_switches_s_start_button'====== Args={'value': 0, 'prev_value': None, 'change': True}
2025-02-28 13:33:06,779 : INFO : EventManager : Event: ======'machine_var_audits_switches_s_trough_1'====== Args={'value': 0, 'prev_value': None, 'change': True}
2025-02-28 13:33:06,779 : INFO : EventManager : Event: ======'machine_var_audits_switches_s_trough_2'====== Args={'value': 0, 'prev_value': None, 'change': True}
2025-02-28 13:33:06,779 : INFO : EventManager : Event: ======'machine_var_audits_switches_s_trough_3'====== Args={'value': 0, 'prev_value': None, 'change': True}
2025-02-28 13:33:06,779 : INFO : EventManager : Event: ======'machine_var_audits_switches_s_trough_4'====== Args={'value': 0, 'prev_value': None, 'change': True}
2025-02-28 13:33:06,779 : INFO : EventManager : Event: ======'machine_var_audits_switches_s_trough_5'====== Args={'value': 0, 'prev_value': None, 'change': True}
2025-02-28 13:33:06,779 : INFO : EventManager : Event: ======'machine_var_audits_switches_s_trough_6'====== Args={'value': 0, 'prev_value': None, 'change': True}
2025-02-28 13:33:06,779 : INFO : EventManager : Event: ======'machine_var_audits_switches_s_trough_jam'====== Args={'value': 0, 'prev_value': None, 'change': True}
2025-02-28 13:33:06,780 : INFO : EventManager : Event: ======'init_phase_5'====== Args={}
2025-02-28 13:33:06,780 : INFO : EventManager : Event: ======'init_done'====== Args={}
2025-02-28 13:33:06,780 : INFO : EventManager : Event: ======'machine_reset_phase_1'====== Args={}
2025-02-28 13:33:06,790 : INFO : EventManager : Event: ======'machine_reset_phase_2'====== Args={}
2025-02-28 13:33:06,790 : INFO : EventManager : Event: ======'machine_reset_phase_3'====== Args={}
2025-02-28 13:33:06,791 : INFO : EventManager : Event: ======'reset_complete'====== Args={}
2025-02-28 13:33:06,791 : INFO : EventManager : Event: ======'mode_attract_will_start'====== Args={}
2025-02-28 13:33:06,791 : INFO : Timer.attract_carousel_timer : Starting Timer.
2025-02-28 13:33:06,791 : INFO : EventManager : Event: ======'timer_attract_carousel_timer_started'====== Args={'ticks': 0, 'ticks_remaining': 1}
2025-02-28 13:33:06,791 : INFO : EventManager : Event: ======'timer_attract_carousel_timer_tick'====== Args={'ticks': 0, 'ticks_remaining': 1}
2025-02-28 13:33:06,791 : INFO : EventManager : Event: ======'mode_attract_starting'====== Args={}
2025-02-28 13:33:06,791 : INFO : Mode.attract : Started. Priority: 10
2025-02-28 13:33:06,791 : INFO : EventManager : Event: ======'modes_active_modes_changed'====== Args={}
2025-02-28 13:33:06,791 : INFO : EventManager : Event: ======'mode_attract_started'====== Args={}
2025-02-28 13:33:06,791 : INFO : EventManager : Event: ======'collecting_balls_complete'====== Args={}
2025-02-28 13:33:06,792 : INFO : EventManager : Event: ======'item_highlighted'====== Args={'carousel': 'attract', 'direction': None, 'item': 'title'}
2025-02-28 13:33:06,792 : INFO : EventManager : Event: ======'timer_attract_carousel_timer_tick'====== Args={'ticks': 0, 'ticks_remaining': 1}
2025-02-28 13:33:06,792 : INFO : Machine : Starting the main run loop with active modes: [<Mode.attract>]
2025-02-28 13:33:06,848 : INFO : EventManager : Event: ======'slide_attract_created'====== Args={'_from_bcp': True}
2025-02-28 13:33:06,848 : INFO : EventManager : Event: ======'slide__removed'====== Args={'_from_bcp': True}
2025-02-28 13:33:06,848 : INFO : EventManager : Event: ======'slide_attract_active'====== Args={'original_context': 'attract', 'original_calling_context': 'mode_attract_started', 'priority': 10.0, 'cmd': 'slides_play', '_from_bcp': True}
2025-02-28 13:33:08,831 : INFO : SwitchController : <<<<<<< 's_flipper_right' active >>>>>>>
2025-02-28 13:33:08,832 : INFO : EventManager : Event: ======'s_flipper_right_active'====== Args={}
2025-02-28 13:33:08,832 : INFO : EventManager : Event: ======'item_highlighted'====== Args={'carousel': 'attract', 'direction': 'forwards', 'item': 'credits'}
2025-02-28 13:33:08,832 : INFO : EventManager : Event: ======'timer_attract_carousel_timer_tick'====== Args={'ticks': 0, 'ticks_remaining': 1}
2025-02-28 13:33:08,931 : INFO : SwitchController : <<<<<<< 's_flipper_right' inactive >>>>>>>
2025-02-28 13:33:09,251 : INFO : SwitchController : <<<<<<< 's_flipper_left' active >>>>>>>
2025-02-28 13:33:09,251 : INFO : EventManager : Event: ======'s_flipper_left_active'====== Args={}
2025-02-28 13:33:09,251 : INFO : EventManager : Event: ======'item_highlighted'====== Args={'carousel': 'attract', 'direction': 'backwards', 'item': 'title'}
2025-02-28 13:33:09,252 : INFO : EventManager : Event: ======'timer_attract_carousel_timer_tick'====== Args={'ticks': 0, 'ticks_remaining': 1}
2025-02-28 13:33:09,366 : INFO : SwitchController : <<<<<<< 's_flipper_left' inactive >>>>>>>
2025-02-28 13:33:09,641 : INFO : SwitchController : <<<<<<< 's_flipper_right' active >>>>>>>
2025-02-28 13:33:09,641 : INFO : EventManager : Event: ======'s_flipper_right_active'====== Args={}
2025-02-28 13:33:09,642 : INFO : EventManager : Event: ======'item_highlighted'====== Args={'carousel': 'attract', 'direction': 'forwards', 'item': 'credits'}
2025-02-28 13:33:09,642 : INFO : EventManager : Event: ======'timer_attract_carousel_timer_tick'====== Args={'ticks': 0, 'ticks_remaining': 1}
2025-02-28 13:33:09,789 : INFO : SwitchController : <<<<<<< 's_flipper_right' inactive >>>>>>>
2025-02-28 13:33:11,098 : INFO : SwitchController : <<<<<<< 's_start_button' active >>>>>>>
2025-02-28 13:33:11,173 : INFO : SwitchController : <<<<<<< 's_start_button' inactive >>>>>>>
2025-02-28 13:33:11,173 : INFO : EventManager : Event: ======'request_to_start_game'====== Args={}
2025-02-28 13:33:11,174 : INFO : EventManager : Event: ======'game_start'====== Args={'buttons': [], 'hold_time': 0.0755118330125697}
2025-02-28 13:33:11,174 : INFO : EventManager : Event: ======'mode_game_will_start'====== Args={'buttons': [], 'hold_time': 0.0755118330125697}
2025-02-28 13:33:11,175 : INFO : EventManager : Event: ======'mode_game_starting'====== Args={'buttons': [], 'hold_time': 0.0755118330125697}
2025-02-28 13:33:11,175 : INFO : EventManager : Event: ======'mode_attract_will_stop'====== Args={}
2025-02-28 13:33:11,175 : INFO : EventManager : Event: ======'mode_attract_stopping'====== Args={}
2025-02-28 13:33:11,175 : INFO : Mode.attract : Stopped.
2025-02-28 13:33:11,175 : INFO : EventManager : Event: ======'modes_active_modes_changed'====== Args={}
2025-02-28 13:33:11,175 : INFO : EventManager : Event: ======'mode_attract_stopped'====== Args={}
2025-02-28 13:33:11,175 : INFO : EventManager : Event: ======'clear'====== Args={'key': 'attract'}
2025-02-28 13:33:11,176 : INFO : Timer.attract_carousel_timer : Stopping Timer
2025-02-28 13:33:11,176 : INFO : EventManager : Event: ======'timer_attract_carousel_timer_stopped'====== Args={'ticks': 0, 'ticks_remaining': 1}
2025-02-28 13:33:11,176 : INFO : Mode.game : Started. Priority: 20
2025-02-28 13:33:11,176 : INFO : EventManager : Event: ======'modes_active_modes_changed'====== Args={}
2025-02-28 13:33:11,176 : INFO : EventManager : Event: ======'mode_game_started'====== Args={'buttons': [], 'hold_time': 0.0755118330125697}
2025-02-28 13:33:11,176 : INFO : EventManager : Event: ======'game_will_start'====== Args={}
2025-02-28 13:33:11,176 : INFO : EventManager : Event: ======'game_starting'====== Args={'game': <Mode.game>}
2025-02-28 13:33:11,177 : INFO : EventManager : Unordered handler for class <Auditor> on event game_ended with priority 1. Handlers: [RegisteredHandler(callback=<bound method Auditor.disable of <Auditor>>, priority=1, kwargs={}, key=UUID('a93e4cb7-4100-4f7b-a8ae-71e4056bfa24'), condition=None, blocking_facility=None), RegisteredHandler(callback=<bound method Auditor._save_audits of <Auditor>>, priority=1, kwargs={}, key=UUID('7ba752c4-9645-4fdb-9af0-5f5329c5ebfe'), condition=None, blocking_facility=None)]. The order of those handlers is not defined and they will be executed in random order. This might lead to race conditions and potential bugs.
2025-02-28 13:33:11,177 : INFO : EventManager : Event: ======'player_add_request'====== Args={}
2025-02-28 13:33:11,177 : INFO : EventManager : Event: ======'player_will_add'====== Args={'number': 1}
2025-02-28 13:33:11,177 : INFO : EventManager : Event: ======'player_adding'====== Args={'player': <Player 1>, 'number': 1}
2025-02-28 13:33:11,177 : INFO : EventManager : Event: ======'player_added'====== Args={'player': <Player 1>, 'num': 1}
2025-02-28 13:33:11,177 : INFO : Mode.game : Player added successfully. Total players: 1
2025-02-28 13:33:11,177 : INFO : EventManager : Event: ======'player_index'====== Args={'value': 0, 'prev_value': 0, 'change': 0, 'player_num': 1}
2025-02-28 13:33:11,178 : INFO : EventManager : Event: ======'player_number'====== Args={'value': 1, 'prev_value': 1, 'change': 0, 'player_num': 1}
2025-02-28 13:33:11,178 : INFO : EventManager : Event: ======'player_score'====== Args={'value': 0, 'prev_value': 0, 'change': 0, 'player_num': 1}
2025-02-28 13:33:11,179 : INFO : EventManager : Event: ======'game_started'====== Args={}
2025-02-28 13:33:11,180 : INFO : EventManager : Event: ======'player_turn_will_start'====== Args={'player': <Player 1>, 'number': 1}
2025-02-28 13:33:11,184 : INFO : EventManager : Event: ======'player_turn_starting'====== Args={'player': <Player 1>, 'number': 1}
2025-02-28 13:33:11,186 : INFO : EventManager : Event: ======'player_ball'====== Args={'value': 1, 'prev_value': 0, 'change': 1, 'player_num': 1}
2025-02-28 13:33:11,187 : INFO : EventManager : Event: ======'player_turn_started'====== Args={'player': <Player 1>, 'number': 1}
2025-02-28 13:33:11,187 : INFO : EventManager : Event: ======'ball_will_start'====== Args={'player': 1, 'ball': 1, 'balls_remaining': 2, 'is_extra_ball': False}
2025-02-28 13:33:11,188 : INFO : EventManager : Event: ======'ball_starting'====== Args={'player': 1, 'ball': 1, 'balls_remaining': 2, 'is_extra_ball': False}
2025-02-28 13:33:11,188 : INFO : EventManager : Event: ======'mode_base_will_start'====== Args={'queue': <QueuedEvent>, 'player': 1, 'ball': 1, 'balls_remaining': 2, 'is_extra_ball': False}
2025-02-28 13:33:11,188 : INFO : EventManager : Event: ======'mode_base_starting'====== Args={'queue': <QueuedEvent>, 'player': 1, 'ball': 1, 'balls_remaining': 2, 'is_extra_ball': False}
2025-02-28 13:33:11,188 : INFO : Mode.base : Started. Priority: 100
2025-02-28 13:33:11,188 : INFO : EventManager : Event: ======'modes_active_modes_changed'====== Args={}
2025-02-28 13:33:11,188 : INFO : EventManager : Event: ======'mode_base_started'====== Args={'queue': <QueuedEvent>, 'player': 1, 'ball': 1, 'balls_remaining': 2, 'is_extra_ball': False}
2025-02-28 13:33:11,189 : INFO : EventManager : Event: ======'balls_in_play'====== Args={'balls': 1}
2025-02-28 13:33:11,189 : INFO : EventManager : Event: ======'ball_started'====== Args={'player': 1, 'ball': 1, 'balls_remaining': 2, 'is_extra_ball': False}
2025-02-28 13:33:11,189 : INFO : EventManager : Event: ======'single_player_ball_started'====== Args={}
2025-02-28 13:33:11,190 : INFO : EventManager : Event: ======'ball_start_target'====== Args={'target': 'playfield'}
2025-02-28 13:33:11,190 : INFO : ball_device.bd_plunger : Setting up player-controlled eject. Balls: 1, Target: <playfield.playfield>, player_controlled_eject_event: s_launch_button_active
2025-02-28 13:33:11,190 : INFO : EventManager : Event: ======'balldevice_balls_available'====== Args={}
2025-02-28 13:33:11,191 : INFO : ball_device.bd_trough : State: waiting_for_target_ready
2025-02-28 13:33:11,191 : INFO : EventManager : Event: ======'balldevice_bd_trough_ball_eject_attempt'====== Args={'balls': 1, 'target': <ball_device.bd_plunger>, 'source': <ball_device.bd_trough>, 'mechanical_eject': True, 'num_attempts': 0}
2025-02-28 13:33:11,191 : INFO : ball_device.bd_plunger : State: waiting_for_ball
2025-02-28 13:33:11,191 : INFO : ball_device.bd_trough : State: ejecting
2025-02-28 13:33:11,191 : INFO : ball_device.bd_trough : Ejecting ball to <ball_device.bd_plunger>
2025-02-28 13:33:11,191 : INFO : EventManager : Event: ======'balldevice_bd_trough_ejecting_ball'====== Args={'balls': 1, 'target': <ball_device.bd_plunger>, 'source': <ball_device.bd_trough>, 'mechanical_eject': True, 'num_attempts': 0}
2025-02-28 13:33:11,192 : INFO : ball_device.bd_trough : Wait for ball to leave device
2025-02-28 13:33:11,193 : INFO : coil.c_trough_eject : Pulsing Driver for 10ms (1.0 pulse_power)
2025-02-28 13:33:11,193 : INFO : SwitchController : <<<<<<< 's_trough_1' inactive >>>>>>>
2025-02-28 13:33:11,194 : INFO : ball_device.bd_trough : State: ball_left
2025-02-28 13:33:11,194 : INFO : ball_device.bd_trough : Ball left
2025-02-28 13:33:11,194 : INFO : ball_device.bd_trough : Wait for confirm with timeout 10.0
2025-02-28 13:33:11,295 : INFO : SwitchController : <<<<<<< 's_plunger_lane' active >>>>>>>
2025-02-28 13:33:11,295 : INFO : EventManager : Event: ======'machine_var_audits_switches_s_plunger_lane'====== Args={'value': 4, 'prev_value': 3, 'change': 1}
2025-02-28 13:33:11,795 : INFO : ball_device.bd_plunger : Received ball from <ball_device.bd_trough>
2025-02-28 13:33:11,796 : INFO : EventManager : Event: ======'balldevice_bd_plunger_ball_enter'====== Args={'new_balls': 1, 'unclaimed_balls': 0, 'new_available_balls': 0, 'device': <ball_device.bd_plunger>}
2025-02-28 13:33:11,797 : INFO : EventManager : Event: ======'balldevice_bd_plunger_ball_entered'====== Args={'new_balls': 0, 'device': <ball_device.bd_plunger>}
2025-02-28 13:33:11,797 : INFO : EventManager : Event: ======'balldevice_bd_plunger_ball_count_changed'====== Args={'balls': 1}
2025-02-28 13:33:11,797 : INFO : ball_device.bd_trough : Got eject confirm
2025-02-28 13:33:11,797 : INFO : ball_device.bd_trough : Eject successful
2025-02-28 13:33:11,797 : INFO : EventManager : Event: ======'balldevice_bd_trough_ball_eject_success'====== Args={'balls': 1, 'target': <ball_device.bd_plunger>}
2025-02-28 13:33:11,797 : INFO : ball_device.bd_plunger : State: waiting_for_target_ready
2025-02-28 13:33:11,797 : INFO : EventManager : Event: ======'balldevice_bd_plunger_ball_eject_attempt'====== Args={'balls': 1, 'target': <playfield.playfield>, 'source': <ball_device.bd_plunger>, 'mechanical_eject': True, 'num_attempts': 0}
2025-02-28 13:33:11,797 : INFO : EventManager : Event: ======'balldevice_bd_trough_ball_count_changed'====== Args={'balls': 2}
2025-02-28 13:33:11,797 : INFO : ball_device.bd_trough : State: idle
2025-02-28 13:33:11,798 : INFO : ball_device.bd_plunger : State: ejecting
2025-02-28 13:33:11,798 : INFO : ball_device.bd_plunger : Ejecting ball to <playfield.playfield>
2025-02-28 13:33:11,798 : INFO : EventManager : Event: ======'balldevice_bd_plunger_ejecting_ball'====== Args={'balls': 1, 'target': <playfield.playfield>, 'source': <ball_device.bd_plunger>, 'mechanical_eject': True, 'num_attempts': 0}
2025-02-28 13:33:11,799 : INFO : ball_device.bd_plunger : Wait for ball to leave device
2025-02-28 13:34:24,142 : INFO : Machine : Shutting down...
2025-02-28 13:34:24,142 : INFO : EventManager : Event: ======'shutdown'====== Args={}
2025-02-28 13:34:24,144 : INFO : EventManager : Event: ======'mode_game_will_stop'====== Args={}
2025-02-28 13:34:24,144 : INFO : EventManager : Event: ======'mode_game_stopping'====== Args={}
2025-02-28 13:34:24,144 : INFO : EventManager : Event: ======'mode_base_will_stop'====== Args={}
2025-02-28 13:34:24,144 : INFO : EventManager : Event: ======'mode_base_stopping'====== Args={}
2025-02-28 13:34:24,145 : INFO : Mode.base : Stopped.
2025-02-28 13:34:24,145 : INFO : EventManager : Event: ======'modes_active_modes_changed'====== Args={}
2025-02-28 13:34:24,145 : INFO : EventManager : Event: ======'mode_base_stopped'====== Args={}
2025-02-28 13:34:24,145 : INFO : EventManager : Event: ======'clear'====== Args={'key': 'base'}
2025-02-28 13:34:24,145 : INFO : Mode.game : Stopped.
2025-02-28 13:34:24,145 : INFO : EventManager : Event: ======'modes_active_modes_changed'====== Args={}
2025-02-28 13:34:24,145 : INFO : EventManager : Event: ======'mode_game_stopped'====== Args={}
2025-02-28 13:34:24,145 : INFO : EventManager : Event: ======'clear'====== Args={'key': 'game'}
2025-02-28 13:34:24,146 : INFO : root : MPF run loop ended.
