2025-04-13 14:26:09,411 : INFO : root : Loading config.
2025-04-13 14:26:09,415 : INFO : YamlMultifileConfigLoader : Machine config file #1: config.yaml
2025-04-13 14:26:09,416 : INFO : ConfigProcessor : Loading config from cache: /var/folders/40/zrmpqx_508x_r3hv1rqbplvh0000gn/T/ea93227a266bc8299bfaa31138eab4ed.mpf_cache
2025-04-13 14:26:09,504 : INFO : ConfigProcessor : Loading config from cache: /var/folders/40/zrmpqx_508x_r3hv1rqbplvh0000gn/T/c1dd0a736541bd88f4e0ab507b1822f9.mpf_cache
2025-04-13 14:26:09,504 : INFO : ConfigProcessor : Loading config from cache: /var/folders/40/zrmpqx_508x_r3hv1rqbplvh0000gn/T/bba75b4938b7bfaef1ae184809c7472c.mpf_cache
2025-04-13 14:26:09,505 : INFO : ConfigProcessor : Loading config from cache: /var/folders/40/zrmpqx_508x_r3hv1rqbplvh0000gn/T/c1dd0a736541bd88f4e0ab507b1822f9.mpf_cache
2025-04-13 14:26:09,506 : INFO : ConfigProcessor : Loading config from cache: /var/folders/40/zrmpqx_508x_r3hv1rqbplvh0000gn/T/911d1b37f4ad2186d44e0f02a423c49c.mpf_cache
2025-04-13 14:26:09,506 : INFO : Machine : Mission Pinball Framework Core Engine v0.80.0.dev7
2025-04-13 14:26:09,507 : INFO : Machine : Command line arguments: {'no_load_cache': False, 'create_config_cache': True, 'bcp': True, 'configfile': ['config.yaml'], 'force_assets_load': False, 'platform_integration_test': False, 'jsonlogging': False, 'logfile': 'logs/2025-04-13-14-26-09-mpf-Pinball.log', 'pause': False, 'production': False, 'text_ui': True, 'loglevel': 15, 'consoleloglevel': 20, 'force_platform': None, 'syslog_address': None, 'full_logfile_path': '/Users/andre/Napoleon/logs/2025-04-13-14-26-09-mpf-Pinball.log'}
2025-04-13 14:26:09,507 : INFO : Machine : MPF path: /Users/andre/mpf/lib/python3.12/site-packages/mpf
2025-04-13 14:26:09,507 : INFO : Machine : Machine path: /Users/andre/Napoleon
2025-04-13 14:26:09,507 : INFO : Machine : Platform: darwin
2025-04-13 14:26:09,507 : INFO : Machine : Python executable location: /Users/andre/mpf/bin/python3.12
2025-04-13 14:26:09,507 : INFO : Machine : Python version: 3.12.8 (64-bit)
2025-04-13 14:26:09,508 : INFO : Machine : Initializing MPF...
2025-04-13 14:26:09,626 : INFO : FAST : Auto-detecting ports for the following connections: ['net', 'exp']
2025-04-13 14:26:09,646 : INFO : FAST : Detected NET on port /dev/cu.usbmodem14301
2025-04-13 14:26:09,654 : INFO : FAST : Detected EXP on port /dev/cu.usbmodem14303
2025-04-13 14:26:09,758 : INFO : FAST [NET] : Trying to connect to /dev/cu.usbmodem14301 at 921600bps
2025-04-13 14:26:09,763 : INFO : FAST [NET] : Connected to /dev/cu.usbmodem14301 at 921600bps
2025-04-13 14:26:09,765 : INFO : FAST [NET] : Connected to FP-CPU-2000 with firmware v02.26
2025-04-13 14:26:09,767 : INFO : FAST [NET] : Registered I/O Board 0: Model: FP-I/O-3208, Firmware: 01.10, Switches: 32, Drivers: 8
2025-04-13 14:26:09,770 : INFO : FAST [EXP] : Trying to connect to /dev/cu.usbmodem14303 at 921600bps
2025-04-13 14:26:09,775 : INFO : FAST [EXP] : Connected to /dev/cu.usbmodem14303 at 921600bps
2025-04-13 14:26:09,777 : INFO : FAST [EXP] : Verifying hardware for EXP "neuron" (FP-EXP-2000, @48) with ID string "EXP FP-EXP-2000  0.34", board address 48
2025-04-13 14:26:09,778 : INFO : FAST [EXP] : Verifying hardware for EXP "neuron" (FP-EXP-2000, @48) with ID string "LED FP-BRK-0001  0.8", board address 480
2025-04-13 14:26:09,779 : INFO : FAST [EXP] : Verifying hardware for EXP "neuron" (FP-EXP-2000, @48) with ID string "PWR FP-PWR-0007  0.8", board address 481
2025-04-13 14:26:09,780 : INFO : EventManager : Event: ======'machine_var_credits_string'====== Args={'value': 'FREE PLAY', 'prev_value': None, 'change': True}
2025-04-13 14:26:09,800 : INFO : EventManager : Event: ======'machine_var_master_volume'====== Args={'value': 0.5, 'prev_value': None, 'change': True}
2025-04-13 14:26:09,800 : INFO : EventManager : Event: ======'machine_var_mpf_version'====== Args={'value': 'Mission Pinball Framework v0.80.0.dev7', 'prev_value': None, 'change': True}
2025-04-13 14:26:09,800 : INFO : EventManager : Event: ======'machine_var_mpf_extended_version'====== Args={'value': 'Mission Pinball Framework v0.80.0.dev7, Config version:6, Show version: 6, BCP version:1.1', 'prev_value': None, 'change': True}
2025-04-13 14:26:09,801 : INFO : EventManager : Event: ======'machine_var_python_version'====== Args={'value': '3.12.8', 'prev_value': None, 'change': True}
2025-04-13 14:26:09,822 : INFO : EventManager : Event: ======'machine_var_platform'====== Args={'value': 'macOS-14.7.4-x86_64-i386-64bit', 'prev_value': None, 'change': True}
2025-04-13 14:26:09,822 : INFO : EventManager : Event: ======'machine_var_platform_system'====== Args={'value': 'Darwin', 'prev_value': None, 'change': True}
2025-04-13 14:26:09,822 : INFO : EventManager : Event: ======'machine_var_platform_release'====== Args={'value': '23.6.0', 'prev_value': None, 'change': True}
2025-04-13 14:26:09,822 : INFO : EventManager : Event: ======'machine_var_platform_version'====== Args={'value': 'Darwin Kernel Version 23.6.0: Thu Dec 19 20:44:50 PST 2024; root:xnu-10063.141.1.703.2~1/RELEASE_X86_64', 'prev_value': None, 'change': True}
2025-04-13 14:26:09,822 : INFO : EventManager : Event: ======'machine_var_platform_machine'====== Args={'value': 'x86_64', 'prev_value': None, 'change': True}
2025-04-13 14:26:09,822 : INFO : EventManager : Event: ======'machine_var_log_file_path'====== Args={'value': '/Users/andre/Napoleon/logs/2025-04-13-14-26-09-mpf-Pinball.log', 'prev_value': None, 'change': True}
2025-04-13 14:26:09,822 : INFO : EventManager : Event: ======'init_phase_1'====== Args={}
2025-04-13 14:26:09,967 : INFO : SwitchController : <<<<<<< 's_trough_jam' active >>>>>>>
2025-04-13 14:26:09,967 : INFO : SwitchController : <<<<<<< 's_flipper_right_eos' active >>>>>>>
2025-04-13 14:26:09,967 : INFO : SwitchController : <<<<<<< 's_outlane_right' active >>>>>>>
2025-04-13 14:26:09,967 : INFO : SwitchController : <<<<<<< 's_inlane_1_right' active >>>>>>>
2025-04-13 14:26:09,967 : INFO : SwitchController : <<<<<<< 's_inlane_2_right' active >>>>>>>
2025-04-13 14:26:09,967 : INFO : SwitchController : <<<<<<< 's_flipper_left_eos' active >>>>>>>
2025-04-13 14:26:09,967 : INFO : SwitchController : <<<<<<< 's_outlane_left' active >>>>>>>
2025-04-13 14:26:10,030 : INFO : EventManager : Event: ======'init_phase_2'====== Args={}
2025-04-13 14:26:10,030 : INFO : SwitchController : Found active switch: (6, [FAST Platform Interface]) <switch.s_trough_jam>
2025-04-13 14:26:10,030 : INFO : SwitchController : Found active switch: (8, [FAST Platform Interface]) <switch.s_flipper_right_eos>
2025-04-13 14:26:10,030 : INFO : SwitchController : Found active switch: (10, [FAST Platform Interface]) <switch.s_outlane_right>
2025-04-13 14:26:10,030 : INFO : SwitchController : Found active switch: (11, [FAST Platform Interface]) <switch.s_inlane_1_right>
2025-04-13 14:26:10,031 : INFO : SwitchController : Found active switch: (12, [FAST Platform Interface]) <switch.s_inlane_2_right>
2025-04-13 14:26:10,031 : INFO : SwitchController : Found active switch: (13, [FAST Platform Interface]) <switch.s_flipper_left_eos>
2025-04-13 14:26:10,031 : INFO : SwitchController : Found active switch: (15, [FAST Platform Interface]) <switch.s_outlane_left>
2025-04-13 14:26:10,034 : INFO : EventManager : Event: ======'bcp_connection_attempt'====== Args={'name': 'local_display', 'host': 'localhost', 'port': 5050}
2025-04-13 14:26:10,037 : INFO : BCPClientSocket : Connecting BCP to 'local_display' at localhost:5050...
2025-04-13 14:26:16,384 : INFO : BCPClientSocket : Connected BCP to 'local_display' localhost:5050
2025-04-13 14:26:16,385 : INFO : EventManager : Event: ======'bcp_clients_connected'====== Args={}
2025-04-13 14:26:16,387 : INFO : ball_device.bd_plunger : BCH: Initial count: 0
2025-04-13 14:26:16,388 : INFO : ball_device.bd_plunger : State: idle
2025-04-13 14:26:16,389 : INFO : ball_device.bd_trough : BCH: Initial count: 1
2025-04-13 14:26:16,390 : INFO : ball_device.bd_trough : State: idle
2025-04-13 14:26:16,407 : INFO : EventManager : Event: ======'init_phase_3'====== Args={}
2025-04-13 14:26:16,421 : INFO : EventManager : Event: ======'init_phase_4'====== Args={}
2025-04-13 14:26:16,422 : INFO : BallController : Initial balls found: 1
2025-04-13 14:26:16,424 : INFO : EventManager : Event: ======'machine_var_audits_events_game_ended'====== Args={'value': 0, 'prev_value': None, 'change': True}
2025-04-13 14:26:16,424 : INFO : EventManager : Event: ======'machine_var_audits_events_game_started'====== Args={'value': 12, 'prev_value': None, 'change': True}
2025-04-13 14:26:16,424 : INFO : EventManager : Event: ======'machine_var_audits_missing_switches_s_flipper_left_eos'====== Args={'value': 12, 'prev_value': None, 'change': True}
2025-04-13 14:26:16,425 : INFO : EventManager : Event: ======'machine_var_audits_missing_switches_s_flipper_right_eos'====== Args={'value': 12, 'prev_value': None, 'change': True}
2025-04-13 14:26:16,425 : INFO : EventManager : Event: ======'machine_var_audits_missing_switches_s_inlane_2_right'====== Args={'value': 12, 'prev_value': None, 'change': True}
2025-04-13 14:26:16,425 : INFO : EventManager : Event: ======'machine_var_audits_missing_switches_s_inlane_left'====== Args={'value': 1, 'prev_value': None, 'change': True}
2025-04-13 14:26:16,425 : INFO : EventManager : Event: ======'machine_var_audits_missing_switches_s_outlane_left'====== Args={'value': 12, 'prev_value': None, 'change': True}
2025-04-13 14:26:16,425 : INFO : EventManager : Event: ======'machine_var_audits_missing_switches_s_outlane_right'====== Args={'value': 12, 'prev_value': None, 'change': True}
2025-04-13 14:26:16,425 : INFO : EventManager : Event: ======'machine_var_audits_missing_switches_s_sling_left'====== Args={'value': 1, 'prev_value': None, 'change': True}
2025-04-13 14:26:16,425 : INFO : EventManager : Event: ======'machine_var_audits_missing_switches_s_sling_right'====== Args={'value': 1, 'prev_value': None, 'change': True}
2025-04-13 14:26:16,426 : INFO : EventManager : Event: ======'machine_var_audits_missing_switches_s_start_button'====== Args={'value': 1, 'prev_value': None, 'change': True}
2025-04-13 14:26:16,426 : INFO : EventManager : Event: ======'machine_var_audits_player_score'====== Args={'value': {'average': 0, 'top': [], 'total': 0}, 'prev_value': None, 'change': True}
2025-04-13 14:26:16,426 : INFO : EventManager : Event: ======'machine_var_audits_switches_s_flipper_left'====== Args={'value': 19, 'prev_value': None, 'change': True}
2025-04-13 14:26:16,426 : INFO : EventManager : Event: ======'machine_var_audits_switches_s_flipper_left_eos'====== Args={'value': 0, 'prev_value': None, 'change': True}
2025-04-13 14:26:16,426 : INFO : EventManager : Event: ======'machine_var_audits_switches_s_flipper_right'====== Args={'value': 22, 'prev_value': None, 'change': True}
2025-04-13 14:26:16,426 : INFO : EventManager : Event: ======'machine_var_audits_switches_s_flipper_right_eos'====== Args={'value': 0, 'prev_value': None, 'change': True}
2025-04-13 14:26:16,427 : INFO : EventManager : Event: ======'machine_var_audits_switches_s_inlane_1_right'====== Args={'value': 1, 'prev_value': None, 'change': True}
2025-04-13 14:26:16,427 : INFO : EventManager : Event: ======'machine_var_audits_switches_s_inlane_2_right'====== Args={'value': 0, 'prev_value': None, 'change': True}
2025-04-13 14:26:16,427 : INFO : EventManager : Event: ======'machine_var_audits_switches_s_inlane_left'====== Args={'value': 3, 'prev_value': None, 'change': True}
2025-04-13 14:26:16,427 : INFO : EventManager : Event: ======'machine_var_audits_switches_s_launch_button'====== Args={'value': 7, 'prev_value': None, 'change': True}
2025-04-13 14:26:16,427 : INFO : EventManager : Event: ======'machine_var_audits_switches_s_outlane_left'====== Args={'value': 0, 'prev_value': None, 'change': True}
2025-04-13 14:26:16,427 : INFO : EventManager : Event: ======'machine_var_audits_switches_s_outlane_right'====== Args={'value': 0, 'prev_value': None, 'change': True}
2025-04-13 14:26:16,427 : INFO : EventManager : Event: ======'machine_var_audits_switches_s_plunger_lane'====== Args={'value': 31, 'prev_value': None, 'change': True}
2025-04-13 14:26:16,427 : INFO : EventManager : Event: ======'machine_var_audits_switches_s_sling_left'====== Args={'value': 2, 'prev_value': None, 'change': True}
2025-04-13 14:26:16,427 : INFO : EventManager : Event: ======'machine_var_audits_switches_s_sling_right'====== Args={'value': 7, 'prev_value': None, 'change': True}
2025-04-13 14:26:16,427 : INFO : EventManager : Event: ======'machine_var_audits_switches_s_start_button'====== Args={'value': 11, 'prev_value': None, 'change': True}
2025-04-13 14:26:16,428 : INFO : EventManager : Event: ======'machine_var_audits_switches_s_trough_1'====== Args={'value': 3, 'prev_value': None, 'change': True}
2025-04-13 14:26:16,428 : INFO : EventManager : Event: ======'machine_var_audits_switches_s_trough_2'====== Args={'value': 4, 'prev_value': None, 'change': True}
2025-04-13 14:26:16,428 : INFO : EventManager : Event: ======'machine_var_audits_switches_s_trough_3'====== Args={'value': 4, 'prev_value': None, 'change': True}
2025-04-13 14:26:16,428 : INFO : EventManager : Event: ======'machine_var_audits_switches_s_trough_4'====== Args={'value': 5, 'prev_value': None, 'change': True}
2025-04-13 14:26:16,428 : INFO : EventManager : Event: ======'machine_var_audits_switches_s_trough_5'====== Args={'value': 2, 'prev_value': None, 'change': True}
2025-04-13 14:26:16,428 : INFO : EventManager : Event: ======'machine_var_audits_switches_s_trough_6'====== Args={'value': 2, 'prev_value': None, 'change': True}
2025-04-13 14:26:16,428 : INFO : EventManager : Event: ======'machine_var_audits_switches_s_trough_jam'====== Args={'value': 4, 'prev_value': None, 'change': True}
2025-04-13 14:26:16,429 : INFO : EventManager : Event: ======'init_phase_5'====== Args={}
2025-04-13 14:26:16,430 : INFO : ball_device.bd_trough : BCH: Count is unstable. Trying to reorder balls.
2025-04-13 14:26:16,430 : WARNING : ball_device.bd_trough : Cannot reorder device because eject_coil_reorder_pulse is not configured
2025-04-13 14:26:16,430 : INFO : ball_device.bd_trough : BCH: Repulse done. Waiting for balls to settle.
2025-04-13 14:26:16,430 : INFO : ball_device.bd_trough : BCH: Reordered count: 1
2025-04-13 14:26:16,430 : INFO : EventManager : Event: ======'init_done'====== Args={}
2025-04-13 14:26:16,430 : INFO : EventManager : Event: ======'machine_reset_phase_1'====== Args={}
2025-04-13 14:26:16,445 : INFO : EventManager : Event: ======'machine_reset_phase_2'====== Args={}
2025-04-13 14:26:16,446 : INFO : EventManager : Event: ======'machine_reset_phase_3'====== Args={}
2025-04-13 14:26:16,446 : INFO : EventManager : Event: ======'reset_complete'====== Args={}
2025-04-13 14:26:16,446 : INFO : EventManager : Event: ======'mode_attract_will_start'====== Args={}
2025-04-13 14:26:16,447 : INFO : Timer.attract_carousel_timer : Starting Timer.
2025-04-13 14:26:16,447 : INFO : EventManager : Event: ======'timer_attract_carousel_timer_started'====== Args={'ticks': 0, 'ticks_remaining': 1}
2025-04-13 14:26:16,447 : INFO : EventManager : Event: ======'timer_attract_carousel_timer_tick'====== Args={'ticks': 0, 'ticks_remaining': 1}
2025-04-13 14:26:16,448 : INFO : EventManager : Event: ======'mode_attract_starting'====== Args={}
2025-04-13 14:26:16,448 : INFO : Mode.attract : Started. Priority: 10
2025-04-13 14:26:16,449 : INFO : EventManager : Event: ======'modes_active_modes_changed'====== Args={}
2025-04-13 14:26:16,449 : INFO : EventManager : Event: ======'mode_attract_started'====== Args={}
2025-04-13 14:26:16,449 : INFO : EventManager : Event: ======'collecting_balls_complete'====== Args={}
2025-04-13 14:26:16,450 : INFO : EventManager : Event: ======'item_highlighted'====== Args={'carousel': 'attract', 'direction': None, 'item': 'title'}
2025-04-13 14:26:16,450 : INFO : EventManager : Event: ======'timer_attract_carousel_timer_tick'====== Args={'ticks': 0, 'ticks_remaining': 1}
2025-04-13 14:26:16,451 : INFO : Machine : Starting the main run loop with active modes: [<Mode.attract>]
2025-04-13 14:26:16,506 : INFO : EventManager : Event: ======'slide_attract_created'====== Args={'_from_bcp': True}
2025-04-13 14:26:16,506 : INFO : EventManager : Event: ======'slide__removed'====== Args={'_from_bcp': True}
2025-04-13 14:26:16,507 : INFO : EventManager : Event: ======'slide_attract_active'====== Args={'original_context': 'attract', 'original_calling_context': 'mode_attract_started', 'priority': 10.0, 'cmd': 'slides_play', '_from_bcp': True}
2025-04-13 14:26:21,451 : INFO : Timer.attract_carousel_timer : Timer Complete
2025-04-13 14:26:21,451 : INFO : Timer.attract_carousel_timer : Stopping Timer
2025-04-13 14:26:21,451 : INFO : EventManager : Event: ======'timer_attract_carousel_timer_stopped'====== Args={'ticks': 1, 'ticks_remaining': 1}
2025-04-13 14:26:21,451 : INFO : EventManager : Event: ======'timer_attract_carousel_timer_complete'====== Args={'ticks': 1, 'ticks_remaining': 1}
2025-04-13 14:26:21,452 : INFO : EventManager : Event: ======'item_highlighted'====== Args={'carousel': 'attract', 'direction': 'forwards', 'item': 'credits'}
2025-04-13 14:26:21,452 : INFO : Timer.attract_carousel_timer : Starting Timer.
2025-04-13 14:26:21,452 : INFO : EventManager : Event: ======'timer_attract_carousel_timer_started'====== Args={'ticks': 0, 'ticks_remaining': 1}
2025-04-13 14:26:21,452 : INFO : EventManager : Event: ======'timer_attract_carousel_timer_tick'====== Args={'ticks': 0, 'ticks_remaining': 1}
2025-04-13 14:26:25,796 : INFO : SwitchController : <<<<<<< 's_start_button' active >>>>>>>
2025-04-13 14:26:25,965 : INFO : SwitchController : <<<<<<< 's_start_button' inactive >>>>>>>
2025-04-13 14:26:25,965 : INFO : EventManager : Event: ======'request_to_start_game'====== Args={}
2025-04-13 14:26:25,966 : INFO : EventManager : Event: ======'game_start'====== Args={'buttons': [], 'hold_time': 0.1692817430011928}
2025-04-13 14:26:25,966 : INFO : EventManager : Event: ======'mode_game_will_start'====== Args={'buttons': [], 'hold_time': 0.1692817430011928}
2025-04-13 14:26:25,967 : INFO : EventManager : Event: ======'mode_game_starting'====== Args={'buttons': [], 'hold_time': 0.1692817430011928}
2025-04-13 14:26:25,967 : INFO : EventManager : Event: ======'mode_attract_will_stop'====== Args={}
2025-04-13 14:26:25,967 : INFO : EventManager : Event: ======'mode_attract_stopping'====== Args={}
2025-04-13 14:26:25,967 : INFO : Mode.attract : Stopped.
2025-04-13 14:26:25,967 : INFO : EventManager : Event: ======'modes_active_modes_changed'====== Args={}
2025-04-13 14:26:25,968 : INFO : EventManager : Event: ======'mode_attract_stopped'====== Args={}
2025-04-13 14:26:25,968 : INFO : EventManager : Event: ======'clear'====== Args={'key': 'attract'}
2025-04-13 14:26:25,968 : INFO : Timer.attract_carousel_timer : Stopping Timer
2025-04-13 14:26:25,969 : INFO : EventManager : Event: ======'timer_attract_carousel_timer_stopped'====== Args={'ticks': 0, 'ticks_remaining': 1}
2025-04-13 14:26:25,969 : INFO : Mode.game : Started. Priority: 20
2025-04-13 14:26:25,969 : INFO : EventManager : Event: ======'modes_active_modes_changed'====== Args={}
2025-04-13 14:26:25,969 : INFO : EventManager : Event: ======'mode_game_started'====== Args={'buttons': [], 'hold_time': 0.1692817430011928}
2025-04-13 14:26:25,971 : INFO : EventManager : Event: ======'game_will_start'====== Args={}
2025-04-13 14:26:25,971 : INFO : EventManager : Event: ======'game_starting'====== Args={'game': <Mode.game>}
2025-04-13 14:26:25,973 : INFO : EventManager : Unordered handler for class <Auditor> on event game_ended with priority 1. Handlers: [RegisteredHandler(callback=<bound method Auditor.disable of <Auditor>>, priority=1, kwargs={}, key=UUID('10b915fb-68b8-4336-8ec2-c079855915e1'), condition=None, blocking_facility=None), RegisteredHandler(callback=<bound method Auditor._save_audits of <Auditor>>, priority=1, kwargs={}, key=UUID('b8e92f05-0b26-4169-8f60-1b25635caa72'), condition=None, blocking_facility=None)]. The order of those handlers is not defined and they will be executed in random order. This might lead to race conditions and potential bugs.
2025-04-13 14:26:25,974 : INFO : EventManager : Event: ======'player_add_request'====== Args={}
2025-04-13 14:26:25,974 : INFO : EventManager : Event: ======'player_will_add'====== Args={'number': 1}
2025-04-13 14:26:25,974 : INFO : EventManager : Event: ======'player_adding'====== Args={'player': <Player 1>, 'number': 1}
2025-04-13 14:26:25,974 : INFO : EventManager : Event: ======'player_added'====== Args={'player': <Player 1>, 'num': 1}
2025-04-13 14:26:25,974 : INFO : Mode.game : Player added successfully. Total players: 1
2025-04-13 14:26:25,975 : INFO : EventManager : Event: ======'player_index'====== Args={'value': 0, 'prev_value': 0, 'change': 0, 'player_num': 1}
2025-04-13 14:26:25,975 : INFO : EventManager : Event: ======'player_number'====== Args={'value': 1, 'prev_value': 1, 'change': 0, 'player_num': 1}
2025-04-13 14:26:25,975 : INFO : EventManager : Event: ======'player_score'====== Args={'value': 0, 'prev_value': 0, 'change': 0, 'player_num': 1}
2025-04-13 14:26:25,977 : INFO : EventManager : Event: ======'game_started'====== Args={}
2025-04-13 14:26:25,982 : INFO : EventManager : Event: ======'player_turn_will_start'====== Args={'player': <Player 1>, 'number': 1}
2025-04-13 14:26:25,983 : INFO : EventManager : Event: ======'player_turn_starting'====== Args={'player': <Player 1>, 'number': 1}
2025-04-13 14:26:25,986 : INFO : EventManager : Event: ======'player_ball'====== Args={'value': 1, 'prev_value': 0, 'change': 1, 'player_num': 1}
2025-04-13 14:26:25,987 : INFO : EventManager : Event: ======'player_turn_started'====== Args={'player': <Player 1>, 'number': 1}
2025-04-13 14:26:25,988 : INFO : EventManager : Event: ======'ball_will_start'====== Args={'player': 1, 'ball': 1, 'balls_remaining': 2, 'is_extra_ball': False}
2025-04-13 14:26:25,988 : INFO : EventManager : Event: ======'ball_starting'====== Args={'player': 1, 'ball': 1, 'balls_remaining': 2, 'is_extra_ball': False}
2025-04-13 14:26:25,989 : INFO : EventManager : Event: ======'mode_base_will_start'====== Args={'queue': <QueuedEvent>, 'player': 1, 'ball': 1, 'balls_remaining': 2, 'is_extra_ball': False}
2025-04-13 14:26:25,989 : INFO : EventManager : Event: ======'mode_base_starting'====== Args={'queue': <QueuedEvent>, 'player': 1, 'ball': 1, 'balls_remaining': 2, 'is_extra_ball': False}
2025-04-13 14:26:25,990 : INFO : Mode.base : Started. Priority: 100
2025-04-13 14:26:25,990 : INFO : EventManager : Event: ======'modes_active_modes_changed'====== Args={}
2025-04-13 14:26:25,990 : INFO : EventManager : Event: ======'mode_base_started'====== Args={'queue': <QueuedEvent>, 'player': 1, 'ball': 1, 'balls_remaining': 2, 'is_extra_ball': False}
2025-04-13 14:26:25,991 : INFO : EventManager : Event: ======'balls_in_play'====== Args={'balls': 1}
2025-04-13 14:26:25,991 : INFO : EventManager : Event: ======'ball_started'====== Args={'player': 1, 'ball': 1, 'balls_remaining': 2, 'is_extra_ball': False}
2025-04-13 14:26:25,991 : INFO : EventManager : Event: ======'single_player_ball_started'====== Args={}
2025-04-13 14:26:25,992 : INFO : EventManager : Event: ======'ball_start_target'====== Args={'target': 'playfield'}
2025-04-13 14:26:25,992 : INFO : ball_device.bd_plunger : Setting up player-controlled eject. Balls: 1, Target: <playfield.playfield>, player_controlled_eject_event: s_launch_button_active
2025-04-13 14:26:25,992 : INFO : EventManager : Event: ======'balldevice_balls_available'====== Args={}
2025-04-13 14:26:25,993 : INFO : ball_device.bd_trough : BCH: Count is unstable. Trying to reorder balls.
2025-04-13 14:26:25,993 : WARNING : ball_device.bd_trough : Cannot reorder device because eject_coil_reorder_pulse is not configured
2025-04-13 14:26:25,993 : INFO : ball_device.bd_trough : BCH: Repulse done. Waiting for balls to settle.
2025-04-13 14:26:25,993 : INFO : ball_device.bd_trough : State: waiting_for_target_ready
2025-04-13 14:26:25,993 : INFO : EventManager : Event: ======'balldevice_bd_trough_ball_eject_attempt'====== Args={'balls': 1, 'target': <ball_device.bd_plunger>, 'source': <ball_device.bd_trough>, 'mechanical_eject': True, 'num_attempts': 0}
2025-04-13 14:26:25,993 : INFO : ball_device.bd_plunger : State: waiting_for_ball
2025-04-13 14:26:25,994 : INFO : ball_device.bd_trough : State: ejecting
2025-04-13 14:26:25,994 : INFO : ball_device.bd_trough : Ejecting ball to <ball_device.bd_plunger>
2025-04-13 14:26:25,994 : INFO : EventManager : Event: ======'balldevice_bd_trough_ejecting_ball'====== Args={'balls': 1, 'target': <ball_device.bd_plunger>, 'source': <ball_device.bd_trough>, 'mechanical_eject': True, 'num_attempts': 0}
2025-04-13 14:26:25,995 : INFO : ball_device.bd_trough : Wait for ball to leave device
2025-04-13 14:26:25,996 : INFO : coil.c_trough_eject : Pulsing Driver for 15ms (1.0 pulse_power)
2025-04-13 14:26:26,007 : INFO : EventManager : Event: ======'slide_base2_created'====== Args={'_from_bcp': True}
2025-04-13 14:26:26,007 : INFO : EventManager : Event: ======'slide_attract_inactive'====== Args={'is_removing': True, '_from_bcp': True}
2025-04-13 14:26:26,008 : INFO : EventManager : Event: ======'slide_base2_active'====== Args={'original_context': 'base', 'original_calling_context': 'mode_base_started', 'priority': 100.0, 'queue': '<QueuedEvent>', 'player': 1.0, 'ball': 1.0, 'balls_remaining': 2.0, 'is_extra_ball': False, 'cmd': 'slides_play', '_from_bcp': True}
2025-04-13 14:26:26,008 : INFO : EventManager : Event: ======'slide_attract_removed'====== Args={'_from_bcp': True}
2025-04-13 14:26:26,021 : INFO : SwitchController : <<<<<<< 's_trough_1' active >>>>>>>
2025-04-13 14:26:26,022 : INFO : EventManager : Event: ======'machine_var_audits_switches_s_trough_1'====== Args={'value': 4, 'prev_value': 3, 'change': 1}
2025-04-13 14:26:26,022 : INFO : SwitchController : <<<<<<< 's_trough_jam' inactive >>>>>>>
2025-04-13 14:26:26,023 : INFO : ball_device.bd_trough : State: ball_left
2025-04-13 14:26:26,023 : INFO : ball_device.bd_trough : Ball left
2025-04-13 14:26:26,023 : INFO : ball_device.bd_trough : Wait for confirm with timeout 3.0
2025-04-13 14:26:26,042 : INFO : SwitchController : <<<<<<< 's_trough_jam' active >>>>>>>
2025-04-13 14:26:26,043 : INFO : EventManager : Event: ======'machine_var_audits_switches_s_trough_jam'====== Args={'value': 5, 'prev_value': 4, 'change': 1}
2025-04-13 14:26:26,240 : INFO : SwitchController : <<<<<<< 's_trough_4' active >>>>>>>
2025-04-13 14:26:26,240 : INFO : EventManager : Event: ======'machine_var_audits_switches_s_trough_4'====== Args={'value': 6, 'prev_value': 5, 'change': 1}
2025-04-13 14:26:26,241 : INFO : SwitchController : <<<<<<< 's_trough_6' active >>>>>>>
2025-04-13 14:26:26,241 : INFO : EventManager : Event: ======'machine_var_audits_switches_s_trough_6'====== Args={'value': 3, 'prev_value': 2, 'change': 1}
2025-04-13 14:26:26,241 : INFO : SwitchController : <<<<<<< 's_trough_2' active >>>>>>>
2025-04-13 14:26:26,242 : INFO : EventManager : Event: ======'machine_var_audits_switches_s_trough_2'====== Args={'value': 5, 'prev_value': 4, 'change': 1}
2025-04-13 14:26:26,242 : INFO : SwitchController : <<<<<<< 's_trough_5' active >>>>>>>
2025-04-13 14:26:26,242 : INFO : EventManager : Event: ======'machine_var_audits_switches_s_trough_5'====== Args={'value': 3, 'prev_value': 2, 'change': 1}
2025-04-13 14:26:26,244 : INFO : SwitchController : <<<<<<< 's_trough_3' active >>>>>>>
2025-04-13 14:26:26,244 : INFO : EventManager : Event: ======'machine_var_audits_switches_s_trough_3'====== Args={'value': 5, 'prev_value': 4, 'change': 1}
2025-04-13 14:26:26,258 : INFO : SwitchController : <<<<<<< 's_plunger_lane' active >>>>>>>
2025-04-13 14:26:26,259 : INFO : EventManager : Event: ======'machine_var_audits_switches_s_plunger_lane'====== Args={'value': 32, 'prev_value': 31, 'change': 1}
2025-04-13 14:26:26,266 : INFO : SwitchController : <<<<<<< 's_trough_1' inactive >>>>>>>
2025-04-13 14:26:26,267 : INFO : SwitchController : <<<<<<< 's_trough_4' inactive >>>>>>>
2025-04-13 14:26:26,267 : INFO : SwitchController : <<<<<<< 's_trough_5' inactive >>>>>>>
2025-04-13 14:26:26,268 : INFO : SwitchController : <<<<<<< 's_trough_3' inactive >>>>>>>
2025-04-13 14:26:26,275 : INFO : SwitchController : <<<<<<< 's_trough_2' inactive >>>>>>>
2025-04-13 14:26:26,759 : INFO : ball_device.bd_plunger : Received ball from <ball_device.bd_trough>
2025-04-13 14:26:26,759 : INFO : EventManager : Event: ======'balldevice_bd_plunger_ball_enter'====== Args={'new_balls': 1, 'unclaimed_balls': 0, 'new_available_balls': 0, 'device': <ball_device.bd_plunger>}
2025-04-13 14:26:26,760 : INFO : EventManager : Event: ======'balldevice_bd_plunger_ball_entered'====== Args={'new_balls': 0, 'device': <ball_device.bd_plunger>}
2025-04-13 14:26:26,760 : INFO : EventManager : Event: ======'balldevice_bd_plunger_ball_count_changed'====== Args={'balls': 1}
2025-04-13 14:26:26,760 : INFO : ball_device.bd_trough : Got eject confirm
2025-04-13 14:26:26,761 : INFO : ball_device.bd_trough : Eject successful
2025-04-13 14:26:26,761 : INFO : EventManager : Event: ======'balldevice_bd_trough_ball_eject_success'====== Args={'balls': 1, 'target': <ball_device.bd_plunger>}
2025-04-13 14:26:26,761 : INFO : ball_device.bd_plunger : State: waiting_for_target_ready
2025-04-13 14:26:26,761 : INFO : EventManager : Event: ======'balldevice_bd_plunger_ball_eject_attempt'====== Args={'balls': 1, 'target': <playfield.playfield>, 'source': <ball_device.bd_plunger>, 'mechanical_eject': True, 'num_attempts': 0}
2025-04-13 14:26:26,761 : INFO : EventManager : Event: ======'balldevice_bd_trough_ball_count_changed'====== Args={'balls': 0}
2025-04-13 14:26:26,761 : INFO : ball_device.bd_trough : State: idle
2025-04-13 14:26:26,762 : INFO : ball_device.bd_plunger : State: ejecting
2025-04-13 14:26:26,762 : INFO : ball_device.bd_plunger : Ejecting ball to <playfield.playfield>
2025-04-13 14:26:26,762 : INFO : EventManager : Event: ======'balldevice_bd_plunger_ejecting_ball'====== Args={'balls': 1, 'target': <playfield.playfield>, 'source': <ball_device.bd_plunger>, 'mechanical_eject': True, 'num_attempts': 0}
2025-04-13 14:26:26,763 : INFO : ball_device.bd_plunger : Wait for ball to leave device
2025-04-13 14:26:26,775 : INFO : EventManager : Event: ======'balldevice_bd_trough_ball_count_changed'====== Args={'balls': 2}
2025-04-13 14:26:26,775 : INFO : ball_device.bd_trough : Received unexpected ball
2025-04-13 14:26:26,775 : INFO : EventManager : Event: ======'balldevice_captured_from_playfield'====== Args={'balls': 1}
2025-04-13 14:26:26,776 : INFO : EventManager : Event: ======'sw_playfield_active'====== Args={'balls': 1}
2025-04-13 14:26:26,776 : INFO : EventManager : Event: ======'playfield_active'====== Args={'source': None}
2025-04-13 14:26:26,776 : INFO : EventManager : Event: ======'playfield_ball_count_change'====== Args={'balls': -1, 'change': -1}
2025-04-13 14:26:26,776 : INFO : EventManager : Event: ======'balldevice_playfield_ball_enter'====== Args={'new_balls': 1, 'unclaimed_balls': 1, 'device': <playfield.playfield>}
2025-04-13 14:26:26,776 : INFO : EventManager : Event: ======'playfield_ball_count_change'====== Args={'balls': 0, 'change': 1}
2025-04-13 14:26:26,777 : INFO : BallController : Found a new ball which was captured from playfield. Known balls: 2
2025-04-13 14:26:26,777 : INFO : EventManager : Event: ======'found_new_ball'====== Args={}
2025-04-13 14:26:26,777 : INFO : EventManager : Event: ======'balldevice_bd_trough_ball_enter'====== Args={'new_balls': 1, 'unclaimed_balls': 1, 'new_available_balls': 1, 'device': <ball_device.bd_trough>}
2025-04-13 14:26:26,777 : INFO : EventManager : Event: ======'ball_drain'====== Args={'device': <ball_device.bd_trough>, 'balls': 1}
2025-04-13 14:26:26,777 : INFO : EventManager : Event: ======'ball_will_end'====== Args={}
2025-04-13 14:26:26,777 : INFO : EventManager : Event: ======'balldevice_balls_available'====== Args={}
2025-04-13 14:26:26,777 : INFO : EventManager : Event: ======'balldevice_bd_trough_ball_entered'====== Args={'new_balls': 1, 'device': <ball_device.bd_trough>}
2025-04-13 14:26:26,777 : INFO : ball_device.bd_trough : Received unexpected ball
2025-04-13 14:26:26,778 : INFO : EventManager : Event: ======'balldevice_captured_from_playfield'====== Args={'balls': 1}
2025-04-13 14:26:26,778 : INFO : EventManager : Event: ======'mode_base_will_stop'====== Args={}
2025-04-13 14:26:26,778 : INFO : EventManager : Event: ======'mode_base_stopping'====== Args={}
2025-04-13 14:26:26,778 : INFO : EventManager : Event: ======'sw_playfield_active'====== Args={'balls': 1}
2025-04-13 14:26:26,778 : INFO : EventManager : Event: ======'playfield_active'====== Args={'source': None}
2025-04-13 14:26:26,778 : INFO : EventManager : Event: ======'playfield_ball_count_change'====== Args={'balls': -1, 'change': -1}
2025-04-13 14:26:26,778 : INFO : Mode.base : Stopped.
2025-04-13 14:26:26,778 : INFO : EventManager : Event: ======'modes_active_modes_changed'====== Args={}
2025-04-13 14:26:26,779 : INFO : EventManager : Event: ======'mode_base_stopped'====== Args={}
2025-04-13 14:26:26,779 : INFO : EventManager : Event: ======'clear'====== Args={'key': 'base'}
2025-04-13 14:26:26,780 : INFO : EventManager : Event: ======'balldevice_playfield_ball_enter'====== Args={'new_balls': 1, 'unclaimed_balls': 1, 'device': <playfield.playfield>}
2025-04-13 14:26:26,780 : INFO : EventManager : Event: ======'playfield_ball_count_change'====== Args={'balls': 0, 'change': 1}
2025-04-13 14:26:26,780 : INFO : BallController : Found a new ball which was captured from playfield. Known balls: 3
2025-04-13 14:26:26,780 : INFO : EventManager : Event: ======'found_new_ball'====== Args={}
2025-04-13 14:26:26,780 : INFO : EventManager : Event: ======'balldevice_bd_trough_ball_enter'====== Args={'new_balls': 1, 'unclaimed_balls': 1, 'new_available_balls': 1, 'device': <ball_device.bd_trough>}
2025-04-13 14:26:26,780 : INFO : EventManager : Event: ======'ball_drain'====== Args={'device': <ball_device.bd_trough>, 'balls': 1}
2025-04-13 14:26:26,780 : INFO : EventManager : Event: ======'ball_ending'====== Args={}
2025-04-13 14:26:26,780 : INFO : EventManager : Event: ======'balldevice_balls_available'====== Args={}
2025-04-13 14:26:26,781 : INFO : EventManager : Event: ======'balldevice_bd_trough_ball_entered'====== Args={'new_balls': 1, 'device': <ball_device.bd_trough>}
2025-04-13 14:26:26,781 : INFO : EventManager : Event: ======'ball_ended'====== Args={}
2025-04-13 14:26:26,782 : INFO : EventManager : Event: ======'player_turn_will_end'====== Args={'player': <Player 1>, 'number': 1}
2025-04-13 14:26:26,782 : INFO : EventManager : Event: ======'player_turn_ending'====== Args={'player': <Player 1>, 'number': 1}
2025-04-13 14:26:26,783 : INFO : EventManager : Event: ======'player_turn_ended'====== Args={'player': <Player 1>, 'number': 1}
2025-04-13 14:26:26,783 : INFO : EventManager : Event: ======'player_turn_will_start'====== Args={'player': <Player 1>, 'number': 1}
2025-04-13 14:26:26,783 : INFO : EventManager : Event: ======'player_turn_starting'====== Args={'player': <Player 1>, 'number': 1}
2025-04-13 14:26:26,783 : INFO : EventManager : Event: ======'player_ball'====== Args={'value': 2, 'prev_value': 1, 'change': 1, 'player_num': 1}
2025-04-13 14:26:26,784 : INFO : EventManager : Event: ======'player_turn_started'====== Args={'player': <Player 1>, 'number': 1}
2025-04-13 14:26:26,784 : INFO : EventManager : Event: ======'ball_will_start'====== Args={'player': 1, 'ball': 2, 'balls_remaining': 1, 'is_extra_ball': False}
2025-04-13 14:26:26,785 : INFO : BallController : Found 1 ball(s) on playfield.
2025-04-13 14:26:26,785 : WARNING : BallController : Playfields still contain balls. Waiting for those to drain.
2025-04-13 14:26:27,785 : INFO : BallController : Found 1 ball(s) on playfield.
2025-04-13 14:26:27,785 : WARNING : BallController : Playfields still contain balls. Waiting for those to drain.
2025-04-13 14:26:28,786 : INFO : BallController : Found 1 ball(s) on playfield.
2025-04-13 14:26:28,786 : WARNING : BallController : Playfields still contain balls. Waiting for those to drain.
2025-04-13 14:26:29,787 : INFO : BallController : Found 1 ball(s) on playfield.
2025-04-13 14:26:29,787 : WARNING : BallController : Playfields still contain balls. Waiting for those to drain.
2025-04-13 14:26:30,787 : INFO : BallController : Found 1 ball(s) on playfield.
2025-04-13 14:26:30,787 : WARNING : BallController : Playfields still contain balls. Waiting for those to drain.
2025-04-13 14:26:31,788 : INFO : BallController : Found 1 ball(s) on playfield.
2025-04-13 14:26:31,788 : WARNING : BallController : Playfields still contain balls. Waiting for those to drain.
2025-04-13 14:26:32,218 : INFO : SwitchController : <<<<<<< 's_launch_button' active >>>>>>>
2025-04-13 14:26:32,218 : INFO : EventManager : Event: ======'s_launch_button_active'====== Args={}
2025-04-13 14:26:32,218 : INFO : EventManager : Event: ======'machine_var_audits_switches_s_launch_button'====== Args={'value': 8, 'prev_value': 7, 'change': 1}
2025-04-13 14:26:32,219 : INFO : coil.c_plunger : Pulsing Driver for 10ms (1.0 pulse_power)
2025-04-13 14:26:32,251 : INFO : SwitchController : <<<<<<< 's_plunger_lane' inactive >>>>>>>
2025-04-13 14:26:32,252 : INFO : ball_device.bd_plunger : State: ball_left
2025-04-13 14:26:32,252 : INFO : ball_device.bd_plunger : Ball left
2025-04-13 14:26:32,252 : INFO : ball_device.bd_plunger : Wait for confirm with timeout 5.0
2025-04-13 14:26:32,365 : INFO : SwitchController : <<<<<<< 's_launch_button' inactive >>>>>>>
2025-04-13 14:26:32,788 : INFO : BallController : Found 1 ball(s) on playfield.
2025-04-13 14:26:32,788 : WARNING : BallController : Playfields still contain balls. Waiting for those to drain.
2025-04-13 14:26:33,789 : INFO : BallController : Found 1 ball(s) on playfield.
2025-04-13 14:26:33,789 : WARNING : BallController : Playfields still contain balls. Waiting for those to drain.
2025-04-13 14:26:34,789 : INFO : BallController : Found 1 ball(s) on playfield.
2025-04-13 14:26:34,790 : WARNING : BallController : Playfields still contain balls. Waiting for those to drain.
2025-04-13 14:26:35,790 : INFO : BallController : Found 1 ball(s) on playfield.
2025-04-13 14:26:35,790 : WARNING : BallController : Playfields still contain balls. Waiting for those to drain.
2025-04-13 14:26:36,790 : INFO : BallController : Found 1 ball(s) on playfield.
2025-04-13 14:26:36,791 : WARNING : BallController : Playfields still contain balls. Waiting for those to drain.
2025-04-13 14:26:37,253 : INFO : ball_device.bd_plunger : State: failed_confirm
2025-04-13 14:26:37,253 : INFO : ball_device.bd_plunger : Got timeout (5.0s) before confirm from <playfield.playfield>
2025-04-13 14:26:37,353 : INFO : ball_device.bd_plunger : Confirming eject because target is playfield and ball did not return.
2025-04-13 14:26:37,354 : INFO : ball_device.bd_plunger : Eject successful
2025-04-13 14:26:37,354 : INFO : EventManager : Event: ======'balldevice_bd_plunger_ball_eject_success'====== Args={'balls': 1, 'target': <playfield.playfield>}
2025-04-13 14:26:37,354 : INFO : EventManager : Event: ======'balldevice_playfield_ball_enter'====== Args={'new_balls': 1, 'unclaimed_balls': 1, 'device': <playfield.playfield>}
2025-04-13 14:26:37,354 : INFO : EventManager : Event: ======'playfield_ball_count_change'====== Args={'balls': 1, 'change': 1}
2025-04-13 14:26:37,354 : INFO : EventManager : Event: ======'balldevice_bd_plunger_ball_count_changed'====== Args={'balls': 0}
2025-04-13 14:26:37,354 : INFO : ball_device.bd_plunger : State: idle
2025-04-13 14:26:37,791 : INFO : BallController : Found 1 ball(s) on playfield.
2025-04-13 14:26:37,791 : WARNING : BallController : Playfields still contain balls. Waiting for those to drain.
2025-04-13 14:26:38,362 : INFO : SwitchController : <<<<<<< 's_sling_right' active >>>>>>>
2025-04-13 14:26:38,362 : INFO : EventManager : Event: ======'machine_var_audits_switches_s_sling_right'====== Args={'value': 8, 'prev_value': 7, 'change': 1}
2025-04-13 14:26:38,538 : INFO : SwitchController : <<<<<<< 's_sling_right' inactive >>>>>>>
2025-04-13 14:26:38,661 : INFO : SwitchController : <<<<<<< 's_sling_right' active >>>>>>>
2025-04-13 14:26:38,661 : INFO : EventManager : Event: ======'machine_var_audits_switches_s_sling_right'====== Args={'value': 9, 'prev_value': 8, 'change': 1}
2025-04-13 14:26:38,792 : INFO : BallController : Found 1 ball(s) on playfield.
2025-04-13 14:26:38,792 : WARNING : BallController : Playfields still contain balls. Waiting for those to drain.
2025-04-13 14:26:38,800 : INFO : SwitchController : <<<<<<< 's_sling_right' inactive >>>>>>>
2025-04-13 14:26:38,875 : INFO : SwitchController : <<<<<<< 's_sling_right' active >>>>>>>
2025-04-13 14:26:38,875 : INFO : EventManager : Event: ======'machine_var_audits_switches_s_sling_right'====== Args={'value': 10, 'prev_value': 9, 'change': 1}
2025-04-13 14:26:38,994 : INFO : SwitchController : <<<<<<< 's_sling_right' inactive >>>>>>>
2025-04-13 14:26:39,026 : INFO : SwitchController : <<<<<<< 's_sling_right' active >>>>>>>
2025-04-13 14:26:39,026 : INFO : EventManager : Event: ======'machine_var_audits_switches_s_sling_right'====== Args={'value': 11, 'prev_value': 10, 'change': 1}
2025-04-13 14:26:39,163 : INFO : SwitchController : <<<<<<< 's_sling_right' inactive >>>>>>>
2025-04-13 14:26:39,245 : INFO : SwitchController : <<<<<<< 's_sling_right' active >>>>>>>
2025-04-13 14:26:39,245 : INFO : EventManager : Event: ======'machine_var_audits_switches_s_sling_right'====== Args={'value': 12, 'prev_value': 11, 'change': 1}
2025-04-13 14:26:39,355 : INFO : SwitchController : <<<<<<< 's_sling_right' inactive >>>>>>>
2025-04-13 14:26:39,645 : INFO : SwitchController : <<<<<<< 's_sling_right' active >>>>>>>
2025-04-13 14:26:39,646 : INFO : EventManager : Event: ======'machine_var_audits_switches_s_sling_right'====== Args={'value': 13, 'prev_value': 12, 'change': 1}
2025-04-13 14:26:39,792 : INFO : BallController : Found 1 ball(s) on playfield.
2025-04-13 14:26:39,793 : WARNING : BallController : Playfields still contain balls. Waiting for those to drain.
2025-04-13 14:26:39,859 : INFO : SwitchController : <<<<<<< 's_sling_right' inactive >>>>>>>
2025-04-13 14:26:40,140 : INFO : SwitchController : <<<<<<< 's_sling_right' active >>>>>>>
2025-04-13 14:26:40,140 : INFO : EventManager : Event: ======'machine_var_audits_switches_s_sling_right'====== Args={'value': 14, 'prev_value': 13, 'change': 1}
2025-04-13 14:26:40,348 : INFO : SwitchController : <<<<<<< 's_sling_right' inactive >>>>>>>
2025-04-13 14:26:40,562 : INFO : SwitchController : <<<<<<< 's_sling_right' active >>>>>>>
2025-04-13 14:26:40,562 : INFO : EventManager : Event: ======'machine_var_audits_switches_s_sling_right'====== Args={'value': 15, 'prev_value': 14, 'change': 1}
2025-04-13 14:26:40,793 : INFO : BallController : Found 1 ball(s) on playfield.
2025-04-13 14:26:40,793 : WARNING : BallController : Playfields still contain balls. Waiting for those to drain.
2025-04-13 14:26:41,221 : INFO : SwitchController : <<<<<<< 's_sling_right' inactive >>>>>>>
2025-04-13 14:26:41,407 : INFO : SwitchController : <<<<<<< 's_sling_right' active >>>>>>>
2025-04-13 14:26:41,407 : INFO : EventManager : Event: ======'machine_var_audits_switches_s_sling_right'====== Args={'value': 16, 'prev_value': 15, 'change': 1}
2025-04-13 14:26:41,794 : INFO : BallController : Found 1 ball(s) on playfield.
2025-04-13 14:26:41,794 : WARNING : BallController : Playfields still contain balls. Waiting for those to drain.
2025-04-13 14:26:41,895 : INFO : SwitchController : <<<<<<< 's_sling_right' inactive >>>>>>>
2025-04-13 14:26:42,057 : INFO : SwitchController : <<<<<<< 's_sling_right' active >>>>>>>
2025-04-13 14:26:42,057 : INFO : EventManager : Event: ======'machine_var_audits_switches_s_sling_right'====== Args={'value': 17, 'prev_value': 16, 'change': 1}
2025-04-13 14:26:42,369 : INFO : SwitchController : <<<<<<< 's_sling_right' inactive >>>>>>>
2025-04-13 14:26:42,500 : INFO : SwitchController : <<<<<<< 's_sling_right' active >>>>>>>
2025-04-13 14:26:42,501 : INFO : EventManager : Event: ======'machine_var_audits_switches_s_sling_right'====== Args={'value': 18, 'prev_value': 17, 'change': 1}
2025-04-13 14:26:42,704 : INFO : SwitchController : <<<<<<< 's_sling_right' inactive >>>>>>>
2025-04-13 14:26:42,794 : INFO : BallController : Found 1 ball(s) on playfield.
2025-04-13 14:26:42,795 : WARNING : BallController : Playfields still contain balls. Waiting for those to drain.
2025-04-13 14:26:42,844 : INFO : SwitchController : <<<<<<< 's_sling_right' active >>>>>>>
2025-04-13 14:26:42,844 : INFO : EventManager : Event: ======'machine_var_audits_switches_s_sling_right'====== Args={'value': 19, 'prev_value': 18, 'change': 1}
2025-04-13 14:26:43,060 : INFO : SwitchController : <<<<<<< 's_sling_right' inactive >>>>>>>
2025-04-13 14:26:43,173 : INFO : SwitchController : <<<<<<< 's_sling_right' active >>>>>>>
2025-04-13 14:26:43,173 : INFO : EventManager : Event: ======'machine_var_audits_switches_s_sling_right'====== Args={'value': 20, 'prev_value': 19, 'change': 1}
2025-04-13 14:26:43,373 : INFO : SwitchController : <<<<<<< 's_sling_right' inactive >>>>>>>
2025-04-13 14:26:43,434 : INFO : SwitchController : <<<<<<< 's_sling_right' active >>>>>>>
2025-04-13 14:26:43,434 : INFO : EventManager : Event: ======'machine_var_audits_switches_s_sling_right'====== Args={'value': 21, 'prev_value': 20, 'change': 1}
2025-04-13 14:26:43,702 : INFO : SwitchController : <<<<<<< 's_sling_right' inactive >>>>>>>
2025-04-13 14:26:43,794 : INFO : SwitchController : <<<<<<< 's_sling_right' active >>>>>>>
2025-04-13 14:26:43,795 : INFO : EventManager : Event: ======'machine_var_audits_switches_s_sling_right'====== Args={'value': 22, 'prev_value': 21, 'change': 1}
2025-04-13 14:26:43,795 : INFO : BallController : Found 1 ball(s) on playfield.
2025-04-13 14:26:43,795 : WARNING : BallController : Playfields still contain balls. Waiting for those to drain.
2025-04-13 14:26:44,458 : INFO : SwitchController : <<<<<<< 's_sling_right' inactive >>>>>>>
2025-04-13 14:26:44,625 : INFO : SwitchController : <<<<<<< 's_sling_right' active >>>>>>>
2025-04-13 14:26:44,625 : INFO : EventManager : Event: ======'machine_var_audits_switches_s_sling_right'====== Args={'value': 23, 'prev_value': 22, 'change': 1}
2025-04-13 14:26:44,796 : INFO : BallController : Found 1 ball(s) on playfield.
2025-04-13 14:26:44,796 : WARNING : BallController : Playfields still contain balls. Waiting for those to drain.
2025-04-13 14:26:44,811 : INFO : SwitchController : <<<<<<< 's_sling_right' inactive >>>>>>>
2025-04-13 14:26:44,862 : INFO : SwitchController : <<<<<<< 's_sling_right' active >>>>>>>
2025-04-13 14:26:44,862 : INFO : EventManager : Event: ======'machine_var_audits_switches_s_sling_right'====== Args={'value': 24, 'prev_value': 23, 'change': 1}
2025-04-13 14:26:45,033 : INFO : SwitchController : <<<<<<< 's_sling_right' inactive >>>>>>>
2025-04-13 14:26:45,060 : INFO : SwitchController : <<<<<<< 's_sling_right' active >>>>>>>
2025-04-13 14:26:45,061 : INFO : EventManager : Event: ======'machine_var_audits_switches_s_sling_right'====== Args={'value': 25, 'prev_value': 24, 'change': 1}
2025-04-13 14:26:45,565 : INFO : SwitchController : <<<<<<< 's_sling_right' inactive >>>>>>>
2025-04-13 14:26:45,686 : INFO : SwitchController : <<<<<<< 's_sling_right' active >>>>>>>
2025-04-13 14:26:45,686 : INFO : EventManager : Event: ======'machine_var_audits_switches_s_sling_right'====== Args={'value': 26, 'prev_value': 25, 'change': 1}
2025-04-13 14:26:45,797 : INFO : BallController : Found 1 ball(s) on playfield.
2025-04-13 14:26:45,797 : WARNING : BallController : Playfields still contain balls. Waiting for those to drain.
2025-04-13 14:26:46,051 : INFO : SwitchController : <<<<<<< 's_sling_right' inactive >>>>>>>
2025-04-13 14:26:46,798 : INFO : BallController : Found 1 ball(s) on playfield.
2025-04-13 14:26:46,798 : WARNING : BallController : Playfields still contain balls. Waiting for those to drain.
2025-04-13 14:26:47,364 : INFO : SwitchController : <<<<<<< 's_sling_left' active >>>>>>>
2025-04-13 14:26:47,364 : INFO : EventManager : Event: ======'machine_var_audits_switches_s_sling_left'====== Args={'value': 3, 'prev_value': 2, 'change': 1}
2025-04-13 14:26:47,639 : INFO : SwitchController : <<<<<<< 's_sling_left' inactive >>>>>>>
2025-04-13 14:26:47,755 : INFO : SwitchController : <<<<<<< 's_sling_left' active >>>>>>>
2025-04-13 14:26:47,755 : INFO : EventManager : Event: ======'machine_var_audits_switches_s_sling_left'====== Args={'value': 4, 'prev_value': 3, 'change': 1}
2025-04-13 14:26:47,798 : INFO : BallController : Found 1 ball(s) on playfield.
2025-04-13 14:26:47,799 : WARNING : BallController : Playfields still contain balls. Waiting for those to drain.
2025-04-13 14:26:47,898 : INFO : SwitchController : <<<<<<< 's_sling_left' inactive >>>>>>>
2025-04-13 14:26:47,960 : INFO : SwitchController : <<<<<<< 's_sling_left' active >>>>>>>
2025-04-13 14:26:47,960 : INFO : EventManager : Event: ======'machine_var_audits_switches_s_sling_left'====== Args={'value': 5, 'prev_value': 4, 'change': 1}
2025-04-13 14:26:48,562 : INFO : SwitchController : <<<<<<< 's_sling_left' inactive >>>>>>>
2025-04-13 14:26:48,800 : INFO : BallController : Found 1 ball(s) on playfield.
2025-04-13 14:26:48,800 : WARNING : BallController : Playfields still contain balls. Waiting for those to drain.
2025-04-13 14:26:49,801 : INFO : BallController : Found 1 ball(s) on playfield.
2025-04-13 14:26:49,801 : WARNING : BallController : Playfields still contain balls. Waiting for those to drain.
2025-04-13 14:26:50,802 : INFO : BallController : Found 1 ball(s) on playfield.
2025-04-13 14:26:50,802 : WARNING : BallController : Playfields still contain balls. Waiting for those to drain.
2025-04-13 14:26:51,510 : INFO : SwitchController : <<<<<<< 's_trough_6' inactive >>>>>>>
2025-04-13 14:26:51,803 : INFO : BallController : Found 1 ball(s) on playfield.
2025-04-13 14:26:51,803 : WARNING : BallController : Playfields still contain balls. Waiting for those to drain.
2025-04-13 14:26:52,011 : INFO : ball_device.bd_trough : BCH: Count is unstable. Trying to reorder balls.
2025-04-13 14:26:52,011 : WARNING : ball_device.bd_trough : Cannot reorder device because eject_coil_reorder_pulse is not configured
2025-04-13 14:26:52,011 : INFO : ball_device.bd_trough : BCH: Repulse done. Waiting for balls to settle.
2025-04-13 14:26:52,805 : INFO : BallController : Found 1 ball(s) on playfield.
2025-04-13 14:26:52,805 : WARNING : BallController : Playfields still contain balls. Waiting for those to drain.
2025-04-13 14:26:53,806 : INFO : BallController : Found 1 ball(s) on playfield.
2025-04-13 14:26:53,806 : WARNING : BallController : Playfields still contain balls. Waiting for those to drain.
2025-04-13 14:26:54,807 : INFO : BallController : Found 1 ball(s) on playfield.
2025-04-13 14:26:54,807 : WARNING : BallController : Playfields still contain balls. Waiting for those to drain.
2025-04-13 14:26:55,809 : INFO : BallController : Found 1 ball(s) on playfield.
2025-04-13 14:26:55,809 : WARNING : BallController : Playfields still contain balls. Waiting for those to drain.
2025-04-13 14:26:56,810 : INFO : BallController : Found 1 ball(s) on playfield.
2025-04-13 14:26:56,810 : WARNING : BallController : Playfields still contain balls. Waiting for those to drain.
2025-04-13 14:26:57,811 : INFO : BallController : Found 1 ball(s) on playfield.
2025-04-13 14:26:57,811 : WARNING : BallController : Playfields still contain balls. Waiting for those to drain.
2025-04-13 14:26:58,812 : INFO : BallController : Found 1 ball(s) on playfield.
2025-04-13 14:26:58,813 : WARNING : BallController : Playfields still contain balls. Waiting for those to drain.
2025-04-13 14:26:59,814 : INFO : BallController : Found 1 ball(s) on playfield.
2025-04-13 14:26:59,814 : WARNING : BallController : Playfields still contain balls. Waiting for those to drain.
2025-04-13 14:27:00,819 : INFO : BallController : Found 1 ball(s) on playfield.
2025-04-13 14:27:00,821 : WARNING : BallController : Playfields still contain balls. Waiting for those to drain.
2025-04-13 14:27:01,821 : INFO : BallController : Found 1 ball(s) on playfield.
2025-04-13 14:27:01,821 : WARNING : BallController : Playfields still contain balls. Waiting for those to drain.
2025-04-13 14:27:02,821 : INFO : BallController : Found 1 ball(s) on playfield.
2025-04-13 14:27:02,822 : WARNING : BallController : Playfields still contain balls. Waiting for those to drain.
2025-04-13 14:27:03,822 : INFO : BallController : Found 1 ball(s) on playfield.
2025-04-13 14:27:03,822 : WARNING : BallController : Playfields still contain balls. Waiting for those to drain.
2025-04-13 14:27:04,823 : INFO : BallController : Found 1 ball(s) on playfield.
2025-04-13 14:27:04,823 : WARNING : BallController : Playfields still contain balls. Waiting for those to drain.
2025-04-13 14:27:05,823 : INFO : BallController : Found 1 ball(s) on playfield.
2025-04-13 14:27:05,824 : WARNING : BallController : Playfields still contain balls. Waiting for those to drain.
2025-04-13 14:27:06,824 : INFO : BallController : Found 1 ball(s) on playfield.
2025-04-13 14:27:06,824 : WARNING : BallController : Playfields still contain balls. Waiting for those to drain.
2025-04-13 14:27:07,825 : INFO : BallController : Found 1 ball(s) on playfield.
2025-04-13 14:27:07,825 : WARNING : BallController : Playfields still contain balls. Waiting for those to drain.
2025-04-13 14:27:08,827 : INFO : BallController : Found 1 ball(s) on playfield.
2025-04-13 14:27:08,828 : WARNING : BallController : Playfields still contain balls. Waiting for those to drain.
2025-04-13 14:27:09,829 : INFO : BallController : Found 1 ball(s) on playfield.
2025-04-13 14:27:09,829 : WARNING : BallController : Playfields still contain balls. Waiting for those to drain.
2025-04-13 14:27:10,831 : INFO : BallController : Found 1 ball(s) on playfield.
2025-04-13 14:27:10,831 : WARNING : BallController : Playfields still contain balls. Waiting for those to drain.
2025-04-13 14:27:11,831 : INFO : BallController : Found 1 ball(s) on playfield.
2025-04-13 14:27:11,832 : WARNING : BallController : Playfields still contain balls. Waiting for those to drain.
2025-04-13 14:27:12,832 : INFO : BallController : Found 1 ball(s) on playfield.
2025-04-13 14:27:12,832 : WARNING : BallController : Playfields still contain balls. Waiting for those to drain.
2025-04-13 14:27:13,833 : INFO : BallController : Found 1 ball(s) on playfield.
2025-04-13 14:27:13,833 : WARNING : BallController : Playfields still contain balls. Waiting for those to drain.
2025-04-13 14:27:14,834 : INFO : BallController : Found 1 ball(s) on playfield.
2025-04-13 14:27:14,834 : WARNING : BallController : Playfields still contain balls. Waiting for those to drain.
2025-04-13 14:27:15,835 : INFO : BallController : Found 1 ball(s) on playfield.
2025-04-13 14:27:15,835 : WARNING : BallController : Playfields still contain balls. Waiting for those to drain.
2025-04-13 14:27:16,840 : INFO : BallController : Found 1 ball(s) on playfield.
2025-04-13 14:27:16,841 : WARNING : BallController : Playfields still contain balls. Waiting for those to drain.
2025-04-13 14:27:17,841 : INFO : BallController : Found 1 ball(s) on playfield.
2025-04-13 14:27:17,841 : WARNING : BallController : Playfields still contain balls. Waiting for those to drain.
2025-04-13 14:27:18,841 : INFO : BallController : Found 1 ball(s) on playfield.
2025-04-13 14:27:18,842 : WARNING : BallController : Playfields still contain balls. Waiting for those to drain.
2025-04-13 14:27:19,842 : INFO : BallController : Found 1 ball(s) on playfield.
2025-04-13 14:27:19,842 : WARNING : BallController : Playfields still contain balls. Waiting for those to drain.
2025-04-13 14:27:20,843 : INFO : BallController : Found 1 ball(s) on playfield.
2025-04-13 14:27:20,843 : WARNING : BallController : Playfields still contain balls. Waiting for those to drain.
2025-04-13 14:27:21,844 : INFO : BallController : Found 1 ball(s) on playfield.
2025-04-13 14:27:21,844 : WARNING : BallController : Playfields still contain balls. Waiting for those to drain.
2025-04-13 14:27:22,844 : INFO : BallController : Found 1 ball(s) on playfield.
2025-04-13 14:27:22,845 : WARNING : BallController : Playfields still contain balls. Waiting for those to drain.
2025-04-13 14:27:23,846 : INFO : BallController : Found 1 ball(s) on playfield.
2025-04-13 14:27:23,846 : WARNING : BallController : Playfields still contain balls. Waiting for those to drain.
2025-04-13 14:27:24,847 : INFO : BallController : Found 1 ball(s) on playfield.
2025-04-13 14:27:24,847 : WARNING : BallController : Playfields still contain balls. Waiting for those to drain.
2025-04-13 14:27:25,849 : INFO : BallController : Found 1 ball(s) on playfield.
2025-04-13 14:27:25,849 : WARNING : BallController : Playfields still contain balls. Waiting for those to drain.
2025-04-13 14:27:26,850 : INFO : BallController : Found 1 ball(s) on playfield.
2025-04-13 14:27:26,850 : WARNING : BallController : Playfields still contain balls. Waiting for those to drain.
2025-04-13 14:27:27,851 : INFO : BallController : Found 1 ball(s) on playfield.
2025-04-13 14:27:27,851 : WARNING : BallController : Playfields still contain balls. Waiting for those to drain.
2025-04-13 14:27:28,853 : INFO : BallController : Found 1 ball(s) on playfield.
2025-04-13 14:27:28,853 : WARNING : BallController : Playfields still contain balls. Waiting for those to drain.
2025-04-13 14:27:29,854 : INFO : BallController : Found 1 ball(s) on playfield.
2025-04-13 14:27:29,854 : WARNING : BallController : Playfields still contain balls. Waiting for those to drain.
2025-04-13 14:27:30,854 : INFO : BallController : Found 1 ball(s) on playfield.
2025-04-13 14:27:30,855 : WARNING : BallController : Playfields still contain balls. Waiting for those to drain.
2025-04-13 14:27:31,855 : INFO : BallController : Found 1 ball(s) on playfield.
2025-04-13 14:27:31,855 : WARNING : BallController : Playfields still contain balls. Waiting for those to drain.
2025-04-13 14:27:32,856 : INFO : BallController : Found 1 ball(s) on playfield.
2025-04-13 14:27:32,856 : WARNING : BallController : Playfields still contain balls. Waiting for those to drain.
2025-04-13 14:27:33,856 : INFO : BallController : Found 1 ball(s) on playfield.
2025-04-13 14:27:33,856 : WARNING : BallController : Playfields still contain balls. Waiting for those to drain.
2025-04-13 14:27:34,857 : INFO : BallController : Found 1 ball(s) on playfield.
2025-04-13 14:27:34,857 : WARNING : BallController : Playfields still contain balls. Waiting for those to drain.
2025-04-13 14:27:35,858 : INFO : BallController : Found 1 ball(s) on playfield.
2025-04-13 14:27:35,858 : WARNING : BallController : Playfields still contain balls. Waiting for those to drain.
2025-04-13 14:27:36,858 : INFO : BallController : Found 1 ball(s) on playfield.
2025-04-13 14:27:36,858 : WARNING : BallController : Playfields still contain balls. Waiting for those to drain.
2025-04-13 14:27:37,859 : INFO : BallController : Found 1 ball(s) on playfield.
2025-04-13 14:27:37,859 : WARNING : BallController : Playfields still contain balls. Waiting for those to drain.
2025-04-13 14:27:38,860 : INFO : BallController : Found 1 ball(s) on playfield.
2025-04-13 14:27:38,860 : WARNING : BallController : Playfields still contain balls. Waiting for those to drain.
2025-04-13 14:27:39,860 : INFO : BallController : Found 1 ball(s) on playfield.
2025-04-13 14:27:39,860 : WARNING : BallController : Playfields still contain balls. Waiting for those to drain.
2025-04-13 14:27:40,861 : INFO : BallController : Found 1 ball(s) on playfield.
2025-04-13 14:27:40,861 : WARNING : BallController : Playfields still contain balls. Waiting for those to drain.
2025-04-13 14:27:41,862 : INFO : BallController : Found 1 ball(s) on playfield.
2025-04-13 14:27:41,862 : WARNING : BallController : Playfields still contain balls. Waiting for those to drain.
2025-04-13 14:27:42,863 : INFO : BallController : Found 1 ball(s) on playfield.
2025-04-13 14:27:42,863 : WARNING : BallController : Playfields still contain balls. Waiting for those to drain.
2025-04-13 14:27:43,865 : INFO : BallController : Found 1 ball(s) on playfield.
2025-04-13 14:27:43,865 : WARNING : BallController : Playfields still contain balls. Waiting for those to drain.
2025-04-13 14:27:44,866 : INFO : BallController : Found 1 ball(s) on playfield.
2025-04-13 14:27:44,866 : WARNING : BallController : Playfields still contain balls. Waiting for those to drain.
2025-04-13 14:27:45,867 : INFO : BallController : Found 1 ball(s) on playfield.
2025-04-13 14:27:45,867 : WARNING : BallController : Playfields still contain balls. Waiting for those to drain.
2025-04-13 14:27:46,868 : INFO : BallController : Found 1 ball(s) on playfield.
2025-04-13 14:27:46,868 : WARNING : BallController : Playfields still contain balls. Waiting for those to drain.
2025-04-13 14:27:47,868 : INFO : BallController : Found 1 ball(s) on playfield.
2025-04-13 14:27:47,869 : WARNING : BallController : Playfields still contain balls. Waiting for those to drain.
2025-04-13 14:27:48,870 : INFO : BallController : Found 1 ball(s) on playfield.
2025-04-13 14:27:48,870 : WARNING : BallController : Playfields still contain balls. Waiting for those to drain.
2025-04-13 14:27:49,871 : INFO : BallController : Found 1 ball(s) on playfield.
2025-04-13 14:27:49,871 : WARNING : BallController : Playfields still contain balls. Waiting for those to drain.
2025-04-13 14:27:50,872 : INFO : BallController : Found 1 ball(s) on playfield.
2025-04-13 14:27:50,872 : WARNING : BallController : Playfields still contain balls. Waiting for those to drain.
2025-04-13 14:27:51,872 : INFO : BallController : Found 1 ball(s) on playfield.
2025-04-13 14:27:51,872 : WARNING : BallController : Playfields still contain balls. Waiting for those to drain.
2025-04-13 14:27:52,873 : INFO : BallController : Found 1 ball(s) on playfield.
2025-04-13 14:27:52,874 : WARNING : BallController : Playfields still contain balls. Waiting for those to drain.
2025-04-13 14:27:53,874 : INFO : BallController : Found 1 ball(s) on playfield.
2025-04-13 14:27:53,874 : WARNING : BallController : Playfields still contain balls. Waiting for those to drain.
2025-04-13 14:27:54,875 : INFO : BallController : Found 1 ball(s) on playfield.
2025-04-13 14:27:54,875 : WARNING : BallController : Playfields still contain balls. Waiting for those to drain.
2025-04-13 14:27:55,877 : INFO : BallController : Found 1 ball(s) on playfield.
2025-04-13 14:27:55,877 : WARNING : BallController : Playfields still contain balls. Waiting for those to drain.
2025-04-13 14:27:56,877 : INFO : BallController : Found 1 ball(s) on playfield.
2025-04-13 14:27:56,877 : WARNING : BallController : Playfields still contain balls. Waiting for those to drain.
2025-04-13 14:27:57,878 : INFO : BallController : Found 1 ball(s) on playfield.
2025-04-13 14:27:57,878 : WARNING : BallController : Playfields still contain balls. Waiting for those to drain.
2025-04-13 14:27:58,878 : INFO : BallController : Found 1 ball(s) on playfield.
2025-04-13 14:27:58,879 : WARNING : BallController : Playfields still contain balls. Waiting for those to drain.
2025-04-13 14:27:59,879 : INFO : BallController : Found 1 ball(s) on playfield.
2025-04-13 14:27:59,879 : WARNING : BallController : Playfields still contain balls. Waiting for those to drain.
2025-04-13 14:28:00,881 : INFO : BallController : Found 1 ball(s) on playfield.
2025-04-13 14:28:00,881 : WARNING : BallController : Playfields still contain balls. Waiting for those to drain.
2025-04-13 14:28:01,882 : INFO : BallController : Found 1 ball(s) on playfield.
2025-04-13 14:28:01,883 : WARNING : BallController : Playfields still contain balls. Waiting for those to drain.
2025-04-13 14:28:02,884 : INFO : BallController : Found 1 ball(s) on playfield.
2025-04-13 14:28:02,884 : WARNING : BallController : Playfields still contain balls. Waiting for those to drain.
2025-04-13 14:28:03,886 : INFO : BallController : Found 1 ball(s) on playfield.
2025-04-13 14:28:03,886 : WARNING : BallController : Playfields still contain balls. Waiting for those to drain.
2025-04-13 14:28:04,887 : INFO : BallController : Found 1 ball(s) on playfield.
2025-04-13 14:28:04,887 : WARNING : BallController : Playfields still contain balls. Waiting for those to drain.
2025-04-13 14:28:05,888 : INFO : BallController : Found 1 ball(s) on playfield.
2025-04-13 14:28:05,888 : WARNING : BallController : Playfields still contain balls. Waiting for those to drain.
2025-04-13 14:28:06,888 : INFO : BallController : Found 1 ball(s) on playfield.
2025-04-13 14:28:06,888 : WARNING : BallController : Playfields still contain balls. Waiting for those to drain.
2025-04-13 14:28:07,889 : INFO : BallController : Found 1 ball(s) on playfield.
2025-04-13 14:28:07,889 : WARNING : BallController : Playfields still contain balls. Waiting for those to drain.
2025-04-13 14:28:08,890 : INFO : BallController : Found 1 ball(s) on playfield.
2025-04-13 14:28:08,890 : WARNING : BallController : Playfields still contain balls. Waiting for those to drain.
2025-04-13 14:28:09,890 : INFO : BallController : Found 1 ball(s) on playfield.
2025-04-13 14:28:09,891 : WARNING : BallController : Playfields still contain balls. Waiting for those to drain.
2025-04-13 14:28:10,892 : INFO : BallController : Found 1 ball(s) on playfield.
2025-04-13 14:28:10,892 : WARNING : BallController : Playfields still contain balls. Waiting for those to drain.
2025-04-13 14:28:11,892 : INFO : BallController : Found 1 ball(s) on playfield.
2025-04-13 14:28:11,893 : WARNING : BallController : Playfields still contain balls. Waiting for those to drain.
2025-04-13 14:28:12,894 : INFO : BallController : Found 1 ball(s) on playfield.
2025-04-13 14:28:12,894 : WARNING : BallController : Playfields still contain balls. Waiting for those to drain.
2025-04-13 14:28:13,894 : INFO : BallController : Found 1 ball(s) on playfield.
2025-04-13 14:28:13,895 : WARNING : BallController : Playfields still contain balls. Waiting for those to drain.
2025-04-13 14:28:14,895 : INFO : BallController : Found 1 ball(s) on playfield.
2025-04-13 14:28:14,895 : WARNING : BallController : Playfields still contain balls. Waiting for those to drain.
2025-04-13 14:28:15,896 : INFO : BallController : Found 1 ball(s) on playfield.
2025-04-13 14:28:15,897 : WARNING : BallController : Playfields still contain balls. Waiting for those to drain.
2025-04-13 14:28:16,898 : INFO : BallController : Found 1 ball(s) on playfield.
2025-04-13 14:28:16,898 : WARNING : BallController : Playfields still contain balls. Waiting for those to drain.
2025-04-13 14:28:17,899 : INFO : BallController : Found 1 ball(s) on playfield.
2025-04-13 14:28:17,899 : WARNING : BallController : Playfields still contain balls. Waiting for those to drain.
2025-04-13 14:28:18,900 : INFO : BallController : Found 1 ball(s) on playfield.
2025-04-13 14:28:18,900 : WARNING : BallController : Playfields still contain balls. Waiting for those to drain.
2025-04-13 14:28:19,901 : INFO : BallController : Found 1 ball(s) on playfield.
2025-04-13 14:28:19,901 : WARNING : BallController : Playfields still contain balls. Waiting for those to drain.
2025-04-13 14:28:20,902 : INFO : BallController : Found 1 ball(s) on playfield.
2025-04-13 14:28:20,902 : WARNING : BallController : Playfields still contain balls. Waiting for those to drain.
2025-04-13 14:28:21,903 : INFO : BallController : Found 1 ball(s) on playfield.
2025-04-13 14:28:21,903 : WARNING : BallController : Playfields still contain balls. Waiting for those to drain.
2025-04-13 14:28:22,905 : INFO : BallController : Found 1 ball(s) on playfield.
2025-04-13 14:28:22,905 : WARNING : BallController : Playfields still contain balls. Waiting for those to drain.
2025-04-13 14:28:23,906 : INFO : BallController : Found 1 ball(s) on playfield.
2025-04-13 14:28:23,906 : WARNING : BallController : Playfields still contain balls. Waiting for those to drain.
2025-04-13 14:28:24,907 : INFO : BallController : Found 1 ball(s) on playfield.
2025-04-13 14:28:24,907 : WARNING : BallController : Playfields still contain balls. Waiting for those to drain.
2025-04-13 14:28:25,908 : INFO : BallController : Found 1 ball(s) on playfield.
2025-04-13 14:28:25,908 : WARNING : BallController : Playfields still contain balls. Waiting for those to drain.
2025-04-13 14:28:26,909 : INFO : BallController : Found 1 ball(s) on playfield.
2025-04-13 14:28:26,909 : WARNING : BallController : Playfields still contain balls. Waiting for those to drain.
2025-04-13 14:28:27,909 : INFO : BallController : Found 1 ball(s) on playfield.
2025-04-13 14:28:27,909 : WARNING : BallController : Playfields still contain balls. Waiting for those to drain.
2025-04-13 14:28:28,911 : INFO : BallController : Found 1 ball(s) on playfield.
2025-04-13 14:28:28,911 : WARNING : BallController : Playfields still contain balls. Waiting for those to drain.
2025-04-13 14:28:29,911 : INFO : BallController : Found 1 ball(s) on playfield.
2025-04-13 14:28:29,912 : WARNING : BallController : Playfields still contain balls. Waiting for those to drain.
2025-04-13 14:28:30,912 : INFO : BallController : Found 1 ball(s) on playfield.
2025-04-13 14:28:30,912 : WARNING : BallController : Playfields still contain balls. Waiting for those to drain.
2025-04-13 14:28:31,913 : INFO : BallController : Found 1 ball(s) on playfield.
2025-04-13 14:28:31,913 : WARNING : BallController : Playfields still contain balls. Waiting for those to drain.
2025-04-13 14:28:32,913 : INFO : BallController : Found 1 ball(s) on playfield.
2025-04-13 14:28:32,913 : WARNING : BallController : Playfields still contain balls. Waiting for those to drain.
2025-04-13 14:28:33,914 : INFO : BallController : Found 1 ball(s) on playfield.
2025-04-13 14:28:33,914 : WARNING : BallController : Playfields still contain balls. Waiting for those to drain.
2025-04-13 14:28:34,914 : INFO : BallController : Found 1 ball(s) on playfield.
2025-04-13 14:28:34,915 : WARNING : BallController : Playfields still contain balls. Waiting for those to drain.
2025-04-13 14:28:35,916 : INFO : BallController : Found 1 ball(s) on playfield.
2025-04-13 14:28:35,916 : WARNING : BallController : Playfields still contain balls. Waiting for those to drain.
2025-04-13 14:28:36,917 : INFO : BallController : Found 1 ball(s) on playfield.
2025-04-13 14:28:36,917 : WARNING : BallController : Playfields still contain balls. Waiting for those to drain.
2025-04-13 14:28:37,918 : INFO : BallController : Found 1 ball(s) on playfield.
2025-04-13 14:28:37,918 : WARNING : BallController : Playfields still contain balls. Waiting for those to drain.
2025-04-13 14:28:38,919 : INFO : BallController : Found 1 ball(s) on playfield.
2025-04-13 14:28:38,919 : WARNING : BallController : Playfields still contain balls. Waiting for those to drain.
2025-04-13 14:28:39,920 : INFO : BallController : Found 1 ball(s) on playfield.
2025-04-13 14:28:39,920 : WARNING : BallController : Playfields still contain balls. Waiting for those to drain.
2025-04-13 14:28:40,920 : INFO : BallController : Found 1 ball(s) on playfield.
2025-04-13 14:28:40,920 : WARNING : BallController : Playfields still contain balls. Waiting for those to drain.
2025-04-13 14:28:41,920 : INFO : BallController : Found 1 ball(s) on playfield.
2025-04-13 14:28:41,921 : WARNING : BallController : Playfields still contain balls. Waiting for those to drain.
2025-04-13 14:28:42,921 : INFO : BallController : Found 1 ball(s) on playfield.
2025-04-13 14:28:42,921 : WARNING : BallController : Playfields still contain balls. Waiting for those to drain.
2025-04-13 14:28:43,921 : INFO : BallController : Found 1 ball(s) on playfield.
2025-04-13 14:28:43,921 : WARNING : BallController : Playfields still contain balls. Waiting for those to drain.
2025-04-13 14:28:44,922 : INFO : BallController : Found 1 ball(s) on playfield.
2025-04-13 14:28:44,922 : WARNING : BallController : Playfields still contain balls. Waiting for those to drain.
2025-04-13 14:28:45,922 : INFO : BallController : Found 1 ball(s) on playfield.
2025-04-13 14:28:45,922 : WARNING : BallController : Playfields still contain balls. Waiting for those to drain.
2025-04-13 14:28:46,923 : INFO : BallController : Found 1 ball(s) on playfield.
2025-04-13 14:28:46,923 : WARNING : BallController : Playfields still contain balls. Waiting for those to drain.
2025-04-13 14:28:47,924 : INFO : BallController : Found 1 ball(s) on playfield.
2025-04-13 14:28:47,924 : WARNING : BallController : Playfields still contain balls. Waiting for those to drain.
2025-04-13 14:28:48,925 : INFO : BallController : Found 1 ball(s) on playfield.
2025-04-13 14:28:48,925 : WARNING : BallController : Playfields still contain balls. Waiting for those to drain.
2025-04-13 14:28:49,926 : INFO : BallController : Found 1 ball(s) on playfield.
2025-04-13 14:28:49,926 : WARNING : BallController : Playfields still contain balls. Waiting for those to drain.
2025-04-13 14:28:50,927 : INFO : BallController : Found 1 ball(s) on playfield.
2025-04-13 14:28:50,927 : WARNING : BallController : Playfields still contain balls. Waiting for those to drain.
2025-04-13 14:28:51,928 : INFO : BallController : Found 1 ball(s) on playfield.
2025-04-13 14:28:51,928 : WARNING : BallController : Playfields still contain balls. Waiting for those to drain.
2025-04-13 14:28:52,930 : INFO : BallController : Found 1 ball(s) on playfield.
2025-04-13 14:28:52,930 : WARNING : BallController : Playfields still contain balls. Waiting for those to drain.
2025-04-13 14:28:53,930 : INFO : BallController : Found 1 ball(s) on playfield.
2025-04-13 14:28:53,930 : WARNING : BallController : Playfields still contain balls. Waiting for those to drain.
2025-04-13 14:28:54,932 : INFO : BallController : Found 1 ball(s) on playfield.
2025-04-13 14:28:54,932 : WARNING : BallController : Playfields still contain balls. Waiting for those to drain.
2025-04-13 14:28:55,932 : INFO : BallController : Found 1 ball(s) on playfield.
2025-04-13 14:28:55,933 : WARNING : BallController : Playfields still contain balls. Waiting for those to drain.
2025-04-13 14:28:56,934 : INFO : BallController : Found 1 ball(s) on playfield.
2025-04-13 14:28:56,934 : WARNING : BallController : Playfields still contain balls. Waiting for those to drain.
2025-04-13 14:28:57,935 : INFO : BallController : Found 1 ball(s) on playfield.
2025-04-13 14:28:57,935 : WARNING : BallController : Playfields still contain balls. Waiting for those to drain.
2025-04-13 14:28:58,936 : INFO : BallController : Found 1 ball(s) on playfield.
2025-04-13 14:28:58,937 : WARNING : BallController : Playfields still contain balls. Waiting for those to drain.
2025-04-13 14:28:59,937 : INFO : BallController : Found 1 ball(s) on playfield.
2025-04-13 14:28:59,937 : WARNING : BallController : Playfields still contain balls. Waiting for those to drain.
2025-04-13 14:29:00,938 : INFO : BallController : Found 1 ball(s) on playfield.
2025-04-13 14:29:00,938 : WARNING : BallController : Playfields still contain balls. Waiting for those to drain.
2025-04-13 14:29:01,939 : INFO : BallController : Found 1 ball(s) on playfield.
2025-04-13 14:29:01,939 : WARNING : BallController : Playfields still contain balls. Waiting for those to drain.
2025-04-13 14:29:02,941 : INFO : BallController : Found 1 ball(s) on playfield.
2025-04-13 14:29:02,941 : WARNING : BallController : Playfields still contain balls. Waiting for those to drain.
2025-04-13 14:29:03,942 : INFO : BallController : Found 1 ball(s) on playfield.
2025-04-13 14:29:03,942 : WARNING : BallController : Playfields still contain balls. Waiting for those to drain.
2025-04-13 14:29:04,943 : INFO : BallController : Found 1 ball(s) on playfield.
2025-04-13 14:29:04,943 : WARNING : BallController : Playfields still contain balls. Waiting for those to drain.
2025-04-13 14:29:05,945 : INFO : BallController : Found 1 ball(s) on playfield.
2025-04-13 14:29:05,945 : WARNING : BallController : Playfields still contain balls. Waiting for those to drain.
2025-04-13 14:29:06,946 : INFO : BallController : Found 1 ball(s) on playfield.
2025-04-13 14:29:06,946 : WARNING : BallController : Playfields still contain balls. Waiting for those to drain.
2025-04-13 14:29:07,948 : INFO : BallController : Found 1 ball(s) on playfield.
2025-04-13 14:29:07,948 : WARNING : BallController : Playfields still contain balls. Waiting for those to drain.
2025-04-13 14:29:08,949 : INFO : BallController : Found 1 ball(s) on playfield.
2025-04-13 14:29:08,949 : WARNING : BallController : Playfields still contain balls. Waiting for those to drain.
2025-04-13 14:29:09,950 : INFO : BallController : Found 1 ball(s) on playfield.
2025-04-13 14:29:09,950 : WARNING : BallController : Playfields still contain balls. Waiting for those to drain.
2025-04-13 14:29:10,951 : INFO : BallController : Found 1 ball(s) on playfield.
2025-04-13 14:29:10,951 : WARNING : BallController : Playfields still contain balls. Waiting for those to drain.
2025-04-13 14:29:11,951 : INFO : BallController : Found 1 ball(s) on playfield.
2025-04-13 14:29:11,951 : WARNING : BallController : Playfields still contain balls. Waiting for those to drain.
2025-04-13 14:29:12,953 : INFO : BallController : Found 1 ball(s) on playfield.
2025-04-13 14:29:12,953 : WARNING : BallController : Playfields still contain balls. Waiting for those to drain.
2025-04-13 14:29:13,953 : INFO : BallController : Found 1 ball(s) on playfield.
2025-04-13 14:29:13,954 : WARNING : BallController : Playfields still contain balls. Waiting for those to drain.
2025-04-13 14:29:14,954 : INFO : BallController : Found 1 ball(s) on playfield.
2025-04-13 14:29:14,954 : WARNING : BallController : Playfields still contain balls. Waiting for those to drain.
2025-04-13 14:29:15,955 : INFO : BallController : Found 1 ball(s) on playfield.
2025-04-13 14:29:15,955 : WARNING : BallController : Playfields still contain balls. Waiting for those to drain.
2025-04-13 14:29:16,956 : INFO : BallController : Found 1 ball(s) on playfield.
2025-04-13 14:29:16,956 : WARNING : BallController : Playfields still contain balls. Waiting for those to drain.
2025-04-13 14:29:17,956 : INFO : BallController : Found 1 ball(s) on playfield.
2025-04-13 14:29:17,957 : WARNING : BallController : Playfields still contain balls. Waiting for those to drain.
2025-04-13 14:29:18,957 : INFO : BallController : Found 1 ball(s) on playfield.
2025-04-13 14:29:18,958 : WARNING : BallController : Playfields still contain balls. Waiting for those to drain.
2025-04-13 14:29:19,958 : INFO : BallController : Found 1 ball(s) on playfield.
2025-04-13 14:29:19,959 : WARNING : BallController : Playfields still contain balls. Waiting for those to drain.
2025-04-13 14:29:20,959 : INFO : BallController : Found 1 ball(s) on playfield.
2025-04-13 14:29:20,959 : WARNING : BallController : Playfields still contain balls. Waiting for those to drain.
2025-04-13 14:29:21,960 : INFO : BallController : Found 1 ball(s) on playfield.
2025-04-13 14:29:21,961 : WARNING : BallController : Playfields still contain balls. Waiting for those to drain.
2025-04-13 14:29:22,961 : INFO : BallController : Found 1 ball(s) on playfield.
2025-04-13 14:29:22,961 : WARNING : BallController : Playfields still contain balls. Waiting for those to drain.
2025-04-13 14:29:23,961 : INFO : BallController : Found 1 ball(s) on playfield.
2025-04-13 14:29:23,962 : WARNING : BallController : Playfields still contain balls. Waiting for those to drain.
2025-04-13 14:29:24,962 : INFO : BallController : Found 1 ball(s) on playfield.
2025-04-13 14:29:24,962 : WARNING : BallController : Playfields still contain balls. Waiting for those to drain.
2025-04-13 14:29:25,963 : INFO : BallController : Found 1 ball(s) on playfield.
2025-04-13 14:29:25,963 : WARNING : BallController : Playfields still contain balls. Waiting for those to drain.
2025-04-13 14:29:26,964 : INFO : BallController : Found 1 ball(s) on playfield.
2025-04-13 14:29:26,964 : WARNING : BallController : Playfields still contain balls. Waiting for those to drain.
2025-04-13 14:29:27,966 : INFO : BallController : Found 1 ball(s) on playfield.
2025-04-13 14:29:27,966 : WARNING : BallController : Playfields still contain balls. Waiting for those to drain.
2025-04-13 14:29:28,966 : INFO : BallController : Found 1 ball(s) on playfield.
2025-04-13 14:29:28,967 : WARNING : BallController : Playfields still contain balls. Waiting for those to drain.
2025-04-13 14:29:29,968 : INFO : BallController : Found 1 ball(s) on playfield.
2025-04-13 14:29:29,968 : WARNING : BallController : Playfields still contain balls. Waiting for those to drain.
2025-04-13 14:29:30,027 : INFO : Machine : Shutting down...
2025-04-13 14:29:30,027 : INFO : EventManager : Event: ======'shutdown'====== Args={}
2025-04-13 14:29:30,028 : INFO : EventManager : Event: ======'mode_game_will_stop'====== Args={}
2025-04-13 14:29:30,029 : INFO : EventManager : Event: ======'mode_game_stopping'====== Args={}
2025-04-13 14:29:30,029 : INFO : Mode.game : Stopped.
2025-04-13 14:29:30,029 : INFO : EventManager : Event: ======'modes_active_modes_changed'====== Args={}
2025-04-13 14:29:30,029 : INFO : EventManager : Event: ======'mode_game_stopped'====== Args={}
2025-04-13 14:29:30,029 : INFO : EventManager : Event: ======'clear'====== Args={'key': 'game'}
2025-04-13 14:29:30,135 : INFO : root : MPF run loop ended.
