2025-04-13 14:25:05,974 : INFO : root : Loading config.
2025-04-13 14:25:05,979 : INFO : YamlMultifileConfigLoader : Machine config file #1: config.yaml
2025-04-13 14:25:05,979 : INFO : ConfigProcessor : Loading config from cache: /var/folders/40/zrmpqx_508x_r3hv1rqbplvh0000gn/T/ea93227a266bc8299bfaa31138eab4ed.mpf_cache
2025-04-13 14:25:06,091 : INFO : ConfigProcessor : Loading config from cache: /var/folders/40/zrmpqx_508x_r3hv1rqbplvh0000gn/T/c1dd0a736541bd88f4e0ab507b1822f9.mpf_cache
2025-04-13 14:25:06,092 : INFO : ConfigProcessor : Loading config from cache: /var/folders/40/zrmpqx_508x_r3hv1rqbplvh0000gn/T/bba75b4938b7bfaef1ae184809c7472c.mpf_cache
2025-04-13 14:25:06,093 : INFO : ConfigProcessor : Loading config from cache: /var/folders/40/zrmpqx_508x_r3hv1rqbplvh0000gn/T/c1dd0a736541bd88f4e0ab507b1822f9.mpf_cache
2025-04-13 14:25:06,093 : INFO : ConfigProcessor : Loading config from cache: /var/folders/40/zrmpqx_508x_r3hv1rqbplvh0000gn/T/911d1b37f4ad2186d44e0f02a423c49c.mpf_cache
2025-04-13 14:25:06,094 : INFO : Machine : Mission Pinball Framework Core Engine v0.80.0.dev7
2025-04-13 14:25:06,094 : INFO : Machine : Command line arguments: {'no_load_cache': False, 'create_config_cache': True, 'bcp': True, 'configfile': ['config.yaml'], 'force_assets_load': False, 'platform_integration_test': False, 'jsonlogging': False, 'logfile': 'logs/2025-04-13-14-25-05-mpf-Pinball.log', 'pause': False, 'production': False, 'text_ui': True, 'loglevel': 15, 'consoleloglevel': 20, 'force_platform': None, 'syslog_address': None, 'full_logfile_path': '/Users/andre/Napoleon/logs/2025-04-13-14-25-05-mpf-Pinball.log'}
2025-04-13 14:25:06,094 : INFO : Machine : MPF path: /Users/andre/mpf/lib/python3.12/site-packages/mpf
2025-04-13 14:25:06,094 : INFO : Machine : Machine path: /Users/andre/Napoleon
2025-04-13 14:25:06,094 : INFO : Machine : Platform: darwin
2025-04-13 14:25:06,094 : INFO : Machine : Python executable location: /Users/andre/mpf/bin/python3.12
2025-04-13 14:25:06,094 : INFO : Machine : Python version: 3.12.8 (64-bit)
2025-04-13 14:25:06,095 : INFO : Machine : Initializing MPF...
2025-04-13 14:25:06,215 : INFO : FAST : Auto-detecting ports for the following connections: ['net', 'exp']
2025-04-13 14:25:06,238 : INFO : FAST : Detected NET on port /dev/cu.usbmodem14301
2025-04-13 14:25:06,246 : INFO : FAST : Detected EXP on port /dev/cu.usbmodem14303
2025-04-13 14:25:06,351 : INFO : FAST [NET] : Trying to connect to /dev/cu.usbmodem14301 at 921600bps
2025-04-13 14:25:06,358 : INFO : FAST [NET] : Connected to /dev/cu.usbmodem14301 at 921600bps
2025-04-13 14:25:06,360 : INFO : FAST [NET] : Connected to FP-CPU-2000 with firmware v02.26
2025-04-13 14:25:06,362 : INFO : FAST [NET] : Registered I/O Board 0: Model: FP-I/O-3208, Firmware: 01.10, Switches: 32, Drivers: 8
2025-04-13 14:25:06,365 : INFO : FAST [EXP] : Trying to connect to /dev/cu.usbmodem14303 at 921600bps
2025-04-13 14:25:06,371 : INFO : FAST [EXP] : Connected to /dev/cu.usbmodem14303 at 921600bps
2025-04-13 14:25:06,373 : INFO : FAST [EXP] : Verifying hardware for EXP "neuron" (FP-EXP-2000, @48) with ID string "EXP FP-EXP-2000  0.34", board address 48
2025-04-13 14:25:06,374 : INFO : FAST [EXP] : Verifying hardware for EXP "neuron" (FP-EXP-2000, @48) with ID string "LED FP-BRK-0001  0.8", board address 480
2025-04-13 14:25:06,375 : INFO : FAST [EXP] : Verifying hardware for EXP "neuron" (FP-EXP-2000, @48) with ID string "PWR FP-PWR-0007  0.8", board address 481
2025-04-13 14:25:06,377 : INFO : EventManager : Event: ======'machine_var_credits_string'====== Args={'value': 'FREE PLAY', 'prev_value': None, 'change': True}
2025-04-13 14:25:06,404 : INFO : EventManager : Event: ======'machine_var_master_volume'====== Args={'value': 0.5, 'prev_value': None, 'change': True}
2025-04-13 14:25:06,404 : INFO : EventManager : Event: ======'machine_var_mpf_version'====== Args={'value': 'Mission Pinball Framework v0.80.0.dev7', 'prev_value': None, 'change': True}
2025-04-13 14:25:06,405 : INFO : EventManager : Event: ======'machine_var_mpf_extended_version'====== Args={'value': 'Mission Pinball Framework v0.80.0.dev7, Config version:6, Show version: 6, BCP version:1.1', 'prev_value': None, 'change': True}
2025-04-13 14:25:06,405 : INFO : EventManager : Event: ======'machine_var_python_version'====== Args={'value': '3.12.8', 'prev_value': None, 'change': True}
2025-04-13 14:25:06,430 : INFO : EventManager : Event: ======'machine_var_platform'====== Args={'value': 'macOS-14.7.4-x86_64-i386-64bit', 'prev_value': None, 'change': True}
2025-04-13 14:25:06,431 : INFO : EventManager : Event: ======'machine_var_platform_system'====== Args={'value': 'Darwin', 'prev_value': None, 'change': True}
2025-04-13 14:25:06,431 : INFO : EventManager : Event: ======'machine_var_platform_release'====== Args={'value': '23.6.0', 'prev_value': None, 'change': True}
2025-04-13 14:25:06,431 : INFO : EventManager : Event: ======'machine_var_platform_version'====== Args={'value': 'Darwin Kernel Version 23.6.0: Thu Dec 19 20:44:50 PST 2024; root:xnu-10063.141.1.703.2~1/RELEASE_X86_64', 'prev_value': None, 'change': True}
2025-04-13 14:25:06,431 : INFO : EventManager : Event: ======'machine_var_platform_machine'====== Args={'value': 'x86_64', 'prev_value': None, 'change': True}
2025-04-13 14:25:06,431 : INFO : EventManager : Event: ======'machine_var_log_file_path'====== Args={'value': '/Users/andre/Napoleon/logs/2025-04-13-14-25-05-mpf-Pinball.log', 'prev_value': None, 'change': True}
2025-04-13 14:25:06,431 : INFO : EventManager : Event: ======'init_phase_1'====== Args={}
2025-04-13 14:25:06,584 : INFO : SwitchController : <<<<<<< 's_trough_jam' active >>>>>>>
2025-04-13 14:25:06,585 : INFO : SwitchController : <<<<<<< 's_flipper_right_eos' active >>>>>>>
2025-04-13 14:25:06,585 : INFO : SwitchController : <<<<<<< 's_outlane_right' active >>>>>>>
2025-04-13 14:25:06,585 : INFO : SwitchController : <<<<<<< 's_inlane_1_right' active >>>>>>>
2025-04-13 14:25:06,585 : INFO : SwitchController : <<<<<<< 's_inlane_2_right' active >>>>>>>
2025-04-13 14:25:06,585 : INFO : SwitchController : <<<<<<< 's_flipper_left_eos' active >>>>>>>
2025-04-13 14:25:06,585 : INFO : SwitchController : <<<<<<< 's_outlane_left' active >>>>>>>
2025-04-13 14:25:06,647 : INFO : EventManager : Event: ======'init_phase_2'====== Args={}
2025-04-13 14:25:06,648 : INFO : SwitchController : Found active switch: (6, [FAST Platform Interface]) <switch.s_trough_jam>
2025-04-13 14:25:06,648 : INFO : SwitchController : Found active switch: (8, [FAST Platform Interface]) <switch.s_flipper_right_eos>
2025-04-13 14:25:06,648 : INFO : SwitchController : Found active switch: (10, [FAST Platform Interface]) <switch.s_outlane_right>
2025-04-13 14:25:06,648 : INFO : SwitchController : Found active switch: (11, [FAST Platform Interface]) <switch.s_inlane_1_right>
2025-04-13 14:25:06,648 : INFO : SwitchController : Found active switch: (12, [FAST Platform Interface]) <switch.s_inlane_2_right>
2025-04-13 14:25:06,648 : INFO : SwitchController : Found active switch: (13, [FAST Platform Interface]) <switch.s_flipper_left_eos>
2025-04-13 14:25:06,648 : INFO : SwitchController : Found active switch: (15, [FAST Platform Interface]) <switch.s_outlane_left>
2025-04-13 14:25:06,653 : INFO : EventManager : Event: ======'bcp_connection_attempt'====== Args={'name': 'local_display', 'host': 'localhost', 'port': 5050}
2025-04-13 14:25:06,656 : INFO : BCPClientSocket : Connecting BCP to 'local_display' at localhost:5050...
2025-04-13 14:25:06,666 : INFO : BCPClientSocket : Connected BCP to 'local_display' localhost:5050
2025-04-13 14:25:06,667 : INFO : EventManager : Event: ======'bcp_clients_connected'====== Args={}
2025-04-13 14:25:06,671 : INFO : ball_device.bd_plunger : BCH: Initial count: 0
2025-04-13 14:25:06,671 : INFO : ball_device.bd_plunger : State: idle
2025-04-13 14:25:07,085 : INFO : ball_device.bd_trough : BCH: Initial count: 1
2025-04-13 14:25:07,085 : INFO : ball_device.bd_trough : State: idle
2025-04-13 14:25:07,097 : INFO : EventManager : Event: ======'init_phase_3'====== Args={}
2025-04-13 14:25:07,100 : INFO : EventManager : Event: ======'init_phase_4'====== Args={}
2025-04-13 14:25:07,101 : INFO : BallController : Initial balls found: 1
2025-04-13 14:25:07,103 : INFO : EventManager : Event: ======'machine_var_audits_events_game_ended'====== Args={'value': 0, 'prev_value': None, 'change': True}
2025-04-13 14:25:07,103 : INFO : EventManager : Event: ======'machine_var_audits_events_game_started'====== Args={'value': 12, 'prev_value': None, 'change': True}
2025-04-13 14:25:07,103 : INFO : EventManager : Event: ======'machine_var_audits_missing_switches_s_flipper_left_eos'====== Args={'value': 12, 'prev_value': None, 'change': True}
2025-04-13 14:25:07,103 : INFO : EventManager : Event: ======'machine_var_audits_missing_switches_s_flipper_right_eos'====== Args={'value': 12, 'prev_value': None, 'change': True}
2025-04-13 14:25:07,103 : INFO : EventManager : Event: ======'machine_var_audits_missing_switches_s_inlane_2_right'====== Args={'value': 12, 'prev_value': None, 'change': True}
2025-04-13 14:25:07,103 : INFO : EventManager : Event: ======'machine_var_audits_missing_switches_s_inlane_left'====== Args={'value': 1, 'prev_value': None, 'change': True}
2025-04-13 14:25:07,103 : INFO : EventManager : Event: ======'machine_var_audits_missing_switches_s_outlane_left'====== Args={'value': 12, 'prev_value': None, 'change': True}
2025-04-13 14:25:07,103 : INFO : EventManager : Event: ======'machine_var_audits_missing_switches_s_outlane_right'====== Args={'value': 12, 'prev_value': None, 'change': True}
2025-04-13 14:25:07,103 : INFO : EventManager : Event: ======'machine_var_audits_missing_switches_s_sling_left'====== Args={'value': 1, 'prev_value': None, 'change': True}
2025-04-13 14:25:07,104 : INFO : EventManager : Event: ======'machine_var_audits_missing_switches_s_sling_right'====== Args={'value': 1, 'prev_value': None, 'change': True}
2025-04-13 14:25:07,104 : INFO : EventManager : Event: ======'machine_var_audits_missing_switches_s_start_button'====== Args={'value': 1, 'prev_value': None, 'change': True}
2025-04-13 14:25:07,104 : INFO : EventManager : Event: ======'machine_var_audits_player_score'====== Args={'value': {'average': 0, 'top': [], 'total': 0}, 'prev_value': None, 'change': True}
2025-04-13 14:25:07,104 : INFO : EventManager : Event: ======'machine_var_audits_switches_s_flipper_left'====== Args={'value': 19, 'prev_value': None, 'change': True}
2025-04-13 14:25:07,104 : INFO : EventManager : Event: ======'machine_var_audits_switches_s_flipper_left_eos'====== Args={'value': 0, 'prev_value': None, 'change': True}
2025-04-13 14:25:07,104 : INFO : EventManager : Event: ======'machine_var_audits_switches_s_flipper_right'====== Args={'value': 22, 'prev_value': None, 'change': True}
2025-04-13 14:25:07,104 : INFO : EventManager : Event: ======'machine_var_audits_switches_s_flipper_right_eos'====== Args={'value': 0, 'prev_value': None, 'change': True}
2025-04-13 14:25:07,104 : INFO : EventManager : Event: ======'machine_var_audits_switches_s_inlane_1_right'====== Args={'value': 1, 'prev_value': None, 'change': True}
2025-04-13 14:25:07,104 : INFO : EventManager : Event: ======'machine_var_audits_switches_s_inlane_2_right'====== Args={'value': 0, 'prev_value': None, 'change': True}
2025-04-13 14:25:07,105 : INFO : EventManager : Event: ======'machine_var_audits_switches_s_inlane_left'====== Args={'value': 3, 'prev_value': None, 'change': True}
2025-04-13 14:25:07,105 : INFO : EventManager : Event: ======'machine_var_audits_switches_s_launch_button'====== Args={'value': 7, 'prev_value': None, 'change': True}
2025-04-13 14:25:07,105 : INFO : EventManager : Event: ======'machine_var_audits_switches_s_outlane_left'====== Args={'value': 0, 'prev_value': None, 'change': True}
2025-04-13 14:25:07,105 : INFO : EventManager : Event: ======'machine_var_audits_switches_s_outlane_right'====== Args={'value': 0, 'prev_value': None, 'change': True}
2025-04-13 14:25:07,105 : INFO : EventManager : Event: ======'machine_var_audits_switches_s_plunger_lane'====== Args={'value': 31, 'prev_value': None, 'change': True}
2025-04-13 14:25:07,105 : INFO : EventManager : Event: ======'machine_var_audits_switches_s_sling_left'====== Args={'value': 2, 'prev_value': None, 'change': True}
2025-04-13 14:25:07,105 : INFO : EventManager : Event: ======'machine_var_audits_switches_s_sling_right'====== Args={'value': 7, 'prev_value': None, 'change': True}
2025-04-13 14:25:07,105 : INFO : EventManager : Event: ======'machine_var_audits_switches_s_start_button'====== Args={'value': 11, 'prev_value': None, 'change': True}
2025-04-13 14:25:07,105 : INFO : EventManager : Event: ======'machine_var_audits_switches_s_trough_1'====== Args={'value': 3, 'prev_value': None, 'change': True}
2025-04-13 14:25:07,105 : INFO : EventManager : Event: ======'machine_var_audits_switches_s_trough_2'====== Args={'value': 4, 'prev_value': None, 'change': True}
2025-04-13 14:25:07,105 : INFO : EventManager : Event: ======'machine_var_audits_switches_s_trough_3'====== Args={'value': 4, 'prev_value': None, 'change': True}
2025-04-13 14:25:07,105 : INFO : EventManager : Event: ======'machine_var_audits_switches_s_trough_4'====== Args={'value': 5, 'prev_value': None, 'change': True}
2025-04-13 14:25:07,106 : INFO : EventManager : Event: ======'machine_var_audits_switches_s_trough_5'====== Args={'value': 2, 'prev_value': None, 'change': True}
2025-04-13 14:25:07,106 : INFO : EventManager : Event: ======'machine_var_audits_switches_s_trough_6'====== Args={'value': 2, 'prev_value': None, 'change': True}
2025-04-13 14:25:07,106 : INFO : EventManager : Event: ======'machine_var_audits_switches_s_trough_jam'====== Args={'value': 4, 'prev_value': None, 'change': True}
2025-04-13 14:25:07,107 : INFO : EventManager : Event: ======'init_phase_5'====== Args={}
2025-04-13 14:25:07,107 : INFO : ball_device.bd_trough : BCH: Count is unstable. Trying to reorder balls.
2025-04-13 14:25:07,107 : WARNING : ball_device.bd_trough : Cannot reorder device because eject_coil_reorder_pulse is not configured
2025-04-13 14:25:07,107 : INFO : ball_device.bd_trough : BCH: Repulse done. Waiting for balls to settle.
2025-04-13 14:25:07,107 : INFO : ball_device.bd_trough : BCH: Reordered count: 1
2025-04-13 14:25:07,108 : INFO : EventManager : Event: ======'init_done'====== Args={}
2025-04-13 14:25:07,108 : INFO : EventManager : Event: ======'machine_reset_phase_1'====== Args={}
2025-04-13 14:25:07,124 : INFO : EventManager : Event: ======'machine_reset_phase_2'====== Args={}
2025-04-13 14:25:07,125 : INFO : EventManager : Event: ======'machine_reset_phase_3'====== Args={}
2025-04-13 14:25:07,125 : INFO : EventManager : Event: ======'reset_complete'====== Args={}
2025-04-13 14:25:07,125 : INFO : EventManager : Event: ======'mode_attract_will_start'====== Args={}
2025-04-13 14:25:07,126 : INFO : Timer.attract_carousel_timer : Starting Timer.
2025-04-13 14:25:07,126 : INFO : EventManager : Event: ======'timer_attract_carousel_timer_started'====== Args={'ticks': 0, 'ticks_remaining': 1}
2025-04-13 14:25:07,126 : INFO : EventManager : Event: ======'timer_attract_carousel_timer_tick'====== Args={'ticks': 0, 'ticks_remaining': 1}
2025-04-13 14:25:07,127 : INFO : EventManager : Event: ======'mode_attract_starting'====== Args={}
2025-04-13 14:25:07,127 : INFO : Mode.attract : Started. Priority: 10
2025-04-13 14:25:07,127 : INFO : EventManager : Event: ======'modes_active_modes_changed'====== Args={}
2025-04-13 14:25:07,127 : INFO : EventManager : Event: ======'mode_attract_started'====== Args={}
2025-04-13 14:25:07,128 : INFO : EventManager : Event: ======'collecting_balls_complete'====== Args={}
2025-04-13 14:25:07,128 : INFO : EventManager : Event: ======'item_highlighted'====== Args={'carousel': 'attract', 'direction': None, 'item': 'title'}
2025-04-13 14:25:07,129 : INFO : EventManager : Event: ======'timer_attract_carousel_timer_tick'====== Args={'ticks': 0, 'ticks_remaining': 1}
2025-04-13 14:25:07,129 : INFO : Machine : Starting the main run loop with active modes: [<Mode.attract>]
2025-04-13 14:25:07,194 : INFO : EventManager : Event: ======'slide_attract_created'====== Args={'_from_bcp': True}
2025-04-13 14:25:07,194 : INFO : EventManager : Event: ======'slide__removed'====== Args={'_from_bcp': True}
2025-04-13 14:25:07,195 : INFO : EventManager : Event: ======'slide_attract_active'====== Args={'original_context': 'attract', 'original_calling_context': 'mode_attract_started', 'priority': 10.0, 'cmd': 'slides_play', '_from_bcp': True}
2025-04-13 14:25:12,129 : INFO : Timer.attract_carousel_timer : Timer Complete
2025-04-13 14:25:12,129 : INFO : Timer.attract_carousel_timer : Stopping Timer
2025-04-13 14:25:12,130 : INFO : EventManager : Event: ======'timer_attract_carousel_timer_stopped'====== Args={'ticks': 1, 'ticks_remaining': 1}
2025-04-13 14:25:12,130 : INFO : EventManager : Event: ======'timer_attract_carousel_timer_complete'====== Args={'ticks': 1, 'ticks_remaining': 1}
2025-04-13 14:25:12,130 : INFO : EventManager : Event: ======'item_highlighted'====== Args={'carousel': 'attract', 'direction': 'forwards', 'item': 'credits'}
2025-04-13 14:25:12,131 : INFO : Timer.attract_carousel_timer : Starting Timer.
2025-04-13 14:25:12,131 : INFO : EventManager : Event: ======'timer_attract_carousel_timer_started'====== Args={'ticks': 0, 'ticks_remaining': 1}
2025-04-13 14:25:12,131 : INFO : EventManager : Event: ======'timer_attract_carousel_timer_tick'====== Args={'ticks': 0, 'ticks_remaining': 1}
2025-04-13 14:25:16,580 : INFO : SwitchController : <<<<<<< 's_plunger_lane' active >>>>>>>
2025-04-13 14:25:17,081 : INFO : EventManager : Event: ======'balldevice_bd_plunger_ball_count_changed'====== Args={'balls': 1}
2025-04-13 14:25:17,081 : INFO : ball_device.bd_plunger : Received unexpected ball
2025-04-13 14:25:17,081 : INFO : EventManager : Event: ======'balldevice_captured_from_playfield'====== Args={'balls': 1}
2025-04-13 14:25:17,082 : INFO : EventManager : Event: ======'sw_playfield_active'====== Args={'balls': 1}
2025-04-13 14:25:17,082 : INFO : EventManager : Event: ======'playfield_active'====== Args={'source': None}
2025-04-13 14:25:17,082 : INFO : EventManager : Event: ======'unexpected_ball_on_playfield'====== Args={}
2025-04-13 14:25:17,082 : INFO : EventManager : Event: ======'playfield_ball_count_change'====== Args={'balls': -1, 'change': -1}
2025-04-13 14:25:17,083 : INFO : EventManager : Event: ======'balldevice_playfield_ball_enter'====== Args={'new_balls': 1, 'unclaimed_balls': 1, 'device': <playfield.playfield>}
2025-04-13 14:25:17,083 : INFO : EventManager : Event: ======'playfield_ball_count_change'====== Args={'balls': 0, 'change': 1}
2025-04-13 14:25:17,083 : INFO : BallController : Found a new ball which was captured from playfield. Known balls: 2
2025-04-13 14:25:17,083 : INFO : EventManager : Event: ======'found_new_ball'====== Args={}
2025-04-13 14:25:17,084 : INFO : EventManager : Event: ======'balldevice_bd_plunger_ball_enter'====== Args={'new_balls': 1, 'unclaimed_balls': 1, 'new_available_balls': 1, 'device': <ball_device.bd_plunger>}
2025-04-13 14:25:17,084 : INFO : ball_device.bd_plunger : Ejecting 1 unexpected balls using path deque([<ball_device.bd_plunger>, <playfield.playfield>])
2025-04-13 14:25:17,084 : INFO : EventManager : Event: ======'balldevice_balls_available'====== Args={}
2025-04-13 14:25:17,084 : INFO : EventManager : Event: ======'balldevice_balls_available'====== Args={}
2025-04-13 14:25:17,084 : INFO : EventManager : Event: ======'balldevice_bd_plunger_ball_entered'====== Args={'new_balls': 1, 'device': <ball_device.bd_plunger>}
2025-04-13 14:25:17,085 : INFO : ball_device.bd_plunger : State: waiting_for_target_ready
2025-04-13 14:25:17,086 : INFO : EventManager : Event: ======'balldevice_bd_plunger_ball_eject_attempt'====== Args={'balls': 1, 'target': <playfield.playfield>, 'source': <ball_device.bd_plunger>, 'mechanical_eject': False, 'num_attempts': 0}
2025-04-13 14:25:17,086 : INFO : ball_device.bd_plunger : State: ejecting
2025-04-13 14:25:17,086 : INFO : ball_device.bd_plunger : Ejecting ball to <playfield.playfield>
2025-04-13 14:25:17,086 : INFO : EventManager : Event: ======'balldevice_bd_plunger_ejecting_ball'====== Args={'balls': 1, 'target': <playfield.playfield>, 'source': <ball_device.bd_plunger>, 'mechanical_eject': False, 'num_attempts': 0}
2025-04-13 14:25:17,087 : INFO : ball_device.bd_plunger : Wait for ball to leave device
2025-04-13 14:25:17,087 : INFO : coil.c_plunger : Pulsing Driver for 10ms (1.0 pulse_power)
2025-04-13 14:25:17,131 : INFO : Timer.attract_carousel_timer : Timer Complete
2025-04-13 14:25:17,131 : INFO : Timer.attract_carousel_timer : Stopping Timer
2025-04-13 14:25:17,131 : INFO : EventManager : Event: ======'timer_attract_carousel_timer_stopped'====== Args={'ticks': 1, 'ticks_remaining': 1}
2025-04-13 14:25:17,131 : INFO : EventManager : Event: ======'timer_attract_carousel_timer_complete'====== Args={'ticks': 1, 'ticks_remaining': 1}
2025-04-13 14:25:17,132 : INFO : EventManager : Event: ======'item_highlighted'====== Args={'carousel': 'attract', 'direction': 'forwards', 'item': 'mpf_logo'}
2025-04-13 14:25:17,132 : INFO : Timer.attract_carousel_timer : Starting Timer.
2025-04-13 14:25:17,132 : INFO : EventManager : Event: ======'timer_attract_carousel_timer_started'====== Args={'ticks': 0, 'ticks_remaining': 1}
2025-04-13 14:25:17,132 : INFO : EventManager : Event: ======'timer_attract_carousel_timer_tick'====== Args={'ticks': 0, 'ticks_remaining': 1}
2025-04-13 14:25:17,144 : INFO : SwitchController : <<<<<<< 's_plunger_lane' inactive >>>>>>>
2025-04-13 14:25:17,146 : INFO : ball_device.bd_plunger : State: ball_left
2025-04-13 14:25:17,146 : INFO : ball_device.bd_plunger : Ball left
2025-04-13 14:25:17,146 : INFO : ball_device.bd_plunger : Wait for confirm with timeout 5.0
2025-04-13 14:25:21,969 : INFO : SwitchController : <<<<<<< 's_sling_right' active >>>>>>>
2025-04-13 14:25:22,093 : INFO : SwitchController : <<<<<<< 's_sling_right' inactive >>>>>>>
2025-04-13 14:25:22,133 : INFO : Timer.attract_carousel_timer : Timer Complete
2025-04-13 14:25:22,134 : INFO : Timer.attract_carousel_timer : Stopping Timer
2025-04-13 14:25:22,134 : INFO : EventManager : Event: ======'timer_attract_carousel_timer_stopped'====== Args={'ticks': 1, 'ticks_remaining': 1}
2025-04-13 14:25:22,134 : INFO : EventManager : Event: ======'timer_attract_carousel_timer_complete'====== Args={'ticks': 1, 'ticks_remaining': 1}
2025-04-13 14:25:22,134 : INFO : EventManager : Event: ======'item_highlighted'====== Args={'carousel': 'attract', 'direction': 'forwards', 'item': 'title'}
2025-04-13 14:25:22,135 : INFO : Timer.attract_carousel_timer : Starting Timer.
2025-04-13 14:25:22,135 : INFO : EventManager : Event: ======'timer_attract_carousel_timer_started'====== Args={'ticks': 0, 'ticks_remaining': 1}
2025-04-13 14:25:22,135 : INFO : EventManager : Event: ======'timer_attract_carousel_timer_tick'====== Args={'ticks': 0, 'ticks_remaining': 1}
2025-04-13 14:25:22,148 : INFO : ball_device.bd_plunger : State: failed_confirm
2025-04-13 14:25:22,148 : INFO : ball_device.bd_plunger : Got timeout (5.0s) before confirm from <playfield.playfield>
2025-04-13 14:25:22,191 : INFO : SwitchController : <<<<<<< 's_sling_right' active >>>>>>>
2025-04-13 14:25:22,249 : INFO : ball_device.bd_plunger : Confirming eject because target is playfield and ball did not return.
2025-04-13 14:25:22,249 : INFO : ball_device.bd_plunger : Eject successful
2025-04-13 14:25:22,249 : INFO : EventManager : Event: ======'balldevice_bd_plunger_ball_eject_success'====== Args={'balls': 1, 'target': <playfield.playfield>}
2025-04-13 14:25:22,249 : INFO : EventManager : Event: ======'balldevice_playfield_ball_enter'====== Args={'new_balls': 1, 'unclaimed_balls': 1, 'device': <playfield.playfield>}
2025-04-13 14:25:22,249 : INFO : EventManager : Event: ======'playfield_ball_count_change'====== Args={'balls': 1, 'change': 1}
2025-04-13 14:25:22,249 : INFO : EventManager : Event: ======'balldevice_bd_plunger_ball_count_changed'====== Args={'balls': 0}
2025-04-13 14:25:22,250 : INFO : ball_device.bd_plunger : State: idle
2025-04-13 14:25:22,329 : INFO : SwitchController : <<<<<<< 's_sling_right' inactive >>>>>>>
2025-04-13 14:25:22,393 : INFO : SwitchController : <<<<<<< 's_sling_right' active >>>>>>>
2025-04-13 14:25:22,550 : INFO : SwitchController : <<<<<<< 's_sling_right' inactive >>>>>>>
2025-04-13 14:25:22,589 : INFO : SwitchController : <<<<<<< 's_sling_right' active >>>>>>>
2025-04-13 14:25:22,781 : INFO : SwitchController : <<<<<<< 's_sling_right' inactive >>>>>>>
2025-04-13 14:25:22,847 : INFO : SwitchController : <<<<<<< 's_sling_right' active >>>>>>>
2025-04-13 14:25:23,039 : INFO : SwitchController : <<<<<<< 's_sling_right' inactive >>>>>>>
2025-04-13 14:25:23,096 : INFO : SwitchController : <<<<<<< 's_sling_right' active >>>>>>>
2025-04-13 14:25:23,280 : INFO : SwitchController : <<<<<<< 's_sling_right' inactive >>>>>>>
2025-04-13 14:25:23,349 : INFO : SwitchController : <<<<<<< 's_sling_right' active >>>>>>>
2025-04-13 14:25:23,530 : INFO : SwitchController : <<<<<<< 's_sling_right' inactive >>>>>>>
2025-04-13 14:25:23,583 : INFO : SwitchController : <<<<<<< 's_sling_right' active >>>>>>>
2025-04-13 14:25:23,769 : INFO : SwitchController : <<<<<<< 's_sling_right' inactive >>>>>>>
2025-04-13 14:25:23,821 : INFO : SwitchController : <<<<<<< 's_sling_right' active >>>>>>>
2025-04-13 14:25:24,008 : INFO : SwitchController : <<<<<<< 's_sling_right' inactive >>>>>>>
2025-04-13 14:25:24,046 : INFO : SwitchController : <<<<<<< 's_sling_right' active >>>>>>>
2025-04-13 14:25:24,247 : INFO : SwitchController : <<<<<<< 's_sling_right' inactive >>>>>>>
2025-04-13 14:25:24,267 : INFO : SwitchController : <<<<<<< 's_sling_right' active >>>>>>>
2025-04-13 14:25:24,798 : INFO : SwitchController : <<<<<<< 's_sling_right' inactive >>>>>>>
2025-04-13 14:25:24,967 : INFO : SwitchController : <<<<<<< 's_sling_right' active >>>>>>>
2025-04-13 14:25:25,202 : INFO : SwitchController : <<<<<<< 's_sling_right' inactive >>>>>>>
2025-04-13 14:25:25,359 : INFO : SwitchController : <<<<<<< 's_sling_right' active >>>>>>>
2025-04-13 14:25:25,583 : INFO : SwitchController : <<<<<<< 's_sling_right' inactive >>>>>>>
2025-04-13 14:25:25,718 : INFO : SwitchController : <<<<<<< 's_sling_right' active >>>>>>>
2025-04-13 14:25:25,970 : INFO : SwitchController : <<<<<<< 's_sling_right' inactive >>>>>>>
2025-04-13 14:25:26,048 : INFO : SwitchController : <<<<<<< 's_sling_right' active >>>>>>>
2025-04-13 14:25:26,676 : INFO : SwitchController : <<<<<<< 's_sling_right' inactive >>>>>>>
2025-04-13 14:25:27,019 : INFO : SwitchController : <<<<<<< 's_sling_right' active >>>>>>>
2025-04-13 14:25:27,135 : INFO : Timer.attract_carousel_timer : Timer Complete
2025-04-13 14:25:27,135 : INFO : Timer.attract_carousel_timer : Stopping Timer
2025-04-13 14:25:27,135 : INFO : EventManager : Event: ======'timer_attract_carousel_timer_stopped'====== Args={'ticks': 1, 'ticks_remaining': 1}
2025-04-13 14:25:27,135 : INFO : EventManager : Event: ======'timer_attract_carousel_timer_complete'====== Args={'ticks': 1, 'ticks_remaining': 1}
2025-04-13 14:25:27,136 : INFO : EventManager : Event: ======'item_highlighted'====== Args={'carousel': 'attract', 'direction': 'forwards', 'item': 'credits'}
2025-04-13 14:25:27,136 : INFO : Timer.attract_carousel_timer : Starting Timer.
2025-04-13 14:25:27,136 : INFO : EventManager : Event: ======'timer_attract_carousel_timer_started'====== Args={'ticks': 0, 'ticks_remaining': 1}
2025-04-13 14:25:27,136 : INFO : EventManager : Event: ======'timer_attract_carousel_timer_tick'====== Args={'ticks': 0, 'ticks_remaining': 1}
2025-04-13 14:25:27,391 : INFO : SwitchController : <<<<<<< 's_sling_right' inactive >>>>>>>
2025-04-13 14:25:27,549 : INFO : SwitchController : <<<<<<< 's_sling_right' active >>>>>>>
2025-04-13 14:25:28,560 : INFO : SwitchController : <<<<<<< 's_sling_right' inactive >>>>>>>
2025-04-13 14:25:28,905 : INFO : SwitchController : <<<<<<< 's_sling_right' active >>>>>>>
2025-04-13 14:25:29,256 : INFO : SwitchController : <<<<<<< 's_sling_right' inactive >>>>>>>
2025-04-13 14:25:32,136 : INFO : Timer.attract_carousel_timer : Timer Complete
2025-04-13 14:25:32,136 : INFO : Timer.attract_carousel_timer : Stopping Timer
2025-04-13 14:25:32,137 : INFO : EventManager : Event: ======'timer_attract_carousel_timer_stopped'====== Args={'ticks': 1, 'ticks_remaining': 1}
2025-04-13 14:25:32,137 : INFO : EventManager : Event: ======'timer_attract_carousel_timer_complete'====== Args={'ticks': 1, 'ticks_remaining': 1}
2025-04-13 14:25:32,137 : INFO : EventManager : Event: ======'item_highlighted'====== Args={'carousel': 'attract', 'direction': 'forwards', 'item': 'mpf_logo'}
2025-04-13 14:25:32,138 : INFO : Timer.attract_carousel_timer : Starting Timer.
2025-04-13 14:25:32,138 : INFO : EventManager : Event: ======'timer_attract_carousel_timer_started'====== Args={'ticks': 0, 'ticks_remaining': 1}
2025-04-13 14:25:32,138 : INFO : EventManager : Event: ======'timer_attract_carousel_timer_tick'====== Args={'ticks': 0, 'ticks_remaining': 1}
2025-04-13 14:25:37,138 : INFO : Timer.attract_carousel_timer : Timer Complete
2025-04-13 14:25:37,138 : INFO : Timer.attract_carousel_timer : Stopping Timer
2025-04-13 14:25:37,138 : INFO : EventManager : Event: ======'timer_attract_carousel_timer_stopped'====== Args={'ticks': 1, 'ticks_remaining': 1}
2025-04-13 14:25:37,139 : INFO : EventManager : Event: ======'timer_attract_carousel_timer_complete'====== Args={'ticks': 1, 'ticks_remaining': 1}
2025-04-13 14:25:37,139 : INFO : EventManager : Event: ======'item_highlighted'====== Args={'carousel': 'attract', 'direction': 'forwards', 'item': 'title'}
2025-04-13 14:25:37,140 : INFO : Timer.attract_carousel_timer : Starting Timer.
2025-04-13 14:25:37,140 : INFO : EventManager : Event: ======'timer_attract_carousel_timer_started'====== Args={'ticks': 0, 'ticks_remaining': 1}
2025-04-13 14:25:37,140 : INFO : EventManager : Event: ======'timer_attract_carousel_timer_tick'====== Args={'ticks': 0, 'ticks_remaining': 1}
2025-04-13 14:25:42,140 : INFO : Timer.attract_carousel_timer : Timer Complete
2025-04-13 14:25:42,140 : INFO : Timer.attract_carousel_timer : Stopping Timer
2025-04-13 14:25:42,140 : INFO : EventManager : Event: ======'timer_attract_carousel_timer_stopped'====== Args={'ticks': 1, 'ticks_remaining': 1}
2025-04-13 14:25:42,140 : INFO : EventManager : Event: ======'timer_attract_carousel_timer_complete'====== Args={'ticks': 1, 'ticks_remaining': 1}
2025-04-13 14:25:42,141 : INFO : EventManager : Event: ======'item_highlighted'====== Args={'carousel': 'attract', 'direction': 'forwards', 'item': 'credits'}
2025-04-13 14:25:42,141 : INFO : Timer.attract_carousel_timer : Starting Timer.
2025-04-13 14:25:42,141 : INFO : EventManager : Event: ======'timer_attract_carousel_timer_started'====== Args={'ticks': 0, 'ticks_remaining': 1}
2025-04-13 14:25:42,141 : INFO : EventManager : Event: ======'timer_attract_carousel_timer_tick'====== Args={'ticks': 0, 'ticks_remaining': 1}
2025-04-13 14:25:43,058 : INFO : SwitchController : <<<<<<< 's_start_button' active >>>>>>>
2025-04-13 14:25:43,187 : INFO : SwitchController : <<<<<<< 's_start_button' inactive >>>>>>>
2025-04-13 14:25:43,187 : INFO : EventManager : Event: ======'request_to_start_game'====== Args={}
2025-04-13 14:25:43,187 : INFO : EventManager : Event: ======'collecting_balls'====== Args={}
2025-04-13 14:25:43,188 : INFO : BallController : Known balls: 2
2025-04-13 14:25:43,188 : INFO : BallController : bd_plunger contains 0 balls. Tags []
2025-04-13 14:25:43,188 : INFO : BallController : bd_trough contains 1 balls. Tags ['trough', 'home', 'drain']
2025-04-13 14:25:43,188 : INFO : BallController : playfield contains 1 balls. Tags ['default']
2025-04-13 14:25:43,188 : WARNING : BallController : BallController denies game start. Balls are not in their home positions.
2025-04-13 14:25:44,760 : INFO : SwitchController : <<<<<<< 's_start_button' active >>>>>>>
2025-04-13 14:25:45,055 : INFO : SwitchController : <<<<<<< 's_start_button' inactive >>>>>>>
2025-04-13 14:25:45,055 : INFO : EventManager : Event: ======'request_to_start_game'====== Args={}
2025-04-13 14:25:45,055 : INFO : EventManager : Event: ======'collecting_balls'====== Args={}
2025-04-13 14:25:45,056 : INFO : BallController : Known balls: 2
2025-04-13 14:25:45,056 : INFO : BallController : bd_plunger contains 0 balls. Tags []
2025-04-13 14:25:45,056 : INFO : BallController : bd_trough contains 1 balls. Tags ['trough', 'home', 'drain']
2025-04-13 14:25:45,056 : INFO : BallController : playfield contains 1 balls. Tags ['default']
2025-04-13 14:25:45,056 : WARNING : BallController : BallController denies game start. Balls are not in their home positions.
2025-04-13 14:25:46,424 : INFO : SwitchController : <<<<<<< 's_start_button' active >>>>>>>
2025-04-13 14:25:46,726 : INFO : SwitchController : <<<<<<< 's_start_button' inactive >>>>>>>
2025-04-13 14:25:46,726 : INFO : EventManager : Event: ======'request_to_start_game'====== Args={}
2025-04-13 14:25:46,726 : INFO : EventManager : Event: ======'collecting_balls'====== Args={}
2025-04-13 14:25:46,727 : INFO : BallController : Known balls: 2
2025-04-13 14:25:46,727 : INFO : BallController : bd_plunger contains 0 balls. Tags []
2025-04-13 14:25:46,727 : INFO : BallController : bd_trough contains 1 balls. Tags ['trough', 'home', 'drain']
2025-04-13 14:25:46,727 : INFO : BallController : playfield contains 1 balls. Tags ['default']
2025-04-13 14:25:46,727 : WARNING : BallController : BallController denies game start. Balls are not in their home positions.
2025-04-13 14:25:46,946 : INFO : SwitchController : <<<<<<< 's_start_button' active >>>>>>>
2025-04-13 14:25:47,111 : INFO : SwitchController : <<<<<<< 's_start_button' inactive >>>>>>>
2025-04-13 14:25:47,111 : INFO : EventManager : Event: ======'request_to_start_game'====== Args={}
2025-04-13 14:25:47,112 : INFO : EventManager : Event: ======'collecting_balls'====== Args={}
2025-04-13 14:25:47,112 : INFO : BallController : Known balls: 2
2025-04-13 14:25:47,112 : INFO : BallController : bd_plunger contains 0 balls. Tags []
2025-04-13 14:25:47,112 : INFO : BallController : bd_trough contains 1 balls. Tags ['trough', 'home', 'drain']
2025-04-13 14:25:47,112 : INFO : BallController : playfield contains 1 balls. Tags ['default']
2025-04-13 14:25:47,112 : WARNING : BallController : BallController denies game start. Balls are not in their home positions.
2025-04-13 14:25:47,142 : INFO : Timer.attract_carousel_timer : Timer Complete
2025-04-13 14:25:47,142 : INFO : Timer.attract_carousel_timer : Stopping Timer
2025-04-13 14:25:47,143 : INFO : EventManager : Event: ======'timer_attract_carousel_timer_stopped'====== Args={'ticks': 1, 'ticks_remaining': 1}
2025-04-13 14:25:47,143 : INFO : EventManager : Event: ======'timer_attract_carousel_timer_complete'====== Args={'ticks': 1, 'ticks_remaining': 1}
2025-04-13 14:25:47,143 : INFO : EventManager : Event: ======'item_highlighted'====== Args={'carousel': 'attract', 'direction': 'forwards', 'item': 'mpf_logo'}
2025-04-13 14:25:47,144 : INFO : Timer.attract_carousel_timer : Starting Timer.
2025-04-13 14:25:47,144 : INFO : EventManager : Event: ======'timer_attract_carousel_timer_started'====== Args={'ticks': 0, 'ticks_remaining': 1}
2025-04-13 14:25:47,144 : INFO : EventManager : Event: ======'timer_attract_carousel_timer_tick'====== Args={'ticks': 0, 'ticks_remaining': 1}
2025-04-13 14:25:47,614 : INFO : SwitchController : <<<<<<< 's_launch_button' active >>>>>>>
2025-04-13 14:25:47,808 : INFO : SwitchController : <<<<<<< 's_launch_button' inactive >>>>>>>
2025-04-13 14:25:48,781 : INFO : SwitchController : <<<<<<< 's_start_button' active >>>>>>>
2025-04-13 14:25:49,013 : INFO : SwitchController : <<<<<<< 's_start_button' inactive >>>>>>>
2025-04-13 14:25:49,014 : INFO : EventManager : Event: ======'request_to_start_game'====== Args={}
2025-04-13 14:25:49,014 : INFO : EventManager : Event: ======'collecting_balls'====== Args={}
2025-04-13 14:25:49,014 : INFO : BallController : Known balls: 2
2025-04-13 14:25:49,014 : INFO : BallController : bd_plunger contains 0 balls. Tags []
2025-04-13 14:25:49,014 : INFO : BallController : bd_trough contains 1 balls. Tags ['trough', 'home', 'drain']
2025-04-13 14:25:49,014 : INFO : BallController : playfield contains 1 balls. Tags ['default']
2025-04-13 14:25:49,015 : WARNING : BallController : BallController denies game start. Balls are not in their home positions.
2025-04-13 14:25:49,272 : INFO : SwitchController : <<<<<<< 's_start_button' active >>>>>>>
2025-04-13 14:25:49,703 : INFO : SwitchController : <<<<<<< 's_start_button' inactive >>>>>>>
2025-04-13 14:25:49,704 : INFO : EventManager : Event: ======'request_to_start_game'====== Args={}
2025-04-13 14:25:49,704 : INFO : EventManager : Event: ======'collecting_balls'====== Args={}
2025-04-13 14:25:49,705 : INFO : BallController : Known balls: 2
2025-04-13 14:25:49,705 : INFO : BallController : bd_plunger contains 0 balls. Tags []
2025-04-13 14:25:49,705 : INFO : BallController : bd_trough contains 1 balls. Tags ['trough', 'home', 'drain']
2025-04-13 14:25:49,705 : INFO : BallController : playfield contains 1 balls. Tags ['default']
2025-04-13 14:25:49,705 : WARNING : BallController : BallController denies game start. Balls are not in their home positions.
2025-04-13 14:25:49,902 : INFO : SwitchController : <<<<<<< 's_start_button' active >>>>>>>
2025-04-13 14:25:50,069 : INFO : SwitchController : <<<<<<< 's_start_button' inactive >>>>>>>
2025-04-13 14:25:50,069 : INFO : EventManager : Event: ======'request_to_start_game'====== Args={}
2025-04-13 14:25:50,070 : INFO : EventManager : Event: ======'collecting_balls'====== Args={}
2025-04-13 14:25:50,070 : INFO : BallController : Known balls: 2
2025-04-13 14:25:50,070 : INFO : BallController : bd_plunger contains 0 balls. Tags []
2025-04-13 14:25:50,070 : INFO : BallController : bd_trough contains 1 balls. Tags ['trough', 'home', 'drain']
2025-04-13 14:25:50,070 : INFO : BallController : playfield contains 1 balls. Tags ['default']
2025-04-13 14:25:50,070 : WARNING : BallController : BallController denies game start. Balls are not in their home positions.
2025-04-13 14:25:50,163 : INFO : SwitchController : <<<<<<< 's_start_button' active >>>>>>>
2025-04-13 14:25:50,294 : INFO : SwitchController : <<<<<<< 's_start_button' inactive >>>>>>>
2025-04-13 14:25:50,295 : INFO : EventManager : Event: ======'request_to_start_game'====== Args={}
2025-04-13 14:25:50,295 : INFO : EventManager : Event: ======'collecting_balls'====== Args={}
2025-04-13 14:25:50,295 : INFO : BallController : Known balls: 2
2025-04-13 14:25:50,296 : INFO : BallController : bd_plunger contains 0 balls. Tags []
2025-04-13 14:25:50,296 : INFO : BallController : bd_trough contains 1 balls. Tags ['trough', 'home', 'drain']
2025-04-13 14:25:50,296 : INFO : BallController : playfield contains 1 balls. Tags ['default']
2025-04-13 14:25:50,296 : WARNING : BallController : BallController denies game start. Balls are not in their home positions.
2025-04-13 14:25:50,357 : INFO : SwitchController : <<<<<<< 's_start_button' active >>>>>>>
2025-04-13 14:25:50,492 : INFO : SwitchController : <<<<<<< 's_start_button' inactive >>>>>>>
2025-04-13 14:25:50,492 : INFO : EventManager : Event: ======'request_to_start_game'====== Args={}
2025-04-13 14:25:50,493 : INFO : EventManager : Event: ======'collecting_balls'====== Args={}
2025-04-13 14:25:50,493 : INFO : BallController : Known balls: 2
2025-04-13 14:25:50,494 : INFO : BallController : bd_plunger contains 0 balls. Tags []
2025-04-13 14:25:50,494 : INFO : BallController : bd_trough contains 1 balls. Tags ['trough', 'home', 'drain']
2025-04-13 14:25:50,494 : INFO : BallController : playfield contains 1 balls. Tags ['default']
2025-04-13 14:25:50,494 : WARNING : BallController : BallController denies game start. Balls are not in their home positions.
2025-04-13 14:25:50,668 : INFO : SwitchController : <<<<<<< 's_start_button' active >>>>>>>
2025-04-13 14:25:50,795 : INFO : SwitchController : <<<<<<< 's_start_button' inactive >>>>>>>
2025-04-13 14:25:50,795 : INFO : EventManager : Event: ======'request_to_start_game'====== Args={}
2025-04-13 14:25:50,795 : INFO : EventManager : Event: ======'collecting_balls'====== Args={}
2025-04-13 14:25:50,796 : INFO : BallController : Known balls: 2
2025-04-13 14:25:50,796 : INFO : BallController : bd_plunger contains 0 balls. Tags []
2025-04-13 14:25:50,796 : INFO : BallController : bd_trough contains 1 balls. Tags ['trough', 'home', 'drain']
2025-04-13 14:25:50,796 : INFO : BallController : playfield contains 1 balls. Tags ['default']
2025-04-13 14:25:50,796 : WARNING : BallController : BallController denies game start. Balls are not in their home positions.
2025-04-13 14:25:50,922 : INFO : SwitchController : <<<<<<< 's_start_button' active >>>>>>>
2025-04-13 14:25:51,032 : INFO : SwitchController : <<<<<<< 's_start_button' inactive >>>>>>>
2025-04-13 14:25:51,033 : INFO : EventManager : Event: ======'request_to_start_game'====== Args={}
2025-04-13 14:25:51,033 : INFO : EventManager : Event: ======'collecting_balls'====== Args={}
2025-04-13 14:25:51,033 : INFO : BallController : Known balls: 2
2025-04-13 14:25:51,033 : INFO : BallController : bd_plunger contains 0 balls. Tags []
2025-04-13 14:25:51,033 : INFO : BallController : bd_trough contains 1 balls. Tags ['trough', 'home', 'drain']
2025-04-13 14:25:51,034 : INFO : BallController : playfield contains 1 balls. Tags ['default']
2025-04-13 14:25:51,034 : WARNING : BallController : BallController denies game start. Balls are not in their home positions.
2025-04-13 14:25:51,586 : INFO : SwitchController : <<<<<<< 's_launch_button' active >>>>>>>
2025-04-13 14:25:51,705 : INFO : SwitchController : <<<<<<< 's_launch_button' inactive >>>>>>>
2025-04-13 14:25:52,144 : INFO : Timer.attract_carousel_timer : Timer Complete
2025-04-13 14:25:52,144 : INFO : Timer.attract_carousel_timer : Stopping Timer
2025-04-13 14:25:52,144 : INFO : EventManager : Event: ======'timer_attract_carousel_timer_stopped'====== Args={'ticks': 1, 'ticks_remaining': 1}
2025-04-13 14:25:52,144 : INFO : EventManager : Event: ======'timer_attract_carousel_timer_complete'====== Args={'ticks': 1, 'ticks_remaining': 1}
2025-04-13 14:25:52,145 : INFO : EventManager : Event: ======'item_highlighted'====== Args={'carousel': 'attract', 'direction': 'forwards', 'item': 'title'}
2025-04-13 14:25:52,145 : INFO : Timer.attract_carousel_timer : Starting Timer.
2025-04-13 14:25:52,145 : INFO : EventManager : Event: ======'timer_attract_carousel_timer_started'====== Args={'ticks': 0, 'ticks_remaining': 1}
2025-04-13 14:25:52,145 : INFO : EventManager : Event: ======'timer_attract_carousel_timer_tick'====== Args={'ticks': 0, 'ticks_remaining': 1}
2025-04-13 14:25:53,862 : INFO : SwitchController : <<<<<<< 's_start_button' active >>>>>>>
2025-04-13 14:25:54,047 : INFO : SwitchController : <<<<<<< 's_start_button' inactive >>>>>>>
2025-04-13 14:25:54,047 : INFO : EventManager : Event: ======'request_to_start_game'====== Args={}
2025-04-13 14:25:54,047 : INFO : EventManager : Event: ======'collecting_balls'====== Args={}
2025-04-13 14:25:54,048 : INFO : BallController : Known balls: 2
2025-04-13 14:25:54,048 : INFO : BallController : bd_plunger contains 0 balls. Tags []
2025-04-13 14:25:54,048 : INFO : BallController : bd_trough contains 1 balls. Tags ['trough', 'home', 'drain']
2025-04-13 14:25:54,048 : INFO : BallController : playfield contains 1 balls. Tags ['default']
2025-04-13 14:25:54,048 : WARNING : BallController : BallController denies game start. Balls are not in their home positions.
2025-04-13 14:25:54,508 : INFO : SwitchController : <<<<<<< 's_launch_button' active >>>>>>>
2025-04-13 14:25:54,652 : INFO : SwitchController : <<<<<<< 's_launch_button' inactive >>>>>>>
2025-04-13 14:25:55,054 : INFO : SwitchController : <<<<<<< 's_start_button' active >>>>>>>
2025-04-13 14:25:55,163 : INFO : SwitchController : <<<<<<< 's_start_button' inactive >>>>>>>
2025-04-13 14:25:55,164 : INFO : EventManager : Event: ======'request_to_start_game'====== Args={}
2025-04-13 14:25:55,164 : INFO : EventManager : Event: ======'collecting_balls'====== Args={}
2025-04-13 14:25:55,165 : INFO : BallController : Known balls: 2
2025-04-13 14:25:55,165 : INFO : BallController : bd_plunger contains 0 balls. Tags []
2025-04-13 14:25:55,165 : INFO : BallController : bd_trough contains 1 balls. Tags ['trough', 'home', 'drain']
2025-04-13 14:25:55,165 : INFO : BallController : playfield contains 1 balls. Tags ['default']
2025-04-13 14:25:55,165 : WARNING : BallController : BallController denies game start. Balls are not in their home positions.
2025-04-13 14:25:55,274 : INFO : SwitchController : <<<<<<< 's_start_button' active >>>>>>>
2025-04-13 14:25:55,373 : INFO : SwitchController : <<<<<<< 's_start_button' inactive >>>>>>>
2025-04-13 14:25:55,373 : INFO : EventManager : Event: ======'request_to_start_game'====== Args={}
2025-04-13 14:25:55,373 : INFO : EventManager : Event: ======'collecting_balls'====== Args={}
2025-04-13 14:25:55,374 : INFO : BallController : Known balls: 2
2025-04-13 14:25:55,374 : INFO : BallController : bd_plunger contains 0 balls. Tags []
2025-04-13 14:25:55,374 : INFO : BallController : bd_trough contains 1 balls. Tags ['trough', 'home', 'drain']
2025-04-13 14:25:55,374 : INFO : BallController : playfield contains 1 balls. Tags ['default']
2025-04-13 14:25:55,374 : WARNING : BallController : BallController denies game start. Balls are not in their home positions.
2025-04-13 14:25:55,424 : INFO : SwitchController : <<<<<<< 's_start_button' active >>>>>>>
2025-04-13 14:25:55,541 : INFO : SwitchController : <<<<<<< 's_start_button' inactive >>>>>>>
2025-04-13 14:25:55,541 : INFO : EventManager : Event: ======'request_to_start_game'====== Args={}
2025-04-13 14:25:55,542 : INFO : EventManager : Event: ======'collecting_balls'====== Args={}
2025-04-13 14:25:55,542 : INFO : BallController : Known balls: 2
2025-04-13 14:25:55,542 : INFO : BallController : bd_plunger contains 0 balls. Tags []
2025-04-13 14:25:55,542 : INFO : BallController : bd_trough contains 1 balls. Tags ['trough', 'home', 'drain']
2025-04-13 14:25:55,542 : INFO : BallController : playfield contains 1 balls. Tags ['default']
2025-04-13 14:25:55,542 : WARNING : BallController : BallController denies game start. Balls are not in their home positions.
2025-04-13 14:25:55,772 : INFO : SwitchController : <<<<<<< 's_start_button' active >>>>>>>
2025-04-13 14:25:55,899 : INFO : SwitchController : <<<<<<< 's_start_button' inactive >>>>>>>
2025-04-13 14:25:55,899 : INFO : EventManager : Event: ======'request_to_start_game'====== Args={}
2025-04-13 14:25:55,900 : INFO : EventManager : Event: ======'collecting_balls'====== Args={}
2025-04-13 14:25:55,901 : INFO : BallController : Known balls: 2
2025-04-13 14:25:55,901 : INFO : BallController : bd_plunger contains 0 balls. Tags []
2025-04-13 14:25:55,901 : INFO : BallController : bd_trough contains 1 balls. Tags ['trough', 'home', 'drain']
2025-04-13 14:25:55,901 : INFO : BallController : playfield contains 1 balls. Tags ['default']
2025-04-13 14:25:55,901 : WARNING : BallController : BallController denies game start. Balls are not in their home positions.
2025-04-13 14:25:56,292 : INFO : SwitchController : <<<<<<< 's_plunger_lane' active >>>>>>>
2025-04-13 14:25:56,737 : INFO : SwitchController : <<<<<<< 's_plunger_lane' inactive >>>>>>>
2025-04-13 14:25:57,145 : INFO : Timer.attract_carousel_timer : Timer Complete
2025-04-13 14:25:57,145 : INFO : Timer.attract_carousel_timer : Stopping Timer
2025-04-13 14:25:57,146 : INFO : EventManager : Event: ======'timer_attract_carousel_timer_stopped'====== Args={'ticks': 1, 'ticks_remaining': 1}
2025-04-13 14:25:57,146 : INFO : EventManager : Event: ======'timer_attract_carousel_timer_complete'====== Args={'ticks': 1, 'ticks_remaining': 1}
2025-04-13 14:25:57,146 : INFO : EventManager : Event: ======'item_highlighted'====== Args={'carousel': 'attract', 'direction': 'forwards', 'item': 'credits'}
2025-04-13 14:25:57,146 : INFO : Timer.attract_carousel_timer : Starting Timer.
2025-04-13 14:25:57,147 : INFO : EventManager : Event: ======'timer_attract_carousel_timer_started'====== Args={'ticks': 0, 'ticks_remaining': 1}
2025-04-13 14:25:57,147 : INFO : EventManager : Event: ======'timer_attract_carousel_timer_tick'====== Args={'ticks': 0, 'ticks_remaining': 1}
2025-04-13 14:25:57,392 : INFO : SwitchController : <<<<<<< 's_plunger_lane' active >>>>>>>
2025-04-13 14:25:57,776 : INFO : SwitchController : <<<<<<< 's_plunger_lane' inactive >>>>>>>
2025-04-13 14:25:58,148 : INFO : SwitchController : <<<<<<< 's_start_button' active >>>>>>>
2025-04-13 14:25:58,986 : INFO : SwitchController : <<<<<<< 's_start_button' inactive >>>>>>>
2025-04-13 14:25:58,986 : INFO : EventManager : Event: ======'request_to_start_game'====== Args={}
2025-04-13 14:25:58,987 : INFO : EventManager : Event: ======'collecting_balls'====== Args={}
2025-04-13 14:25:58,988 : INFO : BallController : Known balls: 2
2025-04-13 14:25:58,988 : INFO : BallController : bd_plunger contains 0 balls. Tags []
2025-04-13 14:25:58,988 : INFO : BallController : bd_trough contains 1 balls. Tags ['trough', 'home', 'drain']
2025-04-13 14:25:58,988 : INFO : BallController : playfield contains 1 balls. Tags ['default']
2025-04-13 14:25:58,988 : WARNING : BallController : BallController denies game start. Balls are not in their home positions.
2025-04-13 14:25:59,229 : INFO : SwitchController : <<<<<<< 's_start_button' active >>>>>>>
2025-04-13 14:25:59,735 : INFO : SwitchController : <<<<<<< 's_start_button' inactive >>>>>>>
2025-04-13 14:25:59,736 : INFO : EventManager : Event: ======'request_to_start_game'====== Args={}
2025-04-13 14:25:59,736 : INFO : EventManager : Event: ======'collecting_balls'====== Args={}
2025-04-13 14:25:59,737 : INFO : BallController : Known balls: 2
2025-04-13 14:25:59,737 : INFO : BallController : bd_plunger contains 0 balls. Tags []
2025-04-13 14:25:59,737 : INFO : BallController : bd_trough contains 1 balls. Tags ['trough', 'home', 'drain']
2025-04-13 14:25:59,737 : INFO : BallController : playfield contains 1 balls. Tags ['default']
2025-04-13 14:25:59,737 : WARNING : BallController : BallController denies game start. Balls are not in their home positions.
2025-04-13 14:25:59,864 : INFO : SwitchController : <<<<<<< 's_start_button' active >>>>>>>
2025-04-13 14:26:00,141 : INFO : SwitchController : <<<<<<< 's_start_button' inactive >>>>>>>
2025-04-13 14:26:00,141 : INFO : EventManager : Event: ======'request_to_start_game'====== Args={}
2025-04-13 14:26:00,142 : INFO : EventManager : Event: ======'collecting_balls'====== Args={}
2025-04-13 14:26:00,142 : INFO : BallController : Known balls: 2
2025-04-13 14:26:00,142 : INFO : BallController : bd_plunger contains 0 balls. Tags []
2025-04-13 14:26:00,142 : INFO : BallController : bd_trough contains 1 balls. Tags ['trough', 'home', 'drain']
2025-04-13 14:26:00,142 : INFO : BallController : playfield contains 1 balls. Tags ['default']
2025-04-13 14:26:00,142 : WARNING : BallController : BallController denies game start. Balls are not in their home positions.
2025-04-13 14:26:00,433 : INFO : SwitchController : <<<<<<< 's_start_button' active >>>>>>>
2025-04-13 14:26:00,598 : INFO : SwitchController : <<<<<<< 's_start_button' inactive >>>>>>>
2025-04-13 14:26:00,598 : INFO : EventManager : Event: ======'request_to_start_game'====== Args={}
2025-04-13 14:26:00,599 : INFO : EventManager : Event: ======'collecting_balls'====== Args={}
2025-04-13 14:26:00,599 : INFO : BallController : Known balls: 2
2025-04-13 14:26:00,599 : INFO : BallController : bd_plunger contains 0 balls. Tags []
2025-04-13 14:26:00,599 : INFO : BallController : bd_trough contains 1 balls. Tags ['trough', 'home', 'drain']
2025-04-13 14:26:00,600 : INFO : BallController : playfield contains 1 balls. Tags ['default']
2025-04-13 14:26:00,600 : WARNING : BallController : BallController denies game start. Balls are not in their home positions.
2025-04-13 14:26:00,730 : INFO : SwitchController : <<<<<<< 's_start_button' active >>>>>>>
2025-04-13 14:26:00,853 : INFO : SwitchController : <<<<<<< 's_start_button' inactive >>>>>>>
2025-04-13 14:26:00,853 : INFO : EventManager : Event: ======'request_to_start_game'====== Args={}
2025-04-13 14:26:00,854 : INFO : EventManager : Event: ======'collecting_balls'====== Args={}
2025-04-13 14:26:00,855 : INFO : BallController : Known balls: 2
2025-04-13 14:26:00,855 : INFO : BallController : bd_plunger contains 0 balls. Tags []
2025-04-13 14:26:00,855 : INFO : BallController : bd_trough contains 1 balls. Tags ['trough', 'home', 'drain']
2025-04-13 14:26:00,855 : INFO : BallController : playfield contains 1 balls. Tags ['default']
2025-04-13 14:26:00,855 : WARNING : BallController : BallController denies game start. Balls are not in their home positions.
2025-04-13 14:26:00,937 : INFO : SwitchController : <<<<<<< 's_start_button' active >>>>>>>
2025-04-13 14:26:01,066 : INFO : SwitchController : <<<<<<< 's_start_button' inactive >>>>>>>
2025-04-13 14:26:01,067 : INFO : EventManager : Event: ======'request_to_start_game'====== Args={}
2025-04-13 14:26:01,067 : INFO : EventManager : Event: ======'collecting_balls'====== Args={}
2025-04-13 14:26:01,068 : INFO : BallController : Known balls: 2
2025-04-13 14:26:01,068 : INFO : BallController : bd_plunger contains 0 balls. Tags []
2025-04-13 14:26:01,068 : INFO : BallController : bd_trough contains 1 balls. Tags ['trough', 'home', 'drain']
2025-04-13 14:26:01,068 : INFO : BallController : playfield contains 1 balls. Tags ['default']
2025-04-13 14:26:01,068 : WARNING : BallController : BallController denies game start. Balls are not in their home positions.
2025-04-13 14:26:01,126 : INFO : SwitchController : <<<<<<< 's_start_button' active >>>>>>>
2025-04-13 14:26:01,258 : INFO : SwitchController : <<<<<<< 's_start_button' inactive >>>>>>>
2025-04-13 14:26:01,258 : INFO : EventManager : Event: ======'request_to_start_game'====== Args={}
2025-04-13 14:26:01,258 : INFO : EventManager : Event: ======'collecting_balls'====== Args={}
2025-04-13 14:26:01,259 : INFO : BallController : Known balls: 2
2025-04-13 14:26:01,259 : INFO : BallController : bd_plunger contains 0 balls. Tags []
2025-04-13 14:26:01,259 : INFO : BallController : bd_trough contains 1 balls. Tags ['trough', 'home', 'drain']
2025-04-13 14:26:01,259 : INFO : BallController : playfield contains 1 balls. Tags ['default']
2025-04-13 14:26:01,259 : WARNING : BallController : BallController denies game start. Balls are not in their home positions.
2025-04-13 14:26:02,147 : INFO : Timer.attract_carousel_timer : Timer Complete
2025-04-13 14:26:02,147 : INFO : Timer.attract_carousel_timer : Stopping Timer
2025-04-13 14:26:02,147 : INFO : EventManager : Event: ======'timer_attract_carousel_timer_stopped'====== Args={'ticks': 1, 'ticks_remaining': 1}
2025-04-13 14:26:02,147 : INFO : EventManager : Event: ======'timer_attract_carousel_timer_complete'====== Args={'ticks': 1, 'ticks_remaining': 1}
2025-04-13 14:26:02,147 : INFO : EventManager : Event: ======'item_highlighted'====== Args={'carousel': 'attract', 'direction': 'forwards', 'item': 'mpf_logo'}
2025-04-13 14:26:02,148 : INFO : Timer.attract_carousel_timer : Starting Timer.
2025-04-13 14:26:02,148 : INFO : EventManager : Event: ======'timer_attract_carousel_timer_started'====== Args={'ticks': 0, 'ticks_remaining': 1}
2025-04-13 14:26:02,148 : INFO : EventManager : Event: ======'timer_attract_carousel_timer_tick'====== Args={'ticks': 0, 'ticks_remaining': 1}
2025-04-13 14:26:06,717 : INFO : Machine : Shutting down...
2025-04-13 14:26:06,717 : INFO : EventManager : Event: ======'shutdown'====== Args={}
2025-04-13 14:26:06,822 : INFO : root : MPF run loop ended.
